{"total": {"lines":{"total":3445,"covered":3424,"skipped":0,"pct":99.39},"statements":{"total":3445,"covered":3424,"skipped":0,"pct":99.39},"functions":{"total":148,"covered":136,"skipped":0,"pct":91.89},"branches":{"total":636,"covered":582,"skipped":0,"pct":91.5},"branchesTrue":{"total":0,"covered":0,"skipped":0,"pct":100}}
,"/home/runner/work/imt-calculator/imt-calculator/src/RootLayout.tsx": {"lines":{"total":18,"covered":18,"skipped":0,"pct":100},"functions":{"total":1,"covered":1,"skipped":0,"pct":100},"statements":{"total":18,"covered":18,"skipped":0,"pct":100},"branches":{"total":1,"covered":1,"skipped":0,"pct":100}}
,"/home/runner/work/imt-calculator/imt-calculator/src/analytics.ts": {"lines":{"total":34,"covered":34,"skipped":0,"pct":100},"functions":{"total":5,"covered":5,"skipped":0,"pct":100},"statements":{"total":34,"covered":34,"skipped":0,"pct":100},"branches":{"total":47,"covered":47,"skipped":0,"pct":100}}
,"/home/runner/work/imt-calculator/imt-calculator/src/config.ts": {"lines":{"total":5,"covered":5,"skipped":0,"pct":100},"functions":{"total":0,"covered":0,"skipped":0,"pct":100},"statements":{"total":5,"covered":5,"skipped":0,"pct":100},"branches":{"total":0,"covered":0,"skipped":0,"pct":100}}
,"/home/runner/work/imt-calculator/imt-calculator/src/format.ts": {"lines":{"total":23,"covered":23,"skipped":0,"pct":100},"functions":{"total":5,"covered":5,"skipped":0,"pct":100},"statements":{"total":23,"covered":23,"skipped":0,"pct":100},"branches":{"total":7,"covered":7,"skipped":0,"pct":100}}
,"/home/runner/work/imt-calculator/imt-calculator/src/routes.tsx": {"lines":{"total":40,"covered":40,"skipped":0,"pct":100},"functions":{"total":2,"covered":2,"skipped":0,"pct":100},"statements":{"total":40,"covered":40,"skipped":0,"pct":100},"branches":{"total":2,"covered":2,"skipped":0,"pct":100}}
,"/home/runner/work/imt-calculator/imt-calculator/src/components/Analytics.tsx": {"lines":{"total":53,"covered":53,"skipped":0,"pct":100},"functions":{"total":1,"covered":1,"skipped":0,"pct":100},"statements":{"total":53,"covered":53,"skipped":0,"pct":100},"branches":{"total":24,"covered":18,"skipped":0,"pct":75}}
,"/home/runner/work/imt-calculator/imt-calculator/src/components/Breadcrumb.tsx": {"lines":{"total":13,"covered":13,"skipped":0,"pct":100},"functions":{"total":1,"covered":1,"skipped":0,"pct":100},"statements":{"total":13,"covered":13,"skipped":0,"pct":100},"branches":{"total":5,"covered":5,"skipped":0,"pct":100}}
,"/home/runner/work/imt-calculator/imt-calculator/src/components/BuyerCard.tsx": {"lines":{"total":99,"covered":99,"skipped":0,"pct":100},"functions":{"total":8,"covered":7,"skipped":0,"pct":87.5},"statements":{"total":99,"covered":99,"skipped":0,"pct":100},"branches":{"total":17,"covered":14,"skipped":0,"pct":82.35}}
,"/home/runner/work/imt-calculator/imt-calculator/src/components/LangSuggestion.tsx": {"lines":{"total":52,"covered":52,"skipped":0,"pct":100},"functions":{"total":3,"covered":3,"skipped":0,"pct":100},"statements":{"total":52,"covered":52,"skipped":0,"pct":100},"branches":{"total":12,"covered":11,"skipped":0,"pct":91.66}}
,"/home/runner/work/imt-calculator/imt-calculator/src/components/Layout.tsx": {"lines":{"total":163,"covered":157,"skipped":0,"pct":96.31},"functions":{"total":12,"covered":10,"skipped":0,"pct":83.33},"statements":{"total":163,"covered":157,"skipped":0,"pct":96.31},"branches":{"total":27,"covered":23,"skipped":0,"pct":85.18}}
,"/home/runner/work/imt-calculator/imt-calculator/src/components/ResultsPanel.tsx": {"lines":{"total":201,"covered":198,"skipped":0,"pct":98.5},"functions":{"total":13,"covered":12,"skipped":0,"pct":92.3},"statements":{"total":201,"covered":198,"skipped":0,"pct":98.5},"branches":{"total":49,"covered":47,"skipped":0,"pct":95.91}}
,"/home/runner/work/imt-calculator/imt-calculator/src/components/controls.tsx": {"lines":{"total":120,"covered":120,"skipped":0,"pct":100},"functions":{"total":9,"covered":9,"skipped":0,"pct":100},"statements":{"total":120,"covered":120,"skipped":0,"pct":100},"branches":{"total":22,"covered":21,"skipped":0,"pct":95.45}}
,"/home/runner/work/imt-calculator/imt-calculator/src/content/glossary.ts": {"lines":{"total":211,"covered":211,"skipped":0,"pct":100},"functions":{"total":0,"covered":0,"skipped":0,"pct":100},"statements":{"total":211,"covered":211,"skipped":0,"pct":100},"branches":{"total":0,"covered":0,"skipped":0,"pct":100}}
,"/home/runner/work/imt-calculator/imt-calculator/src/content/howItWorks.ts": {"lines":{"total":147,"covered":147,"skipped":0,"pct":100},"functions":{"total":0,"covered":0,"skipped":0,"pct":100},"statements":{"total":147,"covered":147,"skipped":0,"pct":100},"branches":{"total":0,"covered":0,"skipped":0,"pct":100}}
,"/home/runner/work/imt-calculator/imt-calculator/src/content/guides/computed.ts": {"lines":{"total":57,"covered":57,"skipped":0,"pct":100},"functions":{"total":0,"covered":0,"skipped":0,"pct":100},"statements":{"total":57,"covered":57,"skipped":0,"pct":100},"branches":{"total":0,"covered":0,"skipped":0,"pct":100}}
,"/home/runner/work/imt-calculator/imt-calculator/src/content/guides/figures.ts": {"lines":{"total":9,"covered":9,"skipped":0,"pct":100},"functions":{"total":2,"covered":2,"skipped":0,"pct":100},"statements":{"total":9,"covered":9,"skipped":0,"pct":100},"branches":{"total":2,"covered":2,"skipped":0,"pct":100}}
,"/home/runner/work/imt-calculator/imt-calculator/src/content/guides/imt-imi-stamp-duty.ts": {"lines":{"total":128,"covered":128,"skipped":0,"pct":100},"functions":{"total":0,"covered":0,"skipped":0,"pct":100},"statements":{"total":128,"covered":128,"skipped":0,"pct":100},"branches":{"total":0,"covered":0,"skipped":0,"pct":100}}
,"/home/runner/work/imt-calculator/imt-calculator/src/content/guides/imt-jovem.ts": {"lines":{"total":150,"covered":150,"skipped":0,"pct":100},"functions":{"total":0,"covered":0,"skipped":0,"pct":100},"statements":{"total":150,"covered":150,"skipped":0,"pct":100},"branches":{"total":0,"covered":0,"skipped":0,"pct":100}}
,"/home/runner/work/imt-calculator/imt-calculator/src/content/guides/imt-non-residents.ts": {"lines":{"total":162,"covered":162,"skipped":0,"pct":100},"functions":{"total":0,"covered":0,"skipped":0,"pct":100},"statements":{"total":162,"covered":162,"skipped":0,"pct":100},"branches":{"total":0,"covered":0,"skipped":0,"pct":100}}
,"/home/runner/work/imt-calculator/imt-calculator/src/content/guides/imt-regions.ts": {"lines":{"total":130,"covered":130,"skipped":0,"pct":100},"functions":{"total":0,"covered":0,"skipped":0,"pct":100},"statements":{"total":130,"covered":130,"skipped":0,"pct":100},"branches":{"total":0,"covered":0,"skipped":0,"pct":100}}
,"/home/runner/work/imt-calculator/imt-calculator/src/content/guides/imt-tables.ts": {"lines":{"total":142,"covered":142,"skipped":0,"pct":100},"functions":{"total":0,"covered":0,"skipped":0,"pct":100},"statements":{"total":142,"covered":142,"skipped":0,"pct":100},"branches":{"total":0,"covered":0,"skipped":0,"pct":100}}
,"/home/runner/work/imt-calculator/imt-calculator/src/content/guides/index.ts": {"lines":{"total":13,"covered":13,"skipped":0,"pct":100},"functions":{"total":0,"covered":0,"skipped":0,"pct":100},"statements":{"total":13,"covered":13,"skipped":0,"pct":100},"branches":{"total":0,"covered":0,"skipped":0,"pct":100}}
,"/home/runner/work/imt-calculator/imt-calculator/src/content/guides/registry.ts": {"lines":{"total":93,"covered":93,"skipped":0,"pct":100},"functions":{"total":2,"covered":2,"skipped":0,"pct":100},"statements":{"total":93,"covered":93,"skipped":0,"pct":100},"branches":{"total":4,"covered":4,"skipped":0,"pct":100}}
,"/home/runner/work/imt-calculator/imt-calculator/src/engine/imt.ts": {"lines":{"total":130,"covered":130,"skipped":0,"pct":100},"functions":{"total":9,"covered":9,"skipped":0,"pct":100},"statements":{"total":130,"covered":130,"skipped":0,"pct":100},"branches":{"total":68,"covered":67,"skipped":0,"pct":98.52}}
,"/home/runner/work/imt-calculator/imt-calculator/src/engine/tables/2026.ts": {"lines":{"total":61,"covered":61,"skipped":0,"pct":100},"functions":{"total":0,"covered":0,"skipped":0,"pct":100},"statements":{"total":61,"covered":61,"skipped":0,"pct":100},"branches":{"total":0,"covered":0,"skipped":0,"pct":100}}
,"/home/runner/work/imt-calculator/imt-calculator/src/engine/tables/index.ts": {"lines":{"total":11,"covered":11,"skipped":0,"pct":100},"functions":{"total":1,"covered":1,"skipped":0,"pct":100},"statements":{"total":11,"covered":11,"skipped":0,"pct":100},"branches":{"total":1,"covered":1,"skipped":0,"pct":100}}
,"/home/runner/work/imt-calculator/imt-calculator/src/i18n/en.ts": {"lines":{"total":138,"covered":138,"skipped":0,"pct":100},"functions":{"total":0,"covered":0,"skipped":0,"pct":100},"statements":{"total":138,"covered":138,"skipped":0,"pct":100},"branches":{"total":0,"covered":0,"skipped":0,"pct":100}}
,"/home/runner/work/imt-calculator/imt-calculator/src/i18n/index.tsx": {"lines":{"total":18,"covered":18,"skipped":0,"pct":100},"functions":{"total":2,"covered":2,"skipped":0,"pct":100},"statements":{"total":18,"covered":18,"skipped":0,"pct":100},"branches":{"total":5,"covered":4,"skipped":0,"pct":80}}
,"/home/runner/work/imt-calculator/imt-calculator/src/i18n/lang.ts": {"lines":{"total":3,"covered":3,"skipped":0,"pct":100},"functions":{"total":1,"covered":1,"skipped":0,"pct":100},"statements":{"total":3,"covered":3,"skipped":0,"pct":100},"branches":{"total":3,"covered":3,"skipped":0,"pct":100}}
,"/home/runner/work/imt-calculator/imt-calculator/src/i18n/pages.ts": {"lines":{"total":13,"covered":13,"skipped":0,"pct":100},"functions":{"total":2,"covered":2,"skipped":0,"pct":100},"statements":{"total":13,"covered":13,"skipped":0,"pct":100},"branches":{"total":10,"covered":9,"skipped":0,"pct":90}}
,"/home/runner/work/imt-calculator/imt-calculator/src/i18n/paths.ts": {"lines":{"total":55,"covered":55,"skipped":0,"pct":100},"functions":{"total":7,"covered":7,"skipped":0,"pct":100},"statements":{"total":55,"covered":55,"skipped":0,"pct":100},"branches":{"total":50,"covered":49,"skipped":0,"pct":98}}
,"/home/runner/work/imt-calculator/imt-calculator/src/i18n/pt.ts": {"lines":{"total":138,"covered":138,"skipped":0,"pct":100},"functions":{"total":0,"covered":0,"skipped":0,"pct":100},"statements":{"total":138,"covered":138,"skipped":0,"pct":100},"branches":{"total":0,"covered":0,"skipped":0,"pct":100}}
,"/home/runner/work/imt-calculator/imt-calculator/src/pages/CalculatorPage.tsx": {"lines":{"total":213,"covered":205,"skipped":0,"pct":96.24},"functions":{"total":20,"covered":14,"skipped":0,"pct":70},"statements":{"total":213,"covered":205,"skipped":0,"pct":96.24},"branches":{"total":56,"covered":50,"skipped":0,"pct":89.28}}
,"/home/runner/work/imt-calculator/imt-calculator/src/pages/GlossaryPage.tsx": {"lines":{"total":29,"covered":29,"skipped":0,"pct":100},"functions":{"total":1,"covered":1,"skipped":0,"pct":100},"statements":{"total":29,"covered":29,"skipped":0,"pct":100},"branches":{"total":6,"covered":6,"skipped":0,"pct":100}}
,"/home/runner/work/imt-calculator/imt-calculator/src/pages/GuidePage.tsx": {"lines":{"total":118,"covered":118,"skipped":0,"pct":100},"functions":{"total":4,"covered":3,"skipped":0,"pct":75},"statements":{"total":118,"covered":118,"skipped":0,"pct":100},"branches":{"total":21,"covered":19,"skipped":0,"pct":90.47}}
,"/home/runner/work/imt-calculator/imt-calculator/src/pages/GuidesIndexPage.tsx": {"lines":{"total":31,"covered":31,"skipped":0,"pct":100},"functions":{"total":2,"covered":1,"skipped":0,"pct":50},"statements":{"total":31,"covered":31,"skipped":0,"pct":100},"branches":{"total":2,"covered":2,"skipped":0,"pct":100}}
,"/home/runner/work/imt-calculator/imt-calculator/src/pages/HowItWorksPage.tsx": {"lines":{"total":32,"covered":32,"skipped":0,"pct":100},"functions":{"total":1,"covered":1,"skipped":0,"pct":100},"statements":{"total":32,"covered":32,"skipped":0,"pct":100},"branches":{"total":8,"covered":8,"skipped":0,"pct":100}}
,"/home/runner/work/imt-calculator/imt-calculator/src/pages/NotFoundPage.tsx": {"lines":{"total":16,"covered":16,"skipped":0,"pct":100},"functions":{"total":1,"covered":1,"skipped":0,"pct":100},"statements":{"total":16,"covered":16,"skipped":0,"pct":100},"branches":{"total":1,"covered":1,"skipped":0,"pct":100}}
,"/home/runner/work/imt-calculator/imt-calculator/src/seo/sitemap.ts": {"lines":{"total":50,"covered":50,"skipped":0,"pct":100},"functions":{"total":7,"covered":7,"skipped":0,"pct":100},"statements":{"total":50,"covered":50,"skipped":0,"pct":100},"branches":{"total":17,"covered":17,"skipped":0,"pct":100}}
,"/home/runner/work/imt-calculator/imt-calculator/src/state/defaults.ts": {"lines":{"total":20,"covered":20,"skipped":0,"pct":100},"functions":{"total":2,"covered":2,"skipped":0,"pct":100},"statements":{"total":20,"covered":20,"skipped":0,"pct":100},"branches":{"total":2,"covered":2,"skipped":0,"pct":100}}
,"/home/runner/work/imt-calculator/imt-calculator/src/state/url.ts": {"lines":{"total":272,"covered":268,"skipped":0,"pct":98.52},"functions":{"total":21,"covered":21,"skipped":0,"pct":100},"statements":{"total":272,"covered":268,"skipped":0,"pct":98.52},"branches":{"total":153,"covered":130,"skipped":0,"pct":84.96}}
,"/home/runner/work/imt-calculator/imt-calculator/src/theme/theme.tsx": {"lines":{"total":34,"covered":34,"skipped":0,"pct":100},"functions":{"total":3,"covered":3,"skipped":0,"pct":100},"statements":{"total":34,"covered":34,"skipped":0,"pct":100},"branches":{"total":14,"covered":12,"skipped":0,"pct":85.71}}
}
