<?xml version="1.0" ?>
<!DOCTYPE coverage SYSTEM 'http://cobertura.sourceforge.net/xml/coverage-04.dtd'>
<coverage line-rate="0.802" lines-covered="81" lines-valid="101" branch-rate="1.0" branches-covered="1.0" branches-rate="1.0" complexity="1.0" version="1.9" timestamp="1786129887">
	<sources>
		<source>/src/bin/</source>
	</sources>
	<packages>
		<package name="merge_dependabot_prs_sh" line-rate="0.802" lines-covered="81" lines-valid="101" branch-rate="1.0" complexity="1.0">
			<classes>
				<class name="merge_dependabot_prs_sh__0" filename="merge-dependabot-prs.sh" branch-rate="1.0" complexity="1.0" line-rate="0.953">
					<lines>
						<line number="24" hits="19"/>
						<line number="26" hits="19"/>
						<line number="27" hits="19"/>
						<line number="28" hits="19"/>
						<line number="29" hits="19"/>
						<line number="31" hits="19"/>
						<line number="38" hits="21"/>
						<line number="39" hits="7"/>
						<line number="40" hits="8"/>
						<line number="41" hits="6"/>
						<line number="45" hits="19"/>
						<line number="48" hits="0"/>
						<line number="52" hits="19"/>
						<line number="53" hits="1"/>
						<line number="54" hits="1"/>
						<line number="55" hits="1"/>
						<line number="58" hits="78"/>
						<line number="59" hits="21"/>
						<line number="60" hits="21"/>
						<line number="61" hits="21"/>
						<line number="63" hits="42"/>
						<line number="64" hits="63"/>
						<line number="65" hits="2"/>
						<line number="66" hits="2"/>
						<line number="67" hits="2"/>
						<line number="70" hits="38"/>
						<line number="71" hits="19"/>
						<line number="72" hits="1"/>
						<line number="73" hits="1"/>
						<line number="74" hits="1"/>
						<line number="83" hits="72"/>
						<line number="85" hits="0"/>
						<line number="87" hits="18"/>
						<line number="88" hits="15"/>
						<line number="89" hits="62"/>
						<line number="90" hits="16"/>
						<line number="91" hits="18"/>
						<line number="92" hits="16"/>
						<line number="94" hits="8"/>
						<line number="101" hits="0"/>
						<line number="103" hits="18"/>
						<line number="104" hits="3"/>
						<line number="105" hits="2"/>
						<line number="106" hits="1"/>
						<line number="109" hits="18"/>
						<line number="110" hits="4"/>
						<line number="111" hits="1"/>
						<line number="115" hits="1"/>
						<line number="116" hits="1"/>
						<line number="117" hits="1"/>
						<line number="121" hits="17"/>
						<line number="122" hits="5"/>
						<line number="123" hits="5"/>
						<line number="124" hits="5"/>
						<line number="126" hits="12"/>
						<line number="127" hits="3"/>
						<line number="128" hits="3"/>
						<line number="129" hits="3"/>
						<line number="132" hits="9"/>
						<line number="133" hits="1"/>
						<line number="134" hits="1"/>
						<line number="135" hits="1"/>
						<line number="140" hits="16"/>
						<line number="141" hits="8"/>
						<line number="142" hits="7"/>
						<line number="143" hits="7"/>
						<line number="145" hits="3"/>
						<line number="146" hits="1"/>
						<line number="147" hits="1"/>
						<line number="149" hits="8"/>
						<line number="153" hits="18"/>
						<line number="154" hits="18"/>
						<line number="155" hits="18"/>
						<line number="156" hits="18"/>
						<line number="158" hits="108"/>
						<line number="159" hits="88"/>
						<line number="160" hits="40"/>
						<line number="161" hits="42"/>
						<line number="162" hits="20"/>
						<line number="164" hits="18"/>
						<line number="165" hits="18"/>
						<line number="166" hits="18"/>
						<line number="167" hits="0"/>
						<line number="171" hits="26"/>
						<line number="172" hits="10"/>
					</lines>
				</class>
				<class name="watch_all_sh__1" filename="watch-all.sh" branch-rate="1.0" complexity="1.0" line-rate="0.000">
					<lines>
						<line number="12" hits="0"/>
						<line number="14" hits="0"/>
						<line number="15" hits="0"/>
						<line number="16" hits="0"/>
						<line number="18" hits="0"/>
						<line number="21" hits="0"/>
						<line number="22" hits="0"/>
						<line number="23" hits="0"/>
						<line number="24" hits="0"/>
						<line number="25" hits="0"/>
						<line number="27" hits="0"/>
						<line number="28" hits="0"/>
						<line number="29" hits="0"/>
						<line number="31" hits="0"/>
						<line number="32" hits="0"/>
						<line number="34" hits="0"/>
					</lines>
				</class>
			</classes>
		</package>
	</packages>
</coverage>
