{"total": {"lines":{"total":542,"covered":541,"skipped":0,"pct":99.81},"statements":{"total":542,"covered":541,"skipped":0,"pct":99.81},"functions":{"total":29,"covered":29,"skipped":0,"pct":100},"branches":{"total":124,"covered":117,"skipped":0,"pct":94.35},"branchesTrue":{"total":0,"covered":0,"skipped":0,"pct":"Unknown"}}
,"/home/runner/work/google-country/google-country/src/background.ts": {"lines":{"total":39,"covered":39,"skipped":0,"pct":100},"functions":{"total":3,"covered":3,"skipped":0,"pct":100},"statements":{"total":39,"covered":39,"skipped":0,"pct":100},"branches":{"total":13,"covered":13,"skipped":0,"pct":100}}
,"/home/runner/work/google-country/google-country/src/content-core.ts": {"lines":{"total":196,"covered":195,"skipped":0,"pct":99.48},"functions":{"total":18,"covered":18,"skipped":0,"pct":100},"statements":{"total":196,"covered":195,"skipped":0,"pct":99.48},"branches":{"total":76,"covered":69,"skipped":0,"pct":90.78}}
,"/home/runner/work/google-country/google-country/src/countries.ts": {"lines":{"total":261,"covered":261,"skipped":0,"pct":100},"functions":{"total":2,"covered":2,"skipped":0,"pct":100},"statements":{"total":261,"covered":261,"skipped":0,"pct":100},"branches":{"total":5,"covered":5,"skipped":0,"pct":100}}
,"/home/runner/work/google-country/google-country/src/shared.ts": {"lines":{"total":46,"covered":46,"skipped":0,"pct":100},"functions":{"total":6,"covered":6,"skipped":0,"pct":100},"statements":{"total":46,"covered":46,"skipped":0,"pct":100},"branches":{"total":30,"covered":30,"skipped":0,"pct":100}}
}
