{"total": {"lines":{"total":589,"covered":589,"skipped":0,"pct":100},"statements":{"total":589,"covered":589,"skipped":0,"pct":100},"functions":{"total":31,"covered":31,"skipped":0,"pct":100},"branches":{"total":145,"covered":140,"skipped":0,"pct":96.55},"branchesTrue":{"total":0,"covered":0,"skipped":0,"pct":"Unknown"}}
,"/home/runner/work/google-country/google-country/src/background.ts": {"lines":{"total":46,"covered":46,"skipped":0,"pct":100},"functions":{"total":3,"covered":3,"skipped":0,"pct":100},"statements":{"total":46,"covered":46,"skipped":0,"pct":100},"branches":{"total":19,"covered":19,"skipped":0,"pct":100}}
,"/home/runner/work/google-country/google-country/src/content-core.ts": {"lines":{"total":236,"covered":236,"skipped":0,"pct":100},"functions":{"total":20,"covered":20,"skipped":0,"pct":100},"statements":{"total":236,"covered":236,"skipped":0,"pct":100},"branches":{"total":92,"covered":87,"skipped":0,"pct":94.56}}
,"/home/runner/work/google-country/google-country/src/countries.ts": {"lines":{"total":261,"covered":261,"skipped":0,"pct":100},"functions":{"total":2,"covered":2,"skipped":0,"pct":100},"statements":{"total":261,"covered":261,"skipped":0,"pct":100},"branches":{"total":5,"covered":5,"skipped":0,"pct":100}}
,"/home/runner/work/google-country/google-country/src/shared.ts": {"lines":{"total":46,"covered":46,"skipped":0,"pct":100},"functions":{"total":6,"covered":6,"skipped":0,"pct":100},"statements":{"total":46,"covered":46,"skipped":0,"pct":100},"branches":{"total":29,"covered":29,"skipped":0,"pct":100}}
}
