{"total": {"lines":{"total":1531,"covered":1481,"skipped":0,"pct":96.73},"statements":{"total":1531,"covered":1481,"skipped":0,"pct":96.73},"functions":{"total":83,"covered":65,"skipped":0,"pct":78.31},"branches":{"total":246,"covered":212,"skipped":0,"pct":86.17},"branchesTrue":{"total":0,"covered":0,"skipped":0,"pct":100}}
,"/home/runner/work/imt-calculator/imt-calculator/src/App.tsx": {"lines":{"total":12,"covered":12,"skipped":0,"pct":100},"functions":{"total":1,"covered":1,"skipped":0,"pct":100},"statements":{"total":12,"covered":12,"skipped":0,"pct":100},"branches":{"total":1,"covered":1,"skipped":0,"pct":100}}
,"/home/runner/work/imt-calculator/imt-calculator/src/format.ts": {"lines":{"total":15,"covered":15,"skipped":0,"pct":100},"functions":{"total":3,"covered":3,"skipped":0,"pct":100},"statements":{"total":15,"covered":15,"skipped":0,"pct":100},"branches":{"total":5,"covered":5,"skipped":0,"pct":100}}
,"/home/runner/work/imt-calculator/imt-calculator/src/components/BuyerCard.tsx": {"lines":{"total":82,"covered":82,"skipped":0,"pct":100},"functions":{"total":7,"covered":5,"skipped":0,"pct":71.42},"statements":{"total":82,"covered":82,"skipped":0,"pct":100},"branches":{"total":11,"covered":9,"skipped":0,"pct":81.81}}
,"/home/runner/work/imt-calculator/imt-calculator/src/components/Layout.tsx": {"lines":{"total":81,"covered":81,"skipped":0,"pct":100},"functions":{"total":5,"covered":5,"skipped":0,"pct":100},"statements":{"total":81,"covered":81,"skipped":0,"pct":100},"branches":{"total":12,"covered":12,"skipped":0,"pct":100}}
,"/home/runner/work/imt-calculator/imt-calculator/src/components/ResultsPanel.tsx": {"lines":{"total":131,"covered":95,"skipped":0,"pct":72.51},"functions":{"total":8,"covered":3,"skipped":0,"pct":37.5},"statements":{"total":131,"covered":95,"skipped":0,"pct":72.51},"branches":{"total":16,"covered":9,"skipped":0,"pct":56.25}}
,"/home/runner/work/imt-calculator/imt-calculator/src/components/controls.tsx": {"lines":{"total":113,"covered":113,"skipped":0,"pct":100},"functions":{"total":9,"covered":8,"skipped":0,"pct":88.88},"statements":{"total":113,"covered":113,"skipped":0,"pct":100},"branches":{"total":14,"covered":14,"skipped":0,"pct":100}}
,"/home/runner/work/imt-calculator/imt-calculator/src/content/glossary.ts": {"lines":{"total":145,"covered":145,"skipped":0,"pct":100},"functions":{"total":0,"covered":0,"skipped":0,"pct":100},"statements":{"total":145,"covered":145,"skipped":0,"pct":100},"branches":{"total":0,"covered":0,"skipped":0,"pct":100}}
,"/home/runner/work/imt-calculator/imt-calculator/src/content/howItWorks.ts": {"lines":{"total":145,"covered":145,"skipped":0,"pct":100},"functions":{"total":0,"covered":0,"skipped":0,"pct":100},"statements":{"total":145,"covered":145,"skipped":0,"pct":100},"branches":{"total":0,"covered":0,"skipped":0,"pct":100}}
,"/home/runner/work/imt-calculator/imt-calculator/src/engine/hash.ts": {"lines":{"total":39,"covered":39,"skipped":0,"pct":100},"functions":{"total":3,"covered":3,"skipped":0,"pct":100},"statements":{"total":39,"covered":39,"skipped":0,"pct":100},"branches":{"total":10,"covered":10,"skipped":0,"pct":100}}
,"/home/runner/work/imt-calculator/imt-calculator/src/engine/imt.ts": {"lines":{"total":109,"covered":109,"skipped":0,"pct":100},"functions":{"total":7,"covered":7,"skipped":0,"pct":100},"statements":{"total":109,"covered":109,"skipped":0,"pct":100},"branches":{"total":56,"covered":55,"skipped":0,"pct":98.21}}
,"/home/runner/work/imt-calculator/imt-calculator/src/engine/tables/2026.ts": {"lines":{"total":61,"covered":61,"skipped":0,"pct":100},"functions":{"total":0,"covered":0,"skipped":0,"pct":100},"statements":{"total":61,"covered":61,"skipped":0,"pct":100},"branches":{"total":0,"covered":0,"skipped":0,"pct":100}}
,"/home/runner/work/imt-calculator/imt-calculator/src/engine/tables/index.ts": {"lines":{"total":11,"covered":11,"skipped":0,"pct":100},"functions":{"total":1,"covered":1,"skipped":0,"pct":100},"statements":{"total":11,"covered":11,"skipped":0,"pct":100},"branches":{"total":1,"covered":1,"skipped":0,"pct":100}}
,"/home/runner/work/imt-calculator/imt-calculator/src/i18n/en.ts": {"lines":{"total":104,"covered":104,"skipped":0,"pct":100},"functions":{"total":0,"covered":0,"skipped":0,"pct":100},"statements":{"total":104,"covered":104,"skipped":0,"pct":100},"branches":{"total":0,"covered":0,"skipped":0,"pct":100}}
,"/home/runner/work/imt-calculator/imt-calculator/src/i18n/index.tsx": {"lines":{"total":34,"covered":32,"skipped":0,"pct":94.11},"functions":{"total":4,"covered":4,"skipped":0,"pct":100},"statements":{"total":34,"covered":32,"skipped":0,"pct":94.11},"branches":{"total":12,"covered":9,"skipped":0,"pct":75}}
,"/home/runner/work/imt-calculator/imt-calculator/src/i18n/pt.ts": {"lines":{"total":104,"covered":104,"skipped":0,"pct":100},"functions":{"total":0,"covered":0,"skipped":0,"pct":100},"statements":{"total":104,"covered":104,"skipped":0,"pct":100},"branches":{"total":0,"covered":0,"skipped":0,"pct":100}}
,"/home/runner/work/imt-calculator/imt-calculator/src/pages/CalculatorPage.tsx": {"lines":{"total":132,"covered":125,"skipped":0,"pct":94.69},"functions":{"total":19,"covered":9,"skipped":0,"pct":47.36},"statements":{"total":132,"covered":125,"skipped":0,"pct":94.69},"branches":{"total":27,"covered":23,"skipped":0,"pct":85.18}}
,"/home/runner/work/imt-calculator/imt-calculator/src/pages/GlossaryPage.tsx": {"lines":{"total":24,"covered":23,"skipped":0,"pct":95.83},"functions":{"total":1,"covered":1,"skipped":0,"pct":100},"statements":{"total":24,"covered":23,"skipped":0,"pct":95.83},"branches":{"total":4,"covered":2,"skipped":0,"pct":50}}
,"/home/runner/work/imt-calculator/imt-calculator/src/pages/HowItWorksPage.tsx": {"lines":{"total":27,"covered":27,"skipped":0,"pct":100},"functions":{"total":1,"covered":1,"skipped":0,"pct":100},"statements":{"total":27,"covered":27,"skipped":0,"pct":100},"branches":{"total":8,"covered":8,"skipped":0,"pct":100}}
,"/home/runner/work/imt-calculator/imt-calculator/src/state/defaults.ts": {"lines":{"total":20,"covered":20,"skipped":0,"pct":100},"functions":{"total":2,"covered":2,"skipped":0,"pct":100},"statements":{"total":20,"covered":20,"skipped":0,"pct":100},"branches":{"total":2,"covered":2,"skipped":0,"pct":100}}
,"/home/runner/work/imt-calculator/imt-calculator/src/state/url.ts": {"lines":{"total":105,"covered":105,"skipped":0,"pct":100},"functions":{"total":9,"covered":9,"skipped":0,"pct":100},"statements":{"total":105,"covered":105,"skipped":0,"pct":100},"branches":{"total":55,"covered":45,"skipped":0,"pct":81.81}}
,"/home/runner/work/imt-calculator/imt-calculator/src/theme/theme.tsx": {"lines":{"total":37,"covered":33,"skipped":0,"pct":89.18},"functions":{"total":3,"covered":3,"skipped":0,"pct":100},"statements":{"total":37,"covered":33,"skipped":0,"pct":89.18},"branches":{"total":12,"covered":7,"skipped":0,"pct":58.33}}
}
