<?xml version="1.0" ?>
<!DOCTYPE coverage SYSTEM 'http://cobertura.sourceforge.net/xml/coverage-04.dtd'>
<coverage line-rate="0.843" lines-covered="91" lines-valid="108" branch-rate="1.0" branches-covered="1.0" branches-rate="1.0" complexity="1.0" version="1.9" timestamp="1786138617">
	<sources>
		<source>/src/bin/</source>
	</sources>
	<packages>
		<package name="merge_dependabot_prs_sh" line-rate="0.843" lines-covered="91" lines-valid="108" branch-rate="1.0" complexity="1.0">
			<classes>
				<class name="merge_dependabot_prs_sh__0" filename="merge-dependabot-prs.sh" branch-rate="1.0" complexity="1.0" line-rate="1.000">
					<lines>
						<line number="24" hits="19"/>
						<line number="26" hits="19"/>
						<line number="27" hits="19"/>
						<line number="28" hits="19"/>
						<line number="29" hits="19"/>
						<line number="31" hits="19"/>
						<line number="38" hits="21"/>
						<line number="39" hits="7"/>
						<line number="40" hits="8"/>
						<line number="41" hits="6"/>
						<line number="45" hits="19"/>
						<line number="48" hits="19"/>
						<line number="49" hits="19"/>
						<line number="50" hits="19"/>
						<line number="51" hits="57"/>
						<line number="53" hits="19"/>
						<line number="54" hits="1"/>
						<line number="55" hits="1"/>
						<line number="56" hits="1"/>
						<line number="59" hits="78"/>
						<line number="60" hits="21"/>
						<line number="61" hits="21"/>
						<line number="62" hits="21"/>
						<line number="64" hits="42"/>
						<line number="65" hits="63"/>
						<line number="66" hits="2"/>
						<line number="67" hits="2"/>
						<line number="68" hits="2"/>
						<line number="71" hits="38"/>
						<line number="72" hits="19"/>
						<line number="73" hits="1"/>
						<line number="74" hits="1"/>
						<line number="75" hits="1"/>
						<line number="84" hits="72"/>
						<line number="86" hits="18"/>
						<line number="87" hits="18"/>
						<line number="88" hits="36"/>
						<line number="89" hits="18"/>
						<line number="90" hits="15"/>
						<line number="91" hits="62"/>
						<line number="92" hits="16"/>
						<line number="93" hits="18"/>
						<line number="94" hits="16"/>
						<line number="96" hits="8"/>
						<line number="103" hits="18"/>
						<line number="104" hits="36"/>
						<line number="105" hits="18"/>
						<line number="106" hits="3"/>
						<line number="107" hits="2"/>
						<line number="108" hits="1"/>
						<line number="111" hits="18"/>
						<line number="112" hits="4"/>
						<line number="113" hits="1"/>
						<line number="117" hits="1"/>
						<line number="118" hits="1"/>
						<line number="119" hits="1"/>
						<line number="123" hits="17"/>
						<line number="124" hits="5"/>
						<line number="125" hits="5"/>
						<line number="126" hits="5"/>
						<line number="128" hits="12"/>
						<line number="129" hits="3"/>
						<line number="130" hits="3"/>
						<line number="131" hits="3"/>
						<line number="134" hits="9"/>
						<line number="135" hits="1"/>
						<line number="136" hits="1"/>
						<line number="137" hits="1"/>
						<line number="142" hits="16"/>
						<line number="143" hits="8"/>
						<line number="144" hits="7"/>
						<line number="145" hits="7"/>
						<line number="147" hits="3"/>
						<line number="148" hits="1"/>
						<line number="149" hits="1"/>
						<line number="151" hits="8"/>
						<line number="156" hits="108"/>
						<line number="157" hits="88"/>
						<line number="158" hits="40"/>
						<line number="159" hits="42"/>
						<line number="160" hits="20"/>
						<line number="164" hits="18"/>
						<line number="165" hits="18"/>
						<line number="166" hits="18"/>
						<line number="167" hits="18"/>
						<line number="168" hits="18"/>
						<line number="169" hits="18"/>
						<line number="170" hits="18"/>
						<line number="173" hits="18"/>
						<line number="177" hits="26"/>
						<line number="178" hits="10"/>
					</lines>
				</class>
				<class name="watch_all_sh__1" filename="watch-all.sh" branch-rate="1.0" complexity="1.0" line-rate="0.000">
					<lines>
						<line number="12" hits="0"/>
						<line number="14" hits="0"/>
						<line number="15" hits="0"/>
						<line number="16" hits="0"/>
						<line number="18" hits="0"/>
						<line number="19" hits="0"/>
						<line number="21" hits="0"/>
						<line number="22" hits="0"/>
						<line number="23" hits="0"/>
						<line number="24" hits="0"/>
						<line number="25" hits="0"/>
						<line number="27" hits="0"/>
						<line number="28" hits="0"/>
						<line number="29" hits="0"/>
						<line number="31" hits="0"/>
						<line number="32" hits="0"/>
						<line number="34" hits="0"/>
					</lines>
				</class>
			</classes>
		</package>
	</packages>
</coverage>
