TN:
SF:src/App.tsx
FN:9,App
FNF:1
FNH:1
FNDA:16,App
DA:1,1
DA:9,1
DA:10,16
DA:11,16
DA:12,16
DA:13,16
DA:14,16
DA:15,16
DA:16,16
DA:17,16
DA:18,16
DA:19,16
DA:21,16
LF:13
LH:13
BRDA:9,0,0,16
BRF:1
BRH:1
end_of_record
TN:
SF:src/analytics.ts
FN:13,track
FN:18,priceBand
FN:28,rateBand
FN:44,vptRatioBand
FN:61,vptRatioPct
FNF:5
FNH:5
FNDA:43,track
FNDA:9,priceBand
FNDA:11,rateBand
FNDA:18,vptRatioBand
FNDA:9,vptRatioPct
DA:13,1
DA:14,43
DA:15,43
DA:18,1
DA:19,9
DA:20,9
DA:21,9
DA:22,9
DA:23,7
DA:24,1
DA:25,1
DA:28,1
DA:29,11
DA:30,11
DA:31,11
DA:32,11
DA:33,9
DA:34,2
DA:35,2
DA:44,1
DA:45,18
DA:46,14
DA:47,18
DA:48,18
DA:49,18
DA:50,18
DA:51,17
DA:52,16
DA:53,2
DA:54,2
DA:61,1
DA:62,9
DA:63,5
DA:64,5
LF:34
LH:34
BRDA:13,0,0,43
BRDA:14,1,0,26
BRDA:18,2,0,9
BRDA:19,3,0,2
BRDA:19,4,0,7
BRDA:20,5,0,1
BRDA:20,6,0,6
BRDA:21,7,0,1
BRDA:21,8,0,5
BRDA:22,9,0,3
BRDA:22,10,0,7
BRDA:22,11,0,2
BRDA:23,12,0,1
BRDA:28,13,0,11
BRDA:30,14,0,1
BRDA:30,15,0,10
BRDA:31,16,0,2
BRDA:31,17,0,8
BRDA:32,18,0,4
BRDA:32,19,0,9
BRDA:32,20,0,4
BRDA:33,21,0,2
BRDA:44,22,0,18
BRDA:45,23,0,15
BRDA:45,24,0,15
BRDA:45,25,0,17
BRDA:45,26,0,4
BRDA:45,27,0,14
BRDA:47,28,0,1
BRDA:47,29,0,13
BRDA:48,30,0,2
BRDA:48,31,0,11
BRDA:49,32,0,2
BRDA:49,33,0,9
BRDA:50,34,0,2
BRDA:50,35,0,17
BRDA:50,36,0,7
BRDA:51,37,0,3
BRDA:51,38,0,16
BRDA:51,39,0,4
BRDA:52,40,0,2
BRDA:61,41,0,9
BRDA:62,42,0,6
BRDA:62,43,0,6
BRDA:62,44,0,8
BRDA:62,45,0,4
BRDA:62,46,0,5
BRF:47
BRH:47
end_of_record
TN:
SF:src/format.ts
FN:5,locale
FN:8,formatEuro
FN:17,formatPercent
FNF:3
FNH:3
FNDA:361,locale
FNDA:304,formatEuro
FNDA:57,formatPercent
DA:5,1
DA:8,1
DA:9,304
DA:10,304
DA:11,304
DA:12,304
DA:13,304
DA:14,304
DA:17,1
DA:18,57
DA:19,57
DA:20,57
DA:21,57
DA:22,57
DA:23,57
LF:15
LH:15
BRDA:5,0,0,361
BRDA:5,1,0,18
BRDA:5,2,0,343
BRDA:8,3,0,304
BRDA:17,4,0,57
BRF:5
BRH:5
end_of_record
TN:
SF:src/components/Analytics.tsx
FN:19,Analytics
FNF:1
FNH:1
FNDA:26,Analytics
DA:1,1
DA:19,1
DA:20,26
DA:21,26
DA:26,26
DA:27,26
DA:28,21
DA:29,26
DA:34,26
DA:35,26
DA:36,16
DA:37,15
DA:38,26
DA:40,26
DA:41,21
DA:42,21
DA:43,21
DA:44,21
DA:45,21
DA:46,21
DA:47,26
DA:48,26
DA:49,26
LF:23
LH:23
BRDA:19,0,0,26
BRDA:27,1,0,21
BRDA:35,2,0,16
BRDA:36,3,0,1
BRDA:36,4,0,15
BRDA:37,5,0,1
BRDA:40,6,0,21
BRF:7
BRH:7
end_of_record
TN:
SF:src/components/BuyerCard.tsx
FN:6,BuyerCard
FN:49,onChange
FN:55,onChange
FN:74,onChange
FN:87,onChange
FN:101,onChange
FN:106,onChange
FNF:7
FNH:6
FNDA:50,BuyerCard
FNDA:1,onChange
FNDA:1,onChange
FNDA:4,onChange
FNDA:2,onChange
FNDA:1,onChange
FNDA:0,onChange
DA:1,1
DA:6,1
DA:7,50
DA:8,50
DA:9,50
DA:10,50
DA:11,50
DA:12,50
DA:13,50
DA:20,50
DA:21,50
DA:22,50
DA:24,50
DA:25,50
DA:26,50
DA:27,50
DA:28,50
DA:29,50
DA:30,50
DA:31,4
DA:32,4
DA:33,4
DA:34,4
DA:35,4
DA:37,4
DA:38,4
DA:40,50
DA:42,50
DA:43,50
DA:44,50
DA:45,50
DA:46,50
DA:47,50
DA:48,50
DA:49,50
DA:50,50
DA:52,50
DA:53,50
DA:54,50
DA:55,50
DA:56,1
DA:57,1
DA:59,1
DA:60,1
DA:61,1
DA:63,50
DA:64,50
DA:65,50
DA:66,50
DA:67,50
DA:69,50
DA:70,50
DA:71,50
DA:74,50
DA:75,4
DA:77,50
DA:78,50
DA:79,50
DA:80,50
DA:81,50
DA:83,50
DA:84,9
DA:85,9
DA:86,9
DA:87,9
DA:88,9
DA:89,9
DA:90,9
DA:91,9
DA:92,9
DA:93,9
DA:94,9
DA:97,50
DA:98,4
DA:99,4
DA:100,4
DA:101,4
DA:102,4
DA:105,50
DA:106,46
DA:108,50
DA:109,50
DA:111,50
LF:83
LH:83
BRDA:6,0,0,50
BRDA:30,1,0,4
BRDA:83,2,0,9
BRDA:97,3,0,4
BRDA:105,4,0,46
BRDA:49,5,0,1
BRDA:49,6,0,0
BRDA:55,7,0,1
BRDA:59,8,0,0
BRDA:60,9,0,0
BRDA:74,10,0,4
BRDA:75,11,0,1
BRDA:75,12,0,3
BRDA:87,13,0,2
BRDA:101,14,0,1
BRF:15
BRH:12
end_of_record
TN:
SF:src/components/Layout.tsx
FN:10,Layout
FN:14,navClass
FN:52,onClick
FN:64,onClick
FN:91,onClick
FN:105,HouseMark
FN:125,SunIcon
FN:134,MoonIcon
FNF:8
FNH:8
FNDA:23,Layout
FNDA:84,navClass
FNDA:5,onClick
FNDA:2,onClick
FNDA:1,onClick
FNDA:23,HouseMark
FNDA:2,SunIcon
FNDA:21,MoonIcon
DA:1,1
DA:10,1
DA:11,23
DA:12,23
DA:14,23
DA:15,84
DA:17,23
DA:18,23
DA:19,23
DA:20,23
DA:21,23
DA:23,23
DA:24,23
DA:25,23
DA:26,23
DA:27,23
DA:28,23
DA:29,23
DA:30,23
DA:32,23
DA:33,23
DA:34,23
DA:35,23
DA:36,23
DA:37,23
DA:38,23
DA:39,23
DA:40,23
DA:41,23
DA:42,23
DA:44,23
DA:45,23
DA:46,23
DA:47,46
DA:48,46
DA:49,46
DA:50,46
DA:51,46
DA:52,46
DA:53,5
DA:54,5
DA:55,5
DA:57,46
DA:58,46
DA:59,23
DA:60,23
DA:61,23
DA:62,23
DA:63,23
DA:64,23
DA:65,2
DA:66,2
DA:67,2
DA:68,23
DA:70,23
DA:71,23
DA:72,23
DA:73,23
DA:75,23
DA:76,23
DA:77,23
DA:79,23
DA:80,23
DA:81,23
DA:82,23
DA:83,23
DA:84,23
DA:85,23
DA:86,23
DA:87,23
DA:88,23
DA:89,23
DA:90,23
DA:91,23
DA:93,23
DA:94,23
DA:95,23
DA:96,23
DA:97,23
DA:98,23
DA:99,23
DA:100,23
DA:102,23
DA:105,23
DA:106,23
DA:107,23
DA:108,23
DA:109,23
DA:110,23
DA:111,23
DA:112,23
DA:113,23
DA:114,23
DA:115,23
DA:116,23
DA:117,23
DA:118,23
DA:120,23
DA:121,23
DA:123,23
DA:125,2
DA:126,2
DA:127,2
DA:128,2
DA:129,2
DA:130,2
DA:132,2
DA:134,21
DA:135,21
DA:136,21
DA:137,21
DA:138,21
DA:140,21
LF:113
LH:113
BRDA:10,0,0,23
BRDA:68,1,0,2
BRDA:68,2,0,21
BRDA:70,3,0,2
BRDA:70,4,0,21
BRDA:14,5,0,84
BRDA:15,6,0,28
BRDA:15,7,0,56
BRDA:46,8,0,46
BRDA:52,9,0,5
BRDA:64,10,0,2
BRDA:65,11,0,0
BRDA:91,12,0,1
BRDA:105,13,0,23
BRDA:125,14,0,2
BRDA:134,15,0,21
BRF:16
BRH:15
end_of_record
TN:
SF:src/components/ResultsPanel.tsx
FN:8,ruleLabel
FN:15,ResultsPanel
FN:35,notify
FN:41,copy
FN:50,copyResult
FN:152,onFocus
FN:157,onClick
FN:179,onClick
FN:196,Tile
FNF:9
FNH:8
FNDA:6,ruleLabel
FNDA:55,ResultsPanel
FNDA:4,notify
FNDA:5,copy
FNDA:2,copyResult
FNDA:0,onFocus
FNDA:3,onClick
FNDA:1,onClick
FNDA:165,Tile
DA:1,1
DA:8,6
DA:9,6
DA:10,5
DA:11,4
DA:12,4
DA:15,1
DA:16,55
DA:17,55
DA:18,55
DA:19,55
DA:23,55
DA:24,55
DA:25,55
DA:26,55
DA:29,55
DA:33,55
DA:35,55
DA:36,4
DA:37,4
DA:38,4
DA:39,4
DA:41,55
DA:42,5
DA:43,5
DA:44,4
DA:45,5
DA:47,1
DA:48,5
DA:50,55
DA:51,2
DA:52,2
DA:53,2
DA:54,2
DA:55,2
DA:56,2
DA:57,2
DA:58,2
DA:59,2
DA:60,2
DA:61,2
DA:63,55
DA:64,55
DA:65,55
DA:66,55
DA:67,55
DA:68,55
DA:69,55
DA:70,55
DA:71,55
DA:72,55
DA:73,55
DA:75,55
DA:76,0
DA:77,0
DA:78,0
DA:81,55
DA:82,55
DA:83,55
DA:84,55
DA:85,55
DA:87,55
DA:88,55
DA:89,55
DA:90,55
DA:91,55
DA:92,55
DA:93,55
DA:94,55
DA:95,55
DA:96,55
DA:97,2
DA:98,2
DA:99,2
DA:100,2
DA:102,55
DA:104,55
DA:105,3
DA:106,3
DA:107,3
DA:108,6
DA:109,6
DA:110,6
DA:111,6
DA:112,6
DA:113,6
DA:114,6
DA:115,6
DA:116,6
DA:117,6
DA:118,6
DA:119,6
DA:120,6
DA:121,6
DA:122,6
DA:123,6
DA:124,6
DA:125,6
DA:126,6
DA:127,6
DA:128,6
DA:129,6
DA:130,1
DA:131,1
DA:132,1
DA:134,6
DA:135,3
DA:136,3
DA:139,55
DA:141,55
DA:142,55
DA:143,55
DA:144,55
DA:145,55
DA:146,55
DA:147,55
DA:148,55
DA:149,55
DA:150,55
DA:151,55
DA:152,55
DA:153,55
DA:154,55
DA:155,55
DA:156,55
DA:157,55
DA:158,3
DA:159,3
DA:160,3
DA:162,55
DA:163,55
DA:164,55
DA:165,55
DA:167,55
DA:169,55
DA:170,55
DA:171,55
DA:172,55
DA:173,55
DA:174,55
DA:175,55
DA:176,55
DA:177,55
DA:178,55
DA:179,55
DA:180,1
DA:181,1
DA:182,1
DA:184,55
DA:185,55
DA:186,55
DA:187,55
DA:188,3
DA:189,3
DA:190,3
DA:192,55
DA:194,55
DA:196,165
DA:197,165
DA:198,165
DA:199,165
DA:200,165
DA:201,165
DA:203,165
LF:164
LH:161
BRDA:8,0,0,6
BRDA:9,1,0,5
BRDA:9,2,0,1
BRDA:10,3,0,1
BRDA:10,4,0,4
BRDA:15,5,0,55
BRDA:70,6,0,0
BRDA:75,7,0,0
BRDA:96,8,0,2
BRDA:104,9,0,3
BRDA:139,10,0,4
BRDA:187,11,0,3
BRDA:29,12,0,29
BRDA:29,13,0,29
BRDA:35,14,0,4
BRDA:41,15,0,5
BRDA:43,16,0,4
BRDA:45,17,0,1
BRDA:50,18,0,2
BRDA:107,19,0,6
BRDA:129,20,0,1
BRDA:129,21,0,1
BRDA:157,22,0,3
BRDA:179,23,0,1
BRDA:196,24,0,165
BRDA:198,25,0,55
BRDA:198,26,0,110
BRF:27
BRH:25
end_of_record
TN:
SF:src/components/controls.tsx
FN:8,Field
FN:38,NumberField
FN:69,onChange
FN:91,SelectField
FN:107,onChange
FN:119,Segmented
FN:140,onClick
FN:151,Toggle
FN:168,onChange
FNF:9
FNH:9
FNDA:208,Field
FNDA:149,NumberField
FNDA:5,onChange
FNDA:59,SelectField
FNDA:3,onChange
FNDA:148,Segmented
FNDA:5,onClick
FNDA:98,Toggle
FNDA:2,onChange
DA:1,1
DA:8,1
DA:9,208
DA:10,208
DA:11,208
DA:12,208
DA:13,208
DA:14,208
DA:20,208
DA:21,208
DA:22,208
DA:23,208
DA:24,208
DA:25,208
DA:26,208
DA:27,208
DA:28,208
DA:29,208
DA:31,208
DA:38,1
DA:39,149
DA:40,149
DA:41,149
DA:42,149
DA:43,149
DA:44,149
DA:45,149
DA:46,149
DA:47,149
DA:56,149
DA:57,149
DA:58,149
DA:59,149
DA:60,149
DA:61,149
DA:62,149
DA:63,149
DA:64,149
DA:65,149
DA:66,149
DA:67,149
DA:68,149
DA:69,149
DA:70,5
DA:71,5
DA:72,5
DA:73,5
DA:74,5
DA:75,5
DA:76,5
DA:77,149
DA:78,149
DA:79,149
DA:80,149
DA:82,149
DA:91,1
DA:92,59
DA:93,59
DA:94,59
DA:95,59
DA:96,59
DA:97,59
DA:103,59
DA:104,59
DA:105,59
DA:106,59
DA:107,59
DA:108,59
DA:109,186
DA:110,186
DA:111,186
DA:112,59
DA:113,59
DA:114,59
DA:116,59
DA:119,1
DA:120,148
DA:121,148
DA:122,148
DA:123,148
DA:124,148
DA:129,148
DA:130,148
DA:131,148
DA:132,148
DA:133,148
DA:134,148
DA:135,296
DA:136,296
DA:137,296
DA:138,296
DA:139,296
DA:140,296
DA:142,296
DA:143,296
DA:144,148
DA:145,148
DA:146,148
DA:148,148
DA:151,1
DA:152,98
DA:153,98
DA:154,98
DA:155,98
DA:159,98
DA:160,98
DA:161,98
DA:162,98
DA:163,98
DA:164,98
DA:165,98
DA:166,98
DA:167,98
DA:168,98
DA:169,98
DA:170,98
DA:171,98
DA:172,98
DA:173,98
DA:175,98
LF:120
LH:120
BRDA:8,0,0,208
BRDA:25,1,0,48
BRDA:28,2,0,96
BRDA:38,3,0,149
BRDA:68,4,0,47
BRDA:78,5,0,148
BRDA:69,6,0,5
BRDA:70,7,0,0
BRDA:72,8,0,0
BRDA:74,9,0,1
BRDA:91,10,0,59
BRDA:107,11,0,3
BRDA:108,12,0,186
BRDA:119,13,0,148
BRDA:134,14,0,296
BRDA:140,15,0,5
BRDA:151,16,0,98
BRDA:168,17,0,2
BRF:18
BRH:16
end_of_record
TN:
SF:src/content/glossary.ts
FNF:0
FNH:0
DA:10,1
DA:11,1
DA:12,1
DA:13,1
DA:14,1
DA:15,1
DA:16,1
DA:17,1
DA:18,1
DA:19,1
DA:20,1
DA:21,1
DA:22,1
DA:23,1
DA:24,1
DA:25,1
DA:26,1
DA:27,1
DA:28,1
DA:29,1
DA:30,1
DA:31,1
DA:32,1
DA:33,1
DA:34,1
DA:35,1
DA:36,1
DA:37,1
DA:38,1
DA:39,1
DA:40,1
DA:41,1
DA:42,1
DA:43,1
DA:44,1
DA:45,1
DA:46,1
DA:47,1
DA:48,1
DA:49,1
DA:50,1
DA:51,1
DA:52,1
DA:53,1
DA:54,1
DA:55,1
DA:56,1
DA:57,1
DA:58,1
DA:59,1
DA:60,1
DA:61,1
DA:62,1
DA:63,1
DA:64,1
DA:65,1
DA:66,1
DA:67,1
DA:68,1
DA:69,1
DA:70,1
DA:71,1
DA:72,1
DA:73,1
DA:74,1
DA:75,1
DA:76,1
DA:77,1
DA:78,1
DA:79,1
DA:80,1
DA:81,1
DA:82,1
DA:83,1
DA:84,1
DA:85,1
DA:86,1
DA:87,1
DA:88,1
DA:89,1
DA:90,1
DA:91,1
DA:92,1
DA:93,1
DA:94,1
DA:95,1
DA:96,1
DA:97,1
DA:98,1
DA:99,1
DA:100,1
DA:101,1
DA:102,1
DA:103,1
DA:104,1
DA:105,1
DA:106,1
DA:107,1
DA:108,1
DA:109,1
DA:110,1
DA:111,1
DA:112,1
DA:113,1
DA:114,1
DA:115,1
DA:116,1
DA:117,1
DA:118,1
DA:119,1
DA:120,1
DA:121,1
DA:122,1
DA:123,1
DA:124,1
DA:125,1
DA:126,1
DA:127,1
DA:128,1
DA:129,1
DA:130,1
DA:131,1
DA:132,1
DA:133,1
DA:134,1
DA:135,1
DA:136,1
DA:137,1
DA:138,1
DA:139,1
DA:140,1
DA:141,1
DA:142,1
DA:143,1
DA:144,1
DA:145,1
DA:146,1
DA:147,1
DA:148,1
DA:149,1
DA:150,1
DA:151,1
DA:152,1
DA:153,1
DA:154,1
LF:145
LH:145
BRF:0
BRH:0
end_of_record
TN:
SF:src/content/howItWorks.ts
FNF:0
FNH:0
DA:13,1
DA:14,1
DA:15,1
DA:16,1
DA:17,1
DA:18,1
DA:19,1
DA:20,1
DA:21,1
DA:22,1
DA:23,1
DA:24,1
DA:25,1
DA:26,1
DA:27,1
DA:28,1
DA:29,1
DA:30,1
DA:31,1
DA:32,1
DA:33,1
DA:34,1
DA:35,1
DA:36,1
DA:37,1
DA:38,1
DA:39,1
DA:40,1
DA:41,1
DA:42,1
DA:43,1
DA:44,1
DA:45,1
DA:46,1
DA:47,1
DA:48,1
DA:49,1
DA:50,1
DA:51,1
DA:52,1
DA:53,1
DA:54,1
DA:55,1
DA:56,1
DA:57,1
DA:58,1
DA:59,1
DA:60,1
DA:61,1
DA:62,1
DA:63,1
DA:64,1
DA:65,1
DA:66,1
DA:67,1
DA:68,1
DA:69,1
DA:70,1
DA:71,1
DA:72,1
DA:73,1
DA:74,1
DA:75,1
DA:76,1
DA:77,1
DA:78,1
DA:79,1
DA:80,1
DA:81,1
DA:82,1
DA:83,1
DA:84,1
DA:85,1
DA:86,1
DA:87,1
DA:88,1
DA:89,1
DA:90,1
DA:91,1
DA:92,1
DA:93,1
DA:94,1
DA:95,1
DA:96,1
DA:97,1
DA:98,1
DA:99,1
DA:100,1
DA:101,1
DA:102,1
DA:103,1
DA:104,1
DA:105,1
DA:106,1
DA:107,1
DA:108,1
DA:109,1
DA:110,1
DA:111,1
DA:112,1
DA:113,1
DA:114,1
DA:115,1
DA:116,1
DA:117,1
DA:118,1
DA:119,1
DA:120,1
DA:121,1
DA:122,1
DA:123,1
DA:124,1
DA:125,1
DA:126,1
DA:127,1
DA:128,1
DA:129,1
DA:130,1
DA:131,1
DA:132,1
DA:133,1
DA:134,1
DA:135,1
DA:136,1
DA:137,1
DA:138,1
DA:139,1
DA:140,1
DA:141,1
DA:142,1
DA:143,1
DA:144,1
DA:145,1
DA:146,1
DA:147,1
DA:148,1
DA:149,1
DA:150,1
DA:151,1
DA:152,1
DA:153,1
DA:154,1
DA:155,1
DA:156,1
DA:157,1
LF:145
LH:145
BRF:0
BRH:0
end_of_record
TN:
SF:src/engine/imt.ts
FN:17,round2
FN:25,pickTable
FN:40,ordinaryImt
FN:47,mortgageStampDuty
FN:60,computeBuyer
FN:71,ordinary
FN:118,calculate
FNF:7
FNH:7
FNDA:834,round2
FNDA:72,pickTable
FNDA:68,ordinaryImt
FNDA:72,mortgageStampDuty
FNDA:78,computeBuyer
FNDA:66,ordinary
FNDA:73,calculate
DA:1,1
DA:17,1
DA:18,834
DA:19,834
DA:25,1
DA:26,72
DA:27,72
DA:28,52
DA:29,52
DA:30,52
DA:31,72
DA:32,72
DA:40,1
DA:41,68
DA:42,66
DA:43,68
DA:44,66
DA:45,66
DA:47,72
DA:48,72
DA:49,6
DA:50,53
DA:51,2
DA:52,72
DA:53,1
DA:54,72
DA:56,3
DA:57,72
DA:58,72
DA:60,78
DA:61,78
DA:62,78
DA:63,78
DA:64,78
DA:65,78
DA:66,78
DA:67,78
DA:71,78
DA:72,66
DA:73,66
DA:74,66
DA:75,66
DA:77,78
DA:78,78
DA:79,78
DA:80,78
DA:81,78
DA:83,78
DA:85,6
DA:86,6
DA:87,78
DA:89,12
DA:90,12
DA:91,12
DA:94,6
DA:95,6
DA:96,6
DA:97,72
DA:98,60
DA:99,60
DA:100,60
DA:101,60
DA:103,78
DA:104,78
DA:105,78
DA:106,78
DA:107,78
DA:108,78
DA:109,78
DA:110,78
DA:111,78
DA:112,78
DA:113,78
DA:114,78
DA:115,78
DA:118,1
DA:119,73
DA:120,73
DA:122,72
DA:125,73
DA:126,73
DA:127,73
DA:128,73
DA:130,73
DA:131,72
DA:132,73
DA:134,72
DA:136,72
DA:137,72
DA:138,72
DA:139,72
DA:140,72
DA:141,72
DA:143,72
DA:144,72
DA:145,72
DA:146,72
DA:147,72
DA:148,72
DA:149,72
DA:150,72
DA:151,72
DA:152,72
DA:153,73
DA:154,73
DA:155,73
DA:156,73
DA:157,73
DA:158,73
LF:109
LH:109
BRDA:17,0,0,834
BRDA:25,1,0,72
BRDA:27,2,0,52
BRDA:28,3,0,48
BRDA:28,4,0,4
BRDA:28,5,0,3
BRDA:28,6,0,1
BRDA:29,7,0,47
BRDA:29,8,0,1
BRDA:30,9,0,28
BRDA:30,10,0,20
BRDA:31,11,0,18
BRDA:31,12,0,2
BRDA:40,13,0,68
BRDA:41,14,0,2
BRDA:41,15,0,66
BRDA:43,16,0,456
BRDA:43,17,0,276
BRDA:43,18,0,66
BRDA:47,19,0,72
BRDA:48,20,0,6
BRDA:48,21,0,66
BRDA:48,22,0,53
BRDA:48,23,0,6
BRDA:50,24,0,2
BRDA:52,25,0,1
BRDA:54,26,0,3
BRDA:56,27,0,1
BRDA:60,28,0,78
BRDA:83,29,0,7
BRDA:83,30,0,6
BRDA:87,31,0,72
BRDA:87,32,0,14
BRDA:87,33,0,12
BRDA:91,34,0,7
BRDA:91,35,0,6
BRDA:97,36,0,60
BRDA:71,37,0,66
BRDA:73,38,0,62
BRDA:73,39,0,4
BRDA:118,40,0,73
BRDA:120,41,0,1
BRDA:120,42,0,72
BRDA:125,43,0,71
BRDA:125,44,0,1
BRDA:126,45,0,69
BRDA:128,46,0,1
BRDA:128,47,0,71
BRDA:130,48,0,1
BRDA:130,49,0,72
BRDA:132,50,0,71
BRDA:132,51,0,1
BRDA:132,52,0,72
BRDA:153,53,0,68
BRDA:153,54,0,4
BRDA:131,55,0,78
BRDA:134,56,0,78
BRDA:136,57,0,78
BRDA:137,58,0,78
BRDA:141,59,0,78
BRDA:141,60,0,72
BRF:61
BRH:61
end_of_record
TN:
SF:src/engine/tables/2026.ts
FNF:0
FNH:0
DA:13,1
DA:14,1
DA:15,1
DA:17,1
DA:18,1
DA:19,1
DA:20,1
DA:21,1
DA:22,1
DA:23,1
DA:24,1
DA:25,1
DA:27,1
DA:28,1
DA:29,1
DA:30,1
DA:31,1
DA:32,1
DA:34,1
DA:35,1
DA:36,1
DA:37,1
DA:38,1
DA:39,1
DA:40,1
DA:41,1
DA:42,1
DA:44,1
DA:45,1
DA:46,1
DA:47,1
DA:48,1
DA:49,1
DA:50,1
DA:51,1
DA:52,1
DA:54,1
DA:55,1
DA:56,1
DA:57,1
DA:58,1
DA:59,1
DA:61,1
DA:62,1
DA:63,1
DA:64,1
DA:65,1
DA:66,1
DA:67,1
DA:68,1
DA:69,1
DA:70,1
DA:71,1
DA:72,1
DA:73,1
DA:74,1
DA:75,1
DA:76,1
DA:77,1
DA:78,1
DA:79,1
LF:61
LH:61
BRF:0
BRH:0
end_of_record
TN:
SF:src/engine/tables/index.ts
FN:19,getYearData
FNF:1
FNH:1
FNDA:93,getYearData
DA:1,1
DA:6,1
DA:7,1
DA:8,1
DA:11,1
DA:12,1
DA:13,1
DA:16,1
DA:19,1
DA:20,93
DA:21,93
LF:11
LH:11
BRDA:19,0,0,93
BRF:1
BRH:1
end_of_record
TN:
SF:src/i18n/en.ts
FNF:0
FNH:0
DA:5,1
DA:6,1
DA:7,1
DA:8,1
DA:9,1
DA:10,1
DA:11,1
DA:12,1
DA:13,1
DA:14,1
DA:15,1
DA:16,1
DA:17,1
DA:18,1
DA:19,1
DA:20,1
DA:21,1
DA:22,1
DA:23,1
DA:24,1
DA:25,1
DA:26,1
DA:27,1
DA:28,1
DA:29,1
DA:30,1
DA:31,1
DA:32,1
DA:33,1
DA:34,1
DA:35,1
DA:36,1
DA:37,1
DA:38,1
DA:39,1
DA:40,1
DA:41,1
DA:42,1
DA:43,1
DA:44,1
DA:45,1
DA:46,1
DA:47,1
DA:48,1
DA:49,1
DA:50,1
DA:51,1
DA:52,1
DA:53,1
DA:54,1
DA:55,1
DA:56,1
DA:57,1
DA:58,1
DA:59,1
DA:60,1
DA:61,1
DA:62,1
DA:63,1
DA:64,1
DA:65,1
DA:66,1
DA:67,1
DA:68,1
DA:69,1
DA:70,1
DA:71,1
DA:72,1
DA:73,1
DA:74,1
DA:75,1
DA:76,1
DA:77,1
DA:78,1
DA:79,1
DA:80,1
DA:81,1
DA:82,1
DA:83,1
DA:84,1
DA:85,1
DA:86,1
DA:87,1
DA:88,1
DA:89,1
DA:90,1
DA:91,1
DA:92,1
DA:93,1
DA:94,1
DA:95,1
DA:96,1
DA:97,1
DA:98,1
DA:99,1
DA:100,1
DA:101,1
DA:102,1
DA:103,1
DA:104,1
DA:105,1
DA:106,1
DA:107,1
DA:108,1
DA:109,1
DA:110,1
DA:111,1
DA:112,1
LF:108
LH:108
BRF:0
BRH:0
end_of_record
TN:
SF:src/i18n/index.tsx
FN:21,initialLang
FN:33,fmt
FN:46,I18nProvider
FN:64,useI18n
FNF:4
FNH:4
FNDA:30,initialLang
FNDA:80,fmt
FNDA:35,I18nProvider
FNDA:210,useI18n
DA:1,1
DA:17,1
DA:19,1
DA:21,30
DA:22,30
DA:23,30
DA:24,30
DA:25,30
DA:26,30
DA:27,0
DA:28,0
DA:29,30
DA:30,30
DA:33,1
DA:34,80
DA:35,80
DA:43,1
DA:46,1
DA:47,35
DA:50,35
DA:51,35
DA:52,35
DA:54,35
DA:55,5
DA:56,5
DA:57,35
DA:59,35
DA:60,35
DA:61,35
DA:64,1
DA:65,210
DA:66,210
DA:67,210
DA:68,210
LF:34
LH:32
BRDA:21,0,0,30
BRDA:24,1,0,0
BRDA:26,2,0,0
BRDA:33,3,0,80
BRDA:34,4,0,80
BRDA:34,5,0,1
BRDA:46,6,0,35
BRDA:50,7,0,35
BRDA:54,8,0,5
BRDA:59,9,0,35
BRDA:64,10,0,210
BRDA:66,11,0,0
BRF:12
BRH:9
end_of_record
TN:
SF:src/i18n/pt.ts
FNF:0
FNH:0
DA:4,1
DA:5,1
DA:6,1
DA:7,1
DA:8,1
DA:9,1
DA:10,1
DA:11,1
DA:12,1
DA:13,1
DA:14,1
DA:15,1
DA:16,1
DA:17,1
DA:18,1
DA:19,1
DA:20,1
DA:21,1
DA:22,1
DA:23,1
DA:24,1
DA:25,1
DA:26,1
DA:27,1
DA:28,1
DA:29,1
DA:30,1
DA:31,1
DA:32,1
DA:33,1
DA:34,1
DA:35,1
DA:36,1
DA:37,1
DA:38,1
DA:39,1
DA:40,1
DA:41,1
DA:42,1
DA:43,1
DA:44,1
DA:45,1
DA:46,1
DA:47,1
DA:48,1
DA:49,1
DA:50,1
DA:51,1
DA:52,1
DA:53,1
DA:54,1
DA:55,1
DA:56,1
DA:57,1
DA:58,1
DA:59,1
DA:60,1
DA:61,1
DA:62,1
DA:63,1
DA:64,1
DA:65,1
DA:66,1
DA:67,1
DA:68,1
DA:69,1
DA:70,1
DA:71,1
DA:72,1
DA:73,1
DA:74,1
DA:75,1
DA:76,1
DA:77,1
DA:78,1
DA:79,1
DA:80,1
DA:81,1
DA:82,1
DA:83,1
DA:84,1
DA:85,1
DA:86,1
DA:87,1
DA:88,1
DA:89,1
DA:90,1
DA:91,1
DA:92,1
DA:93,1
DA:94,1
DA:95,1
DA:96,1
DA:97,1
DA:98,1
DA:99,1
DA:100,1
DA:101,1
DA:102,1
DA:103,1
DA:104,1
DA:105,1
DA:106,1
DA:107,1
DA:108,1
DA:109,1
DA:110,1
DA:111,1
LF:108
LH:108
BRF:0
BRH:0
end_of_record
TN:
SF:src/pages/CalculatorPage.tsx
FN:20,equalShares
FN:31,CalculatorPage
FN:79,touch
FN:82,update
FN:86,updateBuyer
FN:93,addBuyer
FN:97,removeBuyer
FN:101,reset
FN:110,onSubmit
FN:119,onChange
FN:130,onChange
FN:143,onChange
FN:149,onChange
FN:162,onChange
FN:170,onChange
FN:180,onChange
FN:185,onChange
FN:207,onChange
FN:223,onChange
FN:224,onRemove
FNF:20
FNH:14
FNDA:3,equalShares
FNDA:48,CalculatorPage
FNDA:18,touch
FNDA:6,update
FNDA:9,updateBuyer
FNDA:2,addBuyer
FNDA:1,removeBuyer
FNDA:2,reset
FNDA:0,onSubmit
FNDA:0,onChange
FNDA:0,onChange
FNDA:3,onChange
FNDA:0,onChange
FNDA:1,onChange
FNDA:1,onChange
FNDA:0,onChange
FNDA:1,onChange
FNDA:0,onChange
FNDA:9,onChange
FNDA:1,onRemove
DA:1,1
DA:20,3
DA:21,3
DA:22,3
DA:23,3
DA:24,3
DA:25,5
DA:26,5
DA:27,3
DA:28,3
DA:31,1
DA:32,48
DA:33,48
DA:34,48
DA:36,48
DA:37,45
DA:38,48
DA:40,48
DA:44,48
DA:45,45
DA:46,17
DA:47,2
DA:48,2
DA:49,2
DA:50,2
DA:51,2
DA:52,2
DA:53,2
DA:54,2
DA:55,2
DA:56,2
DA:57,2
DA:58,2
DA:60,2
DA:61,2
DA:62,2
DA:64,2
DA:65,2
DA:66,2
DA:67,2
DA:68,2
DA:69,2
DA:71,2
DA:72,2
DA:73,2
DA:74,2
DA:75,17
DA:76,17
DA:77,48
DA:79,48
DA:80,18
DA:81,18
DA:82,48
DA:83,6
DA:84,6
DA:85,6
DA:86,48
DA:87,9
DA:88,9
DA:89,9
DA:90,9
DA:91,9
DA:92,9
DA:93,48
DA:94,2
DA:95,2
DA:96,2
DA:97,48
DA:98,1
DA:99,1
DA:100,1
DA:101,48
DA:102,2
DA:103,2
DA:104,2
DA:106,48
DA:108,48
DA:109,48
DA:110,48
DA:111,48
DA:113,48
DA:114,48
DA:115,0
DA:116,0
DA:117,0
DA:118,0
DA:119,0
DA:120,0
DA:121,0
DA:122,0
DA:127,48
DA:128,48
DA:129,48
DA:130,48
DA:131,48
DA:132,48
DA:133,48
DA:134,48
DA:135,48
DA:136,48
DA:138,48
DA:139,48
DA:140,48
DA:141,48
DA:142,48
DA:143,48
DA:144,48
DA:146,48
DA:147,48
DA:148,48
DA:149,48
DA:150,48
DA:151,48
DA:152,48
DA:153,48
DA:154,48
DA:156,48
DA:157,48
DA:158,48
DA:159,48
DA:160,48
DA:161,48
DA:162,48
DA:163,48
DA:164,48
DA:166,48
DA:167,48
DA:168,48
DA:169,48
DA:170,48
DA:171,1
DA:173,48
DA:174,48
DA:175,2
DA:176,2
DA:177,2
DA:178,2
DA:179,2
DA:180,2
DA:181,2
DA:182,2
DA:183,2
DA:184,2
DA:185,2
DA:186,1
DA:189,1
DA:190,1
DA:191,1
DA:192,1
DA:193,1
DA:194,1
DA:196,2
DA:197,2
DA:198,2
DA:199,2
DA:200,2
DA:201,2
DA:202,2
DA:203,1
DA:204,1
DA:205,1
DA:206,1
DA:207,1
DA:208,1
DA:210,2
DA:212,48
DA:214,48
DA:215,48
DA:216,48
DA:217,50
DA:218,50
DA:219,50
DA:220,50
DA:221,50
DA:222,50
DA:223,50
DA:224,50
DA:225,50
DA:226,48
DA:227,48
DA:228,48
DA:229,48
DA:230,48
DA:231,48
DA:233,48
DA:234,48
DA:235,48
DA:236,48
DA:238,48
LF:189
LH:181
BRDA:20,0,0,3
BRDA:22,1,0,0
BRDA:24,2,0,5
BRDA:26,3,0,3
BRDA:26,4,0,2
BRDA:31,5,0,48
BRDA:114,6,0,0
BRDA:174,7,0,2
BRDA:174,8,0,2
BRDA:202,9,0,1
BRDA:206,10,0,0
BRDA:33,11,0,25
BRDA:33,12,0,22
BRDA:36,13,0,45
BRDA:40,14,0,45
BRDA:44,15,0,45
BRDA:45,16,0,19
BRDA:45,17,0,28
BRDA:45,18,0,17
BRDA:46,19,0,2
BRDA:58,20,0,1
BRDA:71,21,0,1
BRDA:71,22,0,1
BRDA:72,23,0,0
BRDA:53,24,0,2
BRDA:54,25,0,2
BRDA:55,26,0,2
BRDA:56,27,0,2
BRDA:76,28,0,17
BRDA:79,29,0,18
BRDA:82,30,0,6
BRDA:84,31,0,6
BRDA:86,32,0,9
BRDA:88,33,0,9
BRDA:90,34,0,9
BRDA:90,35,0,0
BRDA:93,36,0,2
BRDA:95,37,0,2
BRDA:97,38,0,1
BRDA:99,39,0,1
BRDA:99,40,0,2
BRDA:101,41,0,2
BRDA:143,42,0,3
BRDA:143,43,0,0
BRDA:162,44,0,1
BRDA:170,45,0,1
BRDA:171,46,0,0
BRDA:185,47,0,1
BRDA:192,48,0,0
BRDA:216,49,0,50
BRDA:223,50,0,9
BRDA:224,51,0,1
BRF:52
BRH:44
end_of_record
TN:
SF:src/pages/GlossaryPage.tsx
FN:5,GlossaryPage
FNF:1
FNH:1
FNDA:6,GlossaryPage
DA:1,1
DA:5,1
DA:6,6
DA:7,6
DA:8,6
DA:9,6
DA:10,6
DA:12,6
DA:13,6
DA:14,78
DA:15,78
DA:16,78
DA:17,52
DA:18,52
DA:19,52
DA:20,52
DA:22,26
DA:24,78
DA:25,78
DA:26,78
DA:27,6
DA:28,6
DA:29,6
DA:31,6
LF:24
LH:24
BRDA:5,0,0,6
BRDA:13,1,0,78
BRDA:16,2,0,52
BRDA:20,3,0,26
BRDA:25,4,0,52
BRDA:25,5,0,26
BRF:6
BRH:6
end_of_record
TN:
SF:src/pages/HowItWorksPage.tsx
FN:5,HowItWorksPage
FNF:1
FNH:1
FNDA:2,HowItWorksPage
DA:1,1
DA:5,1
DA:6,2
DA:7,2
DA:8,2
DA:9,2
DA:10,2
DA:12,2
DA:13,14
DA:14,14
DA:15,14
DA:16,14
DA:17,14
DA:18,14
DA:19,28
DA:20,24
DA:22,4
DA:23,4
DA:24,12
DA:25,4
DA:26,4
DA:28,14
DA:29,14
DA:30,14
DA:32,2
DA:33,2
DA:35,2
LF:27
LH:27
BRDA:5,0,0,2
BRDA:12,1,0,14
BRDA:13,2,0,7
BRDA:13,3,0,7
BRDA:18,4,0,28
BRDA:19,5,0,24
BRDA:20,6,0,4
BRDA:23,7,0,12
BRF:8
BRH:8
end_of_record
TN:
SF:src/state/defaults.ts
FN:5,defaultBuyer
FN:17,defaultInput
FNF:2
FNH:2
FNDA:57,defaultBuyer
FNDA:44,defaultInput
DA:1,1
DA:5,1
DA:6,57
DA:7,57
DA:8,57
DA:9,57
DA:10,57
DA:11,57
DA:12,57
DA:13,57
DA:14,57
DA:17,1
DA:18,44
DA:19,44
DA:20,44
DA:21,44
DA:22,44
DA:23,44
DA:24,44
DA:25,44
LF:20
LH:20
BRDA:5,0,0,57
BRDA:17,1,0,44
BRF:2
BRH:2
end_of_record
TN:
SF:src/state/url.ts
FN:25,invert
FN:35,encodeBuyer
FN:40,encodeState
FN:55,num
FN:61,decodeBuyer
FN:80,decodeState
FN:123,toBase64Url
FN:125,fromBase64Url
FN:132,isDefaultBuyer
FN:143,encodeBuyerCompact
FN:155,parseBuyerCompact
FN:184,encodeCompact
FN:202,decodeCompact
FN:265,encodeToken
FN:270,decodeToken
FN:283,currentHashQuery
FN:290,readStateFromUrl
FN:300,isReload
FN:316,arrivalKind
FN:327,writeStateToUrl
FNF:20
FNH:20
FNDA:24,invert
FNDA:7,encodeBuyer
FNDA:6,encodeState
FNDA:38,num
FNDA:7,decodeBuyer
FNDA:11,decodeState
FNDA:108,toBase64Url
FNDA:15,fromBase64Url
FNDA:102,isDefaultBuyer
FNDA:38,encodeBuyerCompact
FNDA:8,parseBuyerCompact
FNDA:110,encodeCompact
FNDA:11,decodeCompact
FNDA:108,encodeToken
FNDA:15,decodeToken
FNDA:30,currentHashQuery
FNDA:30,readStateFromUrl
FNDA:3,isReload
FNDA:16,arrivalKind
FNDA:46,writeStateToUrl
DA:1,1
DA:18,1
DA:19,1
DA:20,1
DA:21,1
DA:22,1
DA:23,1
DA:25,1
DA:26,24
DA:28,1
DA:29,1
DA:30,1
DA:31,1
DA:32,1
DA:33,1
DA:35,7
DA:36,7
DA:37,7
DA:40,1
DA:41,6
DA:42,6
DA:43,6
DA:44,6
DA:45,6
DA:46,6
DA:47,6
DA:48,2
DA:49,2
DA:50,2
DA:51,6
DA:52,6
DA:53,6
DA:55,38
DA:56,38
DA:57,30
DA:58,38
DA:59,38
DA:61,7
DA:62,7
DA:63,7
DA:64,7
DA:65,7
DA:66,7
DA:67,7
DA:68,7
DA:69,6
DA:70,6
DA:71,6
DA:72,6
DA:73,6
DA:74,6
DA:75,6
DA:76,6
DA:77,6
DA:80,1
DA:81,11
DA:82,11
DA:83,11
DA:84,11
DA:85,11
DA:87,11
DA:88,5
DA:89,5
DA:91,6
DA:92,11
DA:93,6
DA:94,11
DA:95,7
DA:96,7
DA:97,6
DA:98,6
DA:99,11
DA:101,5
DA:103,5
DA:104,11
DA:106,5
DA:107,11
DA:108,2
DA:109,2
DA:110,2
DA:111,2
DA:112,2
DA:113,2
DA:114,2
DA:115,2
DA:116,2
DA:117,5
DA:118,5
DA:123,1
DA:124,108
DA:125,1
DA:132,102
DA:133,102
DA:134,102
DA:135,102
DA:136,94
DA:137,94
DA:138,81
DA:139,81
DA:141,102
DA:143,38
DA:144,38
DA:145,38
DA:146,38
DA:147,38
DA:148,25
DA:149,25
DA:150,25
DA:151,38
DA:152,38
DA:153,38
DA:155,8
DA:156,8
DA:157,8
DA:160,8
DA:161,8
DA:162,8
DA:163,8
DA:164,8
DA:165,4
DA:166,4
DA:167,2
DA:168,2
DA:169,1
DA:170,1
DA:171,1
DA:172,0
DA:173,8
DA:174,8
DA:175,8
DA:176,8
DA:177,8
DA:178,8
DA:179,8
DA:180,8
DA:181,8
DA:184,1
DA:185,110
DA:186,110
DA:187,110
DA:188,110
DA:189,110
DA:190,110
DA:191,5
DA:192,5
DA:193,5
DA:195,110
DA:196,29
DA:197,29
DA:198,110
DA:199,110
DA:202,1
DA:203,11
DA:204,11
DA:205,11
DA:206,11
DA:207,11
DA:208,11
DA:209,11
DA:210,11
DA:211,21
DA:212,21
DA:213,21
DA:214,21
DA:215,21
DA:216,11
DA:217,11
DA:218,21
DA:219,0
DA:220,0
DA:221,21
DA:222,2
DA:223,2
DA:224,1
DA:225,1
DA:226,1
DA:227,21
DA:228,1
DA:229,1
DA:230,21
DA:231,1
DA:232,1
DA:233,1
DA:234,1
DA:235,21
DA:236,1
DA:237,1
DA:238,1
DA:239,1
DA:240,1
DA:241,1
DA:242,1
DA:243,1
DA:244,1
DA:245,1
DA:246,21
DA:247,5
DA:248,5
DA:249,8
DA:250,8
DA:251,8
DA:252,8
DA:253,5
DA:254,5
DA:255,5
DA:256,5
DA:257,21
DA:258,21
DA:259,11
DA:260,11
DA:261,10
DA:262,10
DA:265,1
DA:266,108
DA:267,108
DA:270,1
DA:271,15
DA:272,15
DA:273,15
DA:274,15
DA:275,3
DA:276,3
DA:278,15
DA:279,11
DA:280,11
DA:283,30
DA:284,30
DA:285,30
DA:286,30
DA:287,30
DA:290,1
DA:291,30
DA:292,30
DA:293,30
DA:294,8
DA:295,9
DA:296,1
DA:297,1
DA:300,3
DA:301,3
DA:302,3
DA:303,3
DA:304,3
DA:316,1
DA:317,16
DA:318,16
DA:319,16
DA:320,16
DA:321,16
DA:327,1
DA:328,46
DA:329,46
DA:330,46
DA:331,46
DA:332,46
DA:333,46
LF:256
LH:253
BRDA:25,0,0,24
BRDA:26,1,0,64
BRDA:35,2,0,7
BRDA:36,3,0,1
BRDA:36,4,0,6
BRDA:36,5,0,0
BRDA:40,6,0,6
BRDA:46,7,0,1
BRDA:47,8,0,2
BRDA:49,9,0,1
BRDA:55,10,0,38
BRDA:56,11,0,31
BRDA:56,12,0,8
BRDA:56,13,0,30
BRDA:58,14,0,0
BRDA:61,15,0,7
BRDA:63,16,0,0
BRDA:68,17,0,6
BRDA:68,18,0,6
BRDA:68,19,0,6
BRDA:68,20,0,1
BRDA:68,21,0,6
BRDA:80,22,0,11
BRDA:83,23,0,2
BRDA:84,24,0,2
BRDA:87,25,0,10
BRDA:87,26,0,9
BRDA:87,27,0,7
BRDA:87,28,0,7
BRDA:87,29,0,7
BRDA:87,30,0,5
BRDA:89,31,0,6
BRDA:92,32,0,0
BRDA:92,33,0,6
BRDA:94,34,0,7
BRDA:96,35,0,1
BRDA:96,36,0,6
BRDA:98,37,0,5
BRDA:99,38,0,0
BRDA:99,39,0,5
BRDA:104,40,0,1
BRDA:104,41,0,1
BRDA:104,42,0,5
BRDA:107,43,0,2
BRDA:114,44,0,1
BRDA:116,45,0,5
BRDA:123,46,0,108
BRDA:125,47,0,15
BRDA:132,48,0,102
BRDA:135,49,0,94
BRDA:136,50,0,94
BRDA:137,51,0,81
BRDA:138,52,0,81
BRDA:143,53,0,38
BRDA:145,54,0,10
BRDA:146,55,0,8
BRDA:147,56,0,25
BRDA:149,57,0,18
BRDA:151,58,0,1
BRDA:155,59,0,8
BRDA:157,60,0,0
BRDA:161,61,0,0
BRDA:164,62,0,4
BRDA:165,63,0,4
BRDA:166,64,0,2
BRDA:167,65,0,2
BRDA:168,66,0,1
BRDA:169,67,0,1
BRDA:171,68,0,0
BRDA:175,69,0,1
BRDA:175,70,0,7
BRDA:177,71,0,4
BRDA:177,72,0,4
BRDA:184,73,0,110
BRDA:186,74,0,0
BRDA:187,75,0,1
BRDA:188,76,0,3
BRDA:189,77,0,3
BRDA:190,78,0,5
BRDA:192,79,0,2
BRDA:192,80,0,3
BRDA:195,81,0,102
BRDA:195,82,0,29
BRDA:202,83,0,11
BRDA:210,84,0,21
BRDA:211,85,0,0
BRDA:215,86,0,11
BRDA:218,87,0,0
BRDA:221,88,0,2
BRDA:223,89,0,1
BRDA:227,90,0,1
BRDA:228,91,0,0
BRDA:230,92,0,1
BRDA:235,93,0,1
BRDA:242,94,0,0
BRDA:242,95,0,0
BRDA:246,96,0,5
BRDA:248,97,0,8
BRDA:250,98,0,0
BRDA:253,99,0,0
BRDA:258,100,0,10
BRDA:259,101,0,0
BRDA:259,102,0,10
BRDA:260,103,0,0
BRDA:260,104,0,10
BRDA:265,105,0,108
BRDA:270,106,0,15
BRDA:274,107,0,3
BRDA:276,108,0,12
BRDA:278,109,0,1
BRDA:278,110,0,11
BRDA:283,111,0,30
BRDA:286,112,0,22
BRDA:286,113,0,8
BRDA:290,114,0,30
BRDA:291,115,0,0
BRDA:293,116,0,22
BRDA:293,117,0,20
BRDA:293,118,0,9
BRDA:293,119,0,8
BRDA:295,120,0,7
BRDA:295,121,0,1
BRDA:300,122,0,3
BRDA:301,123,0,0
BRDA:303,124,0,1
BRDA:316,125,0,16
BRDA:317,126,0,0
BRDA:318,127,0,13
BRDA:318,128,0,3
BRDA:319,129,0,1
BRDA:319,130,0,2
BRDA:320,131,0,1
BRDA:320,132,0,1
BRDA:327,133,0,46
BRDA:328,134,0,0
BRDA:329,135,0,1
BRDA:330,136,0,0
BRF:137
BRH:114
end_of_record
TN:
SF:src/theme/theme.tsx
FN:10,initialTheme
FN:30,ThemeProvider
FN:55,useTheme
FNF:3
FNH:3
FNDA:19,initialTheme
FNDA:23,ThemeProvider
FNDA:28,useTheme
DA:1,1
DA:8,1
DA:10,19
DA:11,19
DA:12,19
DA:13,19
DA:14,19
DA:15,19
DA:16,1
DA:17,1
DA:18,17
DA:19,17
DA:27,1
DA:30,1
DA:31,23
DA:33,23
DA:34,23
DA:35,23
DA:37,23
DA:38,1
DA:39,1
DA:40,23
DA:42,23
DA:43,3
DA:44,3
DA:45,3
DA:46,3
DA:47,3
DA:48,23
DA:50,23
DA:51,23
DA:52,23
DA:55,1
DA:56,28
DA:57,28
DA:58,28
DA:59,28
LF:37
LH:37
BRDA:10,0,0,19
BRDA:13,1,0,1
BRDA:14,2,0,18
BRDA:15,3,0,2
BRDA:15,4,0,17
BRDA:15,5,0,1
BRDA:30,6,0,23
BRDA:33,7,0,23
BRDA:37,8,0,1
BRDA:42,9,0,3
BRDA:43,10,0,3
BRDA:44,11,0,0
BRDA:50,12,0,23
BRDA:55,13,0,28
BRDA:57,14,0,0
BRF:15
BRH:13
end_of_record
