TN:
SF:src/RootLayout.tsx
FN:17,RootLayout
FNF:1
FNH:1
FNDA:60,RootLayout
DA:1,1
DA:3,1
DA:4,1
DA:5,1
DA:6,1
DA:7,1
DA:17,1
DA:18,60
DA:19,60
DA:20,60
DA:21,60
DA:22,60
DA:23,60
DA:24,60
DA:25,60
DA:26,60
DA:27,60
DA:29,60
LF:18
LH:18
BRDA:17,0,0,60
BRF:1
BRH:1
end_of_record
TN:
SF:src/analytics.ts
FN:13,track
FN:18,priceBand
FN:28,rateBand
FN:44,vptRatioBand
FN:61,vptRatioPct
FNF:5
FNH:5
FNDA:96,track
FNDA:9,priceBand
FNDA:11,rateBand
FNDA:18,vptRatioBand
FNDA:9,vptRatioPct
DA:13,1
DA:14,96
DA:15,96
DA:18,1
DA:19,9
DA:20,9
DA:21,9
DA:22,9
DA:23,7
DA:24,1
DA:25,1
DA:28,1
DA:29,11
DA:30,11
DA:31,11
DA:32,11
DA:33,9
DA:34,2
DA:35,2
DA:44,1
DA:45,18
DA:46,14
DA:47,18
DA:48,18
DA:49,18
DA:50,18
DA:51,17
DA:52,16
DA:53,2
DA:54,2
DA:61,1
DA:62,9
DA:63,5
DA:64,5
LF:34
LH:34
BRDA:13,0,0,96
BRDA:14,1,0,30
BRDA:18,2,0,9
BRDA:19,3,0,2
BRDA:19,4,0,7
BRDA:20,5,0,1
BRDA:20,6,0,6
BRDA:21,7,0,1
BRDA:21,8,0,5
BRDA:22,9,0,3
BRDA:22,10,0,7
BRDA:22,11,0,2
BRDA:23,12,0,1
BRDA:28,13,0,11
BRDA:30,14,0,1
BRDA:30,15,0,10
BRDA:31,16,0,2
BRDA:31,17,0,8
BRDA:32,18,0,4
BRDA:32,19,0,9
BRDA:32,20,0,4
BRDA:33,21,0,2
BRDA:44,22,0,18
BRDA:45,23,0,15
BRDA:45,24,0,15
BRDA:45,25,0,17
BRDA:45,26,0,4
BRDA:45,27,0,14
BRDA:47,28,0,1
BRDA:47,29,0,13
BRDA:48,30,0,2
BRDA:48,31,0,11
BRDA:49,32,0,2
BRDA:49,33,0,9
BRDA:50,34,0,2
BRDA:50,35,0,17
BRDA:50,36,0,7
BRDA:51,37,0,3
BRDA:51,38,0,16
BRDA:51,39,0,4
BRDA:52,40,0,2
BRDA:61,41,0,9
BRDA:62,42,0,6
BRDA:62,43,0,6
BRDA:62,44,0,8
BRDA:62,45,0,4
BRDA:62,46,0,5
BRF:47
BRH:47
end_of_record
TN:
SF:src/config.ts
FNF:0
FNH:0
DA:4,1
DA:12,1
DA:13,1
DA:14,1
DA:15,1
LF:5
LH:5
BRF:0
BRH:0
end_of_record
TN:
SF:src/format.ts
FN:5,locale
FN:11,nbsp
FN:14,formatEuro
FN:25,formatAmount
FN:30,formatPercent
FNF:5
FNH:5
FNDA:1088,locale
FNDA:1088,nbsp
FNDA:791,formatEuro
FNDA:55,formatAmount
FNDA:242,formatPercent
DA:5,1
DA:11,1
DA:14,1
DA:15,791
DA:16,791
DA:17,791
DA:18,791
DA:19,791
DA:20,791
DA:21,791
DA:22,791
DA:25,1
DA:26,55
DA:27,55
DA:30,1
DA:31,242
DA:32,242
DA:33,242
DA:34,242
DA:35,242
DA:36,242
DA:37,242
DA:38,242
LF:23
LH:23
BRDA:5,0,0,1088
BRDA:5,1,0,70
BRDA:5,2,0,1018
BRDA:11,3,0,1088
BRDA:14,4,0,791
BRDA:25,5,0,55
BRDA:30,6,0,242
BRF:7
BRH:7
end_of_record
TN:
SF:src/routes.tsx
FN:15,pages
FN:24,guideRoutes
FNF:2
FNH:2
FNDA:6,pages
FNDA:6,guideRoutes
DA:3,1
DA:4,1
DA:5,1
DA:6,1
DA:7,1
DA:8,1
DA:9,1
DA:10,1
DA:11,1
DA:15,1
DA:16,6
DA:17,6
DA:18,6
DA:19,6
DA:24,1
DA:25,6
DA:26,6
DA:27,6
DA:28,6
DA:29,6
DA:30,6
DA:37,1
DA:38,1
DA:39,1
DA:40,1
DA:41,1
DA:42,1
DA:43,1
DA:44,1
DA:45,1
DA:46,1
DA:47,1
DA:48,1
DA:49,1
DA:50,1
DA:51,1
DA:52,1
DA:53,1
DA:54,1
DA:55,1
LF:40
LH:40
BRDA:15,0,0,6
BRDA:24,1,0,6
BRF:2
BRH:2
end_of_record
TN:
SF:src/components/Analytics.tsx
FN:22,Analytics
FNF:1
FNH:1
FNDA:69,Analytics
DA:1,1
DA:2,1
DA:3,1
DA:4,1
DA:5,1
DA:6,1
DA:7,1
DA:8,1
DA:9,1
DA:10,1
DA:22,1
DA:23,69
DA:24,69
DA:25,69
DA:35,69
DA:36,69
DA:37,69
DA:38,10
DA:39,2
DA:40,59
DA:47,69
DA:48,66
DA:49,66
DA:50,66
DA:51,66
DA:52,66
DA:53,66
DA:54,66
DA:55,66
DA:56,66
DA:57,69
DA:62,69
DA:63,69
DA:64,69
DA:65,63
DA:66,63
DA:67,69
DA:72,69
DA:73,69
DA:74,50
DA:75,47
DA:76,69
DA:78,69
DA:79,66
DA:80,66
DA:81,66
DA:82,66
DA:83,66
DA:84,66
DA:85,66
DA:86,69
DA:87,69
DA:88,69
LF:53
LH:53
BRDA:22,0,0,69
BRDA:37,1,0,10
BRDA:38,2,0,9
BRDA:38,3,0,8
BRDA:38,4,0,2
BRDA:38,5,0,2
BRDA:39,6,0,59
BRDA:40,7,0,56
BRDA:40,8,0,3
BRDA:47,9,0,66
BRDA:49,10,0,51
BRDA:49,11,0,15
BRDA:50,12,0,0
BRDA:51,13,0,0
BRDA:52,14,0,0
BRDA:53,15,0,0
BRDA:55,16,0,0
BRDA:56,17,0,0
BRDA:64,18,0,63
BRDA:73,19,0,50
BRDA:74,20,0,3
BRDA:74,21,0,47
BRDA:75,22,0,1
BRDA:78,23,0,66
BRF:24
BRH:18
end_of_record
TN:
SF:src/components/Breadcrumb.tsx
FN:11,Breadcrumb
FNF:1
FNH:1
FNDA:27,Breadcrumb
DA:1,1
DA:2,1
DA:11,1
DA:12,27
DA:13,27
DA:14,27
DA:15,62
DA:16,62
DA:17,62
DA:18,62
DA:19,27
DA:20,27
DA:22,27
LF:13
LH:13
BRDA:11,0,0,27
BRDA:14,1,0,62
BRDA:16,2,0,35
BRDA:17,3,0,35
BRDA:17,4,0,27
BRF:5
BRH:5
end_of_record
TN:
SF:src/components/BuyerCard.tsx
FN:6,BuyerCard
FN:38,onChange
FN:59,onChange
FN:78,onChange
FN:97,onChange
FN:104,onChange
FN:119,onChange
FN:124,onChange
FNF:8
FNH:7
FNDA:88,BuyerCard
FNDA:5,onChange
FNDA:1,onChange
FNDA:4,onChange
FNDA:1,onChange
FNDA:2,onChange
FNDA:1,onChange
FNDA:0,onChange
DA:1,1
DA:3,1
DA:6,1
DA:7,88
DA:8,88
DA:9,88
DA:10,88
DA:11,88
DA:12,88
DA:13,88
DA:20,88
DA:21,88
DA:22,88
DA:24,88
DA:25,88
DA:26,88
DA:27,88
DA:28,88
DA:29,88
DA:30,88
DA:31,88
DA:32,88
DA:33,88
DA:34,88
DA:35,88
DA:36,88
DA:37,88
DA:38,88
DA:39,88
DA:40,88
DA:41,88
DA:42,16
DA:43,16
DA:44,16
DA:45,16
DA:46,16
DA:48,16
DA:49,16
DA:51,88
DA:53,88
DA:55,88
DA:56,88
DA:57,88
DA:58,88
DA:59,88
DA:60,1
DA:61,1
DA:63,1
DA:64,1
DA:65,1
DA:67,88
DA:68,88
DA:69,88
DA:70,88
DA:71,88
DA:73,88
DA:74,88
DA:75,88
DA:78,88
DA:79,4
DA:81,88
DA:82,88
DA:83,88
DA:84,88
DA:85,88
DA:86,88
DA:90,88
DA:91,88
DA:92,88
DA:93,88
DA:94,88
DA:95,88
DA:96,88
DA:97,88
DA:98,88
DA:100,88
DA:101,9
DA:102,9
DA:103,9
DA:104,9
DA:105,9
DA:106,9
DA:107,9
DA:108,9
DA:109,9
DA:110,9
DA:111,9
DA:113,88
DA:115,88
DA:116,4
DA:117,4
DA:118,4
DA:119,4
DA:120,4
DA:123,88
DA:124,84
DA:126,88
DA:127,88
DA:129,88
LF:99
LH:99
BRDA:6,0,0,88
BRDA:34,1,0,83
BRDA:41,2,0,16
BRDA:100,3,0,9
BRDA:115,4,0,4
BRDA:123,5,0,84
BRDA:38,6,0,5
BRDA:59,7,0,1
BRDA:63,8,0,0
BRDA:64,9,0,0
BRDA:78,10,0,4
BRDA:79,11,0,1
BRDA:79,12,0,3
BRDA:97,13,0,1
BRDA:97,14,0,0
BRDA:104,15,0,2
BRDA:119,16,0,1
BRF:17
BRH:14
end_of_record
TN:
SF:src/components/Faq.tsx
FN:20,Faq
FNF:1
FNH:1
FNDA:88,Faq
DA:1,1
DA:2,1
DA:20,1
DA:21,88
DA:22,88
DA:23,88
DA:24,88
DA:28,88
DA:29,88
DA:30,88
DA:31,88
DA:32,88
DA:33,88
DA:34,88
DA:35,88
DA:36,88
DA:37,344
DA:38,344
DA:39,344
DA:40,344
DA:41,88
DA:42,88
DA:43,88
DA:45,88
LF:24
LH:24
BRDA:20,0,0,88
BRDA:30,1,0,80
BRDA:30,2,0,8
BRDA:31,3,0,80
BRDA:31,4,0,8
BRDA:36,5,0,344
BRF:6
BRH:6
end_of_record
TN:
SF:src/components/HomeExplainer.tsx
FN:9,Block
FN:35,HomeExplainer
FNF:2
FNH:2
FNDA:960,Block
FNDA:80,HomeExplainer
DA:1,1
DA:2,1
DA:3,1
DA:4,1
DA:5,1
DA:6,1
DA:9,960
DA:10,960
DA:11,960
DA:12,320
DA:13,320
DA:14,80
DA:15,80
DA:16,240
DA:17,80
DA:18,80
DA:20,240
DA:21,240
DA:22,240
DA:23,240
DA:25,240
DA:35,1
DA:36,80
DA:37,80
DA:38,80
DA:39,80
DA:40,80
DA:41,80
DA:42,80
DA:43,320
DA:44,320
DA:45,320
DA:46,320
DA:47,320
DA:48,320
DA:49,960
DA:50,320
DA:51,320
DA:52,320
DA:54,80
DA:55,80
DA:56,80
DA:57,80
DA:58,80
DA:59,80
DA:60,80
DA:62,80
LF:47
LH:47
BRDA:9,0,0,960
BRDA:11,1,0,640
BRDA:11,2,0,320
BRDA:13,3,0,80
BRDA:18,4,0,240
BRDA:15,5,0,240
BRDA:35,6,0,80
BRDA:42,7,0,320
BRDA:43,8,0,292
BRDA:43,9,0,28
BRDA:48,10,0,960
BRDA:57,11,0,320
BRDA:57,12,0,292
BRDA:57,13,0,28
BRF:14
BRH:14
end_of_record
TN:
SF:src/components/LangSuggestion.tsx
FN:25,LangSuggestion
FN:55,onClick
FN:75,onClick
FNF:3
FNH:3
FNDA:94,LangSuggestion
FNDA:2,onClick
FNDA:1,onClick
DA:1,1
DA:2,1
DA:3,1
DA:4,1
DA:10,1
DA:25,1
DA:26,94
DA:27,94
DA:28,94
DA:32,94
DA:33,66
DA:34,1
DA:35,1
DA:36,1
DA:37,65
DA:38,66
DA:39,94
DA:41,94
DA:45,13
DA:46,13
DA:48,13
DA:49,13
DA:50,13
DA:51,13
DA:52,13
DA:53,13
DA:54,13
DA:55,13
DA:58,2
DA:59,2
DA:62,2
DA:63,2
DA:64,1
DA:65,1
DA:66,1
DA:67,2
DA:69,13
DA:70,13
DA:71,13
DA:72,13
DA:73,13
DA:74,13
DA:75,13
DA:76,1
DA:77,1
DA:78,1
DA:79,1
DA:80,1
DA:83,13
DA:84,13
DA:85,13
DA:87,13
LF:52
LH:52
BRDA:25,0,0,94
BRDA:41,1,0,81
BRDA:41,2,0,13
BRDA:32,3,0,66
BRDA:33,4,0,1
BRDA:36,5,0,65
BRDA:38,6,0,54
BRDA:38,7,0,11
BRDA:55,8,0,2
BRDA:62,9,0,0
BRDA:63,10,0,1
BRDA:75,11,0,1
BRF:12
BRH:11
end_of_record
TN:
SF:src/components/Layout.tsx
FN:11,Layout
FN:17,path
FN:25,navClass
FN:49,onClick
FN:90,onClick
FN:117,onClick
FN:144,onClick
FN:158,HouseMark
FN:178,MenuIcon
FN:186,CloseIcon
FN:194,SunIcon
FN:203,MoonIcon
FNF:12
FNH:10
FNDA:88,Layout
FNDA:352,path
FNDA:276,navClass
FNDA:0,onClick
FNDA:9,onClick
FNDA:3,onClick
FNDA:1,onClick
FNDA:69,HouseMark
FNDA:69,MenuIcon
FNDA:0,CloseIcon
FNDA:4,SunIcon
FNDA:65,MoonIcon
DA:1,1
DA:2,1
DA:3,1
DA:5,1
DA:6,1
DA:7,1
DA:8,1
DA:11,1
DA:12,88
DA:13,88
DA:14,88
DA:15,88
DA:17,88
DA:22,88
DA:23,88
DA:25,88
DA:26,276
DA:28,88
DA:29,88
DA:30,88
DA:31,88
DA:32,88
DA:34,88
DA:35,88
DA:36,88
DA:37,88
DA:38,88
DA:39,88
DA:40,88
DA:41,88
DA:43,88
DA:44,88
DA:45,88
DA:46,88
DA:47,88
DA:48,88
DA:49,88
DA:51,88
DA:52,88
DA:54,88
DA:55,88
DA:56,88
DA:57,88
DA:59,88
DA:60,88
DA:61,88
DA:62,88
DA:63,88
DA:64,88
DA:65,88
DA:66,88
DA:67,88
DA:68,88
DA:69,88
DA:70,88
DA:71,88
DA:73,88
DA:80,88
DA:81,88
DA:82,176
DA:83,176
DA:84,176
DA:85,176
DA:86,176
DA:87,176
DA:88,176
DA:89,176
DA:90,176
DA:91,9
DA:92,1
DA:93,1
DA:94,1
DA:97,8
DA:98,8
DA:102,9
DA:103,9
DA:104,1
DA:105,1
DA:106,1
DA:107,9
DA:109,176
DA:110,176
DA:112,88
DA:113,88
DA:114,88
DA:115,88
DA:116,88
DA:117,88
DA:118,3
DA:119,3
DA:120,3
DA:121,88
DA:123,88
DA:124,88
DA:125,88
DA:126,88
DA:128,88
DA:129,88
DA:130,88
DA:132,88
DA:133,88
DA:134,88
DA:135,88
DA:136,88
DA:137,88
DA:138,88
DA:139,88
DA:140,88
DA:141,88
DA:142,88
DA:143,88
DA:144,88
DA:146,88
DA:147,88
DA:148,88
DA:149,88
DA:150,88
DA:151,88
DA:152,88
DA:153,88
DA:155,88
DA:158,69
DA:159,69
DA:160,69
DA:161,69
DA:162,69
DA:163,69
DA:164,69
DA:165,69
DA:166,69
DA:167,69
DA:168,69
DA:169,69
DA:170,69
DA:171,69
DA:173,69
DA:174,69
DA:176,69
DA:178,69
DA:179,69
DA:180,69
DA:181,69
DA:182,69
DA:184,69
DA:186,0
DA:187,0
DA:188,0
DA:189,0
DA:190,0
DA:192,0
DA:194,4
DA:195,4
DA:196,4
DA:197,4
DA:198,4
DA:199,4
DA:201,4
DA:203,65
DA:204,65
DA:205,65
DA:206,65
DA:207,65
DA:209,65
LF:163
LH:157
BRDA:11,0,0,88
BRDA:51,1,0,0
BRDA:55,2,0,0
BRDA:121,3,0,8
BRDA:121,4,0,80
BRDA:123,5,0,8
BRDA:123,6,0,80
BRDA:17,7,0,352
BRDA:23,8,0,66
BRDA:25,9,0,276
BRDA:26,10,0,61
BRDA:26,11,0,215
BRDA:81,12,0,176
BRDA:89,13,0,88
BRDA:89,14,0,88
BRDA:90,15,0,9
BRDA:91,16,0,1
BRDA:94,17,0,8
BRDA:102,18,0,0
BRDA:103,19,0,1
BRDA:117,20,0,3
BRDA:118,21,0,0
BRDA:144,22,0,1
BRDA:158,23,0,69
BRDA:178,24,0,69
BRDA:194,25,0,4
BRDA:203,26,0,65
BRF:27
BRH:23
end_of_record
TN:
SF:src/components/ResultsPanel.tsx
FN:11,ruleLabel
FN:18,ResultsPanel
FN:31,buyerLabel
FN:46,notify
FN:52,copy
FN:62,pctDigits
FN:68,pct
FN:74,imtFormula
FN:84,copyResult
FN:211,onFocus
FN:216,onClick
FN:238,onClick
FN:255,Tile
FNF:13
FNH:12
FNDA:18,ruleLabel
FNDA:90,ResultsPanel
FNDA:36,buyerLabel
FNDA:4,notify
FNDA:5,copy
FNDA:114,pctDigits
FNDA:114,pct
FNDA:96,imtFormula
FNDA:2,copyResult
FNDA:0,onFocus
FNDA:3,onClick
FNDA:1,onClick
FNDA:270,Tile
DA:1,1
DA:2,1
DA:3,1
DA:4,1
DA:6,1
DA:7,1
DA:8,1
DA:9,1
DA:11,18
DA:12,18
DA:13,17
DA:14,16
DA:15,16
DA:18,1
DA:19,90
DA:20,90
DA:21,90
DA:22,90
DA:26,90
DA:27,90
DA:31,90
DA:32,36
DA:34,90
DA:35,90
DA:38,90
DA:43,90
DA:44,90
DA:46,90
DA:47,4
DA:48,4
DA:49,4
DA:50,4
DA:52,90
DA:53,5
DA:54,5
DA:55,4
DA:56,5
DA:58,1
DA:59,5
DA:62,90
DA:63,114
DA:64,114
DA:65,114
DA:66,80
DA:67,114
DA:68,90
DA:74,90
DA:75,96
DA:76,96
DA:77,96
DA:78,84
DA:79,12
DA:80,96
DA:81,96
DA:82,96
DA:84,90
DA:85,2
DA:86,2
DA:87,2
DA:88,2
DA:89,2
DA:90,2
DA:91,2
DA:92,2
DA:93,2
DA:94,2
DA:95,2
DA:97,90
DA:98,90
DA:99,90
DA:100,90
DA:101,90
DA:102,90
DA:103,90
DA:104,90
DA:105,90
DA:106,90
DA:107,90
DA:109,90
DA:110,0
DA:111,0
DA:112,0
DA:115,90
DA:116,90
DA:117,90
DA:118,90
DA:119,90
DA:121,90
DA:122,87
DA:123,87
DA:124,87
DA:125,87
DA:126,96
DA:127,96
DA:128,18
DA:130,96
DA:131,96
DA:132,87
DA:133,87
DA:134,76
DA:141,87
DA:142,87
DA:143,87
DA:144,87
DA:145,87
DA:148,90
DA:149,90
DA:150,90
DA:151,90
DA:152,90
DA:153,90
DA:154,90
DA:155,90
DA:156,90
DA:157,90
DA:158,2
DA:159,2
DA:160,2
DA:161,2
DA:163,90
DA:165,90
DA:166,9
DA:167,9
DA:168,9
DA:169,18
DA:170,18
DA:171,18
DA:172,18
DA:173,18
DA:174,18
DA:175,18
DA:176,18
DA:177,18
DA:178,18
DA:179,18
DA:180,18
DA:181,18
DA:182,18
DA:183,18
DA:184,18
DA:185,18
DA:186,18
DA:187,18
DA:188,18
DA:189,1
DA:190,1
DA:191,1
DA:193,18
DA:194,9
DA:195,9
DA:198,90
DA:200,90
DA:201,90
DA:202,90
DA:203,90
DA:204,90
DA:205,90
DA:206,90
DA:207,90
DA:208,90
DA:209,90
DA:210,90
DA:211,90
DA:212,90
DA:213,90
DA:214,90
DA:215,90
DA:216,90
DA:217,3
DA:218,3
DA:219,3
DA:221,90
DA:222,90
DA:223,90
DA:224,90
DA:226,90
DA:228,90
DA:229,90
DA:230,90
DA:231,90
DA:232,90
DA:233,90
DA:234,90
DA:235,90
DA:236,90
DA:237,90
DA:238,90
DA:239,1
DA:240,1
DA:241,1
DA:243,90
DA:244,90
DA:245,90
DA:246,90
DA:247,3
DA:248,3
DA:249,3
DA:251,90
DA:253,90
DA:255,270
DA:256,270
DA:257,270
DA:258,270
DA:259,270
DA:260,270
DA:262,270
LF:206
LH:203
BRDA:11,0,0,18
BRDA:12,1,0,17
BRDA:12,2,0,1
BRDA:13,3,0,1
BRDA:13,4,0,16
BRDA:18,5,0,90
BRDA:43,6,0,83
BRDA:43,7,0,7
BRDA:104,8,0,0
BRDA:109,9,0,0
BRDA:121,10,0,87
BRDA:133,11,0,76
BRDA:157,12,0,2
BRDA:165,13,0,9
BRDA:198,14,0,4
BRDA:246,15,0,3
BRDA:31,16,0,36
BRDA:32,17,0,10
BRDA:32,18,0,26
BRDA:38,19,0,50
BRDA:38,20,0,50
BRDA:46,21,0,4
BRDA:52,22,0,5
BRDA:54,23,0,4
BRDA:56,24,0,1
BRDA:62,25,0,114
BRDA:64,26,0,26
BRDA:64,27,0,88
BRDA:65,28,0,8
BRDA:65,29,0,80
BRDA:68,30,0,114
BRDA:74,31,0,96
BRDA:77,32,0,84
BRDA:78,33,0,12
BRDA:80,34,0,78
BRDA:80,35,0,18
BRDA:84,36,0,2
BRDA:125,37,0,96
BRDA:127,38,0,18
BRDA:133,39,0,88
BRDA:133,40,0,76
BRDA:168,41,0,18
BRDA:188,42,0,1
BRDA:188,43,0,1
BRDA:216,44,0,3
BRDA:238,45,0,1
BRDA:255,46,0,270
BRDA:257,47,0,90
BRDA:257,48,0,180
BRF:49
BRH:47
end_of_record
TN:
SF:src/components/controls.tsx
FN:8,Field
FN:40,NumberField
FN:71,onChange
FN:93,SelectField
FN:109,onChange
FN:121,Segmented
FN:142,onClick
FN:153,Toggle
FN:170,onChange
FNF:9
FNH:9
FNDA:342,Field
FNDA:251,NumberField
FNDA:8,onChange
FNDA:91,SelectField
FNDA:3,onChange
FNDA:256,Segmented
FNDA:5,onClick
FNDA:168,Toggle
FNDA:2,onChange
DA:2,1
DA:8,1
DA:9,342
DA:10,342
DA:11,342
DA:12,342
DA:13,342
DA:14,342
DA:20,342
DA:21,342
DA:22,342
DA:23,342
DA:24,342
DA:25,342
DA:26,342
DA:27,342
DA:28,342
DA:29,342
DA:31,342
DA:40,1
DA:41,251
DA:42,251
DA:43,251
DA:44,251
DA:45,251
DA:46,251
DA:47,251
DA:48,251
DA:49,251
DA:58,251
DA:59,251
DA:60,251
DA:61,251
DA:62,251
DA:63,251
DA:64,251
DA:65,251
DA:66,251
DA:67,251
DA:68,251
DA:69,251
DA:70,251
DA:71,251
DA:72,8
DA:73,7
DA:74,8
DA:75,7
DA:76,8
DA:77,7
DA:78,8
DA:79,251
DA:80,251
DA:81,251
DA:82,251
DA:84,251
DA:93,1
DA:94,91
DA:95,91
DA:96,91
DA:97,91
DA:98,91
DA:99,91
DA:105,91
DA:106,91
DA:107,91
DA:108,91
DA:109,91
DA:110,91
DA:111,282
DA:112,282
DA:113,282
DA:114,91
DA:115,91
DA:116,91
DA:118,91
DA:121,1
DA:122,256
DA:123,256
DA:124,256
DA:125,256
DA:126,256
DA:131,256
DA:132,256
DA:133,256
DA:134,256
DA:135,256
DA:136,256
DA:137,512
DA:138,512
DA:139,512
DA:140,512
DA:141,512
DA:142,512
DA:144,512
DA:145,512
DA:146,256
DA:147,256
DA:148,256
DA:150,256
DA:153,1
DA:154,168
DA:155,168
DA:156,168
DA:157,168
DA:161,168
DA:162,168
DA:163,168
DA:164,168
DA:165,168
DA:166,168
DA:167,168
DA:168,168
DA:169,168
DA:170,168
DA:171,168
DA:172,168
DA:173,168
DA:174,168
DA:175,168
DA:177,168
LF:120
LH:120
BRDA:8,0,0,342
BRDA:25,1,0,80
BRDA:28,2,0,160
BRDA:40,3,0,251
BRDA:70,4,0,171
BRDA:70,5,0,80
BRDA:80,6,0,250
BRDA:71,7,0,8
BRDA:72,8,0,1
BRDA:72,9,0,7
BRDA:74,10,0,0
BRDA:74,11,0,7
BRDA:76,12,0,1
BRDA:76,13,0,7
BRDA:93,14,0,91
BRDA:109,15,0,3
BRDA:110,16,0,282
BRDA:121,17,0,256
BRDA:136,18,0,512
BRDA:142,19,0,5
BRDA:153,20,0,168
BRDA:170,21,0,2
BRF:22
BRH:21
end_of_record
TN:
SF:src/content/glossary.ts
FNF:0
FNH:0
DA:10,1
DA:11,1
DA:12,1
DA:13,1
DA:14,1
DA:15,1
DA:16,1
DA:17,1
DA:18,1
DA:19,1
DA:20,1
DA:21,1
DA:22,1
DA:23,1
DA:24,1
DA:25,1
DA:26,1
DA:27,1
DA:28,1
DA:29,1
DA:30,1
DA:31,1
DA:32,1
DA:33,1
DA:34,1
DA:35,1
DA:36,1
DA:37,1
DA:38,1
DA:39,1
DA:40,1
DA:41,1
DA:42,1
DA:43,1
DA:44,1
DA:45,1
DA:46,1
DA:47,1
DA:48,1
DA:49,1
DA:50,1
DA:51,1
DA:52,1
DA:53,1
DA:54,1
DA:55,1
DA:56,1
DA:57,1
DA:58,1
DA:59,1
DA:60,1
DA:61,1
DA:62,1
DA:63,1
DA:64,1
DA:65,1
DA:66,1
DA:67,1
DA:68,1
DA:69,1
DA:70,1
DA:71,1
DA:72,1
DA:73,1
DA:74,1
DA:75,1
DA:76,1
DA:77,1
DA:78,1
DA:79,1
DA:80,1
DA:81,1
DA:82,1
DA:83,1
DA:84,1
DA:85,1
DA:86,1
DA:87,1
DA:88,1
DA:89,1
DA:90,1
DA:91,1
DA:92,1
DA:93,1
DA:94,1
DA:95,1
DA:96,1
DA:97,1
DA:98,1
DA:99,1
DA:100,1
DA:101,1
DA:102,1
DA:103,1
DA:104,1
DA:105,1
DA:106,1
DA:107,1
DA:108,1
DA:109,1
DA:110,1
DA:111,1
DA:112,1
DA:113,1
DA:114,1
DA:115,1
DA:116,1
DA:117,1
DA:118,1
DA:119,1
DA:120,1
DA:121,1
DA:122,1
DA:123,1
DA:124,1
DA:125,1
DA:126,1
DA:127,1
DA:128,1
DA:129,1
DA:130,1
DA:131,1
DA:132,1
DA:133,1
DA:134,1
DA:135,1
DA:136,1
DA:137,1
DA:138,1
DA:139,1
DA:140,1
DA:141,1
DA:142,1
DA:143,1
DA:144,1
DA:145,1
DA:146,1
DA:147,1
DA:148,1
DA:149,1
DA:150,1
DA:151,1
DA:152,1
DA:153,1
DA:154,1
DA:155,1
DA:156,1
DA:157,1
DA:158,1
DA:159,1
DA:160,1
DA:161,1
DA:162,1
DA:163,1
DA:164,1
DA:165,1
DA:166,1
DA:167,1
DA:168,1
DA:169,1
DA:170,1
DA:171,1
DA:172,1
DA:173,1
DA:174,1
DA:175,1
DA:176,1
DA:177,1
DA:178,1
DA:179,1
DA:180,1
DA:181,1
DA:182,1
DA:183,1
DA:184,1
DA:185,1
DA:186,1
DA:187,1
DA:188,1
DA:189,1
DA:190,1
DA:191,1
DA:192,1
DA:193,1
DA:194,1
DA:195,1
DA:196,1
DA:197,1
DA:198,1
DA:199,1
DA:200,1
DA:201,1
DA:202,1
DA:203,1
DA:204,1
DA:205,1
DA:206,1
DA:207,1
DA:208,1
DA:209,1
DA:210,1
DA:211,1
DA:212,1
DA:213,1
DA:214,1
DA:215,1
DA:216,1
DA:217,1
DA:218,1
DA:219,1
DA:220,1
LF:211
LH:211
BRF:0
BRH:0
end_of_record
TN:
SF:src/content/homeExplainer.ts
FNF:0
FNH:0
DA:22,1
DA:23,1
DA:24,1
DA:25,1
DA:26,1
DA:27,1
DA:28,1
DA:29,1
DA:30,1
DA:31,1
DA:32,1
DA:33,1
DA:34,1
DA:35,1
DA:36,1
DA:37,1
DA:38,1
DA:39,1
DA:40,1
DA:41,1
DA:42,1
DA:43,1
DA:44,1
DA:45,1
DA:46,1
DA:47,1
DA:48,1
DA:49,1
DA:50,1
DA:51,1
DA:52,1
DA:53,1
DA:54,1
DA:55,1
DA:56,1
DA:57,1
DA:58,1
DA:59,1
DA:60,1
DA:61,1
DA:62,1
DA:65,1
DA:66,1
DA:67,1
DA:68,1
DA:69,1
DA:70,1
DA:71,1
DA:72,1
DA:73,1
DA:74,1
DA:75,1
DA:76,1
DA:77,1
DA:78,1
DA:79,1
DA:80,1
DA:81,1
DA:82,1
DA:83,1
DA:84,1
DA:85,1
DA:86,1
DA:87,1
DA:88,1
DA:89,1
DA:90,1
DA:91,1
DA:92,1
DA:93,1
DA:94,1
DA:95,1
DA:96,1
DA:97,1
DA:98,1
DA:99,1
DA:100,1
DA:101,1
DA:102,1
DA:103,1
DA:104,1
DA:105,1
DA:106,1
DA:107,1
DA:108,1
DA:109,1
DA:110,1
DA:111,1
DA:112,1
DA:113,1
DA:114,1
DA:115,1
DA:116,1
DA:117,1
DA:118,1
DA:119,1
DA:120,1
DA:121,1
DA:122,1
DA:123,1
DA:124,1
DA:125,1
DA:126,1
DA:127,1
DA:128,1
DA:129,1
DA:130,1
DA:131,1
DA:132,1
DA:133,1
DA:134,1
DA:135,1
DA:136,1
DA:137,1
DA:138,1
DA:139,1
DA:140,1
DA:141,1
DA:142,1
DA:143,1
DA:144,1
DA:145,1
DA:148,1
DA:149,1
DA:150,1
DA:151,1
DA:152,1
DA:153,1
DA:154,1
DA:155,1
DA:156,1
DA:157,1
DA:158,1
DA:159,1
DA:160,1
DA:161,1
DA:162,1
DA:163,1
DA:164,1
DA:165,1
DA:166,1
DA:167,1
DA:168,1
DA:169,1
DA:170,1
DA:171,1
DA:172,1
DA:173,1
DA:174,1
DA:175,1
DA:176,1
DA:177,1
DA:178,1
DA:179,1
DA:180,1
DA:181,1
DA:182,1
DA:183,1
DA:184,1
DA:185,1
DA:186,1
DA:187,1
DA:188,1
DA:189,1
DA:190,1
DA:191,1
DA:192,1
DA:193,1
LF:168
LH:168
BRF:0
BRH:0
end_of_record
TN:
SF:src/content/howItWorks.ts
FNF:0
FNH:0
DA:13,1
DA:14,1
DA:15,1
DA:16,1
DA:17,1
DA:18,1
DA:19,1
DA:20,1
DA:21,1
DA:22,1
DA:23,1
DA:24,1
DA:25,1
DA:26,1
DA:27,1
DA:28,1
DA:29,1
DA:30,1
DA:31,1
DA:32,1
DA:33,1
DA:34,1
DA:35,1
DA:36,1
DA:37,1
DA:38,1
DA:39,1
DA:40,1
DA:41,1
DA:42,1
DA:43,1
DA:44,1
DA:45,1
DA:46,1
DA:47,1
DA:48,1
DA:49,1
DA:50,1
DA:51,1
DA:52,1
DA:53,1
DA:54,1
DA:55,1
DA:56,1
DA:57,1
DA:58,1
DA:59,1
DA:60,1
DA:61,1
DA:62,1
DA:63,1
DA:64,1
DA:65,1
DA:66,1
DA:67,1
DA:68,1
DA:69,1
DA:70,1
DA:71,1
DA:72,1
DA:73,1
DA:74,1
DA:75,1
DA:76,1
DA:77,1
DA:78,1
DA:79,1
DA:80,1
DA:81,1
DA:82,1
DA:83,1
DA:84,1
DA:85,1
DA:86,1
DA:87,1
DA:88,1
DA:89,1
DA:90,1
DA:91,1
DA:92,1
DA:93,1
DA:94,1
DA:95,1
DA:96,1
DA:97,1
DA:98,1
DA:99,1
DA:100,1
DA:101,1
DA:102,1
DA:103,1
DA:104,1
DA:105,1
DA:106,1
DA:107,1
DA:108,1
DA:109,1
DA:110,1
DA:111,1
DA:112,1
DA:113,1
DA:114,1
DA:115,1
DA:116,1
DA:117,1
DA:118,1
DA:119,1
DA:120,1
DA:121,1
DA:122,1
DA:123,1
DA:124,1
DA:125,1
DA:126,1
DA:127,1
DA:128,1
DA:129,1
DA:130,1
DA:131,1
DA:132,1
DA:133,1
DA:134,1
DA:135,1
DA:136,1
DA:137,1
DA:138,1
DA:139,1
DA:140,1
DA:141,1
DA:142,1
DA:143,1
DA:144,1
DA:145,1
DA:146,1
DA:147,1
DA:148,1
DA:149,1
DA:150,1
DA:151,1
DA:152,1
DA:153,1
DA:154,1
DA:155,1
DA:156,1
DA:157,1
DA:158,1
DA:159,1
LF:147
LH:147
BRF:0
BRH:0
end_of_record
TN:
SF:src/content/guides/computed.ts
FNF:0
FNH:0
DA:10,1
DA:12,1
DA:13,1
DA:14,1
DA:15,1
DA:16,1
DA:17,1
DA:18,1
DA:19,1
DA:20,1
DA:21,1
DA:22,1
DA:23,1
DA:24,1
DA:25,1
DA:26,1
DA:27,1
DA:28,1
DA:29,1
DA:30,1
DA:31,1
DA:32,1
DA:33,1
DA:34,1
DA:35,1
DA:36,1
DA:37,1
DA:38,1
DA:39,1
DA:40,1
DA:41,1
DA:42,1
DA:43,1
DA:44,1
DA:45,1
DA:46,1
DA:47,1
DA:48,1
DA:49,1
DA:50,1
DA:51,1
DA:52,1
DA:53,1
DA:54,1
DA:55,1
DA:56,1
DA:57,1
DA:58,1
DA:59,1
DA:60,1
DA:61,1
DA:62,1
DA:63,1
DA:64,1
DA:65,1
DA:66,1
DA:67,1
LF:57
LH:57
BRF:0
BRH:0
end_of_record
TN:
SF:src/content/guides/figures.ts
FN:13,contentVars
FN:18,resolveText
FNF:2
FNH:2
FNDA:2664,contentVars
FNDA:2664,resolveText
DA:4,1
DA:5,1
DA:6,1
DA:13,1
DA:14,2664
DA:15,2664
DA:18,1
DA:19,2664
DA:20,2664
LF:9
LH:9
BRDA:13,0,0,2664
BRDA:18,1,0,2664
BRF:2
BRH:2
end_of_record
TN:
SF:src/content/guides/imt-imi-stamp-duty.ts
FNF:0
FNH:0
DA:7,1
DA:8,1
DA:9,1
DA:10,1
DA:11,1
DA:12,1
DA:13,1
DA:14,1
DA:15,1
DA:16,1
DA:17,1
DA:18,1
DA:19,1
DA:20,1
DA:21,1
DA:22,1
DA:23,1
DA:24,1
DA:25,1
DA:26,1
DA:27,1
DA:28,1
DA:29,1
DA:30,1
DA:31,1
DA:32,1
DA:33,1
DA:34,1
DA:35,1
DA:36,1
DA:37,1
DA:38,1
DA:39,1
DA:40,1
DA:41,1
DA:42,1
DA:43,1
DA:44,1
DA:45,1
DA:46,1
DA:47,1
DA:48,1
DA:49,1
DA:50,1
DA:51,1
DA:52,1
DA:53,1
DA:54,1
DA:55,1
DA:56,1
DA:57,1
DA:58,1
DA:59,1
DA:60,1
DA:61,1
DA:62,1
DA:63,1
DA:64,1
DA:65,1
DA:66,1
DA:67,1
DA:68,1
DA:69,1
DA:70,1
DA:71,1
DA:72,1
DA:73,1
DA:74,1
DA:75,1
DA:76,1
DA:77,1
DA:78,1
DA:79,1
DA:80,1
DA:81,1
DA:82,1
DA:83,1
DA:84,1
DA:85,1
DA:86,1
DA:87,1
DA:88,1
DA:89,1
DA:90,1
DA:91,1
DA:92,1
DA:93,1
DA:94,1
DA:95,1
DA:96,1
DA:97,1
DA:98,1
DA:99,1
DA:100,1
DA:101,1
DA:102,1
DA:103,1
DA:104,1
DA:105,1
DA:106,1
DA:107,1
DA:108,1
DA:109,1
DA:110,1
DA:111,1
DA:112,1
DA:113,1
DA:114,1
DA:115,1
DA:116,1
DA:117,1
DA:118,1
DA:119,1
DA:120,1
DA:121,1
DA:122,1
DA:123,1
DA:124,1
DA:125,1
DA:126,1
DA:127,1
DA:128,1
DA:129,1
DA:130,1
DA:131,1
DA:132,1
DA:133,1
DA:134,1
LF:128
LH:128
BRF:0
BRH:0
end_of_record
TN:
SF:src/content/guides/imt-jovem.ts
FNF:0
FNH:0
DA:8,1
DA:9,1
DA:10,1
DA:11,1
DA:12,1
DA:13,1
DA:14,1
DA:15,1
DA:16,1
DA:17,1
DA:18,1
DA:19,1
DA:20,1
DA:21,1
DA:22,1
DA:23,1
DA:24,1
DA:25,1
DA:26,1
DA:27,1
DA:28,1
DA:29,1
DA:30,1
DA:31,1
DA:32,1
DA:33,1
DA:34,1
DA:35,1
DA:36,1
DA:37,1
DA:38,1
DA:39,1
DA:40,1
DA:41,1
DA:42,1
DA:43,1
DA:44,1
DA:45,1
DA:46,1
DA:47,1
DA:48,1
DA:49,1
DA:50,1
DA:51,1
DA:52,1
DA:53,1
DA:54,1
DA:55,1
DA:56,1
DA:57,1
DA:58,1
DA:59,1
DA:60,1
DA:61,1
DA:62,1
DA:63,1
DA:64,1
DA:65,1
DA:66,1
DA:67,1
DA:68,1
DA:69,1
DA:70,1
DA:71,1
DA:72,1
DA:73,1
DA:74,1
DA:75,1
DA:76,1
DA:77,1
DA:78,1
DA:79,1
DA:80,1
DA:81,1
DA:82,1
DA:83,1
DA:84,1
DA:85,1
DA:86,1
DA:87,1
DA:88,1
DA:89,1
DA:90,1
DA:91,1
DA:92,1
DA:93,1
DA:94,1
DA:95,1
DA:96,1
DA:97,1
DA:98,1
DA:99,1
DA:100,1
DA:101,1
DA:102,1
DA:103,1
DA:104,1
DA:105,1
DA:106,1
DA:107,1
DA:108,1
DA:109,1
DA:110,1
DA:111,1
DA:112,1
DA:113,1
DA:114,1
DA:115,1
DA:116,1
DA:117,1
DA:118,1
DA:119,1
DA:120,1
DA:121,1
DA:122,1
DA:123,1
DA:124,1
DA:125,1
DA:126,1
DA:127,1
DA:128,1
DA:129,1
DA:130,1
DA:131,1
DA:132,1
DA:133,1
DA:134,1
DA:135,1
DA:136,1
DA:137,1
DA:138,1
DA:139,1
DA:140,1
DA:141,1
DA:142,1
DA:143,1
DA:144,1
DA:145,1
DA:146,1
DA:147,1
DA:148,1
DA:149,1
DA:150,1
DA:151,1
DA:152,1
DA:153,1
DA:154,1
DA:155,1
DA:156,1
DA:157,1
LF:150
LH:150
BRF:0
BRH:0
end_of_record
TN:
SF:src/content/guides/imt-non-residents.ts
FNF:0
FNH:0
DA:8,1
DA:9,1
DA:10,1
DA:11,1
DA:12,1
DA:13,1
DA:14,1
DA:15,1
DA:16,1
DA:17,1
DA:18,1
DA:19,1
DA:20,1
DA:21,1
DA:22,1
DA:23,1
DA:24,1
DA:25,1
DA:26,1
DA:27,1
DA:28,1
DA:29,1
DA:30,1
DA:31,1
DA:32,1
DA:33,1
DA:34,1
DA:35,1
DA:36,1
DA:37,1
DA:38,1
DA:39,1
DA:40,1
DA:41,1
DA:42,1
DA:43,1
DA:44,1
DA:45,1
DA:46,1
DA:47,1
DA:48,1
DA:49,1
DA:50,1
DA:51,1
DA:52,1
DA:53,1
DA:54,1
DA:55,1
DA:56,1
DA:57,1
DA:58,1
DA:59,1
DA:60,1
DA:61,1
DA:62,1
DA:63,1
DA:64,1
DA:65,1
DA:66,1
DA:67,1
DA:68,1
DA:69,1
DA:70,1
DA:71,1
DA:72,1
DA:73,1
DA:74,1
DA:75,1
DA:76,1
DA:77,1
DA:78,1
DA:79,1
DA:80,1
DA:81,1
DA:82,1
DA:83,1
DA:84,1
DA:85,1
DA:86,1
DA:87,1
DA:88,1
DA:89,1
DA:90,1
DA:91,1
DA:92,1
DA:93,1
DA:94,1
DA:95,1
DA:96,1
DA:97,1
DA:98,1
DA:99,1
DA:100,1
DA:101,1
DA:102,1
DA:103,1
DA:104,1
DA:105,1
DA:106,1
DA:107,1
DA:108,1
DA:109,1
DA:110,1
DA:111,1
DA:112,1
DA:113,1
DA:114,1
DA:115,1
DA:116,1
DA:117,1
DA:118,1
DA:119,1
DA:120,1
DA:121,1
DA:122,1
DA:123,1
DA:124,1
DA:125,1
DA:126,1
DA:127,1
DA:128,1
DA:129,1
DA:130,1
DA:131,1
DA:132,1
DA:133,1
DA:134,1
DA:135,1
DA:136,1
DA:137,1
DA:138,1
DA:139,1
DA:140,1
DA:141,1
DA:142,1
DA:143,1
DA:144,1
DA:145,1
DA:146,1
DA:147,1
DA:148,1
DA:149,1
DA:150,1
DA:151,1
DA:152,1
DA:153,1
DA:154,1
DA:155,1
DA:156,1
DA:157,1
DA:158,1
DA:159,1
DA:160,1
DA:161,1
DA:162,1
DA:163,1
DA:164,1
DA:165,1
DA:166,1
DA:167,1
DA:168,1
DA:169,1
LF:162
LH:162
BRF:0
BRH:0
end_of_record
TN:
SF:src/content/guides/imt-regions.ts
FNF:0
FNH:0
DA:8,1
DA:9,1
DA:10,1
DA:11,1
DA:12,1
DA:13,1
DA:14,1
DA:15,1
DA:16,1
DA:17,1
DA:18,1
DA:19,1
DA:20,1
DA:21,1
DA:22,1
DA:23,1
DA:24,1
DA:25,1
DA:26,1
DA:27,1
DA:28,1
DA:29,1
DA:30,1
DA:31,1
DA:32,1
DA:33,1
DA:34,1
DA:35,1
DA:36,1
DA:37,1
DA:38,1
DA:39,1
DA:40,1
DA:41,1
DA:42,1
DA:43,1
DA:44,1
DA:45,1
DA:46,1
DA:47,1
DA:48,1
DA:49,1
DA:50,1
DA:51,1
DA:52,1
DA:53,1
DA:54,1
DA:55,1
DA:56,1
DA:57,1
DA:58,1
DA:59,1
DA:60,1
DA:61,1
DA:62,1
DA:63,1
DA:64,1
DA:65,1
DA:66,1
DA:67,1
DA:68,1
DA:69,1
DA:70,1
DA:71,1
DA:72,1
DA:73,1
DA:74,1
DA:75,1
DA:76,1
DA:77,1
DA:78,1
DA:79,1
DA:80,1
DA:81,1
DA:82,1
DA:83,1
DA:84,1
DA:85,1
DA:86,1
DA:87,1
DA:88,1
DA:89,1
DA:90,1
DA:91,1
DA:92,1
DA:93,1
DA:94,1
DA:95,1
DA:96,1
DA:97,1
DA:98,1
DA:99,1
DA:100,1
DA:101,1
DA:102,1
DA:103,1
DA:104,1
DA:105,1
DA:106,1
DA:107,1
DA:108,1
DA:109,1
DA:110,1
DA:111,1
DA:112,1
DA:113,1
DA:114,1
DA:115,1
DA:116,1
DA:117,1
DA:118,1
DA:119,1
DA:120,1
DA:121,1
DA:122,1
DA:123,1
DA:124,1
DA:125,1
DA:126,1
DA:127,1
DA:128,1
DA:129,1
DA:130,1
DA:131,1
DA:132,1
DA:133,1
DA:134,1
DA:135,1
DA:136,1
DA:137,1
LF:130
LH:130
BRF:0
BRH:0
end_of_record
TN:
SF:src/content/guides/imt-tables.ts
FNF:0
FNH:0
DA:8,1
DA:9,1
DA:10,1
DA:11,1
DA:12,1
DA:13,1
DA:14,1
DA:15,1
DA:16,1
DA:17,1
DA:18,1
DA:19,1
DA:20,1
DA:21,1
DA:22,1
DA:23,1
DA:24,1
DA:25,1
DA:26,1
DA:27,1
DA:28,1
DA:29,1
DA:30,1
DA:31,1
DA:32,1
DA:33,1
DA:34,1
DA:35,1
DA:36,1
DA:37,1
DA:38,1
DA:39,1
DA:40,1
DA:41,1
DA:42,1
DA:43,1
DA:44,1
DA:45,1
DA:46,1
DA:47,1
DA:48,1
DA:49,1
DA:50,1
DA:51,1
DA:52,1
DA:53,1
DA:54,1
DA:55,1
DA:56,1
DA:57,1
DA:58,1
DA:59,1
DA:60,1
DA:61,1
DA:62,1
DA:63,1
DA:64,1
DA:65,1
DA:66,1
DA:67,1
DA:68,1
DA:69,1
DA:70,1
DA:71,1
DA:72,1
DA:73,1
DA:74,1
DA:75,1
DA:76,1
DA:77,1
DA:78,1
DA:79,1
DA:80,1
DA:81,1
DA:82,1
DA:83,1
DA:84,1
DA:85,1
DA:86,1
DA:87,1
DA:88,1
DA:89,1
DA:90,1
DA:91,1
DA:92,1
DA:93,1
DA:94,1
DA:95,1
DA:96,1
DA:97,1
DA:98,1
DA:99,1
DA:100,1
DA:101,1
DA:102,1
DA:103,1
DA:104,1
DA:105,1
DA:106,1
DA:107,1
DA:108,1
DA:109,1
DA:110,1
DA:111,1
DA:112,1
DA:113,1
DA:114,1
DA:115,1
DA:116,1
DA:117,1
DA:118,1
DA:119,1
DA:120,1
DA:121,1
DA:122,1
DA:123,1
DA:124,1
DA:125,1
DA:126,1
DA:127,1
DA:128,1
DA:129,1
DA:130,1
DA:131,1
DA:132,1
DA:133,1
DA:134,1
DA:135,1
DA:136,1
DA:137,1
DA:138,1
DA:139,1
DA:140,1
DA:141,1
DA:142,1
DA:143,1
DA:144,1
DA:145,1
DA:146,1
DA:147,1
DA:148,1
DA:149,1
LF:142
LH:142
BRF:0
BRH:0
end_of_record
TN:
SF:src/content/guides/index.ts
FNF:0
FNH:0
DA:8,1
DA:9,1
DA:10,1
DA:11,1
DA:12,1
DA:14,1
DA:17,1
DA:18,1
DA:19,1
DA:20,1
DA:21,1
DA:22,1
DA:23,1
LF:13
LH:13
BRF:0
BRH:0
end_of_record
TN:
SF:src/content/guides/registry.ts
FN:139,guideById
FN:140,guideBySlug
FNF:2
FNH:2
FNDA:8,guideById
FNDA:9,guideBySlug
DA:13,1
DA:14,1
DA:17,1
DA:49,1
DA:50,1
DA:51,1
DA:52,1
DA:53,1
DA:54,1
DA:55,1
DA:56,1
DA:57,1
DA:58,1
DA:59,1
DA:60,1
DA:61,1
DA:62,1
DA:63,1
DA:64,1
DA:65,1
DA:66,1
DA:67,1
DA:68,1
DA:69,1
DA:70,1
DA:71,1
DA:72,1
DA:73,1
DA:74,1
DA:75,1
DA:76,1
DA:77,1
DA:78,1
DA:79,1
DA:80,1
DA:81,1
DA:82,1
DA:83,1
DA:84,1
DA:85,1
DA:86,1
DA:87,1
DA:88,1
DA:89,1
DA:90,1
DA:91,1
DA:92,1
DA:93,1
DA:94,1
DA:95,1
DA:96,1
DA:97,1
DA:98,1
DA:99,1
DA:100,1
DA:101,1
DA:102,1
DA:103,1
DA:104,1
DA:105,1
DA:106,1
DA:107,1
DA:108,1
DA:109,1
DA:110,1
DA:111,1
DA:112,1
DA:113,1
DA:114,1
DA:115,1
DA:116,1
DA:117,1
DA:118,1
DA:119,1
DA:120,1
DA:121,1
DA:122,1
DA:123,1
DA:124,1
DA:125,1
DA:128,1
DA:129,1
DA:130,1
DA:131,1
DA:132,1
DA:133,1
DA:134,1
DA:135,1
DA:136,1
DA:137,1
DA:139,1
DA:140,1
DA:141,9
LF:93
LH:93
BRDA:139,0,0,8
BRDA:139,1,0,13
BRDA:140,2,0,9
BRDA:141,3,0,18
BRF:4
BRH:4
end_of_record
TN:
SF:src/engine/imt.ts
FN:17,round2
FN:25,pickTable
FN:38,pickBracket
FN:48,ordinaryImt
FN:54,mortgageStampDuty
FN:72,jovemCeiling
FN:77,computeBuyer
FN:89,ordinary
FN:159,calculate
FNF:9
FNH:9
FNDA:1254,round2
FNDA:113,pickTable
FNDA:213,pickBracket
FNDA:108,ordinaryImt
FNDA:108,mortgageStampDuty
FNDA:120,jovemCeiling
FNDA:120,computeBuyer
FNDA:107,ordinary
FNDA:109,calculate
DA:14,1
DA:17,1
DA:18,1254
DA:19,1254
DA:25,1
DA:26,113
DA:27,113
DA:28,92
DA:29,92
DA:30,92
DA:31,113
DA:32,113
DA:38,1
DA:39,213
DA:40,213
DA:41,213
DA:42,213
DA:48,1
DA:49,108
DA:50,106
DA:51,106
DA:52,106
DA:54,108
DA:55,108
DA:56,6
DA:57,66
DA:58,2
DA:59,108
DA:60,1
DA:61,108
DA:63,3
DA:64,108
DA:65,108
DA:72,120
DA:73,120
DA:74,120
DA:75,120
DA:77,120
DA:78,120
DA:79,120
DA:80,120
DA:81,120
DA:82,120
DA:83,120
DA:89,120
DA:90,107
DA:91,107
DA:92,107
DA:93,107
DA:94,107
DA:96,120
DA:97,120
DA:98,120
DA:101,120
DA:102,120
DA:103,120
DA:104,120
DA:106,120
DA:108,6
DA:109,6
DA:110,6
DA:111,120
DA:113,13
DA:114,13
DA:115,13
DA:116,13
DA:119,6
DA:120,6
DA:121,6
DA:122,114
DA:123,101
DA:124,101
DA:125,101
DA:126,101
DA:127,101
DA:128,101
DA:136,120
DA:137,120
DA:138,120
DA:139,4
DA:140,116
DA:142,120
DA:143,120
DA:144,120
DA:145,120
DA:146,120
DA:147,120
DA:148,120
DA:149,120
DA:150,120
DA:151,120
DA:152,120
DA:153,120
DA:154,120
DA:155,120
DA:156,120
DA:159,1
DA:160,109
DA:161,109
DA:163,108
DA:166,109
DA:167,109
DA:168,109
DA:169,109
DA:171,109
DA:172,108
DA:173,109
DA:175,108
DA:177,108
DA:178,108
DA:179,108
DA:180,108
DA:181,108
DA:182,108
DA:184,108
DA:185,108
DA:186,108
DA:187,108
DA:188,108
DA:189,108
DA:190,108
DA:191,108
DA:192,108
DA:193,108
DA:194,109
DA:195,109
DA:196,109
DA:197,109
DA:198,109
DA:199,109
LF:130
LH:130
BRDA:17,0,0,1254
BRDA:25,1,0,113
BRDA:27,2,0,92
BRDA:28,3,0,6
BRDA:28,4,0,4
BRDA:28,5,0,2
BRDA:28,6,0,86
BRDA:29,7,0,85
BRDA:29,8,0,1
BRDA:30,9,0,31
BRDA:30,10,0,21
BRDA:31,11,0,19
BRDA:31,12,0,2
BRDA:38,13,0,213
BRDA:40,14,0,1467
BRDA:40,15,0,854
BRDA:48,16,0,108
BRDA:49,17,0,2
BRDA:49,18,0,106
BRDA:54,19,0,108
BRDA:55,20,0,6
BRDA:55,21,0,102
BRDA:55,22,0,66
BRDA:55,23,0,6
BRDA:57,24,0,2
BRDA:59,25,0,1
BRDA:61,26,0,3
BRDA:63,27,0,1
BRDA:72,28,0,120
BRDA:73,29,0,117
BRDA:73,30,0,116
BRDA:73,31,0,4
BRDA:74,32,0,0
BRDA:77,33,0,120
BRDA:106,34,0,7
BRDA:106,35,0,6
BRDA:111,36,0,114
BRDA:111,37,0,15
BRDA:111,38,0,13
BRDA:116,39,0,8
BRDA:116,40,0,6
BRDA:122,41,0,101
BRDA:138,42,0,4
BRDA:139,43,0,116
BRDA:89,44,0,107
BRDA:92,45,0,102
BRDA:92,46,0,5
BRDA:159,47,0,109
BRDA:161,48,0,1
BRDA:161,49,0,108
BRDA:166,50,0,106
BRDA:166,51,0,2
BRDA:167,52,0,105
BRDA:169,53,0,1
BRDA:169,54,0,107
BRDA:171,55,0,1
BRDA:171,56,0,108
BRDA:173,57,0,107
BRDA:173,58,0,1
BRDA:173,59,0,108
BRDA:194,60,0,103
BRDA:194,61,0,5
BRDA:172,62,0,120
BRDA:175,63,0,120
BRDA:177,64,0,120
BRDA:178,65,0,120
BRDA:182,66,0,120
BRDA:182,67,0,114
BRF:68
BRH:67
end_of_record
TN:
SF:src/engine/tables/2026.ts
FNF:0
FNH:0
DA:13,1
DA:14,1
DA:15,1
DA:17,1
DA:18,1
DA:19,1
DA:20,1
DA:21,1
DA:22,1
DA:23,1
DA:24,1
DA:25,1
DA:27,1
DA:28,1
DA:29,1
DA:30,1
DA:31,1
DA:32,1
DA:34,1
DA:35,1
DA:36,1
DA:37,1
DA:38,1
DA:39,1
DA:40,1
DA:41,1
DA:42,1
DA:44,1
DA:45,1
DA:46,1
DA:47,1
DA:48,1
DA:49,1
DA:50,1
DA:51,1
DA:52,1
DA:54,1
DA:55,1
DA:56,1
DA:57,1
DA:58,1
DA:59,1
DA:61,1
DA:62,1
DA:63,1
DA:64,1
DA:65,1
DA:66,1
DA:67,1
DA:68,1
DA:69,1
DA:70,1
DA:71,1
DA:72,1
DA:73,1
DA:74,1
DA:75,1
DA:76,1
DA:77,1
DA:78,1
DA:79,1
LF:61
LH:61
BRF:0
BRH:0
end_of_record
TN:
SF:src/engine/tables/index.ts
FN:22,getYearData
FNF:1
FNH:1
FNDA:143,getYearData
DA:4,1
DA:9,1
DA:10,1
DA:11,1
DA:14,1
DA:15,1
DA:16,1
DA:19,1
DA:22,1
DA:23,143
DA:24,143
LF:11
LH:11
BRDA:22,0,0,143
BRF:1
BRH:1
end_of_record
TN:
SF:src/i18n/en.ts
FNF:0
FNH:0
DA:5,1
DA:6,1
DA:7,1
DA:8,1
DA:9,1
DA:10,1
DA:11,1
DA:12,1
DA:13,1
DA:14,1
DA:15,1
DA:16,1
DA:17,1
DA:18,1
DA:19,1
DA:20,1
DA:21,1
DA:22,1
DA:23,1
DA:24,1
DA:28,1
DA:29,1
DA:30,1
DA:31,1
DA:32,1
DA:33,1
DA:34,1
DA:35,1
DA:36,1
DA:37,1
DA:38,1
DA:39,1
DA:40,1
DA:41,1
DA:42,1
DA:43,1
DA:44,1
DA:45,1
DA:46,1
DA:47,1
DA:48,1
DA:49,1
DA:50,1
DA:51,1
DA:52,1
DA:53,1
DA:54,1
DA:55,1
DA:56,1
DA:57,1
DA:58,1
DA:59,1
DA:60,1
DA:61,1
DA:62,1
DA:63,1
DA:64,1
DA:65,1
DA:66,1
DA:67,1
DA:68,1
DA:69,1
DA:70,1
DA:71,1
DA:72,1
DA:73,1
DA:74,1
DA:75,1
DA:76,1
DA:77,1
DA:78,1
DA:79,1
DA:80,1
DA:81,1
DA:82,1
DA:83,1
DA:84,1
DA:85,1
DA:86,1
DA:87,1
DA:88,1
DA:89,1
DA:90,1
DA:91,1
DA:92,1
DA:93,1
DA:94,1
DA:95,1
DA:96,1
DA:97,1
DA:98,1
DA:99,1
DA:100,1
DA:101,1
DA:102,1
DA:103,1
DA:104,1
DA:105,1
DA:106,1
DA:107,1
DA:108,1
DA:109,1
DA:110,1
DA:111,1
DA:112,1
DA:113,1
DA:114,1
DA:115,1
DA:116,1
DA:117,1
DA:118,1
DA:119,1
DA:120,1
DA:121,1
DA:122,1
DA:123,1
DA:124,1
DA:125,1
DA:126,1
DA:127,1
DA:128,1
DA:129,1
DA:130,1
DA:131,1
DA:132,1
DA:133,1
DA:134,1
DA:135,1
DA:136,1
DA:137,1
DA:138,1
DA:139,1
DA:140,1
DA:141,1
DA:142,1
DA:143,1
DA:144,1
DA:145,1
DA:146,1
DA:147,1
LF:140
LH:140
BRF:0
BRH:0
end_of_record
TN:
SF:src/i18n/index.tsx
FN:35,I18nProvider
FN:46,useI18n
FNF:2
FNH:2
FNDA:79,I18nProvider
FNDA:1665,useI18n
DA:5,1
DA:7,1
DA:8,1
DA:14,1
DA:21,1
DA:28,1
DA:35,1
DA:37,79
DA:38,79
DA:39,79
DA:41,79
DA:42,79
DA:43,79
DA:46,1
DA:47,1665
DA:48,1665
DA:49,1665
DA:50,1665
LF:18
LH:18
BRDA:35,0,0,79
BRDA:37,1,0,79
BRDA:41,2,0,79
BRDA:46,3,0,1665
BRDA:48,4,0,0
BRF:5
BRH:4
end_of_record
TN:
SF:src/i18n/lang.ts
FN:7,fmt
FNF:1
FNH:1
FNDA:3100,fmt
DA:7,1
DA:8,3100
DA:9,3100
LF:3
LH:3
BRDA:7,0,0,3100
BRDA:8,1,0,1669
BRDA:8,2,0,1
BRF:3
BRH:3
end_of_record
TN:
SF:src/i18n/pages.ts
FN:15,pageSlug
FN:21,canonicalKey
FNF:2
FNH:2
FNDA:579,pageSlug
FNDA:235,canonicalKey
DA:9,1
DA:10,1
DA:11,1
DA:12,1
DA:15,1
DA:16,579
DA:17,579
DA:18,579
DA:21,1
DA:22,235
DA:23,212
DA:24,19
DA:25,19
LF:13
LH:13
BRDA:15,0,0,579
BRDA:16,1,0,236
BRDA:16,2,0,343
BRDA:17,3,0,0
BRDA:21,4,0,235
BRDA:22,5,0,139
BRDA:22,6,0,212
BRDA:22,7,0,96
BRDA:23,8,0,123
BRDA:23,9,0,77
BRDA:23,10,0,19
BRF:11
BRH:10
end_of_record
TN:
SF:src/i18n/paths.ts
FN:26,preferredLang
FN:42,barePath
FN:55,localizedPath
FN:68,switchLangPath
FN:81,guidesIndexPath
FN:86,guidePath
FN:97,guideFromPath
FNF:7
FNH:7
FNDA:65,preferredLang
FNDA:235,barePath
FNDA:557,localizedPath
FNDA:192,switchLangPath
FNDA:104,guidesIndexPath
FNDA:394,guidePath
FNDA:265,guideFromPath
DA:2,1
DA:3,1
DA:12,1
DA:20,1
DA:26,1
DA:27,65
DA:28,65
DA:29,65
DA:30,65
DA:31,65
DA:32,5
DA:33,5
DA:34,49
DA:35,49
DA:42,1
DA:43,235
DA:44,235
DA:45,235
DA:46,235
DA:47,235
DA:55,1
DA:56,557
DA:57,557
DA:58,557
DA:59,557
DA:68,1
DA:69,192
DA:70,192
DA:71,26
DA:72,26
DA:73,166
DA:74,192
DA:75,160
DA:76,160
DA:81,1
DA:82,104
DA:83,104
DA:86,1
DA:87,394
DA:88,394
DA:89,394
DA:90,394
DA:97,1
DA:98,265
DA:99,265
DA:100,265
DA:101,265
DA:102,265
DA:103,265
DA:104,265
DA:105,265
DA:106,265
DA:107,34
DA:108,265
DA:109,265
LF:55
LH:55
BRDA:26,0,0,65
BRDA:29,1,0,64
BRDA:29,2,0,11
BRDA:30,3,0,54
BRDA:31,4,0,5
BRDA:33,5,0,49
BRDA:42,6,0,235
BRDA:45,7,0,66
BRDA:45,8,0,169
BRDA:46,9,0,66
BRDA:46,10,0,169
BRDA:46,11,0,0
BRDA:55,12,0,557
BRDA:56,13,0,201
BRDA:56,14,0,356
BRDA:58,15,0,234
BRDA:58,16,0,323
BRDA:68,17,0,192
BRDA:70,18,0,26
BRDA:71,19,0,23
BRDA:71,20,0,21
BRDA:71,21,0,5
BRDA:72,22,0,166
BRDA:74,23,0,65
BRDA:74,24,0,6
BRDA:74,25,0,160
BRDA:81,26,0,104
BRDA:82,27,0,32
BRDA:82,28,0,72
BRDA:86,29,0,394
BRDA:88,30,0,1
BRDA:88,31,0,393
BRDA:89,32,0,52
BRDA:89,33,0,341
BRDA:87,34,0,1264
BRDA:97,35,0,265
BRDA:103,36,0,24
BRDA:103,37,0,241
BRDA:103,38,0,15
BRDA:103,39,0,226
BRDA:104,40,0,226
BRDA:104,41,0,41
BRDA:104,42,0,39
BRDA:105,43,0,15
BRDA:106,44,0,41
BRDA:106,45,0,5
BRDA:106,46,0,34
BRDA:108,47,0,30
BRDA:108,48,0,4
BRDA:107,49,0,69
BRF:50
BRH:49
end_of_record
TN:
SF:src/i18n/pt.ts
FNF:0
FNH:0
DA:4,1
DA:5,1
DA:6,1
DA:7,1
DA:8,1
DA:9,1
DA:10,1
DA:11,1
DA:12,1
DA:13,1
DA:14,1
DA:15,1
DA:16,1
DA:17,1
DA:18,1
DA:19,1
DA:20,1
DA:21,1
DA:22,1
DA:23,1
DA:24,1
DA:25,1
DA:26,1
DA:27,1
DA:28,1
DA:29,1
DA:30,1
DA:31,1
DA:32,1
DA:33,1
DA:34,1
DA:35,1
DA:36,1
DA:37,1
DA:38,1
DA:39,1
DA:40,1
DA:41,1
DA:42,1
DA:43,1
DA:44,1
DA:45,1
DA:46,1
DA:47,1
DA:48,1
DA:49,1
DA:50,1
DA:51,1
DA:52,1
DA:53,1
DA:54,1
DA:55,1
DA:56,1
DA:57,1
DA:58,1
DA:59,1
DA:60,1
DA:61,1
DA:62,1
DA:63,1
DA:64,1
DA:65,1
DA:66,1
DA:67,1
DA:68,1
DA:69,1
DA:70,1
DA:71,1
DA:72,1
DA:73,1
DA:74,1
DA:75,1
DA:76,1
DA:77,1
DA:78,1
DA:79,1
DA:80,1
DA:81,1
DA:82,1
DA:83,1
DA:84,1
DA:85,1
DA:86,1
DA:87,1
DA:88,1
DA:89,1
DA:90,1
DA:91,1
DA:92,1
DA:93,1
DA:94,1
DA:95,1
DA:96,1
DA:97,1
DA:98,1
DA:99,1
DA:100,1
DA:101,1
DA:102,1
DA:103,1
DA:104,1
DA:105,1
DA:106,1
DA:107,1
DA:108,1
DA:109,1
DA:110,1
DA:111,1
DA:112,1
DA:113,1
DA:114,1
DA:115,1
DA:116,1
DA:117,1
DA:118,1
DA:119,1
DA:120,1
DA:121,1
DA:122,1
DA:123,1
DA:124,1
DA:125,1
DA:126,1
DA:127,1
DA:128,1
DA:129,1
DA:130,1
DA:131,1
DA:132,1
DA:133,1
DA:134,1
DA:135,1
DA:136,1
DA:137,1
DA:138,1
DA:139,1
DA:140,1
DA:141,1
DA:142,1
DA:143,1
LF:140
LH:140
BRF:0
BRH:0
end_of_record
TN:
SF:src/pages/CalculatorPage.tsx
FN:21,equalShares
FN:32,CalculatorPage
FN:96,touch
FN:99,update
FN:103,updateBuyer
FN:110,addBuyer
FN:114,removeBuyer
FN:118,reset
FN:132,onSubmit
FN:141,onChange
FN:152,onChange
FN:165,onChange
FN:171,onChange
FN:184,onChange
FN:192,onChange
FN:202,onChange
FN:207,onChange
FN:229,onChange
FN:245,onChange
FN:246,onRemove
FNF:20
FNH:14
FNDA:4,equalShares
FNDA:80,CalculatorPage
FNDA:27,touch
FNDA:9,update
FNDA:14,updateBuyer
FNDA:3,addBuyer
FNDA:1,removeBuyer
FNDA:2,reset
FNDA:0,onSubmit
FNDA:0,onChange
FNDA:0,onChange
FNDA:6,onChange
FNDA:0,onChange
FNDA:1,onChange
FNDA:1,onChange
FNDA:0,onChange
FNDA:1,onChange
FNDA:0,onChange
FNDA:14,onChange
FNDA:1,onRemove
DA:1,1
DA:2,1
DA:10,1
DA:11,1
DA:12,1
DA:13,1
DA:14,1
DA:15,1
DA:16,1
DA:17,1
DA:18,1
DA:21,4
DA:22,4
DA:23,4
DA:24,4
DA:25,4
DA:26,7
DA:27,7
DA:28,4
DA:29,4
DA:32,1
DA:33,80
DA:37,80
DA:38,80
DA:40,80
DA:42,80
DA:43,43
DA:44,43
DA:45,4
DA:46,4
DA:47,4
DA:48,80
DA:50,80
DA:53,76
DA:54,36
DA:55,80
DA:57,80
DA:61,80
DA:62,76
DA:63,25
DA:64,2
DA:65,2
DA:66,2
DA:67,2
DA:68,2
DA:69,2
DA:70,2
DA:71,2
DA:72,2
DA:73,2
DA:74,2
DA:75,2
DA:77,2
DA:78,2
DA:79,2
DA:81,2
DA:82,2
DA:83,2
DA:84,2
DA:85,2
DA:86,2
DA:88,2
DA:89,2
DA:90,2
DA:91,2
DA:92,25
DA:93,25
DA:94,80
DA:96,80
DA:97,27
DA:98,27
DA:99,80
DA:100,9
DA:101,9
DA:102,9
DA:103,80
DA:104,14
DA:105,14
DA:106,14
DA:107,14
DA:108,14
DA:109,14
DA:110,80
DA:111,3
DA:112,3
DA:113,3
DA:114,80
DA:115,1
DA:116,1
DA:117,1
DA:118,80
DA:119,2
DA:120,2
DA:121,2
DA:123,80
DA:125,80
DA:126,80
DA:127,80
DA:128,80
DA:129,80
DA:130,80
DA:131,80
DA:132,80
DA:133,80
DA:135,80
DA:136,80
DA:137,0
DA:138,0
DA:139,0
DA:140,0
DA:141,0
DA:142,0
DA:143,0
DA:144,0
DA:149,80
DA:150,80
DA:151,80
DA:152,80
DA:153,80
DA:154,80
DA:155,80
DA:156,80
DA:157,80
DA:158,80
DA:160,80
DA:161,80
DA:162,80
DA:163,80
DA:164,80
DA:165,80
DA:166,80
DA:168,80
DA:169,80
DA:170,80
DA:171,80
DA:172,80
DA:173,80
DA:174,80
DA:175,80
DA:176,80
DA:178,80
DA:179,80
DA:180,80
DA:181,80
DA:182,80
DA:183,80
DA:184,80
DA:185,80
DA:186,80
DA:188,80
DA:189,80
DA:190,80
DA:191,80
DA:192,80
DA:193,1
DA:195,80
DA:196,80
DA:197,2
DA:198,2
DA:199,2
DA:200,2
DA:201,2
DA:202,2
DA:203,2
DA:204,2
DA:205,2
DA:206,2
DA:207,2
DA:208,1
DA:211,1
DA:212,1
DA:213,1
DA:214,1
DA:215,1
DA:216,1
DA:218,2
DA:219,2
DA:220,2
DA:221,2
DA:222,2
DA:223,2
DA:224,2
DA:225,1
DA:226,1
DA:227,1
DA:228,1
DA:229,1
DA:230,1
DA:232,2
DA:234,80
DA:236,80
DA:237,80
DA:238,80
DA:239,88
DA:240,88
DA:241,88
DA:242,88
DA:243,88
DA:244,88
DA:245,88
DA:246,88
DA:247,88
DA:248,80
DA:249,80
DA:250,80
DA:251,80
DA:252,80
DA:253,80
DA:255,80
DA:256,80
DA:257,80
DA:258,80
DA:260,80
DA:261,80
DA:263,80
LF:215
LH:207
BRDA:21,0,0,4
BRDA:23,1,0,0
BRDA:25,2,0,7
BRDA:27,3,0,4
BRDA:27,4,0,3
BRDA:32,5,0,80
BRDA:136,6,0,0
BRDA:196,7,0,2
BRDA:196,8,0,2
BRDA:224,9,0,1
BRDA:228,10,0,0
BRDA:42,11,0,43
BRDA:44,12,0,4
BRDA:50,13,0,76
BRDA:53,14,0,48
BRDA:53,15,0,40
BRDA:53,16,0,36
BRDA:57,17,0,76
BRDA:61,18,0,76
BRDA:62,19,0,28
BRDA:62,20,0,51
BRDA:62,21,0,25
BRDA:63,22,0,2
BRDA:75,23,0,1
BRDA:88,24,0,1
BRDA:88,25,0,1
BRDA:89,26,0,0
BRDA:70,27,0,2
BRDA:71,28,0,2
BRDA:72,29,0,2
BRDA:73,30,0,2
BRDA:93,31,0,25
BRDA:96,32,0,27
BRDA:99,33,0,9
BRDA:101,34,0,9
BRDA:103,35,0,14
BRDA:105,36,0,14
BRDA:107,37,0,19
BRDA:107,38,0,14
BRDA:107,39,0,5
BRDA:110,40,0,3
BRDA:112,41,0,3
BRDA:114,42,0,1
BRDA:116,43,0,1
BRDA:116,44,0,2
BRDA:118,45,0,2
BRDA:165,46,0,6
BRDA:165,47,0,1
BRDA:184,48,0,1
BRDA:192,49,0,1
BRDA:193,50,0,0
BRDA:207,51,0,1
BRDA:214,52,0,0
BRDA:238,53,0,88
BRDA:245,54,0,14
BRDA:246,55,0,1
BRF:56
BRH:50
end_of_record
TN:
SF:src/pages/GlossaryPage.tsx
FN:8,GlossaryPage
FNF:1
FNH:1
FNDA:16,GlossaryPage
DA:1,1
DA:2,1
DA:3,1
DA:4,1
DA:5,1
DA:8,1
DA:9,16
DA:10,16
DA:11,16
DA:12,16
DA:13,16
DA:14,16
DA:16,16
DA:17,16
DA:18,304
DA:19,304
DA:20,304
DA:21,209
DA:22,209
DA:23,209
DA:24,209
DA:26,95
DA:28,304
DA:29,304
DA:30,304
DA:31,16
DA:32,16
DA:33,16
DA:35,16
LF:29
LH:29
BRDA:8,0,0,16
BRDA:17,1,0,304
BRDA:20,2,0,209
BRDA:24,3,0,95
BRDA:29,4,0,209
BRDA:29,5,0,95
BRF:6
BRH:6
end_of_record
TN:
SF:src/pages/GuidePage.tsx
FN:40,BracketTable
FN:69,GuideBlock
FN:84,GuidePage
FN:145,onClick
FNF:4
FNH:3
FNDA:6,BracketTable
FNDA:84,GuideBlock
FNDA:9,GuidePage
FNDA:0,onClick
DA:1,1
DA:2,1
DA:3,1
DA:4,1
DA:6,1
DA:7,1
DA:9,1
DA:10,1
DA:11,1
DA:12,1
DA:13,1
DA:14,1
DA:15,1
DA:16,1
DA:21,1
DA:22,1
DA:23,1
DA:24,1
DA:25,1
DA:26,1
DA:27,1
DA:28,1
DA:29,1
DA:30,1
DA:31,1
DA:32,1
DA:33,1
DA:34,1
DA:35,1
DA:36,1
DA:37,1
DA:40,6
DA:41,6
DA:42,6
DA:43,6
DA:44,6
DA:45,6
DA:47,6
DA:48,6
DA:49,6
DA:50,6
DA:51,6
DA:52,6
DA:53,6
DA:54,6
DA:55,6
DA:56,6
DA:57,36
DA:58,36
DA:60,36
DA:61,36
DA:62,36
DA:63,6
DA:64,6
DA:65,6
DA:67,6
DA:69,84
DA:70,84
DA:71,84
DA:72,13
DA:73,13
DA:74,7
DA:75,7
DA:76,21
DA:77,7
DA:78,7
DA:80,6
DA:81,6
DA:84,1
DA:85,9
DA:86,9
DA:87,9
DA:88,9
DA:89,8
DA:91,8
DA:92,8
DA:93,9
DA:95,9
DA:96,9
DA:97,9
DA:98,9
DA:99,9
DA:100,9
DA:101,9
DA:102,9
DA:103,9
DA:105,9
DA:106,9
DA:107,9
DA:108,9
DA:109,9
DA:111,9
DA:112,40
DA:113,40
DA:114,40
DA:115,40
DA:116,84
DA:117,40
DA:118,40
DA:119,40
DA:120,9
DA:122,9
DA:131,9
DA:132,9
DA:133,9
DA:134,9
DA:135,9
DA:136,9
DA:137,32
DA:138,32
DA:139,32
DA:140,9
DA:141,9
DA:142,9
DA:144,9
DA:145,9
DA:146,9
DA:147,9
DA:148,9
DA:149,9
DA:151,9
LF:121
LH:121
BRDA:40,0,0,6
BRDA:43,1,0,0
BRDA:56,2,0,36
BRDA:60,3,0,30
BRDA:60,4,0,6
BRDA:61,5,0,18
BRDA:61,6,0,18
BRDA:69,7,0,84
BRDA:71,8,0,71
BRDA:71,9,0,13
BRDA:73,10,0,7
BRDA:78,11,0,6
BRDA:75,12,0,21
BRDA:84,13,0,9
BRDA:88,14,0,1
BRDA:88,15,0,8
BRDA:93,16,0,0
BRDA:122,17,0,8
BRDA:111,18,0,40
BRDA:115,19,0,84
BRDA:136,20,0,40
BRDA:136,21,0,32
BRF:22
BRH:20
end_of_record
TN:
SF:src/pages/GuidesIndexPage.tsx
FN:10,GuidesIndexPage
FN:25,onClick
FNF:2
FNH:1
FNDA:1,GuidesIndexPage
FNDA:0,onClick
DA:1,1
DA:2,1
DA:3,1
DA:4,1
DA:5,1
DA:6,1
DA:7,1
DA:10,1
DA:11,1
DA:12,1
DA:13,1
DA:14,1
DA:15,1
DA:16,1
DA:18,1
DA:19,1
DA:20,5
DA:21,5
DA:22,5
DA:23,5
DA:24,5
DA:25,5
DA:27,5
DA:28,5
DA:29,5
DA:30,5
DA:31,5
DA:32,1
DA:33,1
DA:34,1
DA:36,1
LF:31
LH:31
BRDA:10,0,0,1
BRDA:19,1,0,5
BRF:2
BRH:2
end_of_record
TN:
SF:src/pages/HowItWorksPage.tsx
FN:8,HowItWorksPage
FNF:1
FNH:1
FNDA:2,HowItWorksPage
DA:1,1
DA:2,1
DA:3,1
DA:4,1
DA:5,1
DA:8,1
DA:9,2
DA:10,2
DA:11,2
DA:12,2
DA:13,2
DA:14,2
DA:16,2
DA:17,14
DA:18,14
DA:19,14
DA:20,14
DA:21,14
DA:22,14
DA:23,28
DA:24,24
DA:26,4
DA:27,4
DA:28,14
DA:29,4
DA:30,4
DA:32,14
DA:33,14
DA:34,14
DA:36,2
DA:37,2
DA:39,2
LF:32
LH:32
BRDA:8,0,0,2
BRDA:16,1,0,14
BRDA:17,2,0,7
BRDA:17,3,0,7
BRDA:22,4,0,28
BRDA:23,5,0,24
BRDA:24,6,0,4
BRDA:27,7,0,14
BRF:8
BRH:8
end_of_record
TN:
SF:src/pages/NotFoundPage.tsx
FN:6,NotFoundPage
FNF:1
FNH:1
FNDA:4,NotFoundPage
DA:1,1
DA:2,1
DA:3,1
DA:6,1
DA:7,4
DA:8,4
DA:9,4
DA:10,4
DA:11,4
DA:12,4
DA:13,4
DA:14,4
DA:15,4
DA:16,4
DA:17,4
DA:19,4
LF:16
LH:16
BRDA:6,0,0,4
BRF:1
BRH:1
end_of_record
TN:
SF:src/seo/sitemap.ts
FN:22,bareEn
FN:23,barePt
FN:27,articleEn
FN:28,articlePt
FN:41,guidesIndexLastmod
FN:46,rows
FN:67,buildSitemap
FNF:7
FNH:7
FNDA:3,bareEn
FNDA:3,barePt
FNDA:5,articleEn
FNDA:5,articlePt
FNDA:1,guidesIndexLastmod
FNDA:1,rows
FNDA:1,buildSitemap
DA:5,1
DA:6,1
DA:7,1
DA:17,1
DA:18,1
DA:19,1
DA:20,1
DA:21,1
DA:22,1
DA:23,1
DA:25,1
DA:26,1
DA:27,1
DA:28,1
DA:41,1
DA:42,1
DA:43,1
DA:46,1
DA:47,1
DA:48,1
DA:49,3
DA:50,3
DA:51,3
DA:52,3
DA:53,1
DA:54,1
DA:55,1
DA:56,1
DA:57,1
DA:58,1
DA:59,5
DA:60,5
DA:61,5
DA:62,5
DA:63,1
DA:64,1
DA:67,1
DA:68,1
DA:69,1
DA:70,1
DA:71,18
DA:72,18
DA:73,18
DA:74,18
DA:75,18
DA:77,1
DA:78,1
DA:79,1
DA:81,1
DA:84,1
LF:50
LH:50
BRDA:22,0,0,3
BRDA:22,1,0,2
BRDA:22,2,0,1
BRDA:23,3,0,3
BRDA:23,4,0,2
BRDA:23,5,0,1
BRDA:27,6,0,5
BRDA:28,7,0,5
BRDA:41,8,0,1
BRDA:42,9,0,5
BRDA:42,10,0,1
BRDA:42,11,0,4
BRDA:46,12,0,1
BRDA:48,13,0,3
BRDA:58,14,0,5
BRDA:67,15,0,1
BRDA:70,16,0,18
BRF:17
BRH:17
end_of_record
TN:
SF:src/state/defaults.ts
FN:5,defaultBuyer
FN:17,defaultInput
FNF:2
FNH:2
FNDA:117,defaultBuyer
FNDA:90,defaultInput
DA:2,1
DA:5,1
DA:6,117
DA:7,117
DA:8,117
DA:9,117
DA:10,117
DA:11,117
DA:12,117
DA:13,117
DA:14,117
DA:17,1
DA:18,90
DA:19,90
DA:20,90
DA:21,90
DA:22,90
DA:23,90
DA:24,90
DA:25,90
LF:20
LH:20
BRDA:5,0,0,117
BRDA:17,1,0,90
BRF:2
BRH:2
end_of_record
TN:
SF:src/state/url.ts
FN:25,invert
FN:35,encodeBuyer
FN:40,encodeState
FN:55,num
FN:61,decodeBuyer
FN:80,decodeState
FN:123,toBase64Url
FN:125,fromBase64Url
FN:132,isDefaultBuyer
FN:147,encodeBuyerCompact
FN:161,parseBuyerCompact
FN:205,encodeCompact
FN:223,decodeCompact
FN:286,encodeToken
FN:291,decodeToken
FN:304,legacyHashQuery
FN:311,parseQuery
FN:323,readStateFromUrl
FN:329,isReload
FN:345,arrivalKind
FN:358,writeStateToUrl
FNF:21
FNH:21
FNDA:36,invert
FNDA:7,encodeBuyer
FNDA:6,encodeState
FNDA:38,num
FNDA:7,decodeBuyer
FNDA:11,decodeState
FNDA:147,toBase64Url
FNDA:22,fromBase64Url
FNDA:130,isDefaultBuyer
FNDA:74,encodeBuyerCompact
FNDA:12,parseBuyerCompact
FNDA:151,encodeCompact
FNDA:18,decodeCompact
FNDA:147,encodeToken
FNDA:22,decodeToken
FNDA:43,legacyHashQuery
FNDA:94,parseQuery
FNDA:51,readStateFromUrl
FNDA:5,isReload
FNDA:50,arrivalKind
FNDA:37,writeStateToUrl
DA:11,1
DA:12,1
DA:18,1
DA:19,1
DA:20,1
DA:21,1
DA:22,1
DA:23,1
DA:25,1
DA:26,36
DA:28,1
DA:29,1
DA:30,1
DA:31,1
DA:32,1
DA:33,1
DA:35,7
DA:36,7
DA:37,7
DA:40,1
DA:41,6
DA:42,6
DA:43,6
DA:44,6
DA:45,6
DA:46,6
DA:47,6
DA:48,2
DA:49,2
DA:50,2
DA:51,6
DA:52,6
DA:53,6
DA:55,38
DA:56,38
DA:57,30
DA:58,38
DA:59,38
DA:61,7
DA:62,7
DA:63,7
DA:64,7
DA:65,7
DA:66,7
DA:67,7
DA:68,7
DA:69,6
DA:70,6
DA:71,6
DA:72,6
DA:73,6
DA:74,6
DA:75,6
DA:76,6
DA:77,6
DA:80,1
DA:81,11
DA:82,11
DA:83,11
DA:84,11
DA:85,11
DA:87,11
DA:88,5
DA:89,5
DA:91,6
DA:92,11
DA:93,6
DA:94,11
DA:95,7
DA:96,7
DA:97,6
DA:98,6
DA:99,11
DA:101,5
DA:103,5
DA:104,11
DA:106,5
DA:107,11
DA:108,2
DA:109,2
DA:110,2
DA:111,2
DA:112,2
DA:113,2
DA:114,2
DA:115,2
DA:116,2
DA:117,5
DA:118,5
DA:123,1
DA:124,147
DA:125,1
DA:132,130
DA:133,130
DA:134,130
DA:135,130
DA:136,122
DA:137,122
DA:138,102
DA:139,102
DA:140,101
DA:142,130
DA:147,74
DA:148,74
DA:149,74
DA:150,74
DA:151,74
DA:152,33
DA:153,33
DA:154,33
DA:155,74
DA:156,74
DA:157,74
DA:158,74
DA:159,74
DA:161,12
DA:164,12
DA:165,12
DA:166,12
DA:168,12
DA:169,12
DA:172,12
DA:173,12
DA:174,12
DA:175,12
DA:176,12
DA:177,6
DA:178,6
DA:179,2
DA:180,4
DA:181,1
DA:182,3
DA:183,2
DA:184,1
DA:185,12
DA:186,12
DA:187,3
DA:188,3
DA:189,3
DA:190,0
DA:191,0
DA:192,3
DA:193,12
DA:194,12
DA:195,12
DA:196,12
DA:197,12
DA:198,12
DA:199,12
DA:200,12
DA:201,12
DA:202,12
DA:205,1
DA:206,151
DA:207,151
DA:208,151
DA:209,151
DA:210,151
DA:211,151
DA:212,5
DA:213,5
DA:214,5
DA:216,151
DA:217,52
DA:218,52
DA:219,151
DA:220,151
DA:223,1
DA:224,18
DA:225,18
DA:226,18
DA:227,18
DA:228,18
DA:229,18
DA:230,18
DA:231,18
DA:232,33
DA:233,33
DA:234,33
DA:235,33
DA:236,33
DA:237,18
DA:238,18
DA:239,33
DA:240,0
DA:241,0
DA:242,33
DA:243,2
DA:244,2
DA:245,1
DA:246,1
DA:247,1
DA:248,33
DA:249,3
DA:250,3
DA:251,33
DA:252,1
DA:253,1
DA:254,1
DA:255,1
DA:256,33
DA:257,1
DA:258,1
DA:259,1
DA:260,1
DA:261,1
DA:262,1
DA:263,1
DA:264,1
DA:265,1
DA:266,1
DA:267,33
DA:268,8
DA:269,8
DA:270,12
DA:271,12
DA:272,12
DA:273,12
DA:274,8
DA:275,8
DA:276,8
DA:277,8
DA:278,33
DA:279,33
DA:280,18
DA:281,18
DA:282,17
DA:283,17
DA:286,1
DA:287,147
DA:288,147
DA:291,1
DA:292,22
DA:293,22
DA:294,22
DA:295,22
DA:296,3
DA:297,3
DA:299,22
DA:300,18
DA:301,18
DA:304,43
DA:305,43
DA:306,43
DA:307,43
DA:308,43
DA:311,94
DA:312,94
DA:313,12
DA:314,16
DA:315,1
DA:316,1
DA:323,1
DA:324,51
DA:325,51
DA:326,51
DA:329,5
DA:330,5
DA:331,5
DA:332,5
DA:333,5
DA:345,1
DA:346,50
DA:347,50
DA:348,50
DA:349,34
DA:350,50
DA:351,50
DA:358,1
DA:359,37
DA:360,37
DA:361,37
LF:272
LH:268
BRDA:25,0,0,36
BRDA:26,1,0,96
BRDA:35,2,0,7
BRDA:36,3,0,1
BRDA:36,4,0,6
BRDA:36,5,0,0
BRDA:40,6,0,6
BRDA:46,7,0,1
BRDA:47,8,0,2
BRDA:49,9,0,1
BRDA:55,10,0,38
BRDA:56,11,0,31
BRDA:56,12,0,8
BRDA:56,13,0,30
BRDA:58,14,0,0
BRDA:61,15,0,7
BRDA:63,16,0,0
BRDA:68,17,0,6
BRDA:68,18,0,6
BRDA:68,19,0,6
BRDA:68,20,0,1
BRDA:68,21,0,6
BRDA:80,22,0,11
BRDA:83,23,0,2
BRDA:84,24,0,2
BRDA:87,25,0,10
BRDA:87,26,0,9
BRDA:87,27,0,7
BRDA:87,28,0,7
BRDA:87,29,0,7
BRDA:87,30,0,5
BRDA:89,31,0,6
BRDA:92,32,0,0
BRDA:92,33,0,6
BRDA:94,34,0,7
BRDA:96,35,0,1
BRDA:96,36,0,6
BRDA:98,37,0,5
BRDA:99,38,0,0
BRDA:99,39,0,5
BRDA:104,40,0,1
BRDA:104,41,0,1
BRDA:104,42,0,5
BRDA:107,43,0,2
BRDA:114,44,0,1
BRDA:116,45,0,5
BRDA:123,46,0,147
BRDA:125,47,0,22
BRDA:132,48,0,130
BRDA:135,49,0,122
BRDA:136,50,0,122
BRDA:137,51,0,102
BRDA:138,52,0,102
BRDA:139,53,0,101
BRDA:140,54,0,3
BRDA:147,55,0,74
BRDA:149,56,0,11
BRDA:150,57,0,9
BRDA:151,58,0,33
BRDA:153,59,0,19
BRDA:155,60,0,2
BRDA:156,61,0,14
BRDA:157,62,0,14
BRDA:161,63,0,12
BRDA:165,64,0,9
BRDA:165,65,0,3
BRDA:166,66,0,9
BRDA:166,67,0,3
BRDA:169,68,0,0
BRDA:173,69,0,0
BRDA:176,70,0,6
BRDA:177,71,0,6
BRDA:178,72,0,2
BRDA:179,73,0,4
BRDA:180,74,0,1
BRDA:181,75,0,3
BRDA:182,76,0,2
BRDA:183,77,0,1
BRDA:186,78,0,3
BRDA:188,79,0,0
BRDA:189,80,0,0
BRDA:194,81,0,3
BRDA:194,82,0,9
BRDA:196,83,0,2
BRDA:196,84,0,10
BRDA:198,85,0,6
BRDA:198,86,0,6
BRDA:205,87,0,151
BRDA:207,88,0,0
BRDA:208,89,0,1
BRDA:209,90,0,12
BRDA:210,91,0,3
BRDA:211,92,0,5
BRDA:213,93,0,2
BRDA:213,94,0,3
BRDA:216,95,0,130
BRDA:216,96,0,52
BRDA:223,97,0,18
BRDA:231,98,0,33
BRDA:232,99,0,0
BRDA:236,100,0,18
BRDA:239,101,0,0
BRDA:242,102,0,2
BRDA:244,103,0,1
BRDA:248,104,0,3
BRDA:249,105,0,0
BRDA:251,106,0,1
BRDA:256,107,0,1
BRDA:263,108,0,0
BRDA:263,109,0,0
BRDA:267,110,0,8
BRDA:269,111,0,12
BRDA:271,112,0,0
BRDA:274,113,0,0
BRDA:279,114,0,17
BRDA:280,115,0,0
BRDA:280,116,0,17
BRDA:281,117,0,0
BRDA:281,118,0,17
BRDA:286,119,0,147
BRDA:291,120,0,22
BRDA:295,121,0,3
BRDA:297,122,0,19
BRDA:299,123,0,1
BRDA:299,124,0,18
BRDA:304,125,0,43
BRDA:307,126,0,41
BRDA:307,127,0,2
BRDA:311,128,0,94
BRDA:312,129,0,82
BRDA:312,130,0,56
BRDA:312,131,0,16
BRDA:312,132,0,12
BRDA:314,133,0,11
BRDA:314,134,0,1
BRDA:323,135,0,51
BRDA:324,136,0,0
BRDA:325,137,0,43
BRDA:329,138,0,5
BRDA:330,139,0,0
BRDA:332,140,0,1
BRDA:345,141,0,50
BRDA:346,142,0,0
BRDA:347,143,0,45
BRDA:348,144,0,45
BRDA:348,145,0,34
BRDA:348,146,0,5
BRDA:349,147,0,1
BRDA:349,148,0,4
BRDA:350,149,0,3
BRDA:350,150,0,1
BRDA:358,151,0,37
BRDA:359,152,0,0
BRF:153
BRH:130
end_of_record
TN:
SF:src/theme/theme.tsx
FN:10,initialTheme
FN:30,ThemeProvider
FN:59,useTheme
FNF:3
FNH:3
FNDA:53,initialTheme
FNDA:84,ThemeProvider
FNDA:164,useTheme
DA:4,1
DA:8,1
DA:10,53
DA:11,53
DA:12,53
DA:13,53
DA:14,53
DA:15,53
DA:16,1
DA:17,1
DA:18,51
DA:19,51
DA:27,1
DA:30,1
DA:34,84
DA:40,84
DA:41,53
DA:42,53
DA:43,53
DA:44,84
DA:46,84
DA:47,5
DA:48,5
DA:49,5
DA:50,84
DA:52,84
DA:54,84
DA:55,84
DA:56,84
DA:59,1
DA:60,164
DA:61,164
DA:62,164
DA:63,164
LF:34
LH:34
BRDA:10,0,0,53
BRDA:13,1,0,1
BRDA:14,2,0,52
BRDA:15,3,0,2
BRDA:15,4,0,51
BRDA:15,5,0,1
BRDA:30,6,0,84
BRDA:40,7,0,53
BRDA:46,8,0,5
BRDA:52,9,0,4
BRDA:52,10,0,0
BRDA:54,11,0,60
BRDA:59,12,0,164
BRDA:61,13,0,0
BRF:14
BRH:12
end_of_record
