{"total": {"lines":{"total":1557,"covered":1539,"skipped":0,"pct":98.84},"statements":{"total":1557,"covered":1539,"skipped":0,"pct":98.84},"functions":{"total":146,"covered":113,"skipped":0,"pct":77.39},"branches":{"total":395,"covered":363,"skipped":0,"pct":91.89},"branchesTrue":{"total":0,"covered":0,"skipped":0,"pct":100}}
,"/home/runner/work/lifeline/lifeline/frontend/src/App.tsx": {"lines":{"total":59,"covered":59,"skipped":0,"pct":100},"functions":{"total":5,"covered":3,"skipped":0,"pct":60},"statements":{"total":59,"covered":59,"skipped":0,"pct":100},"branches":{"total":17,"covered":16,"skipped":0,"pct":94.11}}
,"/home/runner/work/lifeline/lifeline/frontend/src/api/client.ts": {"lines":{"total":94,"covered":92,"skipped":0,"pct":97.87},"functions":{"total":28,"covered":25,"skipped":0,"pct":89.28},"statements":{"total":94,"covered":92,"skipped":0,"pct":97.87},"branches":{"total":49,"covered":47,"skipped":0,"pct":95.91}}
,"/home/runner/work/lifeline/lifeline/frontend/src/components/Mark.tsx": {"lines":{"total":22,"covered":22,"skipped":0,"pct":100},"functions":{"total":2,"covered":2,"skipped":0,"pct":100},"statements":{"total":22,"covered":22,"skipped":0,"pct":100},"branches":{"total":2,"covered":2,"skipped":0,"pct":100}}
,"/home/runner/work/lifeline/lifeline/frontend/src/components/Modal.tsx": {"lines":{"total":48,"covered":48,"skipped":0,"pct":100},"functions":{"total":2,"covered":2,"skipped":0,"pct":100},"statements":{"total":48,"covered":48,"skipped":0,"pct":100},"branches":{"total":9,"covered":8,"skipped":0,"pct":88.88}}
,"/home/runner/work/lifeline/lifeline/frontend/src/components/PulseStrip.tsx": {"lines":{"total":62,"covered":62,"skipped":0,"pct":100},"functions":{"total":2,"covered":2,"skipped":0,"pct":100},"statements":{"total":62,"covered":62,"skipped":0,"pct":100},"branches":{"total":21,"covered":21,"skipped":0,"pct":100}}
,"/home/runner/work/lifeline/lifeline/frontend/src/components/StatusBadge.tsx": {"lines":{"total":17,"covered":17,"skipped":0,"pct":100},"functions":{"total":1,"covered":1,"skipped":0,"pct":100},"statements":{"total":17,"covered":17,"skipped":0,"pct":100},"branches":{"total":1,"covered":1,"skipped":0,"pct":100}}
,"/home/runner/work/lifeline/lifeline/frontend/src/components/TopNav.tsx": {"lines":{"total":50,"covered":49,"skipped":0,"pct":98},"functions":{"total":2,"covered":2,"skipped":0,"pct":100},"statements":{"total":50,"covered":49,"skipped":0,"pct":98},"branches":{"total":10,"covered":9,"skipped":0,"pct":90}}
,"/home/runner/work/lifeline/lifeline/frontend/src/components/VncScreen.tsx": {"lines":{"total":41,"covered":40,"skipped":0,"pct":97.56},"functions":{"total":2,"covered":2,"skipped":0,"pct":100},"statements":{"total":41,"covered":40,"skipped":0,"pct":97.56},"branches":{"total":11,"covered":8,"skipped":0,"pct":72.72}}
,"/home/runner/work/lifeline/lifeline/frontend/src/components/ui.tsx": {"lines":{"total":119,"covered":118,"skipped":0,"pct":99.15},"functions":{"total":11,"covered":11,"skipped":0,"pct":100},"statements":{"total":119,"covered":118,"skipped":0,"pct":99.15},"branches":{"total":24,"covered":23,"skipped":0,"pct":95.83}}
,"/home/runner/work/lifeline/lifeline/frontend/src/hooks/useTheme.ts": {"lines":{"total":27,"covered":25,"skipped":0,"pct":92.59},"functions":{"total":2,"covered":2,"skipped":0,"pct":100},"statements":{"total":27,"covered":25,"skipped":0,"pct":92.59},"branches":{"total":13,"covered":10,"skipped":0,"pct":76.92}}
,"/home/runner/work/lifeline/lifeline/frontend/src/lib/format.ts": {"lines":{"total":71,"covered":71,"skipped":0,"pct":100},"functions":{"total":5,"covered":5,"skipped":0,"pct":100},"statements":{"total":71,"covered":71,"skipped":0,"pct":100},"branches":{"total":38,"covered":38,"skipped":0,"pct":100}}
,"/home/runner/work/lifeline/lifeline/frontend/src/pages/History.tsx": {"lines":{"total":48,"covered":48,"skipped":0,"pct":100},"functions":{"total":2,"covered":2,"skipped":0,"pct":100},"statements":{"total":48,"covered":48,"skipped":0,"pct":100},"branches":{"total":21,"covered":19,"skipped":0,"pct":90.47}}
,"/home/runner/work/lifeline/lifeline/frontend/src/pages/Login.tsx": {"lines":{"total":51,"covered":51,"skipped":0,"pct":100},"functions":{"total":4,"covered":4,"skipped":0,"pct":100},"statements":{"total":51,"covered":51,"skipped":0,"pct":100},"branches":{"total":12,"covered":12,"skipped":0,"pct":100}}
,"/home/runner/work/lifeline/lifeline/frontend/src/pages/SessionPanel.tsx": {"lines":{"total":162,"covered":159,"skipped":0,"pct":98.14},"functions":{"total":11,"covered":10,"skipped":0,"pct":90.9},"statements":{"total":162,"covered":159,"skipped":0,"pct":98.14},"branches":{"total":45,"covered":40,"skipped":0,"pct":88.88}}
,"/home/runner/work/lifeline/lifeline/frontend/src/pages/Settings.tsx": {"lines":{"total":159,"covered":158,"skipped":0,"pct":99.37},"functions":{"total":21,"covered":10,"skipped":0,"pct":47.61},"statements":{"total":159,"covered":158,"skipped":0,"pct":99.37},"branches":{"total":26,"covered":25,"skipped":0,"pct":96.15}}
,"/home/runner/work/lifeline/lifeline/frontend/src/pages/Setup.tsx": {"lines":{"total":92,"covered":89,"skipped":0,"pct":96.73},"functions":{"total":6,"covered":6,"skipped":0,"pct":100},"statements":{"total":92,"covered":89,"skipped":0,"pct":96.73},"branches":{"total":21,"covered":19,"skipped":0,"pct":90.47}}
,"/home/runner/work/lifeline/lifeline/frontend/src/pages/SiteForm.tsx": {"lines":{"total":206,"covered":202,"skipped":0,"pct":98.05},"functions":{"total":20,"covered":6,"skipped":0,"pct":30},"statements":{"total":206,"covered":202,"skipped":0,"pct":98.05},"branches":{"total":20,"covered":20,"skipped":0,"pct":100}}
,"/home/runner/work/lifeline/lifeline/frontend/src/pages/Sites.tsx": {"lines":{"total":229,"covered":229,"skipped":0,"pct":100},"functions":{"total":20,"covered":18,"skipped":0,"pct":90},"statements":{"total":229,"covered":229,"skipped":0,"pct":100},"branches":{"total":55,"covered":45,"skipped":0,"pct":81.81}}
}
