TN:
SF:src/RootLayout.tsx
FN:18,RootLayout
FNF:1
FNH:1
FNDA:43,RootLayout
DA:1,1
DA:2,1
DA:4,1
DA:5,1
DA:6,1
DA:7,1
DA:8,1
DA:11,1
DA:18,1
DA:19,43
DA:20,43
DA:27,43
DA:28,29
DA:29,1
DA:30,1
DA:32,43
DA:34,43
DA:35,43
DA:36,43
DA:37,43
DA:38,43
DA:39,43
DA:40,43
DA:41,43
DA:42,43
DA:44,43
LF:26
LH:26
BRDA:18,0,0,43
BRDA:27,1,0,29
BRDA:28,2,0,27
BRDA:28,3,0,21
BRDA:28,4,0,1
BRF:5
BRH:5
end_of_record
TN:
SF:src/analytics.ts
FN:13,track
FN:18,priceBand
FN:28,rateBand
FN:44,vptRatioBand
FN:61,vptRatioPct
FNF:5
FNH:5
FNDA:68,track
FNDA:9,priceBand
FNDA:11,rateBand
FNDA:18,vptRatioBand
FNDA:9,vptRatioPct
DA:13,1
DA:14,68
DA:15,68
DA:18,1
DA:19,9
DA:20,9
DA:21,9
DA:22,9
DA:23,7
DA:24,1
DA:25,1
DA:28,1
DA:29,11
DA:30,11
DA:31,11
DA:32,11
DA:33,9
DA:34,2
DA:35,2
DA:44,1
DA:45,18
DA:46,14
DA:47,18
DA:48,18
DA:49,18
DA:50,18
DA:51,17
DA:52,16
DA:53,2
DA:54,2
DA:61,1
DA:62,9
DA:63,5
DA:64,5
LF:34
LH:34
BRDA:13,0,0,68
BRDA:14,1,0,30
BRDA:18,2,0,9
BRDA:19,3,0,2
BRDA:19,4,0,7
BRDA:20,5,0,1
BRDA:20,6,0,6
BRDA:21,7,0,1
BRDA:21,8,0,5
BRDA:22,9,0,3
BRDA:22,10,0,7
BRDA:22,11,0,2
BRDA:23,12,0,1
BRDA:28,13,0,11
BRDA:30,14,0,1
BRDA:30,15,0,10
BRDA:31,16,0,2
BRDA:31,17,0,8
BRDA:32,18,0,4
BRDA:32,19,0,9
BRDA:32,20,0,4
BRDA:33,21,0,2
BRDA:44,22,0,18
BRDA:45,23,0,15
BRDA:45,24,0,15
BRDA:45,25,0,17
BRDA:45,26,0,4
BRDA:45,27,0,14
BRDA:47,28,0,1
BRDA:47,29,0,13
BRDA:48,30,0,2
BRDA:48,31,0,11
BRDA:49,32,0,2
BRDA:49,33,0,9
BRDA:50,34,0,2
BRDA:50,35,0,17
BRDA:50,36,0,7
BRDA:51,37,0,3
BRDA:51,38,0,16
BRDA:51,39,0,4
BRDA:52,40,0,2
BRDA:61,41,0,9
BRDA:62,42,0,6
BRDA:62,43,0,6
BRDA:62,44,0,8
BRDA:62,45,0,4
BRDA:62,46,0,5
BRF:47
BRH:47
end_of_record
TN:
SF:src/config.ts
FNF:0
FNH:0
DA:4,1
LF:1
LH:1
BRF:0
BRH:0
end_of_record
TN:
SF:src/format.ts
FN:5,locale
FN:11,nbsp
FN:14,formatEuro
FN:25,formatAmount
FN:30,formatPercent
FNF:5
FNH:5
FNDA:795,locale
FNDA:795,nbsp
FNDA:561,formatEuro
FNDA:54,formatAmount
FNDA:180,formatPercent
DA:5,1
DA:11,1
DA:14,1
DA:15,561
DA:16,561
DA:17,561
DA:18,561
DA:19,561
DA:20,561
DA:21,561
DA:22,561
DA:25,1
DA:26,54
DA:27,54
DA:30,1
DA:31,180
DA:32,180
DA:33,180
DA:34,180
DA:35,180
DA:36,180
DA:37,180
DA:38,180
LF:23
LH:23
BRDA:5,0,0,795
BRDA:5,1,0,30
BRDA:5,2,0,765
BRDA:11,3,0,795
BRDA:14,4,0,561
BRDA:25,5,0,54
BRDA:30,6,0,180
BRF:7
BRH:7
end_of_record
TN:
SF:src/routes.tsx
FN:15,pages
FN:24,guideRoutes
FNF:2
FNH:2
FNDA:4,pages
FNDA:4,guideRoutes
DA:3,1
DA:4,1
DA:5,1
DA:6,1
DA:7,1
DA:8,1
DA:9,1
DA:10,1
DA:11,1
DA:15,1
DA:16,4
DA:17,4
DA:18,4
DA:19,4
DA:24,1
DA:25,4
DA:26,4
DA:27,4
DA:28,4
DA:29,4
DA:30,4
DA:37,1
DA:38,1
DA:39,1
DA:40,1
DA:41,1
DA:42,1
DA:43,1
DA:44,1
DA:45,1
DA:46,1
DA:47,1
DA:48,1
DA:49,1
DA:50,1
DA:51,1
DA:52,1
DA:53,1
DA:54,1
DA:55,1
LF:40
LH:40
BRDA:15,0,0,4
BRDA:24,1,0,4
BRF:2
BRH:2
end_of_record
TN:
SF:src/components/Analytics.tsx
FN:21,Analytics
FNF:1
FNH:1
FNDA:46,Analytics
DA:1,1
DA:2,1
DA:3,1
DA:4,1
DA:5,1
DA:6,1
DA:7,1
DA:8,1
DA:9,1
DA:21,1
DA:22,46
DA:23,46
DA:24,46
DA:31,46
DA:32,46
DA:33,46
DA:34,46
DA:35,7
DA:36,7
DA:37,2
DA:38,46
DA:39,11
DA:40,39
DA:41,2
DA:42,28
DA:43,26
DA:44,26
DA:51,46
DA:52,43
DA:53,43
DA:54,43
DA:55,43
DA:56,43
DA:57,43
DA:58,46
DA:63,46
DA:64,46
DA:65,46
DA:66,40
DA:67,40
DA:68,46
DA:73,46
DA:74,46
DA:75,29
DA:76,28
DA:77,46
DA:79,46
DA:80,43
DA:81,43
DA:82,43
DA:83,43
DA:84,43
DA:85,43
DA:86,43
DA:87,46
DA:88,46
DA:89,46
LF:57
LH:57
BRDA:21,0,0,46
BRDA:34,1,0,7
BRDA:36,2,0,6
BRDA:36,3,0,5
BRDA:36,4,0,2
BRDA:36,5,0,2
BRDA:38,6,0,39
BRDA:38,7,0,11
BRDA:40,8,0,28
BRDA:40,9,0,2
BRDA:42,10,0,26
BRDA:51,11,0,43
BRDA:53,12,0,32
BRDA:53,13,0,11
BRDA:54,14,0,0
BRDA:55,15,0,0
BRDA:56,16,0,0
BRDA:57,17,0,0
BRDA:65,18,0,40
BRDA:74,19,0,29
BRDA:75,20,0,1
BRDA:75,21,0,28
BRDA:76,22,0,1
BRDA:79,23,0,43
BRF:24
BRH:20
end_of_record
TN:
SF:src/components/Breadcrumb.tsx
FN:11,Breadcrumb
FNF:1
FNH:1
FNDA:19,Breadcrumb
DA:1,1
DA:2,1
DA:11,1
DA:12,19
DA:13,19
DA:14,19
DA:15,43
DA:16,43
DA:17,43
DA:18,43
DA:19,19
DA:20,19
DA:22,19
LF:13
LH:13
BRDA:11,0,0,19
BRDA:14,1,0,43
BRDA:16,2,0,24
BRDA:17,3,0,24
BRDA:17,4,0,19
BRF:5
BRH:5
end_of_record
TN:
SF:src/components/BuyerCard.tsx
FN:6,BuyerCard
FN:49,onChange
FN:55,onChange
FN:74,onChange
FN:87,onChange
FN:101,onChange
FN:106,onChange
FNF:7
FNH:6
FNDA:61,BuyerCard
FNDA:1,onChange
FNDA:1,onChange
FNDA:4,onChange
FNDA:2,onChange
FNDA:1,onChange
FNDA:0,onChange
DA:1,1
DA:3,1
DA:6,1
DA:7,61
DA:8,61
DA:9,61
DA:10,61
DA:11,61
DA:12,61
DA:13,61
DA:20,61
DA:21,61
DA:22,61
DA:24,61
DA:25,61
DA:26,61
DA:27,61
DA:28,61
DA:29,61
DA:30,61
DA:31,4
DA:32,4
DA:33,4
DA:34,4
DA:35,4
DA:37,4
DA:38,4
DA:40,61
DA:42,61
DA:43,61
DA:44,61
DA:45,61
DA:46,61
DA:47,61
DA:48,61
DA:49,61
DA:50,61
DA:52,61
DA:53,61
DA:54,61
DA:55,61
DA:56,1
DA:57,1
DA:59,1
DA:60,1
DA:61,1
DA:63,61
DA:64,61
DA:65,61
DA:66,61
DA:67,61
DA:69,61
DA:70,61
DA:71,61
DA:74,61
DA:75,4
DA:77,61
DA:78,61
DA:79,61
DA:80,61
DA:81,61
DA:83,61
DA:84,9
DA:85,9
DA:86,9
DA:87,9
DA:88,9
DA:89,9
DA:90,9
DA:91,9
DA:92,9
DA:93,9
DA:94,9
DA:97,61
DA:98,4
DA:99,4
DA:100,4
DA:101,4
DA:102,4
DA:105,61
DA:106,57
DA:108,61
DA:109,61
DA:111,61
LF:84
LH:84
BRDA:6,0,0,61
BRDA:30,1,0,4
BRDA:83,2,0,9
BRDA:97,3,0,4
BRDA:105,4,0,57
BRDA:49,5,0,1
BRDA:49,6,0,0
BRDA:55,7,0,1
BRDA:59,8,0,0
BRDA:60,9,0,0
BRDA:74,10,0,4
BRDA:75,11,0,1
BRDA:75,12,0,3
BRDA:87,13,0,2
BRDA:101,14,0,1
BRF:15
BRH:12
end_of_record
TN:
SF:src/components/Layout.tsx
FN:11,Layout
FN:17,path
FN:25,navClass
FN:49,onClick
FN:81,onClick
FN:99,onClick
FN:126,onClick
FN:140,HouseMark
FN:160,MenuIcon
FN:168,CloseIcon
FN:176,SunIcon
FN:185,MoonIcon
FNF:12
FNH:10
FNDA:63,Layout
FNDA:252,path
FNDA:184,navClass
FNDA:0,onClick
FNDA:7,onClick
FNDA:3,onClick
FNDA:1,onClick
FNDA:46,HouseMark
FNDA:46,MenuIcon
FNDA:0,CloseIcon
FNDA:4,SunIcon
FNDA:42,MoonIcon
DA:1,1
DA:2,1
DA:3,1
DA:5,1
DA:6,1
DA:7,1
DA:8,1
DA:11,1
DA:12,63
DA:13,63
DA:14,63
DA:15,63
DA:17,63
DA:22,63
DA:23,63
DA:25,63
DA:26,184
DA:28,63
DA:29,63
DA:30,63
DA:31,63
DA:32,63
DA:34,63
DA:35,63
DA:36,63
DA:37,63
DA:38,63
DA:39,63
DA:40,63
DA:41,63
DA:43,63
DA:44,63
DA:45,63
DA:46,63
DA:47,63
DA:48,63
DA:49,63
DA:51,63
DA:52,63
DA:54,63
DA:55,63
DA:56,63
DA:57,63
DA:59,63
DA:60,63
DA:61,63
DA:62,63
DA:63,63
DA:64,63
DA:65,63
DA:66,63
DA:67,63
DA:68,63
DA:69,63
DA:70,63
DA:71,63
DA:73,63
DA:74,63
DA:75,63
DA:76,126
DA:77,126
DA:78,126
DA:79,126
DA:80,126
DA:81,126
DA:82,7
DA:86,7
DA:87,7
DA:88,7
DA:89,7
DA:90,7
DA:92,126
DA:93,126
DA:94,63
DA:95,63
DA:96,63
DA:97,63
DA:98,63
DA:99,63
DA:100,3
DA:101,3
DA:102,3
DA:103,63
DA:105,63
DA:106,63
DA:107,63
DA:108,63
DA:110,63
DA:111,63
DA:112,63
DA:114,63
DA:115,63
DA:116,63
DA:117,63
DA:118,63
DA:119,63
DA:120,63
DA:121,63
DA:122,63
DA:123,63
DA:124,63
DA:125,63
DA:126,63
DA:128,63
DA:129,63
DA:130,63
DA:131,63
DA:132,63
DA:133,63
DA:134,63
DA:135,63
DA:137,63
DA:140,46
DA:141,46
DA:142,46
DA:143,46
DA:144,46
DA:145,46
DA:146,46
DA:147,46
DA:148,46
DA:149,46
DA:150,46
DA:151,46
DA:152,46
DA:153,46
DA:155,46
DA:156,46
DA:158,46
DA:160,46
DA:161,46
DA:162,46
DA:163,46
DA:164,46
DA:166,46
DA:168,0
DA:169,0
DA:170,0
DA:171,0
DA:172,0
DA:174,0
DA:176,4
DA:177,4
DA:178,4
DA:179,4
DA:180,4
DA:181,4
DA:183,4
DA:185,42
DA:186,42
DA:187,42
DA:188,42
DA:189,42
DA:191,42
LF:154
LH:148
BRDA:11,0,0,63
BRDA:51,1,0,0
BRDA:55,2,0,0
BRDA:103,3,0,8
BRDA:103,4,0,55
BRDA:105,5,0,8
BRDA:105,6,0,55
BRDA:17,7,0,252
BRDA:23,8,0,43
BRDA:25,9,0,184
BRDA:26,10,0,40
BRDA:26,11,0,144
BRDA:75,12,0,126
BRDA:81,13,0,7
BRDA:82,14,0,0
BRDA:88,15,0,0
BRDA:99,16,0,3
BRDA:100,17,0,0
BRDA:126,18,0,1
BRDA:140,19,0,46
BRDA:160,20,0,46
BRDA:176,21,0,4
BRDA:185,22,0,42
BRF:23
BRH:18
end_of_record
TN:
SF:src/components/ResultsPanel.tsx
FN:9,ruleLabel
FN:16,ResultsPanel
FN:38,notify
FN:44,copy
FN:54,pctDigits
FN:60,pct
FN:66,imtFormula
FN:76,copyResult
FN:199,onFocus
FN:204,onClick
FN:226,onClick
FN:243,Tile
FNF:12
FNH:11
FNDA:6,ruleLabel
FNDA:68,ResultsPanel
FNDA:4,notify
FNDA:5,copy
FNDA:74,pctDigits
FNDA:74,pct
FNDA:68,imtFormula
FNDA:2,copyResult
FNDA:0,onFocus
FNDA:3,onClick
FNDA:1,onClick
FNDA:204,Tile
DA:1,1
DA:2,1
DA:4,1
DA:5,1
DA:6,1
DA:7,1
DA:9,6
DA:10,6
DA:11,5
DA:12,4
DA:13,4
DA:16,1
DA:17,68
DA:18,68
DA:19,68
DA:20,68
DA:24,68
DA:25,68
DA:26,68
DA:27,68
DA:30,68
DA:35,68
DA:36,68
DA:38,68
DA:39,4
DA:40,4
DA:41,4
DA:42,4
DA:44,68
DA:45,5
DA:46,5
DA:47,4
DA:48,5
DA:50,1
DA:51,5
DA:54,68
DA:55,74
DA:56,74
DA:57,74
DA:58,54
DA:59,74
DA:60,68
DA:66,68
DA:67,68
DA:68,68
DA:69,68
DA:70,56
DA:71,12
DA:72,68
DA:73,68
DA:74,68
DA:76,68
DA:77,2
DA:78,2
DA:79,2
DA:80,2
DA:81,2
DA:82,2
DA:83,2
DA:84,2
DA:85,2
DA:86,2
DA:87,2
DA:89,68
DA:90,68
DA:91,68
DA:92,68
DA:93,68
DA:94,68
DA:95,68
DA:96,68
DA:97,68
DA:98,68
DA:99,68
DA:101,68
DA:102,0
DA:103,0
DA:104,0
DA:107,68
DA:108,68
DA:109,68
DA:110,68
DA:111,68
DA:113,68
DA:114,65
DA:115,65
DA:116,65
DA:117,65
DA:118,68
DA:119,68
DA:120,6
DA:121,6
DA:122,6
DA:124,68
DA:125,68
DA:126,65
DA:127,65
DA:128,54
DA:130,65
DA:131,65
DA:134,68
DA:135,68
DA:136,68
DA:137,68
DA:138,68
DA:139,68
DA:140,68
DA:141,68
DA:142,68
DA:143,68
DA:144,2
DA:145,2
DA:146,2
DA:147,2
DA:149,68
DA:151,68
DA:152,3
DA:153,3
DA:154,3
DA:155,6
DA:156,6
DA:157,6
DA:158,6
DA:159,6
DA:160,6
DA:161,6
DA:162,6
DA:163,6
DA:164,6
DA:165,6
DA:166,6
DA:167,6
DA:168,6
DA:169,6
DA:170,6
DA:171,6
DA:172,6
DA:173,6
DA:174,6
DA:175,6
DA:176,6
DA:177,1
DA:178,1
DA:179,1
DA:181,6
DA:182,3
DA:183,3
DA:186,68
DA:188,68
DA:189,68
DA:190,68
DA:191,68
DA:192,68
DA:193,68
DA:194,68
DA:195,68
DA:196,68
DA:197,68
DA:198,68
DA:199,68
DA:200,68
DA:201,68
DA:202,68
DA:203,68
DA:204,68
DA:205,3
DA:206,3
DA:207,3
DA:209,68
DA:210,68
DA:211,68
DA:212,68
DA:214,68
DA:216,68
DA:217,68
DA:218,68
DA:219,68
DA:220,68
DA:221,68
DA:222,68
DA:223,68
DA:224,68
DA:225,68
DA:226,68
DA:227,1
DA:228,1
DA:229,1
DA:231,68
DA:232,68
DA:233,68
DA:234,68
DA:235,3
DA:236,3
DA:237,3
DA:239,68
DA:241,68
DA:243,204
DA:244,204
DA:245,204
DA:246,204
DA:247,204
DA:248,204
DA:250,204
LF:203
LH:200
BRDA:9,0,0,6
BRDA:10,1,0,5
BRDA:10,2,0,1
BRDA:11,3,0,1
BRDA:11,4,0,4
BRDA:16,5,0,68
BRDA:35,6,0,65
BRDA:35,7,0,3
BRDA:96,8,0,0
BRDA:101,9,0,0
BRDA:113,10,0,65
BRDA:127,11,0,54
BRDA:143,12,0,2
BRDA:151,13,0,3
BRDA:186,14,0,4
BRDA:234,15,0,3
BRDA:30,16,0,36
BRDA:30,17,0,36
BRDA:38,18,0,4
BRDA:44,19,0,5
BRDA:46,20,0,4
BRDA:48,21,0,1
BRDA:54,22,0,74
BRDA:56,23,0,12
BRDA:56,24,0,62
BRDA:57,25,0,8
BRDA:57,26,0,54
BRDA:60,27,0,74
BRDA:66,28,0,68
BRDA:69,29,0,56
BRDA:70,30,0,12
BRDA:72,31,0,62
BRDA:72,32,0,6
BRDA:76,33,0,2
BRDA:117,34,0,68
BRDA:119,35,0,6
BRDA:127,36,0,66
BRDA:127,37,0,54
BRDA:154,38,0,6
BRDA:176,39,0,1
BRDA:176,40,0,1
BRDA:204,41,0,3
BRDA:226,42,0,1
BRDA:243,43,0,204
BRDA:245,44,0,68
BRDA:245,45,0,136
BRF:46
BRH:44
end_of_record
TN:
SF:src/components/controls.tsx
FN:8,Field
FN:40,NumberField
FN:71,onChange
FN:93,SelectField
FN:109,onChange
FN:121,Segmented
FN:142,onClick
FN:153,Toggle
FN:170,onChange
FNF:9
FNH:9
FNDA:252,Field
FNDA:182,NumberField
FNDA:8,onChange
FNDA:70,SelectField
FNDA:3,onChange
FNDA:181,Segmented
FNDA:5,onClick
FNDA:120,Toggle
FNDA:2,onChange
DA:2,1
DA:8,1
DA:9,252
DA:10,252
DA:11,252
DA:12,252
DA:13,252
DA:14,252
DA:20,252
DA:21,252
DA:22,252
DA:23,252
DA:24,252
DA:25,252
DA:26,252
DA:27,252
DA:28,252
DA:29,252
DA:31,252
DA:40,1
DA:41,182
DA:42,182
DA:43,182
DA:44,182
DA:45,182
DA:46,182
DA:47,182
DA:48,182
DA:49,182
DA:58,182
DA:59,182
DA:60,182
DA:61,182
DA:62,182
DA:63,182
DA:64,182
DA:65,182
DA:66,182
DA:67,182
DA:68,182
DA:69,182
DA:70,182
DA:71,182
DA:72,8
DA:73,7
DA:74,8
DA:75,7
DA:76,8
DA:77,7
DA:78,8
DA:79,182
DA:80,182
DA:81,182
DA:82,182
DA:84,182
DA:93,1
DA:94,70
DA:95,70
DA:96,70
DA:97,70
DA:98,70
DA:99,70
DA:105,70
DA:106,70
DA:107,70
DA:108,70
DA:109,70
DA:110,70
DA:111,219
DA:112,219
DA:113,219
DA:114,70
DA:115,70
DA:116,70
DA:118,70
DA:121,1
DA:122,181
DA:123,181
DA:124,181
DA:125,181
DA:126,181
DA:131,181
DA:132,181
DA:133,181
DA:134,181
DA:135,181
DA:136,181
DA:137,362
DA:138,362
DA:139,362
DA:140,362
DA:141,362
DA:142,362
DA:144,362
DA:145,362
DA:146,181
DA:147,181
DA:148,181
DA:150,181
DA:153,1
DA:154,120
DA:155,120
DA:156,120
DA:157,120
DA:161,120
DA:162,120
DA:163,120
DA:164,120
DA:165,120
DA:166,120
DA:167,120
DA:168,120
DA:169,120
DA:170,120
DA:171,120
DA:172,120
DA:173,120
DA:174,120
DA:175,120
DA:177,120
LF:120
LH:120
BRDA:8,0,0,252
BRDA:25,1,0,59
BRDA:28,2,0,118
BRDA:40,3,0,182
BRDA:70,4,0,123
BRDA:70,5,0,59
BRDA:80,6,0,181
BRDA:71,7,0,8
BRDA:72,8,0,1
BRDA:72,9,0,7
BRDA:74,10,0,0
BRDA:74,11,0,7
BRDA:76,12,0,1
BRDA:76,13,0,7
BRDA:93,14,0,70
BRDA:109,15,0,3
BRDA:110,16,0,219
BRDA:121,17,0,181
BRDA:136,18,0,362
BRDA:142,19,0,5
BRDA:153,20,0,120
BRDA:170,21,0,2
BRF:22
BRH:21
end_of_record
TN:
SF:src/content/glossary.ts
FNF:0
FNH:0
DA:10,1
DA:11,1
DA:12,1
DA:13,1
DA:14,1
DA:15,1
DA:16,1
DA:17,1
DA:18,1
DA:19,1
DA:20,1
DA:21,1
DA:22,1
DA:23,1
DA:24,1
DA:25,1
DA:26,1
DA:27,1
DA:28,1
DA:29,1
DA:30,1
DA:31,1
DA:32,1
DA:33,1
DA:34,1
DA:35,1
DA:36,1
DA:37,1
DA:38,1
DA:39,1
DA:40,1
DA:41,1
DA:42,1
DA:43,1
DA:44,1
DA:45,1
DA:46,1
DA:47,1
DA:48,1
DA:49,1
DA:50,1
DA:51,1
DA:52,1
DA:53,1
DA:54,1
DA:55,1
DA:56,1
DA:57,1
DA:58,1
DA:59,1
DA:60,1
DA:61,1
DA:62,1
DA:63,1
DA:64,1
DA:65,1
DA:66,1
DA:67,1
DA:68,1
DA:69,1
DA:70,1
DA:71,1
DA:72,1
DA:73,1
DA:74,1
DA:75,1
DA:76,1
DA:77,1
DA:78,1
DA:79,1
DA:80,1
DA:81,1
DA:82,1
DA:83,1
DA:84,1
DA:85,1
DA:86,1
DA:87,1
DA:88,1
DA:89,1
DA:90,1
DA:91,1
DA:92,1
DA:93,1
DA:94,1
DA:95,1
DA:96,1
DA:97,1
DA:98,1
DA:99,1
DA:100,1
DA:101,1
DA:102,1
DA:103,1
DA:104,1
DA:105,1
DA:106,1
DA:107,1
DA:108,1
DA:109,1
DA:110,1
DA:111,1
DA:112,1
DA:113,1
DA:114,1
DA:115,1
DA:116,1
DA:117,1
DA:118,1
DA:119,1
DA:120,1
DA:121,1
DA:122,1
DA:123,1
DA:124,1
DA:125,1
DA:126,1
DA:127,1
DA:128,1
DA:129,1
DA:130,1
DA:131,1
DA:132,1
DA:133,1
DA:134,1
DA:135,1
DA:136,1
DA:137,1
DA:138,1
DA:139,1
DA:140,1
DA:141,1
DA:142,1
DA:143,1
DA:144,1
DA:145,1
DA:146,1
DA:147,1
DA:148,1
DA:149,1
DA:150,1
DA:151,1
DA:152,1
DA:153,1
DA:154,1
DA:155,1
DA:156,1
DA:157,1
DA:158,1
DA:159,1
DA:160,1
DA:161,1
DA:162,1
DA:163,1
DA:164,1
DA:165,1
DA:166,1
DA:167,1
DA:168,1
DA:169,1
DA:170,1
DA:171,1
DA:172,1
DA:173,1
DA:174,1
DA:175,1
DA:176,1
DA:177,1
DA:178,1
DA:179,1
DA:180,1
DA:181,1
DA:182,1
DA:183,1
DA:184,1
DA:185,1
DA:186,1
DA:187,1
DA:188,1
DA:189,1
DA:190,1
DA:191,1
DA:192,1
DA:193,1
DA:194,1
DA:195,1
DA:196,1
DA:197,1
DA:198,1
DA:199,1
DA:200,1
DA:201,1
DA:202,1
DA:203,1
DA:204,1
DA:205,1
DA:206,1
DA:207,1
DA:208,1
DA:209,1
DA:210,1
DA:211,1
DA:212,1
DA:213,1
DA:214,1
DA:215,1
DA:216,1
DA:217,1
DA:218,1
DA:219,1
DA:220,1
LF:211
LH:211
BRF:0
BRH:0
end_of_record
TN:
SF:src/content/howItWorks.ts
FNF:0
FNH:0
DA:13,1
DA:14,1
DA:15,1
DA:16,1
DA:17,1
DA:18,1
DA:19,1
DA:20,1
DA:21,1
DA:22,1
DA:23,1
DA:24,1
DA:25,1
DA:26,1
DA:27,1
DA:28,1
DA:29,1
DA:30,1
DA:31,1
DA:32,1
DA:33,1
DA:34,1
DA:35,1
DA:36,1
DA:37,1
DA:38,1
DA:39,1
DA:40,1
DA:41,1
DA:42,1
DA:43,1
DA:44,1
DA:45,1
DA:46,1
DA:47,1
DA:48,1
DA:49,1
DA:50,1
DA:51,1
DA:52,1
DA:53,1
DA:54,1
DA:55,1
DA:56,1
DA:57,1
DA:58,1
DA:59,1
DA:60,1
DA:61,1
DA:62,1
DA:63,1
DA:64,1
DA:65,1
DA:66,1
DA:67,1
DA:68,1
DA:69,1
DA:70,1
DA:71,1
DA:72,1
DA:73,1
DA:74,1
DA:75,1
DA:76,1
DA:77,1
DA:78,1
DA:79,1
DA:80,1
DA:81,1
DA:82,1
DA:83,1
DA:84,1
DA:85,1
DA:86,1
DA:87,1
DA:88,1
DA:89,1
DA:90,1
DA:91,1
DA:92,1
DA:93,1
DA:94,1
DA:95,1
DA:96,1
DA:97,1
DA:98,1
DA:99,1
DA:100,1
DA:101,1
DA:102,1
DA:103,1
DA:104,1
DA:105,1
DA:106,1
DA:107,1
DA:108,1
DA:109,1
DA:110,1
DA:111,1
DA:112,1
DA:113,1
DA:114,1
DA:115,1
DA:116,1
DA:117,1
DA:118,1
DA:119,1
DA:120,1
DA:121,1
DA:122,1
DA:123,1
DA:124,1
DA:125,1
DA:126,1
DA:127,1
DA:128,1
DA:129,1
DA:130,1
DA:131,1
DA:132,1
DA:133,1
DA:134,1
DA:135,1
DA:136,1
DA:137,1
DA:138,1
DA:139,1
DA:140,1
DA:141,1
DA:142,1
DA:143,1
DA:144,1
DA:145,1
DA:146,1
DA:147,1
DA:148,1
DA:149,1
DA:150,1
DA:151,1
DA:152,1
DA:153,1
DA:154,1
DA:155,1
DA:156,1
DA:157,1
DA:158,1
DA:159,1
LF:147
LH:147
BRF:0
BRH:0
end_of_record
TN:
SF:src/content/guides/imt-imi-stamp-duty.ts
FNF:0
FNH:0
DA:7,1
DA:8,1
DA:9,1
DA:10,1
DA:11,1
DA:12,1
DA:13,1
DA:14,1
DA:15,1
DA:16,1
DA:17,1
DA:18,1
DA:19,1
DA:20,1
DA:21,1
DA:22,1
DA:23,1
DA:24,1
DA:25,1
DA:26,1
DA:27,1
DA:28,1
DA:29,1
DA:30,1
DA:31,1
DA:32,1
DA:33,1
DA:34,1
DA:35,1
DA:36,1
DA:37,1
DA:38,1
DA:39,1
DA:40,1
DA:41,1
DA:42,1
DA:43,1
DA:44,1
DA:45,1
DA:46,1
DA:47,1
DA:48,1
DA:49,1
DA:50,1
DA:51,1
DA:52,1
DA:53,1
DA:54,1
DA:55,1
DA:56,1
DA:57,1
DA:58,1
DA:59,1
DA:60,1
DA:61,1
DA:62,1
DA:63,1
DA:64,1
DA:65,1
DA:66,1
DA:67,1
DA:68,1
DA:69,1
DA:70,1
DA:71,1
DA:72,1
DA:73,1
DA:74,1
DA:75,1
DA:76,1
DA:77,1
DA:78,1
DA:79,1
DA:80,1
DA:81,1
DA:82,1
DA:83,1
DA:84,1
DA:85,1
DA:86,1
DA:87,1
DA:88,1
DA:89,1
DA:90,1
DA:91,1
DA:92,1
DA:93,1
DA:94,1
DA:95,1
DA:96,1
DA:97,1
DA:98,1
DA:99,1
DA:100,1
DA:101,1
DA:102,1
DA:103,1
DA:104,1
DA:105,1
DA:106,1
DA:107,1
DA:108,1
DA:109,1
DA:110,1
DA:111,1
DA:112,1
DA:113,1
DA:114,1
DA:115,1
DA:116,1
DA:117,1
DA:118,1
DA:119,1
DA:120,1
DA:121,1
DA:122,1
DA:123,1
DA:124,1
DA:125,1
DA:126,1
DA:127,1
DA:128,1
DA:129,1
DA:130,1
DA:131,1
DA:132,1
DA:133,1
DA:134,1
LF:128
LH:128
BRF:0
BRH:0
end_of_record
TN:
SF:src/content/guides/imt-jovem.ts
FNF:0
FNH:0
DA:7,1
DA:8,1
DA:9,1
DA:10,1
DA:11,1
DA:12,1
DA:13,1
DA:14,1
DA:15,1
DA:16,1
DA:17,1
DA:18,1
DA:19,1
DA:20,1
DA:21,1
DA:22,1
DA:23,1
DA:24,1
DA:25,1
DA:26,1
DA:27,1
DA:28,1
DA:29,1
DA:30,1
DA:31,1
DA:32,1
DA:33,1
DA:34,1
DA:35,1
DA:36,1
DA:37,1
DA:38,1
DA:39,1
DA:40,1
DA:41,1
DA:42,1
DA:43,1
DA:44,1
DA:45,1
DA:46,1
DA:47,1
DA:48,1
DA:49,1
DA:50,1
DA:51,1
DA:52,1
DA:53,1
DA:54,1
DA:55,1
DA:56,1
DA:57,1
DA:58,1
DA:59,1
DA:60,1
DA:61,1
DA:62,1
DA:63,1
DA:64,1
DA:65,1
DA:66,1
DA:67,1
DA:68,1
DA:69,1
DA:70,1
DA:71,1
DA:72,1
DA:73,1
DA:74,1
DA:75,1
DA:76,1
DA:77,1
DA:78,1
DA:79,1
DA:80,1
DA:81,1
DA:82,1
DA:83,1
DA:84,1
DA:85,1
DA:86,1
DA:87,1
DA:88,1
DA:89,1
DA:90,1
DA:91,1
DA:92,1
DA:93,1
DA:94,1
DA:95,1
DA:96,1
DA:97,1
DA:98,1
DA:99,1
DA:100,1
DA:101,1
DA:102,1
DA:103,1
DA:104,1
DA:105,1
DA:106,1
DA:107,1
DA:108,1
DA:109,1
DA:110,1
DA:111,1
DA:112,1
DA:113,1
DA:114,1
DA:115,1
DA:116,1
DA:117,1
DA:118,1
DA:119,1
DA:120,1
DA:121,1
DA:122,1
DA:123,1
DA:124,1
DA:125,1
DA:126,1
DA:127,1
DA:128,1
DA:129,1
DA:130,1
DA:131,1
DA:132,1
DA:133,1
DA:134,1
DA:135,1
DA:136,1
DA:137,1
DA:138,1
DA:139,1
DA:140,1
DA:141,1
DA:142,1
DA:143,1
DA:144,1
DA:145,1
DA:146,1
DA:147,1
DA:148,1
DA:149,1
DA:150,1
DA:151,1
DA:152,1
DA:153,1
DA:154,1
DA:155,1
DA:156,1
LF:150
LH:150
BRF:0
BRH:0
end_of_record
TN:
SF:src/content/guides/imt-non-residents.ts
FNF:0
FNH:0
DA:7,1
DA:8,1
DA:9,1
DA:10,1
DA:11,1
DA:12,1
DA:13,1
DA:14,1
DA:15,1
DA:16,1
DA:17,1
DA:18,1
DA:19,1
DA:20,1
DA:21,1
DA:22,1
DA:23,1
DA:24,1
DA:25,1
DA:26,1
DA:27,1
DA:28,1
DA:29,1
DA:30,1
DA:31,1
DA:32,1
DA:33,1
DA:34,1
DA:35,1
DA:36,1
DA:37,1
DA:38,1
DA:39,1
DA:40,1
DA:41,1
DA:42,1
DA:43,1
DA:44,1
DA:45,1
DA:46,1
DA:47,1
DA:48,1
DA:49,1
DA:50,1
DA:51,1
DA:52,1
DA:53,1
DA:54,1
DA:55,1
DA:56,1
DA:57,1
DA:58,1
DA:59,1
DA:60,1
DA:61,1
DA:62,1
DA:63,1
DA:64,1
DA:65,1
DA:66,1
DA:67,1
DA:68,1
DA:69,1
DA:70,1
DA:71,1
DA:72,1
DA:73,1
DA:74,1
DA:75,1
DA:76,1
DA:77,1
DA:78,1
DA:79,1
DA:80,1
DA:81,1
DA:82,1
DA:83,1
DA:84,1
DA:85,1
DA:86,1
DA:87,1
DA:88,1
DA:89,1
DA:90,1
DA:91,1
DA:92,1
DA:93,1
DA:94,1
DA:95,1
DA:96,1
DA:97,1
DA:98,1
DA:99,1
DA:100,1
DA:101,1
DA:102,1
DA:103,1
DA:104,1
DA:105,1
DA:106,1
DA:107,1
DA:108,1
DA:109,1
DA:110,1
DA:111,1
DA:112,1
DA:113,1
DA:114,1
DA:115,1
DA:116,1
DA:117,1
DA:118,1
DA:119,1
DA:120,1
DA:121,1
DA:122,1
DA:123,1
DA:124,1
DA:125,1
DA:126,1
DA:127,1
DA:128,1
DA:129,1
DA:130,1
DA:131,1
DA:132,1
DA:133,1
DA:134,1
DA:135,1
DA:136,1
DA:137,1
DA:138,1
DA:139,1
DA:140,1
DA:141,1
DA:142,1
DA:143,1
DA:144,1
DA:145,1
DA:146,1
DA:147,1
DA:148,1
DA:149,1
DA:150,1
DA:151,1
DA:152,1
DA:153,1
DA:154,1
DA:155,1
DA:156,1
DA:157,1
DA:158,1
DA:159,1
DA:160,1
DA:161,1
DA:162,1
DA:163,1
DA:164,1
DA:165,1
DA:166,1
DA:167,1
DA:168,1
LF:162
LH:162
BRF:0
BRH:0
end_of_record
TN:
SF:src/content/guides/imt-regions.ts
FNF:0
FNH:0
DA:7,1
DA:8,1
DA:9,1
DA:10,1
DA:11,1
DA:12,1
DA:13,1
DA:14,1
DA:15,1
DA:16,1
DA:17,1
DA:18,1
DA:19,1
DA:20,1
DA:21,1
DA:22,1
DA:23,1
DA:24,1
DA:25,1
DA:26,1
DA:27,1
DA:28,1
DA:29,1
DA:30,1
DA:31,1
DA:32,1
DA:33,1
DA:34,1
DA:35,1
DA:36,1
DA:37,1
DA:38,1
DA:39,1
DA:40,1
DA:41,1
DA:42,1
DA:43,1
DA:44,1
DA:45,1
DA:46,1
DA:47,1
DA:48,1
DA:49,1
DA:50,1
DA:51,1
DA:52,1
DA:53,1
DA:54,1
DA:55,1
DA:56,1
DA:57,1
DA:58,1
DA:59,1
DA:60,1
DA:61,1
DA:62,1
DA:63,1
DA:64,1
DA:65,1
DA:66,1
DA:67,1
DA:68,1
DA:69,1
DA:70,1
DA:71,1
DA:72,1
DA:73,1
DA:74,1
DA:75,1
DA:76,1
DA:77,1
DA:78,1
DA:79,1
DA:80,1
DA:81,1
DA:82,1
DA:83,1
DA:84,1
DA:85,1
DA:86,1
DA:87,1
DA:88,1
DA:89,1
DA:90,1
DA:91,1
DA:92,1
DA:93,1
DA:94,1
DA:95,1
DA:96,1
DA:97,1
DA:98,1
DA:99,1
DA:100,1
DA:101,1
DA:102,1
DA:103,1
DA:104,1
DA:105,1
DA:106,1
DA:107,1
DA:108,1
DA:109,1
DA:110,1
DA:111,1
DA:112,1
DA:113,1
DA:114,1
DA:115,1
DA:116,1
DA:117,1
DA:118,1
DA:119,1
DA:120,1
DA:121,1
DA:122,1
DA:123,1
DA:124,1
DA:125,1
DA:126,1
DA:127,1
DA:128,1
DA:129,1
DA:130,1
DA:131,1
DA:132,1
DA:133,1
DA:134,1
DA:135,1
DA:136,1
LF:130
LH:130
BRF:0
BRH:0
end_of_record
TN:
SF:src/content/guides/imt-tables.ts
FNF:0
FNH:0
DA:7,1
DA:8,1
DA:9,1
DA:10,1
DA:11,1
DA:12,1
DA:13,1
DA:14,1
DA:15,1
DA:16,1
DA:17,1
DA:18,1
DA:19,1
DA:20,1
DA:21,1
DA:22,1
DA:23,1
DA:24,1
DA:25,1
DA:26,1
DA:27,1
DA:28,1
DA:29,1
DA:30,1
DA:31,1
DA:32,1
DA:33,1
DA:34,1
DA:35,1
DA:36,1
DA:37,1
DA:38,1
DA:39,1
DA:40,1
DA:41,1
DA:42,1
DA:43,1
DA:44,1
DA:45,1
DA:46,1
DA:47,1
DA:48,1
DA:49,1
DA:50,1
DA:51,1
DA:52,1
DA:53,1
DA:54,1
DA:55,1
DA:56,1
DA:57,1
DA:58,1
DA:59,1
DA:60,1
DA:61,1
DA:62,1
DA:63,1
DA:64,1
DA:65,1
DA:66,1
DA:67,1
DA:68,1
DA:69,1
DA:70,1
DA:71,1
DA:72,1
DA:73,1
DA:74,1
DA:75,1
DA:76,1
DA:77,1
DA:78,1
DA:79,1
DA:80,1
DA:81,1
DA:82,1
DA:83,1
DA:84,1
DA:85,1
DA:86,1
DA:87,1
DA:88,1
DA:89,1
DA:90,1
DA:91,1
DA:92,1
DA:93,1
DA:94,1
DA:95,1
DA:96,1
DA:97,1
DA:98,1
DA:99,1
DA:100,1
DA:101,1
DA:102,1
DA:103,1
DA:104,1
DA:105,1
DA:106,1
DA:107,1
DA:108,1
DA:109,1
DA:110,1
DA:111,1
DA:112,1
DA:113,1
DA:114,1
DA:115,1
DA:116,1
DA:117,1
DA:118,1
DA:119,1
DA:120,1
DA:121,1
DA:122,1
DA:123,1
DA:124,1
DA:125,1
DA:126,1
DA:127,1
DA:128,1
DA:129,1
DA:130,1
DA:131,1
DA:132,1
DA:133,1
DA:134,1
DA:135,1
DA:136,1
DA:137,1
DA:138,1
DA:139,1
DA:140,1
DA:141,1
DA:142,1
DA:143,1
DA:144,1
DA:145,1
DA:146,1
DA:147,1
DA:148,1
LF:142
LH:142
BRF:0
BRH:0
end_of_record
TN:
SF:src/content/guides/index.ts
FNF:0
FNH:0
DA:8,1
DA:9,1
DA:10,1
DA:11,1
DA:12,1
DA:14,1
DA:17,1
DA:18,1
DA:19,1
DA:20,1
DA:21,1
DA:22,1
DA:23,1
LF:13
LH:13
BRF:0
BRH:0
end_of_record
TN:
SF:src/content/guides/registry.ts
FN:138,guideById
FN:139,guideBySlug
FNF:2
FNH:2
FNDA:5,guideById
FNDA:6,guideBySlug
DA:14,1
DA:46,1
DA:47,1
DA:48,1
DA:49,1
DA:50,1
DA:51,1
DA:52,1
DA:53,1
DA:54,1
DA:55,1
DA:56,1
DA:57,1
DA:58,1
DA:59,1
DA:60,1
DA:61,1
DA:62,1
DA:63,1
DA:64,1
DA:65,1
DA:66,1
DA:67,1
DA:68,1
DA:69,1
DA:70,1
DA:71,1
DA:72,1
DA:73,1
DA:74,1
DA:75,1
DA:76,1
DA:77,1
DA:78,1
DA:79,1
DA:80,1
DA:81,1
DA:82,1
DA:83,1
DA:84,1
DA:85,1
DA:86,1
DA:87,1
DA:88,1
DA:89,1
DA:90,1
DA:91,1
DA:92,1
DA:93,1
DA:94,1
DA:95,1
DA:96,1
DA:97,1
DA:98,1
DA:99,1
DA:100,1
DA:101,1
DA:102,1
DA:103,1
DA:104,1
DA:105,1
DA:106,1
DA:107,1
DA:108,1
DA:109,1
DA:110,1
DA:111,1
DA:112,1
DA:113,1
DA:114,1
DA:115,1
DA:116,1
DA:117,1
DA:118,1
DA:119,1
DA:120,1
DA:121,1
DA:122,1
DA:125,1
DA:126,1
DA:127,1
DA:128,1
DA:129,1
DA:130,1
DA:131,1
DA:132,1
DA:133,1
DA:134,1
DA:135,1
DA:136,1
DA:138,1
DA:139,1
DA:140,6
LF:93
LH:93
BRDA:138,0,0,5
BRDA:138,1,0,9
BRDA:139,2,0,6
BRDA:140,3,0,14
BRF:4
BRH:4
end_of_record
TN:
SF:src/engine/imt.ts
FN:17,round2
FN:25,pickTable
FN:38,pickBracket
FN:48,ordinaryImt
FN:54,mortgageStampDuty
FN:72,jovemCeiling
FN:77,computeBuyer
FN:89,ordinary
FN:159,calculate
FNF:9
FNH:9
FNDA:999,round2
FNDA:86,pickTable
FNDA:159,pickBracket
FNDA:81,ordinaryImt
FNDA:87,mortgageStampDuty
FNDA:93,jovemCeiling
FNDA:93,computeBuyer
FNDA:80,ordinary
FNDA:88,calculate
DA:14,1
DA:17,1
DA:18,999
DA:19,999
DA:25,1
DA:26,86
DA:27,86
DA:28,65
DA:29,65
DA:30,65
DA:31,86
DA:32,86
DA:38,1
DA:39,159
DA:40,159
DA:41,159
DA:42,159
DA:48,1
DA:49,81
DA:50,79
DA:51,79
DA:52,79
DA:54,87
DA:55,87
DA:56,6
DA:57,59
DA:58,2
DA:59,87
DA:60,1
DA:61,87
DA:63,3
DA:64,87
DA:65,87
DA:72,93
DA:73,93
DA:74,93
DA:75,93
DA:77,93
DA:78,93
DA:79,93
DA:80,93
DA:81,93
DA:82,93
DA:83,93
DA:89,93
DA:90,80
DA:91,80
DA:92,80
DA:93,80
DA:94,80
DA:96,93
DA:97,93
DA:98,93
DA:101,93
DA:102,93
DA:103,93
DA:104,93
DA:106,93
DA:108,6
DA:109,6
DA:110,6
DA:111,93
DA:113,13
DA:114,13
DA:115,13
DA:116,13
DA:119,6
DA:120,6
DA:121,6
DA:122,87
DA:123,74
DA:124,74
DA:125,74
DA:126,74
DA:127,74
DA:128,74
DA:136,93
DA:137,93
DA:138,93
DA:139,4
DA:140,89
DA:142,93
DA:143,93
DA:144,93
DA:145,93
DA:146,93
DA:147,93
DA:148,93
DA:149,93
DA:150,93
DA:151,93
DA:152,93
DA:153,93
DA:154,93
DA:155,93
DA:156,93
DA:159,1
DA:160,88
DA:161,88
DA:163,87
DA:166,88
DA:167,88
DA:168,88
DA:169,88
DA:171,88
DA:172,87
DA:173,88
DA:175,87
DA:177,87
DA:178,87
DA:179,87
DA:180,87
DA:181,87
DA:182,87
DA:184,87
DA:185,87
DA:186,87
DA:187,87
DA:188,87
DA:189,87
DA:190,87
DA:191,87
DA:192,87
DA:193,87
DA:194,88
DA:195,88
DA:196,88
DA:197,88
DA:198,88
DA:199,88
LF:130
LH:130
BRDA:17,0,0,999
BRDA:25,1,0,86
BRDA:27,2,0,65
BRDA:28,3,0,6
BRDA:28,4,0,4
BRDA:28,5,0,2
BRDA:28,6,0,59
BRDA:29,7,0,58
BRDA:29,8,0,1
BRDA:30,9,0,31
BRDA:30,10,0,21
BRDA:31,11,0,19
BRDA:31,12,0,2
BRDA:38,13,0,159
BRDA:40,14,0,1089
BRDA:40,15,0,636
BRDA:48,16,0,81
BRDA:49,17,0,2
BRDA:49,18,0,79
BRDA:54,19,0,87
BRDA:55,20,0,6
BRDA:55,21,0,81
BRDA:55,22,0,59
BRDA:55,23,0,6
BRDA:57,24,0,2
BRDA:59,25,0,1
BRDA:61,26,0,3
BRDA:63,27,0,1
BRDA:72,28,0,93
BRDA:73,29,0,90
BRDA:73,30,0,89
BRDA:73,31,0,4
BRDA:74,32,0,0
BRDA:77,33,0,93
BRDA:106,34,0,7
BRDA:106,35,0,6
BRDA:111,36,0,87
BRDA:111,37,0,15
BRDA:111,38,0,13
BRDA:116,39,0,8
BRDA:116,40,0,6
BRDA:122,41,0,74
BRDA:138,42,0,4
BRDA:139,43,0,89
BRDA:89,44,0,80
BRDA:92,45,0,75
BRDA:92,46,0,5
BRDA:159,47,0,88
BRDA:161,48,0,1
BRDA:161,49,0,87
BRDA:166,50,0,85
BRDA:166,51,0,2
BRDA:167,52,0,84
BRDA:169,53,0,1
BRDA:169,54,0,86
BRDA:171,55,0,1
BRDA:171,56,0,87
BRDA:173,57,0,86
BRDA:173,58,0,1
BRDA:173,59,0,87
BRDA:194,60,0,82
BRDA:194,61,0,5
BRDA:172,62,0,93
BRDA:175,63,0,93
BRDA:177,64,0,93
BRDA:178,65,0,93
BRDA:182,66,0,93
BRDA:182,67,0,87
BRF:68
BRH:67
end_of_record
TN:
SF:src/engine/tables/2026.ts
FNF:0
FNH:0
DA:13,1
DA:14,1
DA:15,1
DA:17,1
DA:18,1
DA:19,1
DA:20,1
DA:21,1
DA:22,1
DA:23,1
DA:24,1
DA:25,1
DA:27,1
DA:28,1
DA:29,1
DA:30,1
DA:31,1
DA:32,1
DA:34,1
DA:35,1
DA:36,1
DA:37,1
DA:38,1
DA:39,1
DA:40,1
DA:41,1
DA:42,1
DA:44,1
DA:45,1
DA:46,1
DA:47,1
DA:48,1
DA:49,1
DA:50,1
DA:51,1
DA:52,1
DA:54,1
DA:55,1
DA:56,1
DA:57,1
DA:58,1
DA:59,1
DA:61,1
DA:62,1
DA:63,1
DA:64,1
DA:65,1
DA:66,1
DA:67,1
DA:68,1
DA:69,1
DA:70,1
DA:71,1
DA:72,1
DA:73,1
DA:74,1
DA:75,1
DA:76,1
DA:77,1
DA:78,1
DA:79,1
LF:61
LH:61
BRF:0
BRH:0
end_of_record
TN:
SF:src/engine/tables/index.ts
FN:19,getYearData
FNF:1
FNH:1
FNDA:116,getYearData
DA:2,1
DA:6,1
DA:7,1
DA:8,1
DA:11,1
DA:12,1
DA:13,1
DA:16,1
DA:19,1
DA:20,116
DA:21,116
LF:11
LH:11
BRDA:19,0,0,116
BRF:1
BRH:1
end_of_record
TN:
SF:src/i18n/en.ts
FNF:0
FNH:0
DA:5,1
DA:6,1
DA:7,1
DA:8,1
DA:9,1
DA:10,1
DA:11,1
DA:12,1
DA:13,1
DA:14,1
DA:15,1
DA:16,1
DA:17,1
DA:18,1
DA:19,1
DA:20,1
DA:21,1
DA:22,1
DA:23,1
DA:24,1
DA:25,1
DA:26,1
DA:27,1
DA:28,1
DA:29,1
DA:30,1
DA:31,1
DA:32,1
DA:33,1
DA:34,1
DA:35,1
DA:36,1
DA:37,1
DA:38,1
DA:39,1
DA:40,1
DA:41,1
DA:42,1
DA:43,1
DA:44,1
DA:45,1
DA:46,1
DA:47,1
DA:48,1
DA:49,1
DA:50,1
DA:51,1
DA:52,1
DA:53,1
DA:54,1
DA:55,1
DA:56,1
DA:57,1
DA:58,1
DA:59,1
DA:60,1
DA:61,1
DA:62,1
DA:63,1
DA:64,1
DA:65,1
DA:66,1
DA:67,1
DA:68,1
DA:69,1
DA:70,1
DA:71,1
DA:72,1
DA:73,1
DA:74,1
DA:75,1
DA:76,1
DA:77,1
DA:78,1
DA:79,1
DA:80,1
DA:81,1
DA:82,1
DA:83,1
DA:84,1
DA:85,1
DA:86,1
DA:87,1
DA:88,1
DA:89,1
DA:90,1
DA:91,1
DA:92,1
DA:93,1
DA:94,1
DA:95,1
DA:96,1
DA:97,1
DA:98,1
DA:99,1
DA:100,1
DA:101,1
DA:102,1
DA:103,1
DA:104,1
DA:105,1
DA:106,1
DA:107,1
DA:108,1
DA:109,1
DA:110,1
DA:111,1
DA:112,1
DA:113,1
DA:114,1
DA:115,1
DA:116,1
DA:117,1
DA:118,1
DA:119,1
DA:120,1
DA:121,1
DA:122,1
DA:123,1
DA:124,1
DA:125,1
DA:126,1
DA:127,1
DA:128,1
DA:129,1
DA:130,1
DA:131,1
DA:132,1
DA:133,1
DA:134,1
DA:135,1
LF:131
LH:131
BRF:0
BRH:0
end_of_record
TN:
SF:src/i18n/index.tsx
FN:21,fmt
FN:37,I18nProvider
FN:48,useI18n
FNF:3
FNH:3
FNDA:133,fmt
FNDA:60,I18nProvider
FNDA:325,useI18n
DA:5,1
DA:7,1
DA:8,1
DA:18,1
DA:21,1
DA:22,133
DA:23,133
DA:30,1
DA:37,1
DA:39,60
DA:40,54
DA:41,60
DA:43,60
DA:44,60
DA:45,60
DA:48,1
DA:49,325
DA:50,325
DA:51,325
DA:52,325
LF:20
LH:20
BRDA:21,0,0,133
BRDA:22,1,0,133
BRDA:22,2,0,1
BRDA:37,3,0,60
BRDA:39,4,0,54
BRDA:43,5,0,54
BRDA:48,6,0,325
BRDA:50,7,0,0
BRF:8
BRH:7
end_of_record
TN:
SF:src/i18n/lang.ts
FN:1,(empty-report)
FNF:1
FNH:1
FNDA:1,(empty-report)
LF:0
LH:0
BRDA:1,0,0,1
BRF:1
BRH:1
end_of_record
TN:
SF:src/i18n/pages.ts
FN:15,pageSlug
FN:21,canonicalKey
FNF:2
FNH:2
FNDA:294,pageSlug
FNDA:81,canonicalKey
DA:9,1
DA:10,1
DA:11,1
DA:12,1
DA:15,1
DA:16,294
DA:17,294
DA:18,294
DA:21,1
DA:22,81
DA:23,81
DA:24,14
DA:25,14
LF:13
LH:13
BRDA:15,0,0,294
BRDA:16,1,0,92
BRDA:16,2,0,202
BRDA:17,3,0,0
BRDA:21,4,0,81
BRDA:22,5,0,46
BRDA:22,6,0,35
BRDA:23,7,0,53
BRDA:23,8,0,21
BRDA:23,9,0,14
BRF:10
BRH:9
end_of_record
TN:
SF:src/i18n/paths.ts
FN:18,preferredLang
FN:34,barePath
FN:47,localizedPath
FN:54,switchLangPath
FN:65,guidesIndexPath
FN:70,guidePath
FN:81,guideFromPath
FNF:7
FNH:7
FNDA:21,preferredLang
FNDA:81,barePath
FNDA:286,localizedPath
FNDA:11,switchLangPath
FNDA:72,guidesIndexPath
FNDA:11,guidePath
FNDA:61,guideFromPath
DA:2,1
DA:3,1
DA:12,1
DA:18,1
DA:19,21
DA:20,21
DA:21,21
DA:22,21
DA:23,21
DA:24,1
DA:25,1
DA:26,19
DA:27,19
DA:34,1
DA:35,81
DA:36,81
DA:37,81
DA:38,81
DA:39,81
DA:47,1
DA:48,286
DA:49,286
DA:50,286
DA:51,286
DA:54,1
DA:55,11
DA:56,11
DA:57,3
DA:58,3
DA:59,8
DA:60,8
DA:65,1
DA:66,72
DA:67,72
DA:70,1
DA:71,11
DA:72,11
DA:73,11
DA:74,11
DA:81,1
DA:82,61
DA:83,61
DA:84,61
DA:85,61
DA:86,61
DA:87,61
DA:88,61
DA:89,61
DA:90,61
DA:91,10
DA:92,61
DA:93,61
LF:52
LH:52
BRDA:18,0,0,21
BRDA:21,1,0,20
BRDA:21,2,0,1
BRDA:22,3,0,20
BRDA:23,4,0,1
BRDA:25,5,0,19
BRDA:34,6,0,81
BRDA:37,7,0,10
BRDA:37,8,0,71
BRDA:38,9,0,10
BRDA:38,10,0,71
BRDA:38,11,0,0
BRDA:47,12,0,286
BRDA:48,13,0,89
BRDA:48,14,0,197
BRDA:50,15,0,92
BRDA:50,16,0,194
BRDA:54,17,0,11
BRDA:56,18,0,3
BRDA:57,19,0,2
BRDA:57,20,0,2
BRDA:57,21,0,1
BRDA:58,22,0,8
BRDA:65,23,0,72
BRDA:66,24,0,21
BRDA:66,25,0,51
BRDA:70,26,0,11
BRDA:72,27,0,1
BRDA:72,28,0,10
BRDA:73,29,0,3
BRDA:73,30,0,7
BRDA:71,31,0,37
BRDA:81,32,0,61
BRDA:87,33,0,9
BRDA:87,34,0,52
BRDA:87,35,0,4
BRDA:87,36,0,48
BRDA:88,37,0,48
BRDA:88,38,0,15
BRDA:88,39,0,13
BRDA:89,40,0,4
BRDA:90,41,0,15
BRDA:90,42,0,3
BRDA:90,43,0,10
BRDA:92,44,0,8
BRDA:92,45,0,2
BRDA:91,46,0,26
BRF:47
BRH:46
end_of_record
TN:
SF:src/i18n/pt.ts
FNF:0
FNH:0
DA:4,1
DA:5,1
DA:6,1
DA:7,1
DA:8,1
DA:9,1
DA:10,1
DA:11,1
DA:12,1
DA:13,1
DA:14,1
DA:15,1
DA:16,1
DA:17,1
DA:18,1
DA:19,1
DA:20,1
DA:21,1
DA:22,1
DA:23,1
DA:24,1
DA:25,1
DA:26,1
DA:27,1
DA:28,1
DA:29,1
DA:30,1
DA:31,1
DA:32,1
DA:33,1
DA:34,1
DA:35,1
DA:36,1
DA:37,1
DA:38,1
DA:39,1
DA:40,1
DA:41,1
DA:42,1
DA:43,1
DA:44,1
DA:45,1
DA:46,1
DA:47,1
DA:48,1
DA:49,1
DA:50,1
DA:51,1
DA:52,1
DA:53,1
DA:54,1
DA:55,1
DA:56,1
DA:57,1
DA:58,1
DA:59,1
DA:60,1
DA:61,1
DA:62,1
DA:63,1
DA:64,1
DA:65,1
DA:66,1
DA:67,1
DA:68,1
DA:69,1
DA:70,1
DA:71,1
DA:72,1
DA:73,1
DA:74,1
DA:75,1
DA:76,1
DA:77,1
DA:78,1
DA:79,1
DA:80,1
DA:81,1
DA:82,1
DA:83,1
DA:84,1
DA:85,1
DA:86,1
DA:87,1
DA:88,1
DA:89,1
DA:90,1
DA:91,1
DA:92,1
DA:93,1
DA:94,1
DA:95,1
DA:96,1
DA:97,1
DA:98,1
DA:99,1
DA:100,1
DA:101,1
DA:102,1
DA:103,1
DA:104,1
DA:105,1
DA:106,1
DA:107,1
DA:108,1
DA:109,1
DA:110,1
DA:111,1
DA:112,1
DA:113,1
DA:114,1
DA:115,1
DA:116,1
DA:117,1
DA:118,1
DA:119,1
DA:120,1
DA:121,1
DA:122,1
DA:123,1
DA:124,1
DA:125,1
DA:126,1
DA:127,1
DA:128,1
DA:129,1
DA:130,1
DA:131,1
DA:132,1
DA:133,1
DA:134,1
LF:131
LH:131
BRF:0
BRH:0
end_of_record
TN:
SF:src/pages/CalculatorPage.tsx
FN:20,equalShares
FN:31,CalculatorPage
FN:95,touch
FN:98,update
FN:102,updateBuyer
FN:109,addBuyer
FN:113,removeBuyer
FN:117,reset
FN:131,onSubmit
FN:140,onChange
FN:151,onChange
FN:164,onChange
FN:170,onChange
FN:183,onChange
FN:191,onChange
FN:201,onChange
FN:206,onChange
FN:228,onChange
FN:244,onChange
FN:245,onRemove
FNF:20
FNH:14
FNDA:3,equalShares
FNDA:59,CalculatorPage
FNDA:21,touch
FNDA:9,update
FNDA:9,updateBuyer
FNDA:2,addBuyer
FNDA:1,removeBuyer
FNDA:2,reset
FNDA:0,onSubmit
FNDA:0,onChange
FNDA:0,onChange
FNDA:6,onChange
FNDA:0,onChange
FNDA:1,onChange
FNDA:1,onChange
FNDA:0,onChange
FNDA:1,onChange
FNDA:0,onChange
FNDA:9,onChange
FNDA:1,onRemove
DA:1,1
DA:2,1
DA:10,1
DA:11,1
DA:12,1
DA:13,1
DA:14,1
DA:15,1
DA:16,1
DA:17,1
DA:20,3
DA:21,3
DA:22,3
DA:23,3
DA:24,3
DA:25,5
DA:26,5
DA:27,3
DA:28,3
DA:31,1
DA:32,59
DA:36,59
DA:37,59
DA:39,59
DA:41,59
DA:42,30
DA:43,30
DA:44,3
DA:45,3
DA:46,3
DA:47,59
DA:49,59
DA:52,56
DA:53,28
DA:54,59
DA:56,59
DA:60,59
DA:61,56
DA:62,19
DA:63,2
DA:64,2
DA:65,2
DA:66,2
DA:67,2
DA:68,2
DA:69,2
DA:70,2
DA:71,2
DA:72,2
DA:73,2
DA:74,2
DA:76,2
DA:77,2
DA:78,2
DA:80,2
DA:81,2
DA:82,2
DA:83,2
DA:84,2
DA:85,2
DA:87,2
DA:88,2
DA:89,2
DA:90,2
DA:91,19
DA:92,19
DA:93,59
DA:95,59
DA:96,21
DA:97,21
DA:98,59
DA:99,9
DA:100,9
DA:101,9
DA:102,59
DA:103,9
DA:104,9
DA:105,9
DA:106,9
DA:107,9
DA:108,9
DA:109,59
DA:110,2
DA:111,2
DA:112,2
DA:113,59
DA:114,1
DA:115,1
DA:116,1
DA:117,59
DA:118,2
DA:119,2
DA:120,2
DA:122,59
DA:124,59
DA:125,59
DA:126,59
DA:127,59
DA:128,59
DA:129,59
DA:130,59
DA:131,59
DA:132,59
DA:134,59
DA:135,59
DA:136,0
DA:137,0
DA:138,0
DA:139,0
DA:140,0
DA:141,0
DA:142,0
DA:143,0
DA:148,59
DA:149,59
DA:150,59
DA:151,59
DA:152,59
DA:153,59
DA:154,59
DA:155,59
DA:156,59
DA:157,59
DA:159,59
DA:160,59
DA:161,59
DA:162,59
DA:163,59
DA:164,59
DA:165,59
DA:167,59
DA:168,59
DA:169,59
DA:170,59
DA:171,59
DA:172,59
DA:173,59
DA:174,59
DA:175,59
DA:177,59
DA:178,59
DA:179,59
DA:180,59
DA:181,59
DA:182,59
DA:183,59
DA:184,59
DA:185,59
DA:187,59
DA:188,59
DA:189,59
DA:190,59
DA:191,59
DA:192,1
DA:194,59
DA:195,59
DA:196,2
DA:197,2
DA:198,2
DA:199,2
DA:200,2
DA:201,2
DA:202,2
DA:203,2
DA:204,2
DA:205,2
DA:206,2
DA:207,1
DA:210,1
DA:211,1
DA:212,1
DA:213,1
DA:214,1
DA:215,1
DA:217,2
DA:218,2
DA:219,2
DA:220,2
DA:221,2
DA:222,2
DA:223,2
DA:224,1
DA:225,1
DA:226,1
DA:227,1
DA:228,1
DA:229,1
DA:231,2
DA:233,59
DA:235,59
DA:236,59
DA:237,59
DA:238,61
DA:239,61
DA:240,61
DA:241,61
DA:242,61
DA:243,61
DA:244,61
DA:245,61
DA:246,61
DA:247,59
DA:248,59
DA:249,59
DA:250,59
DA:251,59
DA:252,59
DA:254,59
DA:255,59
DA:256,59
DA:257,59
DA:258,59
DA:260,59
LF:213
LH:205
BRDA:20,0,0,3
BRDA:22,1,0,0
BRDA:24,2,0,5
BRDA:26,3,0,3
BRDA:26,4,0,2
BRDA:31,5,0,59
BRDA:135,6,0,0
BRDA:195,7,0,2
BRDA:195,8,0,2
BRDA:223,9,0,1
BRDA:227,10,0,0
BRDA:41,11,0,30
BRDA:43,12,0,3
BRDA:49,13,0,56
BRDA:52,14,0,34
BRDA:52,15,0,28
BRDA:56,16,0,56
BRDA:60,17,0,56
BRDA:61,18,0,22
BRDA:61,19,0,37
BRDA:61,20,0,19
BRDA:62,21,0,2
BRDA:74,22,0,1
BRDA:87,23,0,1
BRDA:87,24,0,1
BRDA:88,25,0,0
BRDA:69,26,0,2
BRDA:70,27,0,2
BRDA:71,28,0,2
BRDA:72,29,0,2
BRDA:92,30,0,19
BRDA:95,31,0,21
BRDA:98,32,0,9
BRDA:100,33,0,9
BRDA:102,34,0,9
BRDA:104,35,0,9
BRDA:106,36,0,9
BRDA:106,37,0,0
BRDA:109,38,0,2
BRDA:111,39,0,2
BRDA:113,40,0,1
BRDA:115,41,0,1
BRDA:115,42,0,2
BRDA:117,43,0,2
BRDA:164,44,0,6
BRDA:164,45,0,1
BRDA:183,46,0,1
BRDA:191,47,0,1
BRDA:192,48,0,0
BRDA:206,49,0,1
BRDA:213,50,0,0
BRDA:237,51,0,61
BRDA:244,52,0,9
BRDA:245,53,0,1
BRF:54
BRH:47
end_of_record
TN:
SF:src/pages/GlossaryPage.tsx
FN:7,GlossaryPage
FNF:1
FNH:1
FNDA:11,GlossaryPage
DA:1,1
DA:2,1
DA:3,1
DA:4,1
DA:7,1
DA:8,11
DA:9,11
DA:10,11
DA:11,11
DA:12,11
DA:13,11
DA:15,11
DA:16,11
DA:17,209
DA:18,209
DA:19,209
DA:20,133
DA:21,133
DA:22,133
DA:23,133
DA:25,76
DA:27,209
DA:28,209
DA:29,209
DA:30,11
DA:31,11
DA:32,11
DA:34,11
LF:28
LH:28
BRDA:7,0,0,11
BRDA:16,1,0,209
BRDA:19,2,0,133
BRDA:23,3,0,76
BRDA:28,4,0,133
BRDA:28,5,0,76
BRF:6
BRH:6
end_of_record
TN:
SF:src/pages/GuidePage.tsx
FN:37,BracketTable
FN:66,GuideBlock
FN:80,GuidePage
FN:133,onClick
FNF:4
FNH:3
FNDA:6,BracketTable
FNDA:56,GuideBlock
FNDA:6,GuidePage
FNDA:0,onClick
DA:1,1
DA:2,1
DA:3,1
DA:5,1
DA:7,1
DA:8,1
DA:9,1
DA:10,1
DA:11,1
DA:12,1
DA:13,1
DA:18,1
DA:19,1
DA:20,1
DA:21,1
DA:22,1
DA:23,1
DA:24,1
DA:25,1
DA:26,1
DA:27,1
DA:28,1
DA:29,1
DA:30,1
DA:31,1
DA:32,1
DA:33,1
DA:34,1
DA:37,6
DA:38,6
DA:39,6
DA:40,6
DA:41,6
DA:42,6
DA:44,6
DA:45,6
DA:46,6
DA:47,6
DA:48,6
DA:49,6
DA:50,6
DA:51,6
DA:52,6
DA:53,6
DA:54,36
DA:55,36
DA:57,36
DA:58,36
DA:59,36
DA:60,6
DA:61,6
DA:62,6
DA:64,6
DA:66,56
DA:67,56
DA:68,10
DA:69,10
DA:70,4
DA:71,4
DA:72,12
DA:73,4
DA:74,4
DA:76,6
DA:77,6
DA:80,1
DA:81,6
DA:82,6
DA:83,6
DA:84,6
DA:85,5
DA:87,5
DA:88,5
DA:89,6
DA:91,6
DA:92,6
DA:93,6
DA:94,6
DA:95,6
DA:96,6
DA:97,6
DA:98,6
DA:99,6
DA:101,6
DA:102,6
DA:103,6
DA:104,6
DA:105,6
DA:107,6
DA:108,25
DA:109,25
DA:110,25
DA:111,25
DA:112,56
DA:113,25
DA:114,25
DA:115,25
DA:116,6
DA:118,6
DA:119,5
DA:120,5
DA:121,5
DA:122,5
DA:123,15
DA:124,15
DA:125,15
DA:126,15
DA:127,5
DA:128,5
DA:129,5
DA:132,6
DA:133,6
DA:134,6
DA:135,6
DA:136,6
DA:137,6
DA:139,6
LF:116
LH:116
BRDA:37,0,0,6
BRDA:40,1,0,0
BRDA:53,2,0,36
BRDA:57,3,0,30
BRDA:57,4,0,6
BRDA:58,5,0,18
BRDA:58,6,0,18
BRDA:66,7,0,56
BRDA:67,8,0,46
BRDA:67,9,0,10
BRDA:69,10,0,4
BRDA:74,11,0,6
BRDA:71,12,0,12
BRDA:80,13,0,6
BRDA:84,14,0,1
BRDA:84,15,0,5
BRDA:89,16,0,0
BRDA:118,17,0,5
BRDA:107,18,0,25
BRDA:111,19,0,56
BRDA:122,20,0,15
BRF:21
BRH:19
end_of_record
TN:
SF:src/pages/GuidesIndexPage.tsx
FN:9,GuidesIndexPage
FN:24,onClick
FNF:2
FNH:1
FNDA:1,GuidesIndexPage
FNDA:0,onClick
DA:1,1
DA:2,1
DA:3,1
DA:4,1
DA:5,1
DA:6,1
DA:9,1
DA:10,1
DA:11,1
DA:12,1
DA:13,1
DA:14,1
DA:15,1
DA:17,1
DA:18,1
DA:19,5
DA:20,5
DA:21,5
DA:22,5
DA:23,5
DA:24,5
DA:26,5
DA:27,5
DA:28,5
DA:29,5
DA:30,5
DA:31,1
DA:32,1
DA:33,1
DA:35,1
LF:30
LH:30
BRDA:9,0,0,1
BRDA:18,1,0,5
BRF:2
BRH:2
end_of_record
TN:
SF:src/pages/HowItWorksPage.tsx
FN:7,HowItWorksPage
FNF:1
FNH:1
FNDA:2,HowItWorksPage
DA:1,1
DA:2,1
DA:3,1
DA:4,1
DA:7,1
DA:8,2
DA:9,2
DA:10,2
DA:11,2
DA:12,2
DA:13,2
DA:15,2
DA:16,14
DA:17,14
DA:18,14
DA:19,14
DA:20,14
DA:21,14
DA:22,28
DA:23,24
DA:25,4
DA:26,4
DA:27,14
DA:28,4
DA:29,4
DA:31,14
DA:32,14
DA:33,14
DA:35,2
DA:36,2
DA:38,2
LF:31
LH:31
BRDA:7,0,0,2
BRDA:15,1,0,14
BRDA:16,2,0,7
BRDA:16,3,0,7
BRDA:21,4,0,28
BRDA:22,5,0,24
BRDA:23,6,0,4
BRDA:26,7,0,14
BRF:8
BRH:8
end_of_record
TN:
SF:src/pages/NotFoundPage.tsx
FN:6,NotFoundPage
FNF:1
FNH:1
FNDA:2,NotFoundPage
DA:1,1
DA:2,1
DA:3,1
DA:6,1
DA:7,2
DA:8,2
DA:9,2
DA:10,2
DA:11,2
DA:12,2
DA:13,2
DA:14,2
DA:15,2
DA:16,2
DA:17,2
DA:19,2
LF:16
LH:16
BRDA:6,0,0,2
BRF:1
BRH:1
end_of_record
TN:
SF:src/state/defaults.ts
FN:5,defaultBuyer
FN:17,defaultInput
FNF:2
FNH:2
FNDA:85,defaultBuyer
FNDA:66,defaultInput
DA:2,1
DA:5,1
DA:6,85
DA:7,85
DA:8,85
DA:9,85
DA:10,85
DA:11,85
DA:12,85
DA:13,85
DA:14,85
DA:17,1
DA:18,66
DA:19,66
DA:20,66
DA:21,66
DA:22,66
DA:23,66
DA:24,66
DA:25,66
LF:20
LH:20
BRDA:5,0,0,85
BRDA:17,1,0,66
BRF:2
BRH:2
end_of_record
TN:
SF:src/state/url.ts
FN:25,invert
FN:35,encodeBuyer
FN:40,encodeState
FN:55,num
FN:61,decodeBuyer
FN:80,decodeState
FN:123,toBase64Url
FN:125,fromBase64Url
FN:132,isDefaultBuyer
FN:143,encodeBuyerCompact
FN:155,parseBuyerCompact
FN:184,encodeCompact
FN:202,decodeCompact
FN:265,encodeToken
FN:270,decodeToken
FN:283,legacyHashQuery
FN:290,parseQuery
FN:302,readStateFromUrl
FN:308,isReload
FN:324,arrivalKind
FN:337,writeStateToUrl
FNF:21
FNH:21
FNDA:30,invert
FNDA:7,encodeBuyer
FNDA:6,encodeState
FNDA:38,num
FNDA:7,decodeBuyer
FNDA:11,decodeState
FNDA:110,toBase64Url
FNDA:17,fromBase64Url
FNDA:104,isDefaultBuyer
FNDA:43,encodeBuyerCompact
FNDA:9,parseBuyerCompact
FNDA:112,encodeCompact
FNDA:13,decodeCompact
FNDA:110,encodeToken
FNDA:17,decodeToken
FNDA:31,legacyHashQuery
FNDA:67,parseQuery
FNDA:36,readStateFromUrl
FNDA:3,isReload
FNDA:29,arrivalKind
FNDA:29,writeStateToUrl
DA:11,1
DA:12,1
DA:18,1
DA:19,1
DA:20,1
DA:21,1
DA:22,1
DA:23,1
DA:25,1
DA:26,30
DA:28,1
DA:29,1
DA:30,1
DA:31,1
DA:32,1
DA:33,1
DA:35,7
DA:36,7
DA:37,7
DA:40,1
DA:41,6
DA:42,6
DA:43,6
DA:44,6
DA:45,6
DA:46,6
DA:47,6
DA:48,2
DA:49,2
DA:50,2
DA:51,6
DA:52,6
DA:53,6
DA:55,38
DA:56,38
DA:57,30
DA:58,38
DA:59,38
DA:61,7
DA:62,7
DA:63,7
DA:64,7
DA:65,7
DA:66,7
DA:67,7
DA:68,7
DA:69,6
DA:70,6
DA:71,6
DA:72,6
DA:73,6
DA:74,6
DA:75,6
DA:76,6
DA:77,6
DA:80,1
DA:81,11
DA:82,11
DA:83,11
DA:84,11
DA:85,11
DA:87,11
DA:88,5
DA:89,5
DA:91,6
DA:92,11
DA:93,6
DA:94,11
DA:95,7
DA:96,7
DA:97,6
DA:98,6
DA:99,11
DA:101,5
DA:103,5
DA:104,11
DA:106,5
DA:107,11
DA:108,2
DA:109,2
DA:110,2
DA:111,2
DA:112,2
DA:113,2
DA:114,2
DA:115,2
DA:116,2
DA:117,5
DA:118,5
DA:123,1
DA:124,110
DA:125,1
DA:132,104
DA:133,104
DA:134,104
DA:135,104
DA:136,96
DA:137,96
DA:138,78
DA:139,78
DA:141,104
DA:143,43
DA:144,43
DA:145,43
DA:146,43
DA:147,43
DA:148,30
DA:149,30
DA:150,30
DA:151,43
DA:152,43
DA:153,43
DA:155,9
DA:156,9
DA:157,9
DA:160,9
DA:161,9
DA:162,9
DA:163,9
DA:164,9
DA:165,4
DA:166,5
DA:167,2
DA:168,3
DA:169,1
DA:170,2
DA:171,1
DA:172,1
DA:173,9
DA:174,9
DA:175,9
DA:176,9
DA:177,9
DA:178,9
DA:179,9
DA:180,9
DA:181,9
DA:184,1
DA:185,112
DA:186,112
DA:187,112
DA:188,112
DA:189,112
DA:190,112
DA:191,5
DA:192,5
DA:193,5
DA:195,112
DA:196,34
DA:197,34
DA:198,112
DA:199,112
DA:202,1
DA:203,13
DA:204,13
DA:205,13
DA:206,13
DA:207,13
DA:208,13
DA:209,13
DA:210,13
DA:211,25
DA:212,25
DA:213,25
DA:214,25
DA:215,25
DA:216,13
DA:217,13
DA:218,25
DA:219,0
DA:220,0
DA:221,25
DA:222,2
DA:223,2
DA:224,1
DA:225,1
DA:226,1
DA:227,25
DA:228,2
DA:229,2
DA:230,25
DA:231,1
DA:232,1
DA:233,1
DA:234,1
DA:235,25
DA:236,1
DA:237,1
DA:238,1
DA:239,1
DA:240,1
DA:241,1
DA:242,1
DA:243,1
DA:244,1
DA:245,1
DA:246,25
DA:247,6
DA:248,6
DA:249,9
DA:250,9
DA:251,9
DA:252,9
DA:253,6
DA:254,6
DA:255,6
DA:256,6
DA:257,25
DA:258,25
DA:259,13
DA:260,13
DA:261,12
DA:262,12
DA:265,1
DA:266,110
DA:267,110
DA:270,1
DA:271,17
DA:272,17
DA:273,17
DA:274,17
DA:275,3
DA:276,3
DA:278,17
DA:279,13
DA:280,13
DA:283,31
DA:284,31
DA:285,31
DA:286,31
DA:287,31
DA:290,67
DA:291,67
DA:292,9
DA:293,13
DA:294,1
DA:295,1
DA:302,1
DA:303,36
DA:304,36
DA:305,36
DA:308,3
DA:309,3
DA:310,3
DA:311,3
DA:312,3
DA:324,1
DA:325,29
DA:326,29
DA:327,29
DA:328,23
DA:329,29
DA:330,29
DA:337,1
DA:338,29
DA:339,29
DA:340,29
LF:257
LH:255
BRDA:25,0,0,30
BRDA:26,1,0,80
BRDA:35,2,0,7
BRDA:36,3,0,1
BRDA:36,4,0,6
BRDA:36,5,0,0
BRDA:40,6,0,6
BRDA:46,7,0,1
BRDA:47,8,0,2
BRDA:49,9,0,1
BRDA:55,10,0,38
BRDA:56,11,0,31
BRDA:56,12,0,8
BRDA:56,13,0,30
BRDA:58,14,0,0
BRDA:61,15,0,7
BRDA:63,16,0,0
BRDA:68,17,0,6
BRDA:68,18,0,6
BRDA:68,19,0,6
BRDA:68,20,0,1
BRDA:68,21,0,6
BRDA:80,22,0,11
BRDA:83,23,0,2
BRDA:84,24,0,2
BRDA:87,25,0,10
BRDA:87,26,0,9
BRDA:87,27,0,7
BRDA:87,28,0,7
BRDA:87,29,0,7
BRDA:87,30,0,5
BRDA:89,31,0,6
BRDA:92,32,0,0
BRDA:92,33,0,6
BRDA:94,34,0,7
BRDA:96,35,0,1
BRDA:96,36,0,6
BRDA:98,37,0,5
BRDA:99,38,0,0
BRDA:99,39,0,5
BRDA:104,40,0,1
BRDA:104,41,0,1
BRDA:104,42,0,5
BRDA:107,43,0,2
BRDA:114,44,0,1
BRDA:116,45,0,5
BRDA:123,46,0,110
BRDA:125,47,0,17
BRDA:132,48,0,104
BRDA:135,49,0,96
BRDA:136,50,0,96
BRDA:137,51,0,78
BRDA:138,52,0,78
BRDA:143,53,0,43
BRDA:145,54,0,10
BRDA:146,55,0,8
BRDA:147,56,0,30
BRDA:149,57,0,18
BRDA:151,58,0,1
BRDA:155,59,0,9
BRDA:157,60,0,0
BRDA:161,61,0,0
BRDA:164,62,0,4
BRDA:165,63,0,5
BRDA:166,64,0,2
BRDA:167,65,0,3
BRDA:168,66,0,1
BRDA:169,67,0,2
BRDA:170,68,0,1
BRDA:171,69,0,1
BRDA:175,70,0,1
BRDA:175,71,0,8
BRDA:177,72,0,5
BRDA:177,73,0,4
BRDA:184,74,0,112
BRDA:186,75,0,0
BRDA:187,76,0,1
BRDA:188,77,0,9
BRDA:189,78,0,3
BRDA:190,79,0,5
BRDA:192,80,0,2
BRDA:192,81,0,3
BRDA:195,82,0,104
BRDA:195,83,0,34
BRDA:202,84,0,13
BRDA:210,85,0,25
BRDA:211,86,0,0
BRDA:215,87,0,13
BRDA:218,88,0,0
BRDA:221,89,0,2
BRDA:223,90,0,1
BRDA:227,91,0,2
BRDA:228,92,0,0
BRDA:230,93,0,1
BRDA:235,94,0,1
BRDA:242,95,0,0
BRDA:242,96,0,0
BRDA:246,97,0,6
BRDA:248,98,0,9
BRDA:250,99,0,0
BRDA:253,100,0,0
BRDA:258,101,0,12
BRDA:259,102,0,0
BRDA:259,103,0,12
BRDA:260,104,0,0
BRDA:260,105,0,12
BRDA:265,106,0,110
BRDA:270,107,0,17
BRDA:274,108,0,3
BRDA:276,109,0,14
BRDA:278,110,0,1
BRDA:278,111,0,13
BRDA:283,112,0,31
BRDA:286,113,0,29
BRDA:286,114,0,2
BRDA:290,115,0,67
BRDA:291,116,0,58
BRDA:291,117,0,45
BRDA:291,118,0,13
BRDA:291,119,0,9
BRDA:293,120,0,8
BRDA:293,121,0,1
BRDA:302,122,0,36
BRDA:303,123,0,0
BRDA:304,124,0,31
BRDA:308,125,0,3
BRDA:309,126,0,0
BRDA:311,127,0,1
BRDA:324,128,0,29
BRDA:325,129,0,0
BRDA:326,130,0,26
BRDA:327,131,0,26
BRDA:327,132,0,23
BRDA:327,133,0,3
BRDA:328,134,0,1
BRDA:328,135,0,2
BRDA:329,136,0,1
BRDA:329,137,0,1
BRDA:337,138,0,29
BRDA:338,139,0,0
BRF:140
BRH:119
end_of_record
TN:
SF:src/theme/theme.tsx
FN:10,initialTheme
FN:30,ThemeProvider
FN:59,useTheme
FNF:3
FNH:3
FNDA:32,initialTheme
FNDA:67,ThemeProvider
FNDA:116,useTheme
DA:4,1
DA:8,1
DA:10,32
DA:11,32
DA:12,32
DA:13,32
DA:14,32
DA:15,32
DA:16,1
DA:17,1
DA:18,30
DA:19,30
DA:27,1
DA:30,1
DA:34,67
DA:40,67
DA:41,32
DA:42,32
DA:43,32
DA:44,67
DA:46,67
DA:47,5
DA:48,5
DA:49,5
DA:50,67
DA:52,67
DA:54,67
DA:55,67
DA:56,67
DA:59,1
DA:60,116
DA:61,116
DA:62,116
DA:63,116
LF:34
LH:34
BRDA:10,0,0,32
BRDA:13,1,0,1
BRDA:14,2,0,31
BRDA:15,3,0,2
BRDA:15,4,0,30
BRDA:15,5,0,1
BRDA:30,6,0,67
BRDA:40,7,0,32
BRDA:46,8,0,5
BRDA:52,9,0,4
BRDA:52,10,0,0
BRDA:54,11,0,39
BRDA:59,12,0,116
BRDA:61,13,0,0
BRF:14
BRH:12
end_of_record
