TN:
SF:src/RootLayout.tsx
FN:18,RootLayout
FNF:1
FNH:1
FNDA:44,RootLayout
DA:1,1
DA:2,1
DA:4,1
DA:5,1
DA:6,1
DA:7,1
DA:8,1
DA:11,1
DA:18,1
DA:19,44
DA:20,44
DA:27,44
DA:28,30
DA:29,1
DA:30,1
DA:32,44
DA:34,44
DA:35,44
DA:36,44
DA:37,44
DA:38,44
DA:39,44
DA:40,44
DA:41,44
DA:42,44
DA:44,44
LF:26
LH:26
BRDA:18,0,0,44
BRDA:27,1,0,30
BRDA:28,2,0,28
BRDA:28,3,0,21
BRDA:28,4,0,1
BRF:5
BRH:5
end_of_record
TN:
SF:src/analytics.ts
FN:13,track
FN:18,priceBand
FN:28,rateBand
FN:44,vptRatioBand
FN:61,vptRatioPct
FNF:5
FNH:5
FNDA:69,track
FNDA:9,priceBand
FNDA:11,rateBand
FNDA:18,vptRatioBand
FNDA:9,vptRatioPct
DA:13,1
DA:14,69
DA:15,69
DA:18,1
DA:19,9
DA:20,9
DA:21,9
DA:22,9
DA:23,7
DA:24,1
DA:25,1
DA:28,1
DA:29,11
DA:30,11
DA:31,11
DA:32,11
DA:33,9
DA:34,2
DA:35,2
DA:44,1
DA:45,18
DA:46,14
DA:47,18
DA:48,18
DA:49,18
DA:50,18
DA:51,17
DA:52,16
DA:53,2
DA:54,2
DA:61,1
DA:62,9
DA:63,5
DA:64,5
LF:34
LH:34
BRDA:13,0,0,69
BRDA:14,1,0,30
BRDA:18,2,0,9
BRDA:19,3,0,2
BRDA:19,4,0,7
BRDA:20,5,0,1
BRDA:20,6,0,6
BRDA:21,7,0,1
BRDA:21,8,0,5
BRDA:22,9,0,3
BRDA:22,10,0,7
BRDA:22,11,0,2
BRDA:23,12,0,1
BRDA:28,13,0,11
BRDA:30,14,0,1
BRDA:30,15,0,10
BRDA:31,16,0,2
BRDA:31,17,0,8
BRDA:32,18,0,4
BRDA:32,19,0,9
BRDA:32,20,0,4
BRDA:33,21,0,2
BRDA:44,22,0,18
BRDA:45,23,0,15
BRDA:45,24,0,15
BRDA:45,25,0,17
BRDA:45,26,0,4
BRDA:45,27,0,14
BRDA:47,28,0,1
BRDA:47,29,0,13
BRDA:48,30,0,2
BRDA:48,31,0,11
BRDA:49,32,0,2
BRDA:49,33,0,9
BRDA:50,34,0,2
BRDA:50,35,0,17
BRDA:50,36,0,7
BRDA:51,37,0,3
BRDA:51,38,0,16
BRDA:51,39,0,4
BRDA:52,40,0,2
BRDA:61,41,0,9
BRDA:62,42,0,6
BRDA:62,43,0,6
BRDA:62,44,0,8
BRDA:62,45,0,4
BRDA:62,46,0,5
BRF:47
BRH:47
end_of_record
TN:
SF:src/config.ts
FNF:0
FNH:0
DA:4,1
LF:1
LH:1
BRF:0
BRH:0
end_of_record
TN:
SF:src/format.ts
FN:5,locale
FN:11,nbsp
FN:14,formatEuro
FN:25,formatAmount
FN:30,formatPercent
FNF:5
FNH:5
FNDA:938,locale
FNDA:938,nbsp
FNDA:671,formatEuro
FNDA:55,formatAmount
FNDA:212,formatPercent
DA:5,1
DA:11,1
DA:14,1
DA:15,671
DA:16,671
DA:17,671
DA:18,671
DA:19,671
DA:20,671
DA:21,671
DA:22,671
DA:25,1
DA:26,55
DA:27,55
DA:30,1
DA:31,212
DA:32,212
DA:33,212
DA:34,212
DA:35,212
DA:36,212
DA:37,212
DA:38,212
LF:23
LH:23
BRDA:5,0,0,938
BRDA:5,1,0,30
BRDA:5,2,0,908
BRDA:11,3,0,938
BRDA:14,4,0,671
BRDA:25,5,0,55
BRDA:30,6,0,212
BRF:7
BRH:7
end_of_record
TN:
SF:src/routes.tsx
FN:15,pages
FN:24,guideRoutes
FNF:2
FNH:2
FNDA:4,pages
FNDA:4,guideRoutes
DA:3,1
DA:4,1
DA:5,1
DA:6,1
DA:7,1
DA:8,1
DA:9,1
DA:10,1
DA:11,1
DA:15,1
DA:16,4
DA:17,4
DA:18,4
DA:19,4
DA:24,1
DA:25,4
DA:26,4
DA:27,4
DA:28,4
DA:29,4
DA:30,4
DA:37,1
DA:38,1
DA:39,1
DA:40,1
DA:41,1
DA:42,1
DA:43,1
DA:44,1
DA:45,1
DA:46,1
DA:47,1
DA:48,1
DA:49,1
DA:50,1
DA:51,1
DA:52,1
DA:53,1
DA:54,1
DA:55,1
LF:40
LH:40
BRDA:15,0,0,4
BRDA:24,1,0,4
BRF:2
BRH:2
end_of_record
TN:
SF:src/components/Analytics.tsx
FN:22,Analytics
FNF:1
FNH:1
FNDA:47,Analytics
DA:1,1
DA:2,1
DA:3,1
DA:4,1
DA:5,1
DA:6,1
DA:7,1
DA:8,1
DA:9,1
DA:10,1
DA:22,1
DA:23,47
DA:24,47
DA:25,47
DA:32,47
DA:33,47
DA:34,47
DA:35,47
DA:36,8
DA:37,8
DA:38,2
DA:39,47
DA:40,11
DA:41,39
DA:42,2
DA:43,28
DA:44,26
DA:45,26
DA:52,47
DA:53,44
DA:54,44
DA:55,44
DA:56,44
DA:57,44
DA:58,44
DA:59,44
DA:60,44
DA:61,44
DA:62,47
DA:67,47
DA:68,47
DA:69,47
DA:70,41
DA:71,41
DA:72,47
DA:77,47
DA:78,47
DA:79,30
DA:80,29
DA:81,47
DA:83,47
DA:84,44
DA:85,44
DA:86,44
DA:87,44
DA:88,44
DA:89,44
DA:90,44
DA:91,47
DA:92,47
DA:93,47
LF:61
LH:61
BRDA:22,0,0,47
BRDA:35,1,0,8
BRDA:37,2,0,7
BRDA:37,3,0,6
BRDA:37,4,0,2
BRDA:37,5,0,2
BRDA:39,6,0,39
BRDA:39,7,0,11
BRDA:41,8,0,28
BRDA:41,9,0,2
BRDA:43,10,0,26
BRDA:52,11,0,44
BRDA:54,12,0,32
BRDA:54,13,0,12
BRDA:55,14,0,0
BRDA:56,15,0,0
BRDA:57,16,0,0
BRDA:58,17,0,0
BRDA:60,18,0,0
BRDA:61,19,0,0
BRDA:69,20,0,41
BRDA:78,21,0,30
BRDA:79,22,0,1
BRDA:79,23,0,29
BRDA:80,24,0,1
BRDA:83,25,0,44
BRF:26
BRH:20
end_of_record
TN:
SF:src/components/Breadcrumb.tsx
FN:11,Breadcrumb
FNF:1
FNH:1
FNDA:20,Breadcrumb
DA:1,1
DA:2,1
DA:11,1
DA:12,20
DA:13,20
DA:14,20
DA:15,46
DA:16,46
DA:17,46
DA:18,46
DA:19,20
DA:20,20
DA:22,20
LF:13
LH:13
BRDA:11,0,0,20
BRDA:14,1,0,46
BRDA:16,2,0,26
BRDA:17,3,0,26
BRDA:17,4,0,20
BRF:5
BRH:5
end_of_record
TN:
SF:src/components/BuyerCard.tsx
FN:6,BuyerCard
FN:38,onChange
FN:59,onChange
FN:78,onChange
FN:97,onChange
FN:104,onChange
FN:119,onChange
FN:124,onChange
FNF:8
FNH:7
FNDA:74,BuyerCard
FNDA:5,onChange
FNDA:1,onChange
FNDA:4,onChange
FNDA:1,onChange
FNDA:2,onChange
FNDA:1,onChange
FNDA:0,onChange
DA:1,1
DA:3,1
DA:6,1
DA:7,74
DA:8,74
DA:9,74
DA:10,74
DA:11,74
DA:12,74
DA:13,74
DA:20,74
DA:21,74
DA:22,74
DA:24,74
DA:25,74
DA:26,74
DA:27,74
DA:28,74
DA:29,74
DA:30,74
DA:31,74
DA:32,74
DA:33,74
DA:34,74
DA:35,74
DA:36,74
DA:37,74
DA:38,74
DA:39,74
DA:40,74
DA:41,74
DA:42,16
DA:43,16
DA:44,16
DA:45,16
DA:46,16
DA:48,16
DA:49,16
DA:51,74
DA:53,74
DA:55,74
DA:56,74
DA:57,74
DA:58,74
DA:59,74
DA:60,1
DA:61,1
DA:63,1
DA:64,1
DA:65,1
DA:67,74
DA:68,74
DA:69,74
DA:70,74
DA:71,74
DA:73,74
DA:74,74
DA:75,74
DA:78,74
DA:79,4
DA:81,74
DA:82,74
DA:83,74
DA:84,74
DA:85,74
DA:86,74
DA:90,74
DA:91,74
DA:92,74
DA:93,74
DA:94,74
DA:95,74
DA:96,74
DA:97,74
DA:98,74
DA:100,74
DA:101,9
DA:102,9
DA:103,9
DA:104,9
DA:105,9
DA:106,9
DA:107,9
DA:108,9
DA:109,9
DA:110,9
DA:111,9
DA:113,74
DA:115,74
DA:116,4
DA:117,4
DA:118,4
DA:119,4
DA:120,4
DA:123,74
DA:124,70
DA:126,74
DA:127,74
DA:129,74
LF:99
LH:99
BRDA:6,0,0,74
BRDA:34,1,0,69
BRDA:41,2,0,16
BRDA:100,3,0,9
BRDA:115,4,0,4
BRDA:123,5,0,70
BRDA:38,6,0,5
BRDA:59,7,0,1
BRDA:63,8,0,0
BRDA:64,9,0,0
BRDA:78,10,0,4
BRDA:79,11,0,1
BRDA:79,12,0,3
BRDA:97,13,0,1
BRDA:97,14,0,0
BRDA:104,15,0,2
BRDA:119,16,0,1
BRF:17
BRH:14
end_of_record
TN:
SF:src/components/Layout.tsx
FN:11,Layout
FN:17,path
FN:25,navClass
FN:49,onClick
FN:81,onClick
FN:99,onClick
FN:126,onClick
FN:140,HouseMark
FN:160,MenuIcon
FN:168,CloseIcon
FN:176,SunIcon
FN:185,MoonIcon
FNF:12
FNH:10
FNDA:64,Layout
FNDA:256,path
FNDA:188,navClass
FNDA:0,onClick
FNDA:7,onClick
FNDA:3,onClick
FNDA:1,onClick
FNDA:47,HouseMark
FNDA:47,MenuIcon
FNDA:0,CloseIcon
FNDA:4,SunIcon
FNDA:43,MoonIcon
DA:1,1
DA:2,1
DA:3,1
DA:5,1
DA:6,1
DA:7,1
DA:8,1
DA:11,1
DA:12,64
DA:13,64
DA:14,64
DA:15,64
DA:17,64
DA:22,64
DA:23,64
DA:25,64
DA:26,188
DA:28,64
DA:29,64
DA:30,64
DA:31,64
DA:32,64
DA:34,64
DA:35,64
DA:36,64
DA:37,64
DA:38,64
DA:39,64
DA:40,64
DA:41,64
DA:43,64
DA:44,64
DA:45,64
DA:46,64
DA:47,64
DA:48,64
DA:49,64
DA:51,64
DA:52,64
DA:54,64
DA:55,64
DA:56,64
DA:57,64
DA:59,64
DA:60,64
DA:61,64
DA:62,64
DA:63,64
DA:64,64
DA:65,64
DA:66,64
DA:67,64
DA:68,64
DA:69,64
DA:70,64
DA:71,64
DA:73,64
DA:74,64
DA:75,64
DA:76,128
DA:77,128
DA:78,128
DA:79,128
DA:80,128
DA:81,128
DA:82,7
DA:86,7
DA:87,7
DA:88,7
DA:89,7
DA:90,7
DA:92,128
DA:93,128
DA:94,64
DA:95,64
DA:96,64
DA:97,64
DA:98,64
DA:99,64
DA:100,3
DA:101,3
DA:102,3
DA:103,64
DA:105,64
DA:106,64
DA:107,64
DA:108,64
DA:110,64
DA:111,64
DA:112,64
DA:114,64
DA:115,64
DA:116,64
DA:117,64
DA:118,64
DA:119,64
DA:120,64
DA:121,64
DA:122,64
DA:123,64
DA:124,64
DA:125,64
DA:126,64
DA:128,64
DA:129,64
DA:130,64
DA:131,64
DA:132,64
DA:133,64
DA:134,64
DA:135,64
DA:137,64
DA:140,47
DA:141,47
DA:142,47
DA:143,47
DA:144,47
DA:145,47
DA:146,47
DA:147,47
DA:148,47
DA:149,47
DA:150,47
DA:151,47
DA:152,47
DA:153,47
DA:155,47
DA:156,47
DA:158,47
DA:160,47
DA:161,47
DA:162,47
DA:163,47
DA:164,47
DA:166,47
DA:168,0
DA:169,0
DA:170,0
DA:171,0
DA:172,0
DA:174,0
DA:176,4
DA:177,4
DA:178,4
DA:179,4
DA:180,4
DA:181,4
DA:183,4
DA:185,43
DA:186,43
DA:187,43
DA:188,43
DA:189,43
DA:191,43
LF:154
LH:148
BRDA:11,0,0,64
BRDA:51,1,0,0
BRDA:55,2,0,0
BRDA:103,3,0,8
BRDA:103,4,0,56
BRDA:105,5,0,8
BRDA:105,6,0,56
BRDA:17,7,0,256
BRDA:23,8,0,44
BRDA:25,9,0,188
BRDA:26,10,0,41
BRDA:26,11,0,147
BRDA:75,12,0,128
BRDA:81,13,0,7
BRDA:82,14,0,0
BRDA:88,15,0,0
BRDA:99,16,0,3
BRDA:100,17,0,0
BRDA:126,18,0,1
BRDA:140,19,0,47
BRDA:160,20,0,47
BRDA:176,21,0,4
BRDA:185,22,0,43
BRF:23
BRH:18
end_of_record
TN:
SF:src/components/ResultsPanel.tsx
FN:9,ruleLabel
FN:16,ResultsPanel
FN:29,buyerLabel
FN:44,notify
FN:50,copy
FN:60,pctDigits
FN:66,pct
FN:72,imtFormula
FN:82,copyResult
FN:201,onFocus
FN:206,onClick
FN:228,onClick
FN:245,Tile
FNF:13
FNH:12
FNDA:18,ruleLabel
FNDA:75,ResultsPanel
FNDA:36,buyerLabel
FNDA:4,notify
FNDA:5,copy
FNDA:99,pctDigits
FNDA:99,pct
FNDA:81,imtFormula
FNDA:2,copyResult
FNDA:0,onFocus
FNDA:3,onClick
FNDA:1,onClick
FNDA:225,Tile
DA:1,1
DA:2,1
DA:4,1
DA:5,1
DA:6,1
DA:7,1
DA:9,18
DA:10,18
DA:11,17
DA:12,16
DA:13,16
DA:16,1
DA:17,75
DA:18,75
DA:19,75
DA:20,75
DA:24,75
DA:25,75
DA:29,75
DA:30,36
DA:32,75
DA:33,75
DA:36,75
DA:41,75
DA:42,75
DA:44,75
DA:45,4
DA:46,4
DA:47,4
DA:48,4
DA:50,75
DA:51,5
DA:52,5
DA:53,4
DA:54,5
DA:56,1
DA:57,5
DA:60,75
DA:61,99
DA:62,99
DA:63,99
DA:64,67
DA:65,99
DA:66,75
DA:72,75
DA:73,81
DA:74,81
DA:75,81
DA:76,69
DA:77,12
DA:78,81
DA:79,81
DA:80,81
DA:82,75
DA:83,2
DA:84,2
DA:85,2
DA:86,2
DA:87,2
DA:88,2
DA:89,2
DA:90,2
DA:91,2
DA:92,2
DA:93,2
DA:95,75
DA:96,75
DA:97,75
DA:98,75
DA:99,75
DA:100,75
DA:101,75
DA:102,75
DA:103,75
DA:104,75
DA:105,75
DA:107,75
DA:108,0
DA:109,0
DA:110,0
DA:113,75
DA:114,75
DA:115,75
DA:116,75
DA:117,75
DA:119,75
DA:120,72
DA:121,72
DA:122,72
DA:123,72
DA:124,81
DA:125,81
DA:126,18
DA:128,81
DA:129,81
DA:130,72
DA:131,72
DA:132,61
DA:134,72
DA:135,72
DA:138,75
DA:139,75
DA:140,75
DA:141,75
DA:142,75
DA:143,75
DA:144,75
DA:145,75
DA:146,75
DA:147,75
DA:148,2
DA:149,2
DA:150,2
DA:151,2
DA:153,75
DA:155,75
DA:156,9
DA:157,9
DA:158,9
DA:159,18
DA:160,18
DA:161,18
DA:162,18
DA:163,18
DA:164,18
DA:165,18
DA:166,18
DA:167,18
DA:168,18
DA:169,18
DA:170,18
DA:171,18
DA:172,18
DA:173,18
DA:174,18
DA:175,18
DA:176,18
DA:177,18
DA:178,18
DA:179,1
DA:180,1
DA:181,1
DA:183,18
DA:184,9
DA:185,9
DA:188,75
DA:190,75
DA:191,75
DA:192,75
DA:193,75
DA:194,75
DA:195,75
DA:196,75
DA:197,75
DA:198,75
DA:199,75
DA:200,75
DA:201,75
DA:202,75
DA:203,75
DA:204,75
DA:205,75
DA:206,75
DA:207,3
DA:208,3
DA:209,3
DA:211,75
DA:212,75
DA:213,75
DA:214,75
DA:216,75
DA:218,75
DA:219,75
DA:220,75
DA:221,75
DA:222,75
DA:223,75
DA:224,75
DA:225,75
DA:226,75
DA:227,75
DA:228,75
DA:229,1
DA:230,1
DA:231,1
DA:233,75
DA:234,75
DA:235,75
DA:236,75
DA:237,3
DA:238,3
DA:239,3
DA:241,75
DA:243,75
DA:245,225
DA:246,225
DA:247,225
DA:248,225
DA:249,225
DA:250,225
DA:252,225
LF:201
LH:198
BRDA:9,0,0,18
BRDA:10,1,0,17
BRDA:10,2,0,1
BRDA:11,3,0,1
BRDA:11,4,0,16
BRDA:16,5,0,75
BRDA:41,6,0,72
BRDA:41,7,0,3
BRDA:102,8,0,0
BRDA:107,9,0,0
BRDA:119,10,0,72
BRDA:131,11,0,61
BRDA:147,12,0,2
BRDA:155,13,0,9
BRDA:188,14,0,4
BRDA:236,15,0,3
BRDA:29,16,0,36
BRDA:30,17,0,10
BRDA:30,18,0,26
BRDA:36,19,0,37
BRDA:36,20,0,37
BRDA:44,21,0,4
BRDA:50,22,0,5
BRDA:52,23,0,4
BRDA:54,24,0,1
BRDA:60,25,0,99
BRDA:62,26,0,24
BRDA:62,27,0,75
BRDA:63,28,0,8
BRDA:63,29,0,67
BRDA:66,30,0,99
BRDA:72,31,0,81
BRDA:75,32,0,69
BRDA:76,33,0,12
BRDA:78,34,0,63
BRDA:78,35,0,18
BRDA:82,36,0,2
BRDA:123,37,0,81
BRDA:125,38,0,18
BRDA:131,39,0,73
BRDA:131,40,0,61
BRDA:158,41,0,18
BRDA:178,42,0,1
BRDA:178,43,0,1
BRDA:206,44,0,3
BRDA:228,45,0,1
BRDA:245,46,0,225
BRDA:247,47,0,75
BRDA:247,48,0,150
BRF:49
BRH:47
end_of_record
TN:
SF:src/components/controls.tsx
FN:8,Field
FN:40,NumberField
FN:71,onChange
FN:93,SelectField
FN:109,onChange
FN:121,Segmented
FN:142,onClick
FN:153,Toggle
FN:170,onChange
FNF:9
FNH:9
FNDA:286,Field
FNDA:209,NumberField
FNDA:8,onChange
FNDA:77,SelectField
FNDA:3,onChange
FNDA:214,Segmented
FNDA:5,onClick
FNDA:140,Toggle
FNDA:2,onChange
DA:2,1
DA:8,1
DA:9,286
DA:10,286
DA:11,286
DA:12,286
DA:13,286
DA:14,286
DA:20,286
DA:21,286
DA:22,286
DA:23,286
DA:24,286
DA:25,286
DA:26,286
DA:27,286
DA:28,286
DA:29,286
DA:31,286
DA:40,1
DA:41,209
DA:42,209
DA:43,209
DA:44,209
DA:45,209
DA:46,209
DA:47,209
DA:48,209
DA:49,209
DA:58,209
DA:59,209
DA:60,209
DA:61,209
DA:62,209
DA:63,209
DA:64,209
DA:65,209
DA:66,209
DA:67,209
DA:68,209
DA:69,209
DA:70,209
DA:71,209
DA:72,8
DA:73,7
DA:74,8
DA:75,7
DA:76,8
DA:77,7
DA:78,8
DA:79,209
DA:80,209
DA:81,209
DA:82,209
DA:84,209
DA:93,1
DA:94,77
DA:95,77
DA:96,77
DA:97,77
DA:98,77
DA:99,77
DA:105,77
DA:106,77
DA:107,77
DA:108,77
DA:109,77
DA:110,77
DA:111,240
DA:112,240
DA:113,240
DA:114,77
DA:115,77
DA:116,77
DA:118,77
DA:121,1
DA:122,214
DA:123,214
DA:124,214
DA:125,214
DA:126,214
DA:131,214
DA:132,214
DA:133,214
DA:134,214
DA:135,214
DA:136,214
DA:137,428
DA:138,428
DA:139,428
DA:140,428
DA:141,428
DA:142,428
DA:144,428
DA:145,428
DA:146,214
DA:147,214
DA:148,214
DA:150,214
DA:153,1
DA:154,140
DA:155,140
DA:156,140
DA:157,140
DA:161,140
DA:162,140
DA:163,140
DA:164,140
DA:165,140
DA:166,140
DA:167,140
DA:168,140
DA:169,140
DA:170,140
DA:171,140
DA:172,140
DA:173,140
DA:174,140
DA:175,140
DA:177,140
LF:120
LH:120
BRDA:8,0,0,286
BRDA:25,1,0,66
BRDA:28,2,0,132
BRDA:40,3,0,209
BRDA:70,4,0,143
BRDA:70,5,0,66
BRDA:80,6,0,208
BRDA:71,7,0,8
BRDA:72,8,0,1
BRDA:72,9,0,7
BRDA:74,10,0,0
BRDA:74,11,0,7
BRDA:76,12,0,1
BRDA:76,13,0,7
BRDA:93,14,0,77
BRDA:109,15,0,3
BRDA:110,16,0,240
BRDA:121,17,0,214
BRDA:136,18,0,428
BRDA:142,19,0,5
BRDA:153,20,0,140
BRDA:170,21,0,2
BRF:22
BRH:21
end_of_record
TN:
SF:src/content/glossary.ts
FNF:0
FNH:0
DA:10,1
DA:11,1
DA:12,1
DA:13,1
DA:14,1
DA:15,1
DA:16,1
DA:17,1
DA:18,1
DA:19,1
DA:20,1
DA:21,1
DA:22,1
DA:23,1
DA:24,1
DA:25,1
DA:26,1
DA:27,1
DA:28,1
DA:29,1
DA:30,1
DA:31,1
DA:32,1
DA:33,1
DA:34,1
DA:35,1
DA:36,1
DA:37,1
DA:38,1
DA:39,1
DA:40,1
DA:41,1
DA:42,1
DA:43,1
DA:44,1
DA:45,1
DA:46,1
DA:47,1
DA:48,1
DA:49,1
DA:50,1
DA:51,1
DA:52,1
DA:53,1
DA:54,1
DA:55,1
DA:56,1
DA:57,1
DA:58,1
DA:59,1
DA:60,1
DA:61,1
DA:62,1
DA:63,1
DA:64,1
DA:65,1
DA:66,1
DA:67,1
DA:68,1
DA:69,1
DA:70,1
DA:71,1
DA:72,1
DA:73,1
DA:74,1
DA:75,1
DA:76,1
DA:77,1
DA:78,1
DA:79,1
DA:80,1
DA:81,1
DA:82,1
DA:83,1
DA:84,1
DA:85,1
DA:86,1
DA:87,1
DA:88,1
DA:89,1
DA:90,1
DA:91,1
DA:92,1
DA:93,1
DA:94,1
DA:95,1
DA:96,1
DA:97,1
DA:98,1
DA:99,1
DA:100,1
DA:101,1
DA:102,1
DA:103,1
DA:104,1
DA:105,1
DA:106,1
DA:107,1
DA:108,1
DA:109,1
DA:110,1
DA:111,1
DA:112,1
DA:113,1
DA:114,1
DA:115,1
DA:116,1
DA:117,1
DA:118,1
DA:119,1
DA:120,1
DA:121,1
DA:122,1
DA:123,1
DA:124,1
DA:125,1
DA:126,1
DA:127,1
DA:128,1
DA:129,1
DA:130,1
DA:131,1
DA:132,1
DA:133,1
DA:134,1
DA:135,1
DA:136,1
DA:137,1
DA:138,1
DA:139,1
DA:140,1
DA:141,1
DA:142,1
DA:143,1
DA:144,1
DA:145,1
DA:146,1
DA:147,1
DA:148,1
DA:149,1
DA:150,1
DA:151,1
DA:152,1
DA:153,1
DA:154,1
DA:155,1
DA:156,1
DA:157,1
DA:158,1
DA:159,1
DA:160,1
DA:161,1
DA:162,1
DA:163,1
DA:164,1
DA:165,1
DA:166,1
DA:167,1
DA:168,1
DA:169,1
DA:170,1
DA:171,1
DA:172,1
DA:173,1
DA:174,1
DA:175,1
DA:176,1
DA:177,1
DA:178,1
DA:179,1
DA:180,1
DA:181,1
DA:182,1
DA:183,1
DA:184,1
DA:185,1
DA:186,1
DA:187,1
DA:188,1
DA:189,1
DA:190,1
DA:191,1
DA:192,1
DA:193,1
DA:194,1
DA:195,1
DA:196,1
DA:197,1
DA:198,1
DA:199,1
DA:200,1
DA:201,1
DA:202,1
DA:203,1
DA:204,1
DA:205,1
DA:206,1
DA:207,1
DA:208,1
DA:209,1
DA:210,1
DA:211,1
DA:212,1
DA:213,1
DA:214,1
DA:215,1
DA:216,1
DA:217,1
DA:218,1
DA:219,1
DA:220,1
LF:211
LH:211
BRF:0
BRH:0
end_of_record
TN:
SF:src/content/howItWorks.ts
FNF:0
FNH:0
DA:13,1
DA:14,1
DA:15,1
DA:16,1
DA:17,1
DA:18,1
DA:19,1
DA:20,1
DA:21,1
DA:22,1
DA:23,1
DA:24,1
DA:25,1
DA:26,1
DA:27,1
DA:28,1
DA:29,1
DA:30,1
DA:31,1
DA:32,1
DA:33,1
DA:34,1
DA:35,1
DA:36,1
DA:37,1
DA:38,1
DA:39,1
DA:40,1
DA:41,1
DA:42,1
DA:43,1
DA:44,1
DA:45,1
DA:46,1
DA:47,1
DA:48,1
DA:49,1
DA:50,1
DA:51,1
DA:52,1
DA:53,1
DA:54,1
DA:55,1
DA:56,1
DA:57,1
DA:58,1
DA:59,1
DA:60,1
DA:61,1
DA:62,1
DA:63,1
DA:64,1
DA:65,1
DA:66,1
DA:67,1
DA:68,1
DA:69,1
DA:70,1
DA:71,1
DA:72,1
DA:73,1
DA:74,1
DA:75,1
DA:76,1
DA:77,1
DA:78,1
DA:79,1
DA:80,1
DA:81,1
DA:82,1
DA:83,1
DA:84,1
DA:85,1
DA:86,1
DA:87,1
DA:88,1
DA:89,1
DA:90,1
DA:91,1
DA:92,1
DA:93,1
DA:94,1
DA:95,1
DA:96,1
DA:97,1
DA:98,1
DA:99,1
DA:100,1
DA:101,1
DA:102,1
DA:103,1
DA:104,1
DA:105,1
DA:106,1
DA:107,1
DA:108,1
DA:109,1
DA:110,1
DA:111,1
DA:112,1
DA:113,1
DA:114,1
DA:115,1
DA:116,1
DA:117,1
DA:118,1
DA:119,1
DA:120,1
DA:121,1
DA:122,1
DA:123,1
DA:124,1
DA:125,1
DA:126,1
DA:127,1
DA:128,1
DA:129,1
DA:130,1
DA:131,1
DA:132,1
DA:133,1
DA:134,1
DA:135,1
DA:136,1
DA:137,1
DA:138,1
DA:139,1
DA:140,1
DA:141,1
DA:142,1
DA:143,1
DA:144,1
DA:145,1
DA:146,1
DA:147,1
DA:148,1
DA:149,1
DA:150,1
DA:151,1
DA:152,1
DA:153,1
DA:154,1
DA:155,1
DA:156,1
DA:157,1
DA:158,1
DA:159,1
LF:147
LH:147
BRF:0
BRH:0
end_of_record
TN:
SF:src/content/guides/computed.ts
FNF:0
FNH:0
DA:10,1
DA:12,1
DA:13,1
DA:14,1
DA:15,1
DA:16,1
DA:17,1
DA:18,1
DA:19,1
DA:20,1
DA:21,1
DA:22,1
DA:23,1
DA:24,1
DA:25,1
DA:26,1
DA:27,1
DA:28,1
DA:29,1
DA:30,1
DA:31,1
DA:32,1
DA:33,1
DA:34,1
DA:35,1
DA:36,1
DA:37,1
DA:38,1
DA:39,1
DA:40,1
DA:41,1
DA:42,1
DA:43,1
DA:44,1
DA:45,1
DA:46,1
DA:47,1
DA:48,1
DA:49,1
DA:50,1
DA:51,1
DA:52,1
DA:53,1
DA:54,1
DA:55,1
DA:56,1
DA:57,1
DA:58,1
DA:59,1
DA:60,1
DA:61,1
DA:62,1
DA:63,1
DA:64,1
DA:65,1
DA:66,1
DA:67,1
LF:57
LH:57
BRF:0
BRH:0
end_of_record
TN:
SF:src/content/guides/figures.ts
FN:13,contentVars
FN:18,resolveText
FNF:2
FNH:2
FNDA:407,contentVars
FNDA:407,resolveText
DA:4,1
DA:5,1
DA:6,1
DA:13,1
DA:14,407
DA:15,407
DA:18,1
DA:19,407
DA:20,407
LF:9
LH:9
BRDA:13,0,0,407
BRDA:18,1,0,407
BRF:2
BRH:2
end_of_record
TN:
SF:src/content/guides/imt-imi-stamp-duty.ts
FNF:0
FNH:0
DA:7,1
DA:8,1
DA:9,1
DA:10,1
DA:11,1
DA:12,1
DA:13,1
DA:14,1
DA:15,1
DA:16,1
DA:17,1
DA:18,1
DA:19,1
DA:20,1
DA:21,1
DA:22,1
DA:23,1
DA:24,1
DA:25,1
DA:26,1
DA:27,1
DA:28,1
DA:29,1
DA:30,1
DA:31,1
DA:32,1
DA:33,1
DA:34,1
DA:35,1
DA:36,1
DA:37,1
DA:38,1
DA:39,1
DA:40,1
DA:41,1
DA:42,1
DA:43,1
DA:44,1
DA:45,1
DA:46,1
DA:47,1
DA:48,1
DA:49,1
DA:50,1
DA:51,1
DA:52,1
DA:53,1
DA:54,1
DA:55,1
DA:56,1
DA:57,1
DA:58,1
DA:59,1
DA:60,1
DA:61,1
DA:62,1
DA:63,1
DA:64,1
DA:65,1
DA:66,1
DA:67,1
DA:68,1
DA:69,1
DA:70,1
DA:71,1
DA:72,1
DA:73,1
DA:74,1
DA:75,1
DA:76,1
DA:77,1
DA:78,1
DA:79,1
DA:80,1
DA:81,1
DA:82,1
DA:83,1
DA:84,1
DA:85,1
DA:86,1
DA:87,1
DA:88,1
DA:89,1
DA:90,1
DA:91,1
DA:92,1
DA:93,1
DA:94,1
DA:95,1
DA:96,1
DA:97,1
DA:98,1
DA:99,1
DA:100,1
DA:101,1
DA:102,1
DA:103,1
DA:104,1
DA:105,1
DA:106,1
DA:107,1
DA:108,1
DA:109,1
DA:110,1
DA:111,1
DA:112,1
DA:113,1
DA:114,1
DA:115,1
DA:116,1
DA:117,1
DA:118,1
DA:119,1
DA:120,1
DA:121,1
DA:122,1
DA:123,1
DA:124,1
DA:125,1
DA:126,1
DA:127,1
DA:128,1
DA:129,1
DA:130,1
DA:131,1
DA:132,1
DA:133,1
DA:134,1
LF:128
LH:128
BRF:0
BRH:0
end_of_record
TN:
SF:src/content/guides/imt-jovem.ts
FNF:0
FNH:0
DA:8,1
DA:9,1
DA:10,1
DA:11,1
DA:12,1
DA:13,1
DA:14,1
DA:15,1
DA:16,1
DA:17,1
DA:18,1
DA:19,1
DA:20,1
DA:21,1
DA:22,1
DA:23,1
DA:24,1
DA:25,1
DA:26,1
DA:27,1
DA:28,1
DA:29,1
DA:30,1
DA:31,1
DA:32,1
DA:33,1
DA:34,1
DA:35,1
DA:36,1
DA:37,1
DA:38,1
DA:39,1
DA:40,1
DA:41,1
DA:42,1
DA:43,1
DA:44,1
DA:45,1
DA:46,1
DA:47,1
DA:48,1
DA:49,1
DA:50,1
DA:51,1
DA:52,1
DA:53,1
DA:54,1
DA:55,1
DA:56,1
DA:57,1
DA:58,1
DA:59,1
DA:60,1
DA:61,1
DA:62,1
DA:63,1
DA:64,1
DA:65,1
DA:66,1
DA:67,1
DA:68,1
DA:69,1
DA:70,1
DA:71,1
DA:72,1
DA:73,1
DA:74,1
DA:75,1
DA:76,1
DA:77,1
DA:78,1
DA:79,1
DA:80,1
DA:81,1
DA:82,1
DA:83,1
DA:84,1
DA:85,1
DA:86,1
DA:87,1
DA:88,1
DA:89,1
DA:90,1
DA:91,1
DA:92,1
DA:93,1
DA:94,1
DA:95,1
DA:96,1
DA:97,1
DA:98,1
DA:99,1
DA:100,1
DA:101,1
DA:102,1
DA:103,1
DA:104,1
DA:105,1
DA:106,1
DA:107,1
DA:108,1
DA:109,1
DA:110,1
DA:111,1
DA:112,1
DA:113,1
DA:114,1
DA:115,1
DA:116,1
DA:117,1
DA:118,1
DA:119,1
DA:120,1
DA:121,1
DA:122,1
DA:123,1
DA:124,1
DA:125,1
DA:126,1
DA:127,1
DA:128,1
DA:129,1
DA:130,1
DA:131,1
DA:132,1
DA:133,1
DA:134,1
DA:135,1
DA:136,1
DA:137,1
DA:138,1
DA:139,1
DA:140,1
DA:141,1
DA:142,1
DA:143,1
DA:144,1
DA:145,1
DA:146,1
DA:147,1
DA:148,1
DA:149,1
DA:150,1
DA:151,1
DA:152,1
DA:153,1
DA:154,1
DA:155,1
DA:156,1
DA:157,1
LF:150
LH:150
BRF:0
BRH:0
end_of_record
TN:
SF:src/content/guides/imt-non-residents.ts
FNF:0
FNH:0
DA:8,1
DA:9,1
DA:10,1
DA:11,1
DA:12,1
DA:13,1
DA:14,1
DA:15,1
DA:16,1
DA:17,1
DA:18,1
DA:19,1
DA:20,1
DA:21,1
DA:22,1
DA:23,1
DA:24,1
DA:25,1
DA:26,1
DA:27,1
DA:28,1
DA:29,1
DA:30,1
DA:31,1
DA:32,1
DA:33,1
DA:34,1
DA:35,1
DA:36,1
DA:37,1
DA:38,1
DA:39,1
DA:40,1
DA:41,1
DA:42,1
DA:43,1
DA:44,1
DA:45,1
DA:46,1
DA:47,1
DA:48,1
DA:49,1
DA:50,1
DA:51,1
DA:52,1
DA:53,1
DA:54,1
DA:55,1
DA:56,1
DA:57,1
DA:58,1
DA:59,1
DA:60,1
DA:61,1
DA:62,1
DA:63,1
DA:64,1
DA:65,1
DA:66,1
DA:67,1
DA:68,1
DA:69,1
DA:70,1
DA:71,1
DA:72,1
DA:73,1
DA:74,1
DA:75,1
DA:76,1
DA:77,1
DA:78,1
DA:79,1
DA:80,1
DA:81,1
DA:82,1
DA:83,1
DA:84,1
DA:85,1
DA:86,1
DA:87,1
DA:88,1
DA:89,1
DA:90,1
DA:91,1
DA:92,1
DA:93,1
DA:94,1
DA:95,1
DA:96,1
DA:97,1
DA:98,1
DA:99,1
DA:100,1
DA:101,1
DA:102,1
DA:103,1
DA:104,1
DA:105,1
DA:106,1
DA:107,1
DA:108,1
DA:109,1
DA:110,1
DA:111,1
DA:112,1
DA:113,1
DA:114,1
DA:115,1
DA:116,1
DA:117,1
DA:118,1
DA:119,1
DA:120,1
DA:121,1
DA:122,1
DA:123,1
DA:124,1
DA:125,1
DA:126,1
DA:127,1
DA:128,1
DA:129,1
DA:130,1
DA:131,1
DA:132,1
DA:133,1
DA:134,1
DA:135,1
DA:136,1
DA:137,1
DA:138,1
DA:139,1
DA:140,1
DA:141,1
DA:142,1
DA:143,1
DA:144,1
DA:145,1
DA:146,1
DA:147,1
DA:148,1
DA:149,1
DA:150,1
DA:151,1
DA:152,1
DA:153,1
DA:154,1
DA:155,1
DA:156,1
DA:157,1
DA:158,1
DA:159,1
DA:160,1
DA:161,1
DA:162,1
DA:163,1
DA:164,1
DA:165,1
DA:166,1
DA:167,1
DA:168,1
DA:169,1
LF:162
LH:162
BRF:0
BRH:0
end_of_record
TN:
SF:src/content/guides/imt-regions.ts
FNF:0
FNH:0
DA:8,1
DA:9,1
DA:10,1
DA:11,1
DA:12,1
DA:13,1
DA:14,1
DA:15,1
DA:16,1
DA:17,1
DA:18,1
DA:19,1
DA:20,1
DA:21,1
DA:22,1
DA:23,1
DA:24,1
DA:25,1
DA:26,1
DA:27,1
DA:28,1
DA:29,1
DA:30,1
DA:31,1
DA:32,1
DA:33,1
DA:34,1
DA:35,1
DA:36,1
DA:37,1
DA:38,1
DA:39,1
DA:40,1
DA:41,1
DA:42,1
DA:43,1
DA:44,1
DA:45,1
DA:46,1
DA:47,1
DA:48,1
DA:49,1
DA:50,1
DA:51,1
DA:52,1
DA:53,1
DA:54,1
DA:55,1
DA:56,1
DA:57,1
DA:58,1
DA:59,1
DA:60,1
DA:61,1
DA:62,1
DA:63,1
DA:64,1
DA:65,1
DA:66,1
DA:67,1
DA:68,1
DA:69,1
DA:70,1
DA:71,1
DA:72,1
DA:73,1
DA:74,1
DA:75,1
DA:76,1
DA:77,1
DA:78,1
DA:79,1
DA:80,1
DA:81,1
DA:82,1
DA:83,1
DA:84,1
DA:85,1
DA:86,1
DA:87,1
DA:88,1
DA:89,1
DA:90,1
DA:91,1
DA:92,1
DA:93,1
DA:94,1
DA:95,1
DA:96,1
DA:97,1
DA:98,1
DA:99,1
DA:100,1
DA:101,1
DA:102,1
DA:103,1
DA:104,1
DA:105,1
DA:106,1
DA:107,1
DA:108,1
DA:109,1
DA:110,1
DA:111,1
DA:112,1
DA:113,1
DA:114,1
DA:115,1
DA:116,1
DA:117,1
DA:118,1
DA:119,1
DA:120,1
DA:121,1
DA:122,1
DA:123,1
DA:124,1
DA:125,1
DA:126,1
DA:127,1
DA:128,1
DA:129,1
DA:130,1
DA:131,1
DA:132,1
DA:133,1
DA:134,1
DA:135,1
DA:136,1
DA:137,1
LF:130
LH:130
BRF:0
BRH:0
end_of_record
TN:
SF:src/content/guides/imt-tables.ts
FNF:0
FNH:0
DA:8,1
DA:9,1
DA:10,1
DA:11,1
DA:12,1
DA:13,1
DA:14,1
DA:15,1
DA:16,1
DA:17,1
DA:18,1
DA:19,1
DA:20,1
DA:21,1
DA:22,1
DA:23,1
DA:24,1
DA:25,1
DA:26,1
DA:27,1
DA:28,1
DA:29,1
DA:30,1
DA:31,1
DA:32,1
DA:33,1
DA:34,1
DA:35,1
DA:36,1
DA:37,1
DA:38,1
DA:39,1
DA:40,1
DA:41,1
DA:42,1
DA:43,1
DA:44,1
DA:45,1
DA:46,1
DA:47,1
DA:48,1
DA:49,1
DA:50,1
DA:51,1
DA:52,1
DA:53,1
DA:54,1
DA:55,1
DA:56,1
DA:57,1
DA:58,1
DA:59,1
DA:60,1
DA:61,1
DA:62,1
DA:63,1
DA:64,1
DA:65,1
DA:66,1
DA:67,1
DA:68,1
DA:69,1
DA:70,1
DA:71,1
DA:72,1
DA:73,1
DA:74,1
DA:75,1
DA:76,1
DA:77,1
DA:78,1
DA:79,1
DA:80,1
DA:81,1
DA:82,1
DA:83,1
DA:84,1
DA:85,1
DA:86,1
DA:87,1
DA:88,1
DA:89,1
DA:90,1
DA:91,1
DA:92,1
DA:93,1
DA:94,1
DA:95,1
DA:96,1
DA:97,1
DA:98,1
DA:99,1
DA:100,1
DA:101,1
DA:102,1
DA:103,1
DA:104,1
DA:105,1
DA:106,1
DA:107,1
DA:108,1
DA:109,1
DA:110,1
DA:111,1
DA:112,1
DA:113,1
DA:114,1
DA:115,1
DA:116,1
DA:117,1
DA:118,1
DA:119,1
DA:120,1
DA:121,1
DA:122,1
DA:123,1
DA:124,1
DA:125,1
DA:126,1
DA:127,1
DA:128,1
DA:129,1
DA:130,1
DA:131,1
DA:132,1
DA:133,1
DA:134,1
DA:135,1
DA:136,1
DA:137,1
DA:138,1
DA:139,1
DA:140,1
DA:141,1
DA:142,1
DA:143,1
DA:144,1
DA:145,1
DA:146,1
DA:147,1
DA:148,1
DA:149,1
LF:142
LH:142
BRF:0
BRH:0
end_of_record
TN:
SF:src/content/guides/index.ts
FNF:0
FNH:0
DA:8,1
DA:9,1
DA:10,1
DA:11,1
DA:12,1
DA:14,1
DA:17,1
DA:18,1
DA:19,1
DA:20,1
DA:21,1
DA:22,1
DA:23,1
LF:13
LH:13
BRF:0
BRH:0
end_of_record
TN:
SF:src/content/guides/registry.ts
FN:139,guideById
FN:140,guideBySlug
FNF:2
FNH:2
FNDA:6,guideById
FNDA:7,guideBySlug
DA:13,1
DA:14,1
DA:17,1
DA:49,1
DA:50,1
DA:51,1
DA:52,1
DA:53,1
DA:54,1
DA:55,1
DA:56,1
DA:57,1
DA:58,1
DA:59,1
DA:60,1
DA:61,1
DA:62,1
DA:63,1
DA:64,1
DA:65,1
DA:66,1
DA:67,1
DA:68,1
DA:69,1
DA:70,1
DA:71,1
DA:72,1
DA:73,1
DA:74,1
DA:75,1
DA:76,1
DA:77,1
DA:78,1
DA:79,1
DA:80,1
DA:81,1
DA:82,1
DA:83,1
DA:84,1
DA:85,1
DA:86,1
DA:87,1
DA:88,1
DA:89,1
DA:90,1
DA:91,1
DA:92,1
DA:93,1
DA:94,1
DA:95,1
DA:96,1
DA:97,1
DA:98,1
DA:99,1
DA:100,1
DA:101,1
DA:102,1
DA:103,1
DA:104,1
DA:105,1
DA:106,1
DA:107,1
DA:108,1
DA:109,1
DA:110,1
DA:111,1
DA:112,1
DA:113,1
DA:114,1
DA:115,1
DA:116,1
DA:117,1
DA:118,1
DA:119,1
DA:120,1
DA:121,1
DA:122,1
DA:123,1
DA:124,1
DA:125,1
DA:128,1
DA:129,1
DA:130,1
DA:131,1
DA:132,1
DA:133,1
DA:134,1
DA:135,1
DA:136,1
DA:137,1
DA:139,1
DA:140,1
DA:141,7
LF:93
LH:93
BRDA:139,0,0,6
BRDA:139,1,0,11
BRDA:140,2,0,7
BRDA:141,3,0,16
BRF:4
BRH:4
end_of_record
TN:
SF:src/engine/imt.ts
FN:17,round2
FN:25,pickTable
FN:38,pickBracket
FN:48,ordinaryImt
FN:54,mortgageStampDuty
FN:72,jovemCeiling
FN:77,computeBuyer
FN:89,ordinary
FN:159,calculate
FNF:9
FNH:9
FNDA:1100,round2
FNDA:99,pickTable
FNDA:185,pickBracket
FNDA:94,ordinaryImt
FNDA:94,mortgageStampDuty
FNDA:106,jovemCeiling
FNDA:106,computeBuyer
FNDA:93,ordinary
FNDA:95,calculate
DA:14,1
DA:17,1
DA:18,1100
DA:19,1100
DA:25,1
DA:26,99
DA:27,99
DA:28,78
DA:29,78
DA:30,78
DA:31,99
DA:32,99
DA:38,1
DA:39,185
DA:40,185
DA:41,185
DA:42,185
DA:48,1
DA:49,94
DA:50,92
DA:51,92
DA:52,92
DA:54,94
DA:55,94
DA:56,6
DA:57,66
DA:58,2
DA:59,94
DA:60,1
DA:61,94
DA:63,3
DA:64,94
DA:65,94
DA:72,106
DA:73,106
DA:74,106
DA:75,106
DA:77,106
DA:78,106
DA:79,106
DA:80,106
DA:81,106
DA:82,106
DA:83,106
DA:89,106
DA:90,93
DA:91,93
DA:92,93
DA:93,93
DA:94,93
DA:96,106
DA:97,106
DA:98,106
DA:101,106
DA:102,106
DA:103,106
DA:104,106
DA:106,106
DA:108,6
DA:109,6
DA:110,6
DA:111,106
DA:113,13
DA:114,13
DA:115,13
DA:116,13
DA:119,6
DA:120,6
DA:121,6
DA:122,100
DA:123,87
DA:124,87
DA:125,87
DA:126,87
DA:127,87
DA:128,87
DA:136,106
DA:137,106
DA:138,106
DA:139,4
DA:140,102
DA:142,106
DA:143,106
DA:144,106
DA:145,106
DA:146,106
DA:147,106
DA:148,106
DA:149,106
DA:150,106
DA:151,106
DA:152,106
DA:153,106
DA:154,106
DA:155,106
DA:156,106
DA:159,1
DA:160,95
DA:161,95
DA:163,94
DA:166,95
DA:167,95
DA:168,95
DA:169,95
DA:171,95
DA:172,94
DA:173,95
DA:175,94
DA:177,94
DA:178,94
DA:179,94
DA:180,94
DA:181,94
DA:182,94
DA:184,94
DA:185,94
DA:186,94
DA:187,94
DA:188,94
DA:189,94
DA:190,94
DA:191,94
DA:192,94
DA:193,94
DA:194,95
DA:195,95
DA:196,95
DA:197,95
DA:198,95
DA:199,95
LF:130
LH:130
BRDA:17,0,0,1100
BRDA:25,1,0,99
BRDA:27,2,0,78
BRDA:28,3,0,6
BRDA:28,4,0,4
BRDA:28,5,0,2
BRDA:28,6,0,72
BRDA:29,7,0,71
BRDA:29,8,0,1
BRDA:30,9,0,31
BRDA:30,10,0,21
BRDA:31,11,0,19
BRDA:31,12,0,2
BRDA:38,13,0,185
BRDA:40,14,0,1271
BRDA:40,15,0,740
BRDA:48,16,0,94
BRDA:49,17,0,2
BRDA:49,18,0,92
BRDA:54,19,0,94
BRDA:55,20,0,6
BRDA:55,21,0,88
BRDA:55,22,0,66
BRDA:55,23,0,6
BRDA:57,24,0,2
BRDA:59,25,0,1
BRDA:61,26,0,3
BRDA:63,27,0,1
BRDA:72,28,0,106
BRDA:73,29,0,103
BRDA:73,30,0,102
BRDA:73,31,0,4
BRDA:74,32,0,0
BRDA:77,33,0,106
BRDA:106,34,0,7
BRDA:106,35,0,6
BRDA:111,36,0,100
BRDA:111,37,0,15
BRDA:111,38,0,13
BRDA:116,39,0,8
BRDA:116,40,0,6
BRDA:122,41,0,87
BRDA:138,42,0,4
BRDA:139,43,0,102
BRDA:89,44,0,93
BRDA:92,45,0,88
BRDA:92,46,0,5
BRDA:159,47,0,95
BRDA:161,48,0,1
BRDA:161,49,0,94
BRDA:166,50,0,92
BRDA:166,51,0,2
BRDA:167,52,0,91
BRDA:169,53,0,1
BRDA:169,54,0,93
BRDA:171,55,0,1
BRDA:171,56,0,94
BRDA:173,57,0,93
BRDA:173,58,0,1
BRDA:173,59,0,94
BRDA:194,60,0,89
BRDA:194,61,0,5
BRDA:172,62,0,106
BRDA:175,63,0,106
BRDA:177,64,0,106
BRDA:178,65,0,106
BRDA:182,66,0,106
BRDA:182,67,0,100
BRF:68
BRH:67
end_of_record
TN:
SF:src/engine/tables/2026.ts
FNF:0
FNH:0
DA:13,1
DA:14,1
DA:15,1
DA:17,1
DA:18,1
DA:19,1
DA:20,1
DA:21,1
DA:22,1
DA:23,1
DA:24,1
DA:25,1
DA:27,1
DA:28,1
DA:29,1
DA:30,1
DA:31,1
DA:32,1
DA:34,1
DA:35,1
DA:36,1
DA:37,1
DA:38,1
DA:39,1
DA:40,1
DA:41,1
DA:42,1
DA:44,1
DA:45,1
DA:46,1
DA:47,1
DA:48,1
DA:49,1
DA:50,1
DA:51,1
DA:52,1
DA:54,1
DA:55,1
DA:56,1
DA:57,1
DA:58,1
DA:59,1
DA:61,1
DA:62,1
DA:63,1
DA:64,1
DA:65,1
DA:66,1
DA:67,1
DA:68,1
DA:69,1
DA:70,1
DA:71,1
DA:72,1
DA:73,1
DA:74,1
DA:75,1
DA:76,1
DA:77,1
DA:78,1
DA:79,1
LF:61
LH:61
BRF:0
BRH:0
end_of_record
TN:
SF:src/engine/tables/index.ts
FN:22,getYearData
FNF:1
FNH:1
FNDA:126,getYearData
DA:4,1
DA:9,1
DA:10,1
DA:11,1
DA:14,1
DA:15,1
DA:16,1
DA:19,1
DA:22,1
DA:23,126
DA:24,126
LF:11
LH:11
BRDA:22,0,0,126
BRF:1
BRH:1
end_of_record
TN:
SF:src/i18n/en.ts
FNF:0
FNH:0
DA:5,1
DA:6,1
DA:7,1
DA:8,1
DA:9,1
DA:10,1
DA:11,1
DA:12,1
DA:13,1
DA:14,1
DA:15,1
DA:16,1
DA:17,1
DA:18,1
DA:19,1
DA:20,1
DA:21,1
DA:22,1
DA:23,1
DA:24,1
DA:25,1
DA:26,1
DA:27,1
DA:28,1
DA:29,1
DA:30,1
DA:31,1
DA:32,1
DA:33,1
DA:34,1
DA:35,1
DA:36,1
DA:37,1
DA:38,1
DA:39,1
DA:40,1
DA:41,1
DA:42,1
DA:43,1
DA:44,1
DA:45,1
DA:46,1
DA:47,1
DA:48,1
DA:49,1
DA:50,1
DA:51,1
DA:52,1
DA:53,1
DA:54,1
DA:55,1
DA:56,1
DA:57,1
DA:58,1
DA:59,1
DA:60,1
DA:61,1
DA:62,1
DA:63,1
DA:64,1
DA:65,1
DA:66,1
DA:67,1
DA:68,1
DA:69,1
DA:70,1
DA:71,1
DA:72,1
DA:73,1
DA:74,1
DA:75,1
DA:76,1
DA:77,1
DA:78,1
DA:79,1
DA:80,1
DA:81,1
DA:82,1
DA:83,1
DA:84,1
DA:85,1
DA:86,1
DA:87,1
DA:88,1
DA:89,1
DA:90,1
DA:91,1
DA:92,1
DA:93,1
DA:94,1
DA:95,1
DA:96,1
DA:97,1
DA:98,1
DA:99,1
DA:100,1
DA:101,1
DA:102,1
DA:103,1
DA:104,1
DA:105,1
DA:106,1
DA:107,1
DA:108,1
DA:109,1
DA:110,1
DA:111,1
DA:112,1
DA:113,1
DA:114,1
DA:115,1
DA:116,1
DA:117,1
DA:118,1
DA:119,1
DA:120,1
DA:121,1
DA:122,1
DA:123,1
DA:124,1
DA:125,1
DA:126,1
DA:127,1
DA:128,1
DA:129,1
DA:130,1
DA:131,1
DA:132,1
DA:133,1
DA:134,1
DA:135,1
DA:136,1
DA:137,1
LF:133
LH:133
BRF:0
BRH:0
end_of_record
TN:
SF:src/i18n/index.tsx
FN:35,I18nProvider
FN:46,useI18n
FNF:2
FNH:2
FNDA:62,I18nProvider
FNDA:419,useI18n
DA:5,1
DA:7,1
DA:8,1
DA:14,1
DA:21,1
DA:28,1
DA:35,1
DA:37,62
DA:38,56
DA:39,62
DA:41,62
DA:42,62
DA:43,62
DA:46,1
DA:47,419
DA:48,419
DA:49,419
DA:50,419
LF:18
LH:18
BRDA:35,0,0,62
BRDA:37,1,0,56
BRDA:41,2,0,56
BRDA:46,3,0,419
BRDA:48,4,0,0
BRF:5
BRH:4
end_of_record
TN:
SF:src/i18n/lang.ts
FN:7,fmt
FNF:1
FNH:1
FNDA:775,fmt
DA:7,1
DA:8,775
DA:9,775
LF:3
LH:3
BRDA:7,0,0,775
BRDA:8,1,0,447
BRDA:8,2,0,1
BRF:3
BRH:3
end_of_record
TN:
SF:src/i18n/pages.ts
FN:15,pageSlug
FN:21,canonicalKey
FNF:2
FNH:2
FNDA:300,pageSlug
FNDA:83,canonicalKey
DA:9,1
DA:10,1
DA:11,1
DA:12,1
DA:15,1
DA:16,300
DA:17,300
DA:18,300
DA:21,1
DA:22,83
DA:23,83
DA:24,16
DA:25,16
LF:13
LH:13
BRDA:15,0,0,300
BRDA:16,1,0,95
BRDA:16,2,0,205
BRDA:17,3,0,0
BRDA:21,4,0,83
BRDA:22,5,0,46
BRDA:22,6,0,37
BRDA:23,7,0,57
BRDA:23,8,0,21
BRDA:23,9,0,16
BRF:10
BRH:9
end_of_record
TN:
SF:src/i18n/paths.ts
FN:18,preferredLang
FN:34,barePath
FN:47,localizedPath
FN:54,switchLangPath
FN:65,guidesIndexPath
FN:70,guidePath
FN:81,guideFromPath
FNF:7
FNH:7
FNDA:21,preferredLang
FNDA:83,barePath
FNDA:292,localizedPath
FNDA:11,switchLangPath
FNDA:74,guidesIndexPath
FNDA:11,guidePath
FNDA:62,guideFromPath
DA:2,1
DA:3,1
DA:12,1
DA:18,1
DA:19,21
DA:20,21
DA:21,21
DA:22,21
DA:23,21
DA:24,1
DA:25,1
DA:26,19
DA:27,19
DA:34,1
DA:35,83
DA:36,83
DA:37,83
DA:38,83
DA:39,83
DA:47,1
DA:48,292
DA:49,292
DA:50,292
DA:51,292
DA:54,1
DA:55,11
DA:56,11
DA:57,3
DA:58,3
DA:59,8
DA:60,8
DA:65,1
DA:66,74
DA:67,74
DA:70,1
DA:71,11
DA:72,11
DA:73,11
DA:74,11
DA:81,1
DA:82,62
DA:83,62
DA:84,62
DA:85,62
DA:86,62
DA:87,62
DA:88,62
DA:89,62
DA:90,62
DA:91,11
DA:92,62
DA:93,62
LF:52
LH:52
BRDA:18,0,0,21
BRDA:21,1,0,20
BRDA:21,2,0,1
BRDA:22,3,0,20
BRDA:23,4,0,1
BRDA:25,5,0,19
BRDA:34,6,0,83
BRDA:37,7,0,10
BRDA:37,8,0,73
BRDA:38,9,0,10
BRDA:38,10,0,73
BRDA:38,11,0,0
BRDA:47,12,0,292
BRDA:48,13,0,89
BRDA:48,14,0,203
BRDA:50,15,0,95
BRDA:50,16,0,197
BRDA:54,17,0,11
BRDA:56,18,0,3
BRDA:57,19,0,2
BRDA:57,20,0,2
BRDA:57,21,0,1
BRDA:58,22,0,8
BRDA:65,23,0,74
BRDA:66,24,0,21
BRDA:66,25,0,53
BRDA:70,26,0,11
BRDA:72,27,0,1
BRDA:72,28,0,10
BRDA:73,29,0,3
BRDA:73,30,0,7
BRDA:71,31,0,37
BRDA:81,32,0,62
BRDA:87,33,0,10
BRDA:87,34,0,52
BRDA:87,35,0,4
BRDA:87,36,0,48
BRDA:88,37,0,48
BRDA:88,38,0,16
BRDA:88,39,0,14
BRDA:89,40,0,4
BRDA:90,41,0,16
BRDA:90,42,0,3
BRDA:90,43,0,11
BRDA:92,44,0,9
BRDA:92,45,0,2
BRDA:91,46,0,28
BRF:47
BRH:46
end_of_record
TN:
SF:src/i18n/pt.ts
FNF:0
FNH:0
DA:4,1
DA:5,1
DA:6,1
DA:7,1
DA:8,1
DA:9,1
DA:10,1
DA:11,1
DA:12,1
DA:13,1
DA:14,1
DA:15,1
DA:16,1
DA:17,1
DA:18,1
DA:19,1
DA:20,1
DA:21,1
DA:22,1
DA:23,1
DA:24,1
DA:25,1
DA:26,1
DA:27,1
DA:28,1
DA:29,1
DA:30,1
DA:31,1
DA:32,1
DA:33,1
DA:34,1
DA:35,1
DA:36,1
DA:37,1
DA:38,1
DA:39,1
DA:40,1
DA:41,1
DA:42,1
DA:43,1
DA:44,1
DA:45,1
DA:46,1
DA:47,1
DA:48,1
DA:49,1
DA:50,1
DA:51,1
DA:52,1
DA:53,1
DA:54,1
DA:55,1
DA:56,1
DA:57,1
DA:58,1
DA:59,1
DA:60,1
DA:61,1
DA:62,1
DA:63,1
DA:64,1
DA:65,1
DA:66,1
DA:67,1
DA:68,1
DA:69,1
DA:70,1
DA:71,1
DA:72,1
DA:73,1
DA:74,1
DA:75,1
DA:76,1
DA:77,1
DA:78,1
DA:79,1
DA:80,1
DA:81,1
DA:82,1
DA:83,1
DA:84,1
DA:85,1
DA:86,1
DA:87,1
DA:88,1
DA:89,1
DA:90,1
DA:91,1
DA:92,1
DA:93,1
DA:94,1
DA:95,1
DA:96,1
DA:97,1
DA:98,1
DA:99,1
DA:100,1
DA:101,1
DA:102,1
DA:103,1
DA:104,1
DA:105,1
DA:106,1
DA:107,1
DA:108,1
DA:109,1
DA:110,1
DA:111,1
DA:112,1
DA:113,1
DA:114,1
DA:115,1
DA:116,1
DA:117,1
DA:118,1
DA:119,1
DA:120,1
DA:121,1
DA:122,1
DA:123,1
DA:124,1
DA:125,1
DA:126,1
DA:127,1
DA:128,1
DA:129,1
DA:130,1
DA:131,1
DA:132,1
DA:133,1
DA:134,1
DA:135,1
DA:136,1
LF:133
LH:133
BRF:0
BRH:0
end_of_record
TN:
SF:src/pages/CalculatorPage.tsx
FN:20,equalShares
FN:31,CalculatorPage
FN:95,touch
FN:98,update
FN:102,updateBuyer
FN:109,addBuyer
FN:113,removeBuyer
FN:117,reset
FN:131,onSubmit
FN:140,onChange
FN:151,onChange
FN:164,onChange
FN:170,onChange
FN:183,onChange
FN:191,onChange
FN:201,onChange
FN:206,onChange
FN:228,onChange
FN:244,onChange
FN:245,onRemove
FNF:20
FNH:14
FNDA:4,equalShares
FNDA:66,CalculatorPage
FNDA:27,touch
FNDA:9,update
FNDA:14,updateBuyer
FNDA:3,addBuyer
FNDA:1,removeBuyer
FNDA:2,reset
FNDA:0,onSubmit
FNDA:0,onChange
FNDA:0,onChange
FNDA:6,onChange
FNDA:0,onChange
FNDA:1,onChange
FNDA:1,onChange
FNDA:0,onChange
FNDA:1,onChange
FNDA:0,onChange
FNDA:14,onChange
FNDA:1,onRemove
DA:1,1
DA:2,1
DA:10,1
DA:11,1
DA:12,1
DA:13,1
DA:14,1
DA:15,1
DA:16,1
DA:17,1
DA:20,4
DA:21,4
DA:22,4
DA:23,4
DA:24,4
DA:25,7
DA:26,7
DA:27,4
DA:28,4
DA:31,1
DA:32,66
DA:36,66
DA:37,66
DA:39,66
DA:41,66
DA:42,31
DA:43,31
DA:44,3
DA:45,3
DA:46,3
DA:47,66
DA:49,66
DA:52,63
DA:53,34
DA:54,66
DA:56,66
DA:60,66
DA:61,63
DA:62,25
DA:63,2
DA:64,2
DA:65,2
DA:66,2
DA:67,2
DA:68,2
DA:69,2
DA:70,2
DA:71,2
DA:72,2
DA:73,2
DA:74,2
DA:76,2
DA:77,2
DA:78,2
DA:80,2
DA:81,2
DA:82,2
DA:83,2
DA:84,2
DA:85,2
DA:87,2
DA:88,2
DA:89,2
DA:90,2
DA:91,25
DA:92,25
DA:93,66
DA:95,66
DA:96,27
DA:97,27
DA:98,66
DA:99,9
DA:100,9
DA:101,9
DA:102,66
DA:103,14
DA:104,14
DA:105,14
DA:106,14
DA:107,14
DA:108,14
DA:109,66
DA:110,3
DA:111,3
DA:112,3
DA:113,66
DA:114,1
DA:115,1
DA:116,1
DA:117,66
DA:118,2
DA:119,2
DA:120,2
DA:122,66
DA:124,66
DA:125,66
DA:126,66
DA:127,66
DA:128,66
DA:129,66
DA:130,66
DA:131,66
DA:132,66
DA:134,66
DA:135,66
DA:136,0
DA:137,0
DA:138,0
DA:139,0
DA:140,0
DA:141,0
DA:142,0
DA:143,0
DA:148,66
DA:149,66
DA:150,66
DA:151,66
DA:152,66
DA:153,66
DA:154,66
DA:155,66
DA:156,66
DA:157,66
DA:159,66
DA:160,66
DA:161,66
DA:162,66
DA:163,66
DA:164,66
DA:165,66
DA:167,66
DA:168,66
DA:169,66
DA:170,66
DA:171,66
DA:172,66
DA:173,66
DA:174,66
DA:175,66
DA:177,66
DA:178,66
DA:179,66
DA:180,66
DA:181,66
DA:182,66
DA:183,66
DA:184,66
DA:185,66
DA:187,66
DA:188,66
DA:189,66
DA:190,66
DA:191,66
DA:192,1
DA:194,66
DA:195,66
DA:196,2
DA:197,2
DA:198,2
DA:199,2
DA:200,2
DA:201,2
DA:202,2
DA:203,2
DA:204,2
DA:205,2
DA:206,2
DA:207,1
DA:210,1
DA:211,1
DA:212,1
DA:213,1
DA:214,1
DA:215,1
DA:217,2
DA:218,2
DA:219,2
DA:220,2
DA:221,2
DA:222,2
DA:223,2
DA:224,1
DA:225,1
DA:226,1
DA:227,1
DA:228,1
DA:229,1
DA:231,2
DA:233,66
DA:235,66
DA:236,66
DA:237,66
DA:238,74
DA:239,74
DA:240,74
DA:241,74
DA:242,74
DA:243,74
DA:244,74
DA:245,74
DA:246,74
DA:247,66
DA:248,66
DA:249,66
DA:250,66
DA:251,66
DA:252,66
DA:254,66
DA:255,66
DA:256,66
DA:257,66
DA:258,66
DA:260,66
LF:213
LH:205
BRDA:20,0,0,4
BRDA:22,1,0,0
BRDA:24,2,0,7
BRDA:26,3,0,4
BRDA:26,4,0,3
BRDA:31,5,0,66
BRDA:135,6,0,0
BRDA:195,7,0,2
BRDA:195,8,0,2
BRDA:223,9,0,1
BRDA:227,10,0,0
BRDA:41,11,0,31
BRDA:43,12,0,3
BRDA:49,13,0,63
BRDA:52,14,0,35
BRDA:52,15,0,29
BRDA:52,16,0,34
BRDA:56,17,0,63
BRDA:60,18,0,63
BRDA:61,19,0,28
BRDA:61,20,0,38
BRDA:61,21,0,25
BRDA:62,22,0,2
BRDA:74,23,0,1
BRDA:87,24,0,1
BRDA:87,25,0,1
BRDA:88,26,0,0
BRDA:69,27,0,2
BRDA:70,28,0,2
BRDA:71,29,0,2
BRDA:72,30,0,2
BRDA:92,31,0,25
BRDA:95,32,0,27
BRDA:98,33,0,9
BRDA:100,34,0,9
BRDA:102,35,0,14
BRDA:104,36,0,14
BRDA:106,37,0,19
BRDA:106,38,0,14
BRDA:106,39,0,5
BRDA:109,40,0,3
BRDA:111,41,0,3
BRDA:113,42,0,1
BRDA:115,43,0,1
BRDA:115,44,0,2
BRDA:117,45,0,2
BRDA:164,46,0,6
BRDA:164,47,0,1
BRDA:183,48,0,1
BRDA:191,49,0,1
BRDA:192,50,0,0
BRDA:206,51,0,1
BRDA:213,52,0,0
BRDA:237,53,0,74
BRDA:244,54,0,14
BRDA:245,55,0,1
BRF:56
BRH:50
end_of_record
TN:
SF:src/pages/GlossaryPage.tsx
FN:8,GlossaryPage
FNF:1
FNH:1
FNDA:11,GlossaryPage
DA:1,1
DA:2,1
DA:3,1
DA:4,1
DA:5,1
DA:8,1
DA:9,11
DA:10,11
DA:11,11
DA:12,11
DA:13,11
DA:14,11
DA:16,11
DA:17,11
DA:18,209
DA:19,209
DA:20,209
DA:21,133
DA:22,133
DA:23,133
DA:24,133
DA:26,76
DA:28,209
DA:29,209
DA:30,209
DA:31,11
DA:32,11
DA:33,11
DA:35,11
LF:29
LH:29
BRDA:8,0,0,11
BRDA:17,1,0,209
BRDA:20,2,0,133
BRDA:24,3,0,76
BRDA:29,4,0,133
BRDA:29,5,0,76
BRF:6
BRH:6
end_of_record
TN:
SF:src/pages/GuidePage.tsx
FN:38,BracketTable
FN:67,GuideBlock
FN:82,GuidePage
FN:135,onClick
FNF:4
FNH:3
FNDA:6,BracketTable
FNDA:64,GuideBlock
FNDA:7,GuidePage
FNDA:0,onClick
DA:1,1
DA:2,1
DA:3,1
DA:5,1
DA:6,1
DA:8,1
DA:9,1
DA:10,1
DA:11,1
DA:12,1
DA:13,1
DA:14,1
DA:19,1
DA:20,1
DA:21,1
DA:22,1
DA:23,1
DA:24,1
DA:25,1
DA:26,1
DA:27,1
DA:28,1
DA:29,1
DA:30,1
DA:31,1
DA:32,1
DA:33,1
DA:34,1
DA:35,1
DA:38,6
DA:39,6
DA:40,6
DA:41,6
DA:42,6
DA:43,6
DA:45,6
DA:46,6
DA:47,6
DA:48,6
DA:49,6
DA:50,6
DA:51,6
DA:52,6
DA:53,6
DA:54,6
DA:55,36
DA:56,36
DA:58,36
DA:59,36
DA:60,36
DA:61,6
DA:62,6
DA:63,6
DA:65,6
DA:67,64
DA:68,64
DA:69,64
DA:70,11
DA:71,11
DA:72,5
DA:73,5
DA:74,15
DA:75,5
DA:76,5
DA:78,6
DA:79,6
DA:82,1
DA:83,7
DA:84,7
DA:85,7
DA:86,7
DA:87,6
DA:89,6
DA:90,6
DA:91,7
DA:93,7
DA:94,7
DA:95,7
DA:96,7
DA:97,7
DA:98,7
DA:99,7
DA:100,7
DA:101,7
DA:103,7
DA:104,7
DA:105,7
DA:106,7
DA:107,7
DA:109,7
DA:110,30
DA:111,30
DA:112,30
DA:113,30
DA:114,64
DA:115,30
DA:116,30
DA:117,30
DA:118,7
DA:120,7
DA:121,6
DA:122,6
DA:123,6
DA:124,6
DA:125,18
DA:126,18
DA:127,18
DA:128,18
DA:129,6
DA:130,6
DA:131,6
DA:134,7
DA:135,7
DA:136,7
DA:137,7
DA:138,7
DA:139,7
DA:141,7
LF:118
LH:118
BRDA:38,0,0,6
BRDA:41,1,0,0
BRDA:54,2,0,36
BRDA:58,3,0,30
BRDA:58,4,0,6
BRDA:59,5,0,18
BRDA:59,6,0,18
BRDA:67,7,0,64
BRDA:69,8,0,53
BRDA:69,9,0,11
BRDA:71,10,0,5
BRDA:76,11,0,6
BRDA:73,12,0,15
BRDA:82,13,0,7
BRDA:86,14,0,1
BRDA:86,15,0,6
BRDA:91,16,0,0
BRDA:120,17,0,6
BRDA:109,18,0,30
BRDA:113,19,0,64
BRDA:124,20,0,18
BRF:21
BRH:19
end_of_record
TN:
SF:src/pages/GuidesIndexPage.tsx
FN:10,GuidesIndexPage
FN:25,onClick
FNF:2
FNH:1
FNDA:1,GuidesIndexPage
FNDA:0,onClick
DA:1,1
DA:2,1
DA:3,1
DA:4,1
DA:5,1
DA:6,1
DA:7,1
DA:10,1
DA:11,1
DA:12,1
DA:13,1
DA:14,1
DA:15,1
DA:16,1
DA:18,1
DA:19,1
DA:20,5
DA:21,5
DA:22,5
DA:23,5
DA:24,5
DA:25,5
DA:27,5
DA:28,5
DA:29,5
DA:30,5
DA:31,5
DA:32,1
DA:33,1
DA:34,1
DA:36,1
LF:31
LH:31
BRDA:10,0,0,1
BRDA:19,1,0,5
BRF:2
BRH:2
end_of_record
TN:
SF:src/pages/HowItWorksPage.tsx
FN:8,HowItWorksPage
FNF:1
FNH:1
FNDA:2,HowItWorksPage
DA:1,1
DA:2,1
DA:3,1
DA:4,1
DA:5,1
DA:8,1
DA:9,2
DA:10,2
DA:11,2
DA:12,2
DA:13,2
DA:14,2
DA:16,2
DA:17,14
DA:18,14
DA:19,14
DA:20,14
DA:21,14
DA:22,14
DA:23,28
DA:24,24
DA:26,4
DA:27,4
DA:28,14
DA:29,4
DA:30,4
DA:32,14
DA:33,14
DA:34,14
DA:36,2
DA:37,2
DA:39,2
LF:32
LH:32
BRDA:8,0,0,2
BRDA:16,1,0,14
BRDA:17,2,0,7
BRDA:17,3,0,7
BRDA:22,4,0,28
BRDA:23,5,0,24
BRDA:24,6,0,4
BRDA:27,7,0,14
BRF:8
BRH:8
end_of_record
TN:
SF:src/pages/NotFoundPage.tsx
FN:6,NotFoundPage
FNF:1
FNH:1
FNDA:2,NotFoundPage
DA:1,1
DA:2,1
DA:3,1
DA:6,1
DA:7,2
DA:8,2
DA:9,2
DA:10,2
DA:11,2
DA:12,2
DA:13,2
DA:14,2
DA:15,2
DA:16,2
DA:17,2
DA:19,2
LF:16
LH:16
BRDA:6,0,0,2
BRF:1
BRH:1
end_of_record
TN:
SF:src/state/defaults.ts
FN:5,defaultBuyer
FN:17,defaultInput
FNF:2
FNH:2
FNDA:92,defaultBuyer
FNDA:70,defaultInput
DA:2,1
DA:5,1
DA:6,92
DA:7,92
DA:8,92
DA:9,92
DA:10,92
DA:11,92
DA:12,92
DA:13,92
DA:14,92
DA:17,1
DA:18,70
DA:19,70
DA:20,70
DA:21,70
DA:22,70
DA:23,70
DA:24,70
DA:25,70
LF:20
LH:20
BRDA:5,0,0,92
BRDA:17,1,0,70
BRF:2
BRH:2
end_of_record
TN:
SF:src/state/url.ts
FN:25,invert
FN:35,encodeBuyer
FN:40,encodeState
FN:55,num
FN:61,decodeBuyer
FN:80,decodeState
FN:123,toBase64Url
FN:125,fromBase64Url
FN:132,isDefaultBuyer
FN:147,encodeBuyerCompact
FN:161,parseBuyerCompact
FN:205,encodeCompact
FN:223,decodeCompact
FN:286,encodeToken
FN:291,decodeToken
FN:304,legacyHashQuery
FN:311,parseQuery
FN:323,readStateFromUrl
FN:329,isReload
FN:345,arrivalKind
FN:358,writeStateToUrl
FNF:21
FNH:21
FNDA:30,invert
FNDA:7,encodeBuyer
FNDA:6,encodeState
FNDA:38,num
FNDA:7,decodeBuyer
FNDA:11,decodeState
FNDA:126,toBase64Url
FNDA:19,fromBase64Url
FNDA:109,isDefaultBuyer
FNDA:72,encodeBuyerCompact
FNDA:12,parseBuyerCompact
FNDA:130,encodeCompact
FNDA:15,decodeCompact
FNDA:126,encodeToken
FNDA:19,decodeToken
FNDA:32,legacyHashQuery
FNDA:69,parseQuery
FNDA:37,readStateFromUrl
FNDA:3,isReload
FNDA:30,arrivalKind
FNDA:35,writeStateToUrl
DA:11,1
DA:12,1
DA:18,1
DA:19,1
DA:20,1
DA:21,1
DA:22,1
DA:23,1
DA:25,1
DA:26,30
DA:28,1
DA:29,1
DA:30,1
DA:31,1
DA:32,1
DA:33,1
DA:35,7
DA:36,7
DA:37,7
DA:40,1
DA:41,6
DA:42,6
DA:43,6
DA:44,6
DA:45,6
DA:46,6
DA:47,6
DA:48,2
DA:49,2
DA:50,2
DA:51,6
DA:52,6
DA:53,6
DA:55,38
DA:56,38
DA:57,30
DA:58,38
DA:59,38
DA:61,7
DA:62,7
DA:63,7
DA:64,7
DA:65,7
DA:66,7
DA:67,7
DA:68,7
DA:69,6
DA:70,6
DA:71,6
DA:72,6
DA:73,6
DA:74,6
DA:75,6
DA:76,6
DA:77,6
DA:80,1
DA:81,11
DA:82,11
DA:83,11
DA:84,11
DA:85,11
DA:87,11
DA:88,5
DA:89,5
DA:91,6
DA:92,11
DA:93,6
DA:94,11
DA:95,7
DA:96,7
DA:97,6
DA:98,6
DA:99,11
DA:101,5
DA:103,5
DA:104,11
DA:106,5
DA:107,11
DA:108,2
DA:109,2
DA:110,2
DA:111,2
DA:112,2
DA:113,2
DA:114,2
DA:115,2
DA:116,2
DA:117,5
DA:118,5
DA:123,1
DA:124,126
DA:125,1
DA:132,109
DA:133,109
DA:134,109
DA:135,109
DA:136,101
DA:137,101
DA:138,83
DA:139,83
DA:140,82
DA:142,109
DA:147,72
DA:148,72
DA:149,72
DA:150,72
DA:151,72
DA:152,31
DA:153,31
DA:154,31
DA:155,72
DA:156,72
DA:157,72
DA:158,72
DA:159,72
DA:161,12
DA:164,12
DA:165,12
DA:166,12
DA:168,12
DA:169,12
DA:172,12
DA:173,12
DA:174,12
DA:175,12
DA:176,12
DA:177,6
DA:178,6
DA:179,2
DA:180,4
DA:181,1
DA:182,3
DA:183,2
DA:184,1
DA:185,12
DA:186,12
DA:187,3
DA:188,3
DA:189,3
DA:190,0
DA:191,0
DA:192,3
DA:193,12
DA:194,12
DA:195,12
DA:196,12
DA:197,12
DA:198,12
DA:199,12
DA:200,12
DA:201,12
DA:202,12
DA:205,1
DA:206,130
DA:207,130
DA:208,130
DA:209,130
DA:210,130
DA:211,130
DA:212,5
DA:213,5
DA:214,5
DA:216,130
DA:217,50
DA:218,50
DA:219,130
DA:220,130
DA:223,1
DA:224,15
DA:225,15
DA:226,15
DA:227,15
DA:228,15
DA:229,15
DA:230,15
DA:231,15
DA:232,30
DA:233,30
DA:234,30
DA:235,30
DA:236,30
DA:237,15
DA:238,15
DA:239,30
DA:240,0
DA:241,0
DA:242,30
DA:243,2
DA:244,2
DA:245,1
DA:246,1
DA:247,1
DA:248,30
DA:249,3
DA:250,3
DA:251,30
DA:252,1
DA:253,1
DA:254,1
DA:255,1
DA:256,30
DA:257,1
DA:258,1
DA:259,1
DA:260,1
DA:261,1
DA:262,1
DA:263,1
DA:264,1
DA:265,1
DA:266,1
DA:267,30
DA:268,8
DA:269,8
DA:270,12
DA:271,12
DA:272,12
DA:273,12
DA:274,8
DA:275,8
DA:276,8
DA:277,8
DA:278,30
DA:279,30
DA:280,15
DA:281,15
DA:282,14
DA:283,14
DA:286,1
DA:287,126
DA:288,126
DA:291,1
DA:292,19
DA:293,19
DA:294,19
DA:295,19
DA:296,3
DA:297,3
DA:299,19
DA:300,15
DA:301,15
DA:304,32
DA:305,32
DA:306,32
DA:307,32
DA:308,32
DA:311,69
DA:312,69
DA:313,9
DA:314,13
DA:315,1
DA:316,1
DA:323,1
DA:324,37
DA:325,37
DA:326,37
DA:329,3
DA:330,3
DA:331,3
DA:332,3
DA:333,3
DA:345,1
DA:346,30
DA:347,30
DA:348,30
DA:349,23
DA:350,30
DA:351,30
DA:358,1
DA:359,35
DA:360,35
DA:361,35
LF:272
LH:268
BRDA:25,0,0,30
BRDA:26,1,0,80
BRDA:35,2,0,7
BRDA:36,3,0,1
BRDA:36,4,0,6
BRDA:36,5,0,0
BRDA:40,6,0,6
BRDA:46,7,0,1
BRDA:47,8,0,2
BRDA:49,9,0,1
BRDA:55,10,0,38
BRDA:56,11,0,31
BRDA:56,12,0,8
BRDA:56,13,0,30
BRDA:58,14,0,0
BRDA:61,15,0,7
BRDA:63,16,0,0
BRDA:68,17,0,6
BRDA:68,18,0,6
BRDA:68,19,0,6
BRDA:68,20,0,1
BRDA:68,21,0,6
BRDA:80,22,0,11
BRDA:83,23,0,2
BRDA:84,24,0,2
BRDA:87,25,0,10
BRDA:87,26,0,9
BRDA:87,27,0,7
BRDA:87,28,0,7
BRDA:87,29,0,7
BRDA:87,30,0,5
BRDA:89,31,0,6
BRDA:92,32,0,0
BRDA:92,33,0,6
BRDA:94,34,0,7
BRDA:96,35,0,1
BRDA:96,36,0,6
BRDA:98,37,0,5
BRDA:99,38,0,0
BRDA:99,39,0,5
BRDA:104,40,0,1
BRDA:104,41,0,1
BRDA:104,42,0,5
BRDA:107,43,0,2
BRDA:114,44,0,1
BRDA:116,45,0,5
BRDA:123,46,0,126
BRDA:125,47,0,19
BRDA:132,48,0,109
BRDA:135,49,0,101
BRDA:136,50,0,101
BRDA:137,51,0,83
BRDA:138,52,0,83
BRDA:139,53,0,82
BRDA:140,54,0,3
BRDA:147,55,0,72
BRDA:149,56,0,11
BRDA:150,57,0,9
BRDA:151,58,0,31
BRDA:153,59,0,19
BRDA:155,60,0,2
BRDA:156,61,0,14
BRDA:157,62,0,14
BRDA:161,63,0,12
BRDA:165,64,0,9
BRDA:165,65,0,3
BRDA:166,66,0,9
BRDA:166,67,0,3
BRDA:169,68,0,0
BRDA:173,69,0,0
BRDA:176,70,0,6
BRDA:177,71,0,6
BRDA:178,72,0,2
BRDA:179,73,0,4
BRDA:180,74,0,1
BRDA:181,75,0,3
BRDA:182,76,0,2
BRDA:183,77,0,1
BRDA:186,78,0,3
BRDA:188,79,0,0
BRDA:189,80,0,0
BRDA:194,81,0,3
BRDA:194,82,0,9
BRDA:196,83,0,2
BRDA:196,84,0,10
BRDA:198,85,0,6
BRDA:198,86,0,6
BRDA:205,87,0,130
BRDA:207,88,0,0
BRDA:208,89,0,1
BRDA:209,90,0,10
BRDA:210,91,0,3
BRDA:211,92,0,5
BRDA:213,93,0,2
BRDA:213,94,0,3
BRDA:216,95,0,109
BRDA:216,96,0,50
BRDA:223,97,0,15
BRDA:231,98,0,30
BRDA:232,99,0,0
BRDA:236,100,0,15
BRDA:239,101,0,0
BRDA:242,102,0,2
BRDA:244,103,0,1
BRDA:248,104,0,3
BRDA:249,105,0,0
BRDA:251,106,0,1
BRDA:256,107,0,1
BRDA:263,108,0,0
BRDA:263,109,0,0
BRDA:267,110,0,8
BRDA:269,111,0,12
BRDA:271,112,0,0
BRDA:274,113,0,0
BRDA:279,114,0,14
BRDA:280,115,0,0
BRDA:280,116,0,14
BRDA:281,117,0,0
BRDA:281,118,0,14
BRDA:286,119,0,126
BRDA:291,120,0,19
BRDA:295,121,0,3
BRDA:297,122,0,16
BRDA:299,123,0,1
BRDA:299,124,0,15
BRDA:304,125,0,32
BRDA:307,126,0,30
BRDA:307,127,0,2
BRDA:311,128,0,69
BRDA:312,129,0,60
BRDA:312,130,0,45
BRDA:312,131,0,13
BRDA:312,132,0,9
BRDA:314,133,0,8
BRDA:314,134,0,1
BRDA:323,135,0,37
BRDA:324,136,0,0
BRDA:325,137,0,32
BRDA:329,138,0,3
BRDA:330,139,0,0
BRDA:332,140,0,1
BRDA:345,141,0,30
BRDA:346,142,0,0
BRDA:347,143,0,27
BRDA:348,144,0,27
BRDA:348,145,0,23
BRDA:348,146,0,3
BRDA:349,147,0,1
BRDA:349,148,0,2
BRDA:350,149,0,1
BRDA:350,150,0,1
BRDA:358,151,0,35
BRDA:359,152,0,0
BRF:153
BRH:130
end_of_record
TN:
SF:src/theme/theme.tsx
FN:10,initialTheme
FN:30,ThemeProvider
FN:59,useTheme
FNF:3
FNH:3
FNDA:33,initialTheme
FNDA:68,ThemeProvider
FNDA:118,useTheme
DA:4,1
DA:8,1
DA:10,33
DA:11,33
DA:12,33
DA:13,33
DA:14,33
DA:15,33
DA:16,1
DA:17,1
DA:18,31
DA:19,31
DA:27,1
DA:30,1
DA:34,68
DA:40,68
DA:41,33
DA:42,33
DA:43,33
DA:44,68
DA:46,68
DA:47,5
DA:48,5
DA:49,5
DA:50,68
DA:52,68
DA:54,68
DA:55,68
DA:56,68
DA:59,1
DA:60,118
DA:61,118
DA:62,118
DA:63,118
LF:34
LH:34
BRDA:10,0,0,33
BRDA:13,1,0,1
BRDA:14,2,0,32
BRDA:15,3,0,2
BRDA:15,4,0,31
BRDA:15,5,0,1
BRDA:30,6,0,68
BRDA:40,7,0,33
BRDA:46,8,0,5
BRDA:52,9,0,4
BRDA:52,10,0,0
BRDA:54,11,0,40
BRDA:59,12,0,118
BRDA:61,13,0,0
BRF:14
BRH:12
end_of_record
