{"total": {"lines":{"total":1936,"covered":1922,"skipped":0,"pct":99.27},"statements":{"total":1936,"covered":1922,"skipped":0,"pct":99.27},"functions":{"total":107,"covered":99,"skipped":0,"pct":92.52},"branches":{"total":451,"covered":408,"skipped":0,"pct":90.46},"branchesTrue":{"total":0,"covered":0,"skipped":0,"pct":100}}
,"/home/runner/work/imt-calculator/imt-calculator/src/RootLayout.tsx": {"lines":{"total":16,"covered":16,"skipped":0,"pct":100},"functions":{"total":1,"covered":1,"skipped":0,"pct":100},"statements":{"total":16,"covered":16,"skipped":0,"pct":100},"branches":{"total":1,"covered":1,"skipped":0,"pct":100}}
,"/home/runner/work/imt-calculator/imt-calculator/src/analytics.ts": {"lines":{"total":34,"covered":34,"skipped":0,"pct":100},"functions":{"total":5,"covered":5,"skipped":0,"pct":100},"statements":{"total":34,"covered":34,"skipped":0,"pct":100},"branches":{"total":47,"covered":47,"skipped":0,"pct":100}}
,"/home/runner/work/imt-calculator/imt-calculator/src/config.ts": {"lines":{"total":1,"covered":1,"skipped":0,"pct":100},"functions":{"total":0,"covered":0,"skipped":0,"pct":100},"statements":{"total":1,"covered":1,"skipped":0,"pct":100},"branches":{"total":0,"covered":0,"skipped":0,"pct":100}}
,"/home/runner/work/imt-calculator/imt-calculator/src/format.ts": {"lines":{"total":15,"covered":15,"skipped":0,"pct":100},"functions":{"total":3,"covered":3,"skipped":0,"pct":100},"statements":{"total":15,"covered":15,"skipped":0,"pct":100},"branches":{"total":5,"covered":5,"skipped":0,"pct":100}}
,"/home/runner/work/imt-calculator/imt-calculator/src/routes.tsx": {"lines":{"total":23,"covered":23,"skipped":0,"pct":100},"functions":{"total":1,"covered":1,"skipped":0,"pct":100},"statements":{"total":23,"covered":23,"skipped":0,"pct":100},"branches":{"total":1,"covered":1,"skipped":0,"pct":100}}
,"/home/runner/work/imt-calculator/imt-calculator/src/components/Analytics.tsx": {"lines":{"total":43,"covered":43,"skipped":0,"pct":100},"functions":{"total":1,"covered":1,"skipped":0,"pct":100},"statements":{"total":43,"covered":43,"skipped":0,"pct":100},"branches":{"total":12,"covered":12,"skipped":0,"pct":100}}
,"/home/runner/work/imt-calculator/imt-calculator/src/components/BuyerCard.tsx": {"lines":{"total":84,"covered":84,"skipped":0,"pct":100},"functions":{"total":7,"covered":6,"skipped":0,"pct":85.71},"statements":{"total":84,"covered":84,"skipped":0,"pct":100},"branches":{"total":15,"covered":12,"skipped":0,"pct":80}}
,"/home/runner/work/imt-calculator/imt-calculator/src/components/Layout.tsx": {"lines":{"total":123,"covered":123,"skipped":0,"pct":100},"functions":{"total":9,"covered":9,"skipped":0,"pct":100},"statements":{"total":123,"covered":123,"skipped":0,"pct":100},"branches":{"total":19,"covered":16,"skipped":0,"pct":84.21}}
,"/home/runner/work/imt-calculator/imt-calculator/src/components/ResultsPanel.tsx": {"lines":{"total":170,"covered":167,"skipped":0,"pct":98.23},"functions":{"total":9,"covered":8,"skipped":0,"pct":88.88},"statements":{"total":170,"covered":167,"skipped":0,"pct":98.23},"branches":{"total":29,"covered":27,"skipped":0,"pct":93.1}}
,"/home/runner/work/imt-calculator/imt-calculator/src/components/controls.tsx": {"lines":{"total":120,"covered":120,"skipped":0,"pct":100},"functions":{"total":9,"covered":9,"skipped":0,"pct":100},"statements":{"total":120,"covered":120,"skipped":0,"pct":100},"branches":{"total":18,"covered":16,"skipped":0,"pct":88.88}}
,"/home/runner/work/imt-calculator/imt-calculator/src/content/glossary.ts": {"lines":{"total":145,"covered":145,"skipped":0,"pct":100},"functions":{"total":0,"covered":0,"skipped":0,"pct":100},"statements":{"total":145,"covered":145,"skipped":0,"pct":100},"branches":{"total":0,"covered":0,"skipped":0,"pct":100}}
,"/home/runner/work/imt-calculator/imt-calculator/src/content/howItWorks.ts": {"lines":{"total":145,"covered":145,"skipped":0,"pct":100},"functions":{"total":0,"covered":0,"skipped":0,"pct":100},"statements":{"total":145,"covered":145,"skipped":0,"pct":100},"branches":{"total":0,"covered":0,"skipped":0,"pct":100}}
,"/home/runner/work/imt-calculator/imt-calculator/src/engine/imt.ts": {"lines":{"total":109,"covered":109,"skipped":0,"pct":100},"functions":{"total":7,"covered":7,"skipped":0,"pct":100},"statements":{"total":109,"covered":109,"skipped":0,"pct":100},"branches":{"total":61,"covered":61,"skipped":0,"pct":100}}
,"/home/runner/work/imt-calculator/imt-calculator/src/engine/tables/2026.ts": {"lines":{"total":61,"covered":61,"skipped":0,"pct":100},"functions":{"total":0,"covered":0,"skipped":0,"pct":100},"statements":{"total":61,"covered":61,"skipped":0,"pct":100},"branches":{"total":0,"covered":0,"skipped":0,"pct":100}}
,"/home/runner/work/imt-calculator/imt-calculator/src/engine/tables/index.ts": {"lines":{"total":11,"covered":11,"skipped":0,"pct":100},"functions":{"total":1,"covered":1,"skipped":0,"pct":100},"statements":{"total":11,"covered":11,"skipped":0,"pct":100},"branches":{"total":1,"covered":1,"skipped":0,"pct":100}}
,"/home/runner/work/imt-calculator/imt-calculator/src/i18n/en.ts": {"lines":{"total":111,"covered":111,"skipped":0,"pct":100},"functions":{"total":0,"covered":0,"skipped":0,"pct":100},"statements":{"total":111,"covered":111,"skipped":0,"pct":100},"branches":{"total":0,"covered":0,"skipped":0,"pct":100}}
,"/home/runner/work/imt-calculator/imt-calculator/src/i18n/index.tsx": {"lines":{"total":20,"covered":20,"skipped":0,"pct":100},"functions":{"total":3,"covered":3,"skipped":0,"pct":100},"statements":{"total":20,"covered":20,"skipped":0,"pct":100},"branches":{"total":8,"covered":7,"skipped":0,"pct":87.5}}
,"/home/runner/work/imt-calculator/imt-calculator/src/i18n/paths.ts": {"lines":{"total":11,"covered":11,"skipped":0,"pct":100},"functions":{"total":3,"covered":3,"skipped":0,"pct":100},"statements":{"total":11,"covered":11,"skipped":0,"pct":100},"branches":{"total":9,"covered":9,"skipped":0,"pct":100}}
,"/home/runner/work/imt-calculator/imt-calculator/src/i18n/pt.ts": {"lines":{"total":111,"covered":111,"skipped":0,"pct":100},"functions":{"total":0,"covered":0,"skipped":0,"pct":100},"statements":{"total":111,"covered":111,"skipped":0,"pct":100},"branches":{"total":0,"covered":0,"skipped":0,"pct":100}}
,"/home/runner/work/imt-calculator/imt-calculator/src/pages/CalculatorPage.tsx": {"lines":{"total":213,"covered":205,"skipped":0,"pct":96.24},"functions":{"total":20,"covered":14,"skipped":0,"pct":70},"statements":{"total":213,"covered":205,"skipped":0,"pct":96.24},"branches":{"total":55,"covered":47,"skipped":0,"pct":85.45}}
,"/home/runner/work/imt-calculator/imt-calculator/src/pages/GlossaryPage.tsx": {"lines":{"total":25,"covered":25,"skipped":0,"pct":100},"functions":{"total":1,"covered":1,"skipped":0,"pct":100},"statements":{"total":25,"covered":25,"skipped":0,"pct":100},"branches":{"total":6,"covered":6,"skipped":0,"pct":100}}
,"/home/runner/work/imt-calculator/imt-calculator/src/pages/HowItWorksPage.tsx": {"lines":{"total":28,"covered":28,"skipped":0,"pct":100},"functions":{"total":1,"covered":1,"skipped":0,"pct":100},"statements":{"total":28,"covered":28,"skipped":0,"pct":100},"branches":{"total":8,"covered":8,"skipped":0,"pct":100}}
,"/home/runner/work/imt-calculator/imt-calculator/src/state/defaults.ts": {"lines":{"total":20,"covered":20,"skipped":0,"pct":100},"functions":{"total":2,"covered":2,"skipped":0,"pct":100},"statements":{"total":20,"covered":20,"skipped":0,"pct":100},"branches":{"total":2,"covered":2,"skipped":0,"pct":100}}
,"/home/runner/work/imt-calculator/imt-calculator/src/state/url.ts": {"lines":{"total":257,"covered":254,"skipped":0,"pct":98.83},"functions":{"total":21,"covered":21,"skipped":0,"pct":100},"statements":{"total":257,"covered":254,"skipped":0,"pct":98.83},"branches":{"total":138,"covered":116,"skipped":0,"pct":84.05}}
,"/home/runner/work/imt-calculator/imt-calculator/src/theme/theme.tsx": {"lines":{"total":40,"covered":40,"skipped":0,"pct":100},"functions":{"total":3,"covered":3,"skipped":0,"pct":100},"statements":{"total":40,"covered":40,"skipped":0,"pct":100},"branches":{"total":16,"covered":14,"skipped":0,"pct":87.5}}
}
