{"total": {"lines":{"total":1842,"covered":1822,"skipped":0,"pct":98.91},"statements":{"total":1842,"covered":1822,"skipped":0,"pct":98.91},"functions":{"total":166,"covered":135,"skipped":0,"pct":81.32},"branches":{"total":485,"covered":444,"skipped":0,"pct":91.54},"branchesTrue":{"total":0,"covered":0,"skipped":0,"pct":100}}
,"/home/runner/work/lifeline/lifeline/frontend/src/App.tsx": {"lines":{"total":59,"covered":59,"skipped":0,"pct":100},"functions":{"total":5,"covered":3,"skipped":0,"pct":60},"statements":{"total":59,"covered":59,"skipped":0,"pct":100},"branches":{"total":17,"covered":16,"skipped":0,"pct":94.11}}
,"/home/runner/work/lifeline/lifeline/frontend/src/router.ts": {"lines":{"total":4,"covered":4,"skipped":0,"pct":100},"functions":{"total":0,"covered":0,"skipped":0,"pct":100},"statements":{"total":4,"covered":4,"skipped":0,"pct":100},"branches":{"total":0,"covered":0,"skipped":0,"pct":100}}
,"/home/runner/work/lifeline/lifeline/frontend/src/api/client.ts": {"lines":{"total":96,"covered":94,"skipped":0,"pct":97.91},"functions":{"total":29,"covered":26,"skipped":0,"pct":89.65},"statements":{"total":96,"covered":94,"skipped":0,"pct":97.91},"branches":{"total":49,"covered":47,"skipped":0,"pct":95.91}}
,"/home/runner/work/lifeline/lifeline/frontend/src/components/Mark.tsx": {"lines":{"total":22,"covered":22,"skipped":0,"pct":100},"functions":{"total":2,"covered":2,"skipped":0,"pct":100},"statements":{"total":22,"covered":22,"skipped":0,"pct":100},"branches":{"total":2,"covered":2,"skipped":0,"pct":100}}
,"/home/runner/work/lifeline/lifeline/frontend/src/components/Modal.tsx": {"lines":{"total":48,"covered":48,"skipped":0,"pct":100},"functions":{"total":2,"covered":2,"skipped":0,"pct":100},"statements":{"total":48,"covered":48,"skipped":0,"pct":100},"branches":{"total":9,"covered":8,"skipped":0,"pct":88.88}}
,"/home/runner/work/lifeline/lifeline/frontend/src/components/PulseStrip.tsx": {"lines":{"total":62,"covered":62,"skipped":0,"pct":100},"functions":{"total":2,"covered":2,"skipped":0,"pct":100},"statements":{"total":62,"covered":62,"skipped":0,"pct":100},"branches":{"total":21,"covered":21,"skipped":0,"pct":100}}
,"/home/runner/work/lifeline/lifeline/frontend/src/components/StatusBadge.tsx": {"lines":{"total":17,"covered":17,"skipped":0,"pct":100},"functions":{"total":1,"covered":1,"skipped":0,"pct":100},"statements":{"total":17,"covered":17,"skipped":0,"pct":100},"branches":{"total":1,"covered":1,"skipped":0,"pct":100}}
,"/home/runner/work/lifeline/lifeline/frontend/src/components/TopNav.tsx": {"lines":{"total":50,"covered":49,"skipped":0,"pct":98},"functions":{"total":2,"covered":2,"skipped":0,"pct":100},"statements":{"total":50,"covered":49,"skipped":0,"pct":98},"branches":{"total":10,"covered":9,"skipped":0,"pct":90}}
,"/home/runner/work/lifeline/lifeline/frontend/src/components/VncScreen.tsx": {"lines":{"total":61,"covered":60,"skipped":0,"pct":98.36},"functions":{"total":2,"covered":2,"skipped":0,"pct":100},"statements":{"total":61,"covered":60,"skipped":0,"pct":98.36},"branches":{"total":19,"covered":16,"skipped":0,"pct":84.21}}
,"/home/runner/work/lifeline/lifeline/frontend/src/components/ui.tsx": {"lines":{"total":146,"covered":145,"skipped":0,"pct":99.31},"functions":{"total":12,"covered":12,"skipped":0,"pct":100},"statements":{"total":146,"covered":145,"skipped":0,"pct":99.31},"branches":{"total":31,"covered":29,"skipped":0,"pct":93.54}}
,"/home/runner/work/lifeline/lifeline/frontend/src/hooks/useTheme.ts": {"lines":{"total":27,"covered":25,"skipped":0,"pct":92.59},"functions":{"total":2,"covered":2,"skipped":0,"pct":100},"statements":{"total":27,"covered":25,"skipped":0,"pct":92.59},"branches":{"total":13,"covered":10,"skipped":0,"pct":76.92}}
,"/home/runner/work/lifeline/lifeline/frontend/src/lib/format.ts": {"lines":{"total":71,"covered":71,"skipped":0,"pct":100},"functions":{"total":5,"covered":5,"skipped":0,"pct":100},"statements":{"total":71,"covered":71,"skipped":0,"pct":100},"branches":{"total":37,"covered":37,"skipped":0,"pct":100}}
,"/home/runner/work/lifeline/lifeline/frontend/src/pages/History.tsx": {"lines":{"total":48,"covered":48,"skipped":0,"pct":100},"functions":{"total":2,"covered":2,"skipped":0,"pct":100},"statements":{"total":48,"covered":48,"skipped":0,"pct":100},"branches":{"total":21,"covered":19,"skipped":0,"pct":90.47}}
,"/home/runner/work/lifeline/lifeline/frontend/src/pages/Login.tsx": {"lines":{"total":51,"covered":51,"skipped":0,"pct":100},"functions":{"total":4,"covered":4,"skipped":0,"pct":100},"statements":{"total":51,"covered":51,"skipped":0,"pct":100},"branches":{"total":12,"covered":12,"skipped":0,"pct":100}}
,"/home/runner/work/lifeline/lifeline/frontend/src/pages/SessionPanel.tsx": {"lines":{"total":203,"covered":200,"skipped":0,"pct":98.52},"functions":{"total":14,"covered":13,"skipped":0,"pct":92.85},"statements":{"total":203,"covered":200,"skipped":0,"pct":98.52},"branches":{"total":51,"covered":44,"skipped":0,"pct":86.27}}
,"/home/runner/work/lifeline/lifeline/frontend/src/pages/Settings.tsx": {"lines":{"total":172,"covered":171,"skipped":0,"pct":99.41},"functions":{"total":22,"covered":11,"skipped":0,"pct":50},"statements":{"total":172,"covered":171,"skipped":0,"pct":99.41},"branches":{"total":27,"covered":26,"skipped":0,"pct":96.29}}
,"/home/runner/work/lifeline/lifeline/frontend/src/pages/Setup.tsx": {"lines":{"total":92,"covered":89,"skipped":0,"pct":96.73},"functions":{"total":6,"covered":6,"skipped":0,"pct":100},"statements":{"total":92,"covered":89,"skipped":0,"pct":96.73},"branches":{"total":21,"covered":19,"skipped":0,"pct":90.47}}
,"/home/runner/work/lifeline/lifeline/frontend/src/pages/SiteForm.tsx": {"lines":{"total":381,"covered":375,"skipped":0,"pct":98.42},"functions":{"total":34,"covered":22,"skipped":0,"pct":64.7},"statements":{"total":381,"covered":375,"skipped":0,"pct":98.42},"branches":{"total":87,"covered":81,"skipped":0,"pct":93.1}}
,"/home/runner/work/lifeline/lifeline/frontend/src/pages/Sites.tsx": {"lines":{"total":232,"covered":232,"skipped":0,"pct":100},"functions":{"total":20,"covered":18,"skipped":0,"pct":90},"statements":{"total":232,"covered":232,"skipped":0,"pct":100},"branches":{"total":57,"covered":47,"skipped":0,"pct":82.45}}
}
