{"total": {"lines":{"total":1780,"covered":1764,"skipped":0,"pct":99.1},"statements":{"total":1780,"covered":1764,"skipped":0,"pct":99.1},"functions":{"total":99,"covered":89,"skipped":0,"pct":89.89},"branches":{"total":379,"covered":339,"skipped":0,"pct":89.44},"branchesTrue":{"total":0,"covered":0,"skipped":0,"pct":100}}
,"/home/runner/work/imt-calculator/imt-calculator/src/App.tsx": {"lines":{"total":13,"covered":13,"skipped":0,"pct":100},"functions":{"total":1,"covered":1,"skipped":0,"pct":100},"statements":{"total":13,"covered":13,"skipped":0,"pct":100},"branches":{"total":1,"covered":1,"skipped":0,"pct":100}}
,"/home/runner/work/imt-calculator/imt-calculator/src/analytics.ts": {"lines":{"total":19,"covered":19,"skipped":0,"pct":100},"functions":{"total":3,"covered":3,"skipped":0,"pct":100},"statements":{"total":19,"covered":19,"skipped":0,"pct":100},"branches":{"total":22,"covered":22,"skipped":0,"pct":100}}
,"/home/runner/work/imt-calculator/imt-calculator/src/format.ts": {"lines":{"total":15,"covered":15,"skipped":0,"pct":100},"functions":{"total":3,"covered":3,"skipped":0,"pct":100},"statements":{"total":15,"covered":15,"skipped":0,"pct":100},"branches":{"total":5,"covered":5,"skipped":0,"pct":100}}
,"/home/runner/work/imt-calculator/imt-calculator/src/components/Analytics.tsx": {"lines":{"total":12,"covered":12,"skipped":0,"pct":100},"functions":{"total":1,"covered":1,"skipped":0,"pct":100},"statements":{"total":12,"covered":12,"skipped":0,"pct":100},"branches":{"total":2,"covered":2,"skipped":0,"pct":100}}
,"/home/runner/work/imt-calculator/imt-calculator/src/components/BuyerCard.tsx": {"lines":{"total":82,"covered":82,"skipped":0,"pct":100},"functions":{"total":7,"covered":5,"skipped":0,"pct":71.42},"statements":{"total":82,"covered":82,"skipped":0,"pct":100},"branches":{"total":11,"covered":9,"skipped":0,"pct":81.81}}
,"/home/runner/work/imt-calculator/imt-calculator/src/components/Layout.tsx": {"lines":{"total":113,"covered":113,"skipped":0,"pct":100},"functions":{"total":8,"covered":8,"skipped":0,"pct":100},"statements":{"total":113,"covered":113,"skipped":0,"pct":100},"branches":{"total":16,"covered":15,"skipped":0,"pct":93.75}}
,"/home/runner/work/imt-calculator/imt-calculator/src/components/ResultsPanel.tsx": {"lines":{"total":161,"covered":158,"skipped":0,"pct":98.13},"functions":{"total":9,"covered":8,"skipped":0,"pct":88.88},"statements":{"total":161,"covered":158,"skipped":0,"pct":98.13},"branches":{"total":25,"covered":23,"skipped":0,"pct":92}}
,"/home/runner/work/imt-calculator/imt-calculator/src/components/controls.tsx": {"lines":{"total":113,"covered":113,"skipped":0,"pct":100},"functions":{"total":9,"covered":9,"skipped":0,"pct":100},"statements":{"total":113,"covered":113,"skipped":0,"pct":100},"branches":{"total":16,"covered":15,"skipped":0,"pct":93.75}}
,"/home/runner/work/imt-calculator/imt-calculator/src/content/glossary.ts": {"lines":{"total":145,"covered":145,"skipped":0,"pct":100},"functions":{"total":0,"covered":0,"skipped":0,"pct":100},"statements":{"total":145,"covered":145,"skipped":0,"pct":100},"branches":{"total":0,"covered":0,"skipped":0,"pct":100}}
,"/home/runner/work/imt-calculator/imt-calculator/src/content/howItWorks.ts": {"lines":{"total":145,"covered":145,"skipped":0,"pct":100},"functions":{"total":0,"covered":0,"skipped":0,"pct":100},"statements":{"total":145,"covered":145,"skipped":0,"pct":100},"branches":{"total":0,"covered":0,"skipped":0,"pct":100}}
,"/home/runner/work/imt-calculator/imt-calculator/src/engine/imt.ts": {"lines":{"total":108,"covered":108,"skipped":0,"pct":100},"functions":{"total":7,"covered":7,"skipped":0,"pct":100},"statements":{"total":108,"covered":108,"skipped":0,"pct":100},"branches":{"total":60,"covered":60,"skipped":0,"pct":100}}
,"/home/runner/work/imt-calculator/imt-calculator/src/engine/tables/2026.ts": {"lines":{"total":61,"covered":61,"skipped":0,"pct":100},"functions":{"total":0,"covered":0,"skipped":0,"pct":100},"statements":{"total":61,"covered":61,"skipped":0,"pct":100},"branches":{"total":0,"covered":0,"skipped":0,"pct":100}}
,"/home/runner/work/imt-calculator/imt-calculator/src/engine/tables/index.ts": {"lines":{"total":11,"covered":11,"skipped":0,"pct":100},"functions":{"total":1,"covered":1,"skipped":0,"pct":100},"statements":{"total":11,"covered":11,"skipped":0,"pct":100},"branches":{"total":1,"covered":1,"skipped":0,"pct":100}}
,"/home/runner/work/imt-calculator/imt-calculator/src/i18n/en.ts": {"lines":{"total":108,"covered":108,"skipped":0,"pct":100},"functions":{"total":0,"covered":0,"skipped":0,"pct":100},"statements":{"total":108,"covered":108,"skipped":0,"pct":100},"branches":{"total":0,"covered":0,"skipped":0,"pct":100}}
,"/home/runner/work/imt-calculator/imt-calculator/src/i18n/index.tsx": {"lines":{"total":34,"covered":32,"skipped":0,"pct":94.11},"functions":{"total":4,"covered":4,"skipped":0,"pct":100},"statements":{"total":34,"covered":32,"skipped":0,"pct":94.11},"branches":{"total":12,"covered":9,"skipped":0,"pct":75}}
,"/home/runner/work/imt-calculator/imt-calculator/src/i18n/pt.ts": {"lines":{"total":108,"covered":108,"skipped":0,"pct":100},"functions":{"total":0,"covered":0,"skipped":0,"pct":100},"statements":{"total":108,"covered":108,"skipped":0,"pct":100},"branches":{"total":0,"covered":0,"skipped":0,"pct":100}}
,"/home/runner/work/imt-calculator/imt-calculator/src/pages/CalculatorPage.tsx": {"lines":{"total":182,"covered":174,"skipped":0,"pct":95.6},"functions":{"total":21,"covered":14,"skipped":0,"pct":66.66},"statements":{"total":182,"covered":174,"skipped":0,"pct":95.6},"branches":{"total":56,"covered":50,"skipped":0,"pct":89.28}}
,"/home/runner/work/imt-calculator/imt-calculator/src/pages/GlossaryPage.tsx": {"lines":{"total":24,"covered":24,"skipped":0,"pct":100},"functions":{"total":1,"covered":1,"skipped":0,"pct":100},"statements":{"total":24,"covered":24,"skipped":0,"pct":100},"branches":{"total":6,"covered":6,"skipped":0,"pct":100}}
,"/home/runner/work/imt-calculator/imt-calculator/src/pages/HowItWorksPage.tsx": {"lines":{"total":27,"covered":27,"skipped":0,"pct":100},"functions":{"total":1,"covered":1,"skipped":0,"pct":100},"statements":{"total":27,"covered":27,"skipped":0,"pct":100},"branches":{"total":8,"covered":8,"skipped":0,"pct":100}}
,"/home/runner/work/imt-calculator/imt-calculator/src/state/defaults.ts": {"lines":{"total":20,"covered":20,"skipped":0,"pct":100},"functions":{"total":2,"covered":2,"skipped":0,"pct":100},"statements":{"total":20,"covered":20,"skipped":0,"pct":100},"branches":{"total":2,"covered":2,"skipped":0,"pct":100}}
,"/home/runner/work/imt-calculator/imt-calculator/src/state/url.ts": {"lines":{"total":242,"covered":239,"skipped":0,"pct":98.76},"functions":{"total":18,"covered":18,"skipped":0,"pct":100},"statements":{"total":242,"covered":239,"skipped":0,"pct":98.76},"branches":{"total":121,"covered":98,"skipped":0,"pct":80.99}}
,"/home/runner/work/imt-calculator/imt-calculator/src/theme/theme.tsx": {"lines":{"total":37,"covered":37,"skipped":0,"pct":100},"functions":{"total":3,"covered":3,"skipped":0,"pct":100},"statements":{"total":37,"covered":37,"skipped":0,"pct":100},"branches":{"total":15,"covered":13,"skipped":0,"pct":86.66}}
}
