{"total": {"lines":{"total":553,"covered":549,"skipped":0,"pct":99.27},"statements":{"total":553,"covered":549,"skipped":0,"pct":99.27},"functions":{"total":29,"covered":29,"skipped":0,"pct":100},"branches":{"total":128,"covered":119,"skipped":0,"pct":92.96},"branchesTrue":{"total":0,"covered":0,"skipped":0,"pct":"Unknown"}}
,"/home/runner/work/google-country/google-country/src/background.ts": {"lines":{"total":46,"covered":44,"skipped":0,"pct":95.65},"functions":{"total":3,"covered":3,"skipped":0,"pct":100},"statements":{"total":46,"covered":44,"skipped":0,"pct":95.65},"branches":{"total":16,"covered":15,"skipped":0,"pct":93.75}}
,"/home/runner/work/google-country/google-country/src/content-core.ts": {"lines":{"total":200,"covered":198,"skipped":0,"pct":99},"functions":{"total":18,"covered":18,"skipped":0,"pct":100},"statements":{"total":200,"covered":198,"skipped":0,"pct":99},"branches":{"total":77,"covered":69,"skipped":0,"pct":89.61}}
,"/home/runner/work/google-country/google-country/src/countries.ts": {"lines":{"total":261,"covered":261,"skipped":0,"pct":100},"functions":{"total":2,"covered":2,"skipped":0,"pct":100},"statements":{"total":261,"covered":261,"skipped":0,"pct":100},"branches":{"total":5,"covered":5,"skipped":0,"pct":100}}
,"/home/runner/work/google-country/google-country/src/shared.ts": {"lines":{"total":46,"covered":46,"skipped":0,"pct":100},"functions":{"total":6,"covered":6,"skipped":0,"pct":100},"statements":{"total":46,"covered":46,"skipped":0,"pct":100},"branches":{"total":30,"covered":30,"skipped":0,"pct":100}}
}
