{"total": {"lines":{"total":7182,"covered":5933,"skipped":0,"pct":82.6},"statements":{"total":7182,"covered":5933,"skipped":0,"pct":82.6},"functions":{"total":459,"covered":324,"skipped":0,"pct":70.58},"branches":{"total":1559,"covered":1207,"skipped":0,"pct":77.42},"branchesTrue":{"total":0,"covered":0,"skipped":0,"pct":100}}
,"/home/runner/work/idealista/idealista/frontend/src/App.tsx": {"lines":{"total":31,"covered":0,"skipped":0,"pct":0},"functions":{"total":1,"covered":0,"skipped":0,"pct":0},"statements":{"total":31,"covered":0,"skipped":0,"pct":0},"branches":{"total":1,"covered":0,"skipped":0,"pct":0}}
,"/home/runner/work/idealista/idealista/frontend/src/main.tsx": {"lines":{"total":23,"covered":0,"skipped":0,"pct":0},"functions":{"total":1,"covered":0,"skipped":0,"pct":0},"statements":{"total":23,"covered":0,"skipped":0,"pct":0},"branches":{"total":1,"covered":0,"skipped":0,"pct":0}}
,"/home/runner/work/idealista/idealista/frontend/src/vite-env.d.ts": {"lines":{"total":0,"covered":0,"skipped":0,"pct":0},"functions":{"total":1,"covered":1,"skipped":0,"pct":0},"statements":{"total":0,"covered":0,"skipped":0,"pct":0},"branches":{"total":1,"covered":1,"skipped":0,"pct":0}}
,"/home/runner/work/idealista/idealista/frontend/src/api/archive.ts": {"lines":{"total":45,"covered":33,"skipped":0,"pct":73.33},"functions":{"total":7,"covered":5,"skipped":0,"pct":71.42},"statements":{"total":45,"covered":33,"skipped":0,"pct":73.33},"branches":{"total":11,"covered":5,"skipped":0,"pct":45.45}}
,"/home/runner/work/idealista/idealista/frontend/src/api/auth.ts": {"lines":{"total":15,"covered":15,"skipped":0,"pct":100},"functions":{"total":3,"covered":3,"skipped":0,"pct":100},"statements":{"total":15,"covered":15,"skipped":0,"pct":100},"branches":{"total":3,"covered":3,"skipped":0,"pct":100}}
,"/home/runner/work/idealista/idealista/frontend/src/api/client.ts": {"lines":{"total":15,"covered":15,"skipped":0,"pct":100},"functions":{"total":1,"covered":1,"skipped":0,"pct":100},"statements":{"total":15,"covered":15,"skipped":0,"pct":100},"branches":{"total":7,"covered":7,"skipped":0,"pct":100}}
,"/home/runner/work/idealista/idealista/frontend/src/api/dashboard.ts": {"lines":{"total":4,"covered":4,"skipped":0,"pct":100},"functions":{"total":1,"covered":1,"skipped":0,"pct":100},"statements":{"total":4,"covered":4,"skipped":0,"pct":100},"branches":{"total":1,"covered":1,"skipped":0,"pct":100}}
,"/home/runner/work/idealista/idealista/frontend/src/api/deploy.ts": {"lines":{"total":7,"covered":0,"skipped":0,"pct":0},"functions":{"total":1,"covered":1,"skipped":0,"pct":100},"statements":{"total":7,"covered":0,"skipped":0,"pct":0},"branches":{"total":1,"covered":1,"skipped":0,"pct":100}}
,"/home/runner/work/idealista/idealista/frontend/src/api/locations.ts": {"lines":{"total":20,"covered":20,"skipped":0,"pct":100},"functions":{"total":5,"covered":5,"skipped":0,"pct":100},"statements":{"total":20,"covered":20,"skipped":0,"pct":100},"branches":{"total":5,"covered":5,"skipped":0,"pct":100}}
,"/home/runner/work/idealista/idealista/frontend/src/api/logs.ts": {"lines":{"total":7,"covered":7,"skipped":0,"pct":100},"functions":{"total":2,"covered":2,"skipped":0,"pct":100},"statements":{"total":7,"covered":7,"skipped":0,"pct":100},"branches":{"total":2,"covered":2,"skipped":0,"pct":100}}
,"/home/runner/work/idealista/idealista/frontend/src/api/properties.ts": {"lines":{"total":138,"covered":96,"skipped":0,"pct":69.56},"functions":{"total":5,"covered":4,"skipped":0,"pct":80},"statements":{"total":138,"covered":96,"skipped":0,"pct":69.56},"branches":{"total":56,"covered":17,"skipped":0,"pct":30.35}}
,"/home/runner/work/idealista/idealista/frontend/src/api/saved-filters.ts": {"lines":{"total":22,"covered":22,"skipped":0,"pct":100},"functions":{"total":4,"covered":4,"skipped":0,"pct":100},"statements":{"total":22,"covered":22,"skipped":0,"pct":100},"branches":{"total":4,"covered":4,"skipped":0,"pct":100}}
,"/home/runner/work/idealista/idealista/frontend/src/api/scrape-targets.ts": {"lines":{"total":46,"covered":46,"skipped":0,"pct":100},"functions":{"total":11,"covered":11,"skipped":0,"pct":100},"statements":{"total":46,"covered":46,"skipped":0,"pct":100},"branches":{"total":13,"covered":13,"skipped":0,"pct":100}}
,"/home/runner/work/idealista/idealista/frontend/src/api/scraper-metrics.ts": {"lines":{"total":11,"covered":0,"skipped":0,"pct":0},"functions":{"total":1,"covered":1,"skipped":0,"pct":100},"statements":{"total":11,"covered":0,"skipped":0,"pct":0},"branches":{"total":1,"covered":1,"skipped":0,"pct":100}}
,"/home/runner/work/idealista/idealista/frontend/src/api/settings.ts": {"lines":{"total":22,"covered":22,"skipped":0,"pct":100},"functions":{"total":3,"covered":3,"skipped":0,"pct":100},"statements":{"total":22,"covered":22,"skipped":0,"pct":100},"branches":{"total":3,"covered":3,"skipped":0,"pct":100}}
,"/home/runner/work/idealista/idealista/frontend/src/components/LoginModal.tsx": {"lines":{"total":66,"covered":66,"skipped":0,"pct":100},"functions":{"total":4,"covered":4,"skipped":0,"pct":100},"statements":{"total":66,"covered":66,"skipped":0,"pct":100},"branches":{"total":12,"covered":12,"skipped":0,"pct":100}}
,"/home/runner/work/idealista/idealista/frontend/src/components/ScraperStatusDashboard.tsx": {"lines":{"total":211,"covered":114,"skipped":0,"pct":54.02},"functions":{"total":10,"covered":6,"skipped":0,"pct":60},"statements":{"total":211,"covered":114,"skipped":0,"pct":54.02},"branches":{"total":43,"covered":30,"skipped":0,"pct":69.76}}
,"/home/runner/work/idealista/idealista/frontend/src/components/YieldCalculator.tsx": {"lines":{"total":377,"covered":334,"skipped":0,"pct":88.59},"functions":{"total":18,"covered":7,"skipped":0,"pct":38.88},"statements":{"total":377,"covered":334,"skipped":0,"pct":88.59},"branches":{"total":54,"covered":40,"skipped":0,"pct":74.07}}
,"/home/runner/work/idealista/idealista/frontend/src/components/dashboard/TriageChart.tsx": {"lines":{"total":68,"covered":68,"skipped":0,"pct":100},"functions":{"total":1,"covered":1,"skipped":0,"pct":100},"statements":{"total":68,"covered":68,"skipped":0,"pct":100},"branches":{"total":5,"covered":4,"skipped":0,"pct":80}}
,"/home/runner/work/idealista/idealista/frontend/src/components/layout/AppLayout.tsx": {"lines":{"total":39,"covered":39,"skipped":0,"pct":100},"functions":{"total":4,"covered":2,"skipped":0,"pct":50},"statements":{"total":39,"covered":39,"skipped":0,"pct":100},"branches":{"total":3,"covered":3,"skipped":0,"pct":100}}
,"/home/runner/work/idealista/idealista/frontend/src/components/layout/Sidebar.tsx": {"lines":{"total":71,"covered":71,"skipped":0,"pct":100},"functions":{"total":5,"covered":2,"skipped":0,"pct":40},"statements":{"total":71,"covered":71,"skipped":0,"pct":100},"branches":{"total":9,"covered":9,"skipped":0,"pct":100}}
,"/home/runner/work/idealista/idealista/frontend/src/components/layout/ThemeToggle.tsx": {"lines":{"total":40,"covered":40,"skipped":0,"pct":100},"functions":{"total":2,"covered":2,"skipped":0,"pct":100},"statements":{"total":40,"covered":40,"skipped":0,"pct":100},"branches":{"total":4,"covered":4,"skipped":0,"pct":100}}
,"/home/runner/work/idealista/idealista/frontend/src/components/performance/PerformanceCharts.tsx": {"lines":{"total":204,"covered":197,"skipped":0,"pct":96.56},"functions":{"total":10,"covered":7,"skipped":0,"pct":70},"statements":{"total":204,"covered":197,"skipped":0,"pct":96.56},"branches":{"total":14,"covered":10,"skipped":0,"pct":71.42}}
,"/home/runner/work/idealista/idealista/frontend/src/components/properties/FilterPanel.tsx": {"lines":{"total":921,"covered":764,"skipped":0,"pct":82.95},"functions":{"total":58,"covered":35,"skipped":0,"pct":60.34},"statements":{"total":921,"covered":764,"skipped":0,"pct":82.95},"branches":{"total":222,"covered":168,"skipped":0,"pct":75.67}}
,"/home/runner/work/idealista/idealista/frontend/src/components/properties/LoadFilterDropdown.tsx": {"lines":{"total":50,"covered":46,"skipped":0,"pct":92},"functions":{"total":4,"covered":3,"skipped":0,"pct":75},"statements":{"total":50,"covered":46,"skipped":0,"pct":92},"branches":{"total":13,"covered":13,"skipped":0,"pct":100}}
,"/home/runner/work/idealista/idealista/frontend/src/components/properties/Pagination.tsx": {"lines":{"total":31,"covered":31,"skipped":0,"pct":100},"functions":{"total":3,"covered":1,"skipped":0,"pct":33.33},"statements":{"total":31,"covered":31,"skipped":0,"pct":100},"branches":{"total":2,"covered":1,"skipped":0,"pct":50}}
,"/home/runner/work/idealista/idealista/frontend/src/components/properties/PropertyCardList.tsx": {"lines":{"total":456,"covered":431,"skipped":0,"pct":94.51},"functions":{"total":24,"covered":15,"skipped":0,"pct":62.5},"statements":{"total":456,"covered":431,"skipped":0,"pct":94.51},"branches":{"total":115,"covered":100,"skipped":0,"pct":86.95}}
,"/home/runner/work/idealista/idealista/frontend/src/components/properties/SaveFilterDialog.tsx": {"lines":{"total":99,"covered":78,"skipped":0,"pct":78.78},"functions":{"total":5,"covered":2,"skipped":0,"pct":40},"statements":{"total":99,"covered":78,"skipped":0,"pct":78.78},"branches":{"total":9,"covered":7,"skipped":0,"pct":77.77}}
,"/home/runner/work/idealista/idealista/frontend/src/components/shared/LocationPicker.tsx": {"lines":{"total":214,"covered":159,"skipped":0,"pct":74.29},"functions":{"total":11,"covered":5,"skipped":0,"pct":45.45},"statements":{"total":214,"covered":159,"skipped":0,"pct":74.29},"branches":{"total":26,"covered":11,"skipped":0,"pct":42.3}}
,"/home/runner/work/idealista/idealista/frontend/src/hooks/useArchive.ts": {"lines":{"total":48,"covered":43,"skipped":0,"pct":89.58},"functions":{"total":11,"covered":9,"skipped":0,"pct":81.81},"statements":{"total":48,"covered":43,"skipped":0,"pct":89.58},"branches":{"total":9,"covered":9,"skipped":0,"pct":100}}
,"/home/runner/work/idealista/idealista/frontend/src/hooks/useAuth.ts": {"lines":{"total":32,"covered":32,"skipped":0,"pct":100},"functions":{"total":3,"covered":3,"skipped":0,"pct":100},"statements":{"total":32,"covered":32,"skipped":0,"pct":100},"branches":{"total":6,"covered":6,"skipped":0,"pct":100}}
,"/home/runner/work/idealista/idealista/frontend/src/hooks/useDashboard.ts": {"lines":{"total":9,"covered":9,"skipped":0,"pct":100},"functions":{"total":1,"covered":1,"skipped":0,"pct":100},"statements":{"total":9,"covered":9,"skipped":0,"pct":100},"branches":{"total":1,"covered":1,"skipped":0,"pct":100}}
,"/home/runner/work/idealista/idealista/frontend/src/hooks/useDeploy.ts": {"lines":{"total":38,"covered":34,"skipped":0,"pct":89.47},"functions":{"total":4,"covered":4,"skipped":0,"pct":100},"statements":{"total":38,"covered":34,"skipped":0,"pct":89.47},"branches":{"total":10,"covered":8,"skipped":0,"pct":80}}
,"/home/runner/work/idealista/idealista/frontend/src/hooks/useGeolocation.ts": {"lines":{"total":35,"covered":32,"skipped":0,"pct":91.42},"functions":{"total":3,"covered":3,"skipped":0,"pct":100},"statements":{"total":35,"covered":32,"skipped":0,"pct":91.42},"branches":{"total":9,"covered":8,"skipped":0,"pct":88.88}}
,"/home/runner/work/idealista/idealista/frontend/src/hooks/useLocations.ts": {"lines":{"total":34,"covered":29,"skipped":0,"pct":85.29},"functions":{"total":7,"covered":4,"skipped":0,"pct":57.14},"statements":{"total":34,"covered":29,"skipped":0,"pct":85.29},"branches":{"total":4,"covered":4,"skipped":0,"pct":100}}
,"/home/runner/work/idealista/idealista/frontend/src/hooks/useLogs.ts": {"lines":{"total":17,"covered":17,"skipped":0,"pct":100},"functions":{"total":3,"covered":3,"skipped":0,"pct":100},"statements":{"total":17,"covered":17,"skipped":0,"pct":100},"branches":{"total":4,"covered":4,"skipped":0,"pct":100}}
,"/home/runner/work/idealista/idealista/frontend/src/hooks/useMediaQuery.ts": {"lines":{"total":14,"covered":14,"skipped":0,"pct":100},"functions":{"total":2,"covered":2,"skipped":0,"pct":100},"statements":{"total":14,"covered":14,"skipped":0,"pct":100},"branches":{"total":6,"covered":5,"skipped":0,"pct":83.33}}
,"/home/runner/work/idealista/idealista/frontend/src/hooks/usePageTitle.ts": {"lines":{"total":10,"covered":10,"skipped":0,"pct":100},"functions":{"total":1,"covered":1,"skipped":0,"pct":100},"statements":{"total":10,"covered":10,"skipped":0,"pct":100},"branches":{"total":5,"covered":5,"skipped":0,"pct":100}}
,"/home/runner/work/idealista/idealista/frontend/src/hooks/useProperties.ts": {"lines":{"total":41,"covered":41,"skipped":0,"pct":100},"functions":{"total":10,"covered":9,"skipped":0,"pct":90},"statements":{"total":41,"covered":41,"skipped":0,"pct":100},"branches":{"total":11,"covered":9,"skipped":0,"pct":81.81}}
,"/home/runner/work/idealista/idealista/frontend/src/hooks/usePropertyParams.ts": {"lines":{"total":54,"covered":52,"skipped":0,"pct":96.29},"functions":{"total":1,"covered":1,"skipped":0,"pct":100},"statements":{"total":54,"covered":52,"skipped":0,"pct":96.29},"branches":{"total":8,"covered":8,"skipped":0,"pct":100}}
,"/home/runner/work/idealista/idealista/frontend/src/hooks/useSavedFilters.ts": {"lines":{"total":37,"covered":37,"skipped":0,"pct":100},"functions":{"total":10,"covered":10,"skipped":0,"pct":100},"statements":{"total":37,"covered":37,"skipped":0,"pct":100},"branches":{"total":10,"covered":10,"skipped":0,"pct":100}}
,"/home/runner/work/idealista/idealista/frontend/src/hooks/useScrapeTargets.ts": {"lines":{"total":89,"covered":89,"skipped":0,"pct":100},"functions":{"total":26,"covered":26,"skipped":0,"pct":100},"statements":{"total":89,"covered":89,"skipped":0,"pct":100},"branches":{"total":26,"covered":26,"skipped":0,"pct":100}}
,"/home/runner/work/idealista/idealista/frontend/src/hooks/useScraperMetrics.ts": {"lines":{"total":10,"covered":0,"skipped":0,"pct":0},"functions":{"total":1,"covered":1,"skipped":0,"pct":100},"statements":{"total":10,"covered":0,"skipped":0,"pct":0},"branches":{"total":1,"covered":1,"skipped":0,"pct":100}}
,"/home/runner/work/idealista/idealista/frontend/src/hooks/useSwipe.ts": {"lines":{"total":83,"covered":83,"skipped":0,"pct":100},"functions":{"total":1,"covered":1,"skipped":0,"pct":100},"statements":{"total":83,"covered":83,"skipped":0,"pct":100},"branches":{"total":30,"covered":29,"skipped":0,"pct":96.66}}
,"/home/runner/work/idealista/idealista/frontend/src/hooks/useTags.ts": {"lines":{"total":12,"covered":12,"skipped":0,"pct":100},"functions":{"total":2,"covered":2,"skipped":0,"pct":100},"statements":{"total":12,"covered":12,"skipped":0,"pct":100},"branches":{"total":2,"covered":2,"skipped":0,"pct":100}}
,"/home/runner/work/idealista/idealista/frontend/src/hooks/useTheme.ts": {"lines":{"total":56,"covered":50,"skipped":0,"pct":89.28},"functions":{"total":7,"covered":7,"skipped":0,"pct":100},"statements":{"total":56,"covered":50,"skipped":0,"pct":89.28},"branches":{"total":16,"covered":15,"skipped":0,"pct":93.75}}
,"/home/runner/work/idealista/idealista/frontend/src/hooks/useYieldCalculator.ts": {"lines":{"total":28,"covered":28,"skipped":0,"pct":100},"functions":{"total":2,"covered":2,"skipped":0,"pct":100},"statements":{"total":28,"covered":28,"skipped":0,"pct":100},"branches":{"total":7,"covered":7,"skipped":0,"pct":100}}
,"/home/runner/work/idealista/idealista/frontend/src/hooks/useYieldSettings.ts": {"lines":{"total":20,"covered":20,"skipped":0,"pct":100},"functions":{"total":4,"covered":4,"skipped":0,"pct":100},"statements":{"total":20,"covered":20,"skipped":0,"pct":100},"branches":{"total":4,"covered":4,"skipped":0,"pct":100}}
,"/home/runner/work/idealista/idealista/frontend/src/lib/filter-criteria.ts": {"lines":{"total":78,"covered":66,"skipped":0,"pct":84.61},"functions":{"total":4,"covered":4,"skipped":0,"pct":100},"statements":{"total":78,"covered":66,"skipped":0,"pct":84.61},"branches":{"total":49,"covered":43,"skipped":0,"pct":87.75}}
,"/home/runner/work/idealista/idealista/frontend/src/lib/format.ts": {"lines":{"total":33,"covered":33,"skipped":0,"pct":100},"functions":{"total":3,"covered":3,"skipped":0,"pct":100},"statements":{"total":33,"covered":33,"skipped":0,"pct":100},"branches":{"total":15,"covered":15,"skipped":0,"pct":100}}
,"/home/runner/work/idealista/idealista/frontend/src/lib/metrics-window.ts": {"lines":{"total":36,"covered":36,"skipped":0,"pct":100},"functions":{"total":4,"covered":4,"skipped":0,"pct":100},"statements":{"total":36,"covered":36,"skipped":0,"pct":100},"branches":{"total":12,"covered":12,"skipped":0,"pct":100}}
,"/home/runner/work/idealista/idealista/frontend/src/lib/property-params.ts": {"lines":{"total":208,"covered":206,"skipped":0,"pct":99.03},"functions":{"total":4,"covered":4,"skipped":0,"pct":100},"statements":{"total":208,"covered":206,"skipped":0,"pct":99.03},"branches":{"total":126,"covered":123,"skipped":0,"pct":97.61}}
,"/home/runner/work/idealista/idealista/frontend/src/lib/run-stats.ts": {"lines":{"total":5,"covered":5,"skipped":0,"pct":100},"functions":{"total":1,"covered":1,"skipped":0,"pct":100},"statements":{"total":5,"covered":5,"skipped":0,"pct":100},"branches":{"total":1,"covered":1,"skipped":0,"pct":100}}
,"/home/runner/work/idealista/idealista/frontend/src/lib/utils.ts": {"lines":{"total":5,"covered":5,"skipped":0,"pct":100},"functions":{"total":1,"covered":1,"skipped":0,"pct":100},"statements":{"total":5,"covered":5,"skipped":0,"pct":100},"branches":{"total":1,"covered":1,"skipped":0,"pct":100}}
,"/home/runner/work/idealista/idealista/frontend/src/pages/ArchiveBrowserPage.tsx": {"lines":{"total":428,"covered":372,"skipped":0,"pct":86.91},"functions":{"total":24,"covered":17,"skipped":0,"pct":70.83},"statements":{"total":428,"covered":372,"skipped":0,"pct":86.91},"branches":{"total":117,"covered":84,"skipped":0,"pct":71.79}}
,"/home/runner/work/idealista/idealista/frontend/src/pages/DashboardPage.tsx": {"lines":{"total":293,"covered":287,"skipped":0,"pct":97.95},"functions":{"total":11,"covered":8,"skipped":0,"pct":72.72},"statements":{"total":293,"covered":287,"skipped":0,"pct":97.95},"branches":{"total":54,"covered":33,"skipped":0,"pct":61.11}}
,"/home/runner/work/idealista/idealista/frontend/src/pages/FiltersPage.tsx": {"lines":{"total":149,"covered":110,"skipped":0,"pct":73.82},"functions":{"total":13,"covered":1,"skipped":0,"pct":7.69},"statements":{"total":149,"covered":110,"skipped":0,"pct":73.82},"branches":{"total":21,"covered":9,"skipped":0,"pct":42.85}}
,"/home/runner/work/idealista/idealista/frontend/src/pages/LogsPage.tsx": {"lines":{"total":107,"covered":96,"skipped":0,"pct":89.71},"functions":{"total":6,"covered":4,"skipped":0,"pct":66.66},"statements":{"total":107,"covered":96,"skipped":0,"pct":89.71},"branches":{"total":22,"covered":16,"skipped":0,"pct":72.72}}
,"/home/runner/work/idealista/idealista/frontend/src/pages/PerformancePage.tsx": {"lines":{"total":169,"covered":0,"skipped":0,"pct":0},"functions":{"total":1,"covered":1,"skipped":0,"pct":100},"statements":{"total":169,"covered":0,"skipped":0,"pct":0},"branches":{"total":1,"covered":1,"skipped":0,"pct":100}}
,"/home/runner/work/idealista/idealista/frontend/src/pages/PropertiesPage.tsx": {"lines":{"total":78,"covered":65,"skipped":0,"pct":83.33},"functions":{"total":4,"covered":1,"skipped":0,"pct":25},"statements":{"total":78,"covered":65,"skipped":0,"pct":83.33},"branches":{"total":11,"covered":7,"skipped":0,"pct":63.63}}
,"/home/runner/work/idealista/idealista/frontend/src/pages/PropertyDetailPage.tsx": {"lines":{"total":805,"covered":744,"skipped":0,"pct":92.42},"functions":{"total":51,"covered":35,"skipped":0,"pct":68.62},"statements":{"total":805,"covered":744,"skipped":0,"pct":92.42},"branches":{"total":188,"covered":138,"skipped":0,"pct":73.4}}
,"/home/runner/work/idealista/idealista/frontend/src/pages/ScrapeTargetsPage.tsx": {"lines":{"total":396,"covered":237,"skipped":0,"pct":59.84},"functions":{"total":16,"covered":5,"skipped":0,"pct":31.25},"statements":{"total":396,"covered":237,"skipped":0,"pct":59.84},"branches":{"total":65,"covered":39,"skipped":0,"pct":60}}
,"/home/runner/work/idealista/idealista/frontend/src/pages/SettingsPage.tsx": {"lines":{"total":208,"covered":181,"skipped":0,"pct":87.01},"functions":{"total":6,"covered":3,"skipped":0,"pct":50},"statements":{"total":208,"covered":181,"skipped":0,"pct":87.01},"branches":{"total":34,"covered":24,"skipped":0,"pct":70.58}}
,"/home/runner/work/idealista/idealista/frontend/src/pages/SystemPage.tsx": {"lines":{"total":149,"covered":140,"skipped":0,"pct":93.95},"functions":{"total":4,"covered":4,"skipped":0,"pct":100},"statements":{"total":149,"covered":140,"skipped":0,"pct":93.95},"branches":{"total":31,"covered":24,"skipped":0,"pct":77.41}}
,"/home/runner/work/idealista/idealista/frontend/src/pages/TagsPage.tsx": {"lines":{"total":115,"covered":0,"skipped":0,"pct":0},"functions":{"total":1,"covered":1,"skipped":0,"pct":100},"statements":{"total":115,"covered":0,"skipped":0,"pct":0},"branches":{"total":1,"covered":1,"skipped":0,"pct":100}}
}
