{"total": {"lines":{"total":2158,"covered":2119,"skipped":0,"pct":98.19},"statements":{"total":2158,"covered":2119,"skipped":0,"pct":98.19},"functions":{"total":193,"covered":167,"skipped":0,"pct":86.52},"branches":{"total":636,"covered":601,"skipped":0,"pct":94.49},"branchesTrue":{"total":0,"covered":0,"skipped":0,"pct":100}}
,"/home/runner/work/lifeline/lifeline/frontend/src/App.tsx": {"lines":{"total":59,"covered":59,"skipped":0,"pct":100},"functions":{"total":5,"covered":3,"skipped":0,"pct":60},"statements":{"total":59,"covered":59,"skipped":0,"pct":100},"branches":{"total":17,"covered":16,"skipped":0,"pct":94.11}}
,"/home/runner/work/lifeline/lifeline/frontend/src/router.ts": {"lines":{"total":4,"covered":4,"skipped":0,"pct":100},"functions":{"total":0,"covered":0,"skipped":0,"pct":100},"statements":{"total":4,"covered":4,"skipped":0,"pct":100},"branches":{"total":0,"covered":0,"skipped":0,"pct":100}}
,"/home/runner/work/lifeline/lifeline/frontend/src/api/client.ts": {"lines":{"total":98,"covered":97,"skipped":0,"pct":98.97},"functions":{"total":30,"covered":28,"skipped":0,"pct":93.33},"statements":{"total":98,"covered":97,"skipped":0,"pct":98.97},"branches":{"total":52,"covered":50,"skipped":0,"pct":96.15}}
,"/home/runner/work/lifeline/lifeline/frontend/src/components/Mark.tsx": {"lines":{"total":22,"covered":22,"skipped":0,"pct":100},"functions":{"total":2,"covered":2,"skipped":0,"pct":100},"statements":{"total":22,"covered":22,"skipped":0,"pct":100},"branches":{"total":2,"covered":2,"skipped":0,"pct":100}}
,"/home/runner/work/lifeline/lifeline/frontend/src/components/Modal.tsx": {"lines":{"total":48,"covered":48,"skipped":0,"pct":100},"functions":{"total":2,"covered":2,"skipped":0,"pct":100},"statements":{"total":48,"covered":48,"skipped":0,"pct":100},"branches":{"total":9,"covered":8,"skipped":0,"pct":88.88}}
,"/home/runner/work/lifeline/lifeline/frontend/src/components/PulseStrip.tsx": {"lines":{"total":62,"covered":62,"skipped":0,"pct":100},"functions":{"total":2,"covered":2,"skipped":0,"pct":100},"statements":{"total":62,"covered":62,"skipped":0,"pct":100},"branches":{"total":21,"covered":21,"skipped":0,"pct":100}}
,"/home/runner/work/lifeline/lifeline/frontend/src/components/StatusBadge.tsx": {"lines":{"total":17,"covered":17,"skipped":0,"pct":100},"functions":{"total":1,"covered":1,"skipped":0,"pct":100},"statements":{"total":17,"covered":17,"skipped":0,"pct":100},"branches":{"total":1,"covered":1,"skipped":0,"pct":100}}
,"/home/runner/work/lifeline/lifeline/frontend/src/components/TopNav.tsx": {"lines":{"total":50,"covered":49,"skipped":0,"pct":98},"functions":{"total":2,"covered":2,"skipped":0,"pct":100},"statements":{"total":50,"covered":49,"skipped":0,"pct":98},"branches":{"total":10,"covered":9,"skipped":0,"pct":90}}
,"/home/runner/work/lifeline/lifeline/frontend/src/components/VncScreen.tsx": {"lines":{"total":61,"covered":60,"skipped":0,"pct":98.36},"functions":{"total":2,"covered":2,"skipped":0,"pct":100},"statements":{"total":61,"covered":60,"skipped":0,"pct":98.36},"branches":{"total":19,"covered":16,"skipped":0,"pct":84.21}}
,"/home/runner/work/lifeline/lifeline/frontend/src/components/autofill.ts": {"lines":{"total":7,"covered":7,"skipped":0,"pct":100},"functions":{"total":0,"covered":0,"skipped":0,"pct":100},"statements":{"total":7,"covered":7,"skipped":0,"pct":100},"branches":{"total":0,"covered":0,"skipped":0,"pct":100}}
,"/home/runner/work/lifeline/lifeline/frontend/src/components/ui.tsx": {"lines":{"total":204,"covered":177,"skipped":0,"pct":86.76},"functions":{"total":16,"covered":15,"skipped":0,"pct":93.75},"statements":{"total":204,"covered":177,"skipped":0,"pct":86.76},"branches":{"total":43,"covered":41,"skipped":0,"pct":95.34}}
,"/home/runner/work/lifeline/lifeline/frontend/src/hooks/useTheme.ts": {"lines":{"total":27,"covered":25,"skipped":0,"pct":92.59},"functions":{"total":2,"covered":2,"skipped":0,"pct":100},"statements":{"total":27,"covered":25,"skipped":0,"pct":92.59},"branches":{"total":13,"covered":10,"skipped":0,"pct":76.92}}
,"/home/runner/work/lifeline/lifeline/frontend/src/lib/format.ts": {"lines":{"total":94,"covered":94,"skipped":0,"pct":100},"functions":{"total":8,"covered":8,"skipped":0,"pct":100},"statements":{"total":94,"covered":94,"skipped":0,"pct":100},"branches":{"total":56,"covered":56,"skipped":0,"pct":100}}
,"/home/runner/work/lifeline/lifeline/frontend/src/lib/languages.ts": {"lines":{"total":29,"covered":29,"skipped":0,"pct":100},"functions":{"total":2,"covered":2,"skipped":0,"pct":100},"statements":{"total":29,"covered":29,"skipped":0,"pct":100},"branches":{"total":12,"covered":12,"skipped":0,"pct":100}}
,"/home/runner/work/lifeline/lifeline/frontend/src/pages/History.tsx": {"lines":{"total":48,"covered":48,"skipped":0,"pct":100},"functions":{"total":2,"covered":2,"skipped":0,"pct":100},"statements":{"total":48,"covered":48,"skipped":0,"pct":100},"branches":{"total":21,"covered":19,"skipped":0,"pct":90.47}}
,"/home/runner/work/lifeline/lifeline/frontend/src/pages/Login.tsx": {"lines":{"total":51,"covered":51,"skipped":0,"pct":100},"functions":{"total":4,"covered":4,"skipped":0,"pct":100},"statements":{"total":51,"covered":51,"skipped":0,"pct":100},"branches":{"total":12,"covered":12,"skipped":0,"pct":100}}
,"/home/runner/work/lifeline/lifeline/frontend/src/pages/SessionPanel.tsx": {"lines":{"total":203,"covered":200,"skipped":0,"pct":98.52},"functions":{"total":14,"covered":13,"skipped":0,"pct":92.85},"statements":{"total":203,"covered":200,"skipped":0,"pct":98.52},"branches":{"total":52,"covered":46,"skipped":0,"pct":88.46}}
,"/home/runner/work/lifeline/lifeline/frontend/src/pages/Settings.tsx": {"lines":{"total":216,"covered":215,"skipped":0,"pct":99.53},"functions":{"total":26,"covered":15,"skipped":0,"pct":57.69},"statements":{"total":216,"covered":215,"skipped":0,"pct":99.53},"branches":{"total":38,"covered":37,"skipped":0,"pct":97.36}}
,"/home/runner/work/lifeline/lifeline/frontend/src/pages/Setup.tsx": {"lines":{"total":92,"covered":89,"skipped":0,"pct":96.73},"functions":{"total":6,"covered":6,"skipped":0,"pct":100},"statements":{"total":92,"covered":89,"skipped":0,"pct":96.73},"branches":{"total":21,"covered":19,"skipped":0,"pct":90.47}}
,"/home/runner/work/lifeline/lifeline/frontend/src/pages/SiteForm.tsx": {"lines":{"total":494,"covered":494,"skipped":0,"pct":100},"functions":{"total":41,"covered":34,"skipped":0,"pct":82.92},"statements":{"total":494,"covered":494,"skipped":0,"pct":100},"branches":{"total":163,"covered":161,"skipped":0,"pct":98.77}}
,"/home/runner/work/lifeline/lifeline/frontend/src/pages/Sites.tsx": {"lines":{"total":272,"covered":272,"skipped":0,"pct":100},"functions":{"total":26,"covered":24,"skipped":0,"pct":92.3},"statements":{"total":272,"covered":272,"skipped":0,"pct":100},"branches":{"total":74,"covered":65,"skipped":0,"pct":87.83}}
}
