TN:
SF:src/App.tsx
FN:1,(empty-report)
FNF:1
FNH:0
FNDA:0,(empty-report)
DA:1,0
DA:2,0
DA:3,0
DA:4,0
DA:5,0
DA:6,0
DA:7,0
DA:8,0
DA:9,0
DA:10,0
DA:11,0
DA:12,0
DA:13,0
DA:15,0
DA:16,0
DA:17,0
DA:18,0
DA:19,0
DA:20,0
DA:21,0
DA:22,0
DA:23,0
DA:24,0
DA:25,0
DA:26,0
DA:27,0
DA:28,0
DA:29,0
DA:30,0
DA:31,0
DA:33,0
LF:31
LH:0
BRDA:1,0,0,0
BRF:1
BRH:0
end_of_record
TN:
SF:src/main.tsx
FN:1,(empty-report)
FNF:1
FNH:0
FNDA:0,(empty-report)
DA:1,0
DA:2,0
DA:3,0
DA:4,0
DA:5,0
DA:6,0
DA:8,0
DA:9,0
DA:10,0
DA:11,0
DA:12,0
DA:13,0
DA:14,0
DA:15,0
DA:17,0
DA:18,0
DA:19,0
DA:20,0
DA:21,0
DA:22,0
DA:23,0
DA:24,0
DA:25,0
LF:23
LH:0
BRDA:1,0,0,0
BRF:1
BRH:0
end_of_record
TN:
SF:src/vite-env.d.ts
FN:1,(empty-report)
FNF:1
FNH:1
FNDA:1,(empty-report)
LF:0
LH:0
BRDA:1,0,0,1
BRF:1
BRH:1
end_of_record
TN:
SF:src/api/archive.ts
FN:7,fetchArchiveAgeRange
FN:12,fetchArchiveSummary
FN:21,fetchArchiveGroup
FN:34,fetchArchiveFiles
FN:39,deleteArchiveFiles
FN:47,deleteArchiveFilesByType
FN:60,getArchiveFileUrl
FNF:7
FNH:5
FNDA:10,fetchArchiveAgeRange
FNDA:10,fetchArchiveSummary
FNDA:6,fetchArchiveGroup
FNDA:0,fetchArchiveFiles
FNDA:1,deleteArchiveFiles
FNDA:0,deleteArchiveFilesByType
FNDA:14,getArchiveFileUrl
DA:3,1
DA:7,1
DA:8,10
DA:9,10
DA:12,1
DA:13,10
DA:14,10
DA:15,10
DA:16,10
DA:17,10
DA:18,10
DA:21,1
DA:22,6
DA:23,6
DA:24,6
DA:25,6
DA:26,6
DA:27,6
DA:28,6
DA:29,6
DA:30,6
DA:31,6
DA:34,1
DA:35,0
DA:36,0
DA:39,1
DA:40,1
DA:41,1
DA:42,1
DA:43,1
DA:44,1
DA:47,1
DA:48,0
DA:49,0
DA:50,0
DA:51,0
DA:52,0
DA:53,0
DA:54,0
DA:55,0
DA:56,0
DA:57,0
DA:60,1
DA:61,14
DA:62,14
LF:45
LH:33
BRDA:7,0,0,10
BRDA:12,1,0,10
BRDA:14,2,0,0
BRDA:15,3,0,0
BRDA:17,4,0,0
BRDA:21,5,0,6
BRDA:27,6,0,0
BRDA:28,7,0,0
BRDA:30,8,0,0
BRDA:39,9,0,1
BRDA:60,10,0,14
BRF:11
BRH:5
end_of_record
TN:
SF:src/api/auth.ts
FN:10,fetchRole
FN:15,login
FN:23,logout
FNF:3
FNH:3
FNDA:56,fetchRole
FNDA:4,login
FNDA:1,logout
DA:3,1
DA:10,1
DA:11,56
DA:12,56
DA:15,1
DA:16,4
DA:17,4
DA:18,4
DA:19,4
DA:20,4
DA:23,1
DA:24,1
DA:25,1
DA:26,1
DA:27,1
LF:15
LH:15
BRDA:10,0,0,56
BRDA:15,1,0,4
BRDA:23,2,0,1
BRF:3
BRH:3
end_of_record
TN:
SF:src/api/client.ts
FN:4,apiFetch
FNF:1
FNH:1
FNDA:240,apiFetch
DA:1,1
DA:4,240
DA:5,240
DA:6,240
DA:7,240
DA:8,240
DA:9,240
DA:10,240
DA:11,240
DA:12,202
DA:13,7
DA:14,7
DA:15,202
DA:16,183
DA:17,183
LF:15
LH:15
BRDA:4,0,0,240
BRDA:11,1,0,202
BRDA:11,2,0,194
BRDA:12,3,0,7
BRDA:14,4,0,187
BRDA:15,5,0,4
BRDA:15,6,0,183
BRF:7
BRH:7
end_of_record
TN:
SF:src/api/dashboard.ts
FN:7,fetchDashboard
FNF:1
FNH:1
FNDA:2,fetchDashboard
DA:3,1
DA:7,1
DA:8,2
DA:9,2
LF:4
LH:4
BRDA:7,0,0,2
BRF:1
BRH:1
end_of_record
TN:
SF:src/api/deploy.ts
FN:1,(empty-report)
FNF:1
FNH:1
FNDA:1,(empty-report)
DA:3,0
DA:23,0
DA:24,0
DA:25,0
DA:28,0
DA:29,0
DA:30,0
LF:7
LH:0
BRDA:1,0,0,1
BRF:1
BRH:1
end_of_record
TN:
SF:src/api/locations.ts
FN:13,fetchDistricts
FN:18,fetchMunicipalities
FN:25,fetchParishes
FN:32,fetchLocationTree
FN:37,seedLocations
FNF:5
FNH:5
FNDA:20,fetchDistricts
FNDA:1,fetchMunicipalities
FNDA:1,fetchParishes
FNDA:1,fetchLocationTree
FNDA:1,seedLocations
DA:3,1
DA:13,1
DA:14,20
DA:15,20
DA:18,1
DA:19,1
DA:20,1
DA:21,1
DA:22,1
DA:25,1
DA:26,1
DA:27,1
DA:28,1
DA:29,1
DA:32,1
DA:33,1
DA:34,1
DA:37,1
DA:38,1
DA:39,1
LF:20
LH:20
BRDA:13,0,0,20
BRDA:18,1,0,1
BRDA:25,2,0,1
BRDA:32,3,0,1
BRDA:37,4,0,1
BRF:5
BRH:5
end_of_record
TN:
SF:src/api/logs.ts
FN:7,fetchLogFiles
FN:12,fetchLogTail
FNF:2
FNH:2
FNDA:3,fetchLogFiles
FNDA:3,fetchLogTail
DA:3,1
DA:7,1
DA:8,3
DA:9,3
DA:12,1
DA:13,3
DA:14,3
LF:7
LH:7
BRDA:7,0,0,3
BRDA:12,1,0,3
BRF:2
BRH:2
end_of_record
TN:
SF:src/api/properties.ts
FN:20,buildPropertyParams
FN:144,fetchProperties
FN:155,fetchProperty
FN:160,updateProperty
FN:168,fetchTranslation
FNF:5
FNH:4
FNDA:14,buildPropertyParams
FNDA:6,fetchProperties
FNDA:1,fetchProperty
FNDA:1,updateProperty
FNDA:0,fetchTranslation
DA:3,1
DA:20,1
DA:21,14
DA:22,14
DA:23,14
DA:24,14
DA:25,14
DA:26,14
DA:28,14
DA:29,14
DA:30,14
DA:31,14
DA:33,14
DA:34,14
DA:35,1
DA:36,2
DA:37,2
DA:38,1
DA:39,14
DA:40,1
DA:41,3
DA:42,3
DA:43,1
DA:44,14
DA:45,0
DA:46,0
DA:47,0
DA:48,0
DA:49,14
DA:50,0
DA:51,0
DA:52,0
DA:53,0
DA:54,14
DA:55,14
DA:56,14
DA:57,14
DA:58,14
DA:59,14
DA:60,14
DA:61,14
DA:62,14
DA:63,0
DA:64,0
DA:65,0
DA:66,0
DA:67,14
DA:68,1
DA:69,1
DA:70,14
DA:71,0
DA:72,0
DA:73,0
DA:74,0
DA:75,14
DA:76,0
DA:77,0
DA:78,0
DA:79,0
DA:80,14
DA:81,14
DA:82,14
DA:83,14
DA:84,14
DA:85,14
DA:86,14
DA:87,14
DA:88,14
DA:89,14
DA:90,0
DA:91,0
DA:92,0
DA:93,0
DA:94,14
DA:95,14
DA:96,14
DA:99,14
DA:100,14
DA:101,14
DA:102,14
DA:103,14
DA:104,0
DA:105,0
DA:106,0
DA:107,0
DA:108,14
DA:109,0
DA:110,0
DA:111,0
DA:112,0
DA:113,14
DA:114,14
DA:115,14
DA:116,14
DA:117,14
DA:118,14
DA:119,14
DA:120,14
DA:121,14
DA:122,14
DA:123,14
DA:124,14
DA:125,0
DA:126,0
DA:127,0
DA:128,0
DA:129,14
DA:130,0
DA:131,0
DA:132,0
DA:133,0
DA:135,14
DA:136,1
DA:137,1
DA:138,1
DA:140,14
DA:141,14
DA:144,1
DA:145,6
DA:146,6
DA:147,6
DA:148,6
DA:149,6
DA:150,6
DA:151,6
DA:152,6
DA:155,1
DA:156,1
DA:157,1
DA:160,1
DA:161,1
DA:162,1
DA:163,1
DA:164,1
DA:165,1
DA:168,1
DA:169,0
DA:170,0
LF:138
LH:96
BRDA:20,0,0,14
BRDA:33,1,0,1
BRDA:34,2,0,1
BRDA:35,3,0,2
BRDA:39,4,0,1
BRDA:40,5,0,3
BRDA:44,6,0,0
BRDA:49,7,0,0
BRDA:54,8,0,1
BRDA:55,9,0,1
BRDA:56,10,0,1
BRDA:57,11,0,0
BRDA:58,12,0,1
BRDA:59,13,0,0
BRDA:60,14,0,0
BRDA:61,15,0,0
BRDA:62,16,0,0
BRDA:67,17,0,1
BRDA:70,18,0,0
BRDA:75,19,0,0
BRDA:80,20,0,1
BRDA:81,21,0,0
BRDA:82,22,0,0
BRDA:83,23,0,0
BRDA:84,24,0,0
BRDA:85,25,0,0
BRDA:86,26,0,0
BRDA:87,27,0,0
BRDA:88,28,0,0
BRDA:89,29,0,0
BRDA:94,30,0,1
BRDA:95,31,0,0
BRDA:96,32,0,0
BRDA:99,33,0,0
BRDA:100,34,0,0
BRDA:101,35,0,0
BRDA:102,36,0,0
BRDA:103,37,0,0
BRDA:108,38,0,0
BRDA:113,39,0,0
BRDA:114,40,0,0
BRDA:115,41,0,0
BRDA:116,42,0,0
BRDA:117,43,0,0
BRDA:118,44,0,0
BRDA:119,45,0,0
BRDA:120,46,0,0
BRDA:121,47,0,0
BRDA:122,48,0,0
BRDA:123,49,0,0
BRDA:124,50,0,0
BRDA:129,51,0,0
BRDA:135,52,0,1
BRDA:144,53,0,6
BRDA:155,54,0,1
BRDA:160,55,0,1
BRF:56
BRH:17
end_of_record
TN:
SF:src/api/saved-filters.ts
FN:11,fetchSavedFilters
FN:16,createSavedFilter
FN:24,updateSavedFilter
FN:35,deleteSavedFilter
FNF:4
FNH:4
FNDA:13,fetchSavedFilters
FNDA:1,createSavedFilter
FNDA:1,updateSavedFilter
FNDA:1,deleteSavedFilter
DA:3,1
DA:11,1
DA:12,13
DA:13,13
DA:16,1
DA:17,1
DA:18,1
DA:19,1
DA:20,1
DA:21,1
DA:24,1
DA:25,1
DA:26,1
DA:27,1
DA:28,1
DA:29,1
DA:30,1
DA:31,1
DA:32,1
DA:35,1
DA:36,1
DA:37,1
LF:22
LH:22
BRDA:11,0,0,13
BRDA:16,1,0,1
BRDA:24,2,0,1
BRDA:35,3,0,1
BRF:4
BRH:4
end_of_record
TN:
SF:src/api/scrape-targets.ts
FN:14,fetchScrapeTargets
FN:19,createScrapeTarget
FN:29,updateScrapeTarget
FN:40,deleteScrapeTarget
FN:45,fetchScrapeRuns
FN:51,triggerScrapeRun
FN:56,stopScrapeRun
FN:61,resumeScrapeRun
FN:66,triggerRentalRun
FN:71,reparseArchive
FN:76,fetchScraperStatus
FNF:11
FNH:11
FNDA:13,fetchScrapeTargets
FNDA:2,createScrapeTarget
FNDA:2,updateScrapeTarget
FNDA:2,deleteScrapeTarget
FNDA:2,fetchScrapeRuns
FNDA:2,triggerScrapeRun
FNDA:2,stopScrapeRun
FNDA:2,resumeScrapeRun
FNDA:2,triggerRentalRun
FNDA:2,reparseArchive
FNDA:9,fetchScraperStatus
DA:3,1
DA:14,1
DA:15,13
DA:16,13
DA:19,1
DA:20,2
DA:21,2
DA:22,2
DA:23,2
DA:24,2
DA:25,2
DA:26,2
DA:29,1
DA:30,2
DA:31,2
DA:32,2
DA:33,2
DA:34,2
DA:35,2
DA:36,2
DA:37,2
DA:40,2
DA:41,2
DA:42,2
DA:45,1
DA:46,2
DA:47,2
DA:48,2
DA:51,1
DA:52,2
DA:53,2
DA:56,1
DA:57,2
DA:58,2
DA:61,1
DA:62,2
DA:63,2
DA:66,1
DA:67,2
DA:68,2
DA:71,1
DA:72,2
DA:73,2
DA:76,1
DA:77,9
DA:78,9
LF:46
LH:46
BRDA:14,0,0,13
BRDA:19,1,0,2
BRDA:29,2,0,2
BRDA:40,3,0,2
BRDA:45,4,0,2
BRDA:46,5,0,1
BRDA:46,6,0,1
BRDA:51,7,0,2
BRDA:56,8,0,2
BRDA:61,9,0,2
BRDA:66,10,0,2
BRDA:71,11,0,2
BRDA:76,12,0,9
BRF:13
BRH:13
end_of_record
TN:
SF:src/api/scraper-metrics.ts
FN:1,(empty-report)
FNF:1
FNH:1
FNDA:1,(empty-report)
DA:3,0
DA:10,0
DA:11,0
DA:12,0
DA:13,0
DA:14,0
DA:15,0
DA:16,0
DA:17,0
DA:18,0
DA:19,0
LF:11
LH:0
BRDA:1,0,0,1
BRF:1
BRH:1
end_of_record
TN:
SF:src/api/settings.ts
FN:7,fetchYieldSettings
FN:12,updateYieldSettings
FN:22,calculateYield
FNF:3
FNH:3
FNDA:6,fetchYieldSettings
FNDA:1,updateYieldSettings
FNDA:1,calculateYield
DA:3,1
DA:7,1
DA:8,6
DA:9,6
DA:12,1
DA:13,1
DA:14,1
DA:15,1
DA:16,1
DA:17,1
DA:18,1
DA:19,1
DA:22,1
DA:23,1
DA:24,1
DA:25,1
DA:26,1
DA:27,1
DA:28,1
DA:29,1
DA:30,1
DA:31,1
LF:22
LH:22
BRDA:7,0,0,6
BRDA:12,1,0,1
BRDA:22,2,0,1
BRF:3
BRH:3
end_of_record
TN:
SF:src/components/LoginModal.tsx
FN:12,LoginModal
FN:19,handleSubmit
FN:36,handleClose
FN:56,onChange
FNF:4
FNH:4
FNDA:23,LoginModal
FNDA:2,handleSubmit
FNDA:1,handleClose
FNDA:2,onChange
DA:3,1
DA:4,1
DA:12,1
DA:13,23
DA:14,23
DA:15,23
DA:17,23
DA:19,11
DA:20,2
DA:21,2
DA:22,2
DA:23,2
DA:24,1
DA:25,1
DA:26,1
DA:27,1
DA:28,1
DA:29,2
DA:31,2
DA:32,2
DA:33,2
DA:34,2
DA:36,11
DA:37,1
DA:38,1
DA:39,1
DA:40,1
DA:42,11
DA:43,11
DA:44,11
DA:45,11
DA:46,11
DA:47,11
DA:48,11
DA:49,11
DA:51,11
DA:52,11
DA:53,11
DA:54,11
DA:55,11
DA:56,11
DA:57,11
DA:58,11
DA:59,11
DA:60,11
DA:61,11
DA:62,1
DA:64,1
DA:66,23
DA:67,23
DA:68,23
DA:69,23
DA:70,23
DA:71,23
DA:73,23
DA:74,23
DA:75,23
DA:76,23
DA:77,23
DA:79,23
DA:80,23
DA:81,23
DA:82,23
DA:83,23
DA:84,23
DA:86,23
LF:66
LH:66
BRDA:12,0,0,23
BRDA:17,1,0,12
BRDA:17,2,0,11
BRDA:61,3,0,1
BRDA:76,4,0,5
BRDA:79,5,0,2
BRDA:79,6,0,9
BRDA:19,7,0,2
BRDA:23,8,0,1
BRDA:29,9,0,1
BRDA:36,10,0,1
BRDA:56,11,0,2
BRF:12
BRH:12
end_of_record
TN:
SF:src/components/ScraperStatusDashboard.tsx
FN:13,taskLabel
FN:29,formatElapsed
FN:52,formatRemaining
FN:71,formatCountdown
FN:82,idleReasonLabel
FN:99,formatNextRun
FN:106,formatTimeAgo
FN:118,runSummary
FN:135,ActiveRunProgress
FN:178,ScraperStatusDashboard
FNF:10
FNH:6
FNDA:0,taskLabel
FNDA:0,formatElapsed
FNDA:7,formatRemaining
FNDA:0,formatCountdown
FNDA:11,idleReasonLabel
FNDA:17,formatNextRun
FNDA:21,formatTimeAgo
FNDA:21,runSummary
FNDA:0,ActiveRunProgress
FNDA:16,ScraperStatusDashboard
DA:3,1
DA:4,1
DA:5,1
DA:6,1
DA:13,0
DA:14,0
DA:15,0
DA:16,0
DA:17,0
DA:18,0
DA:19,0
DA:20,0
DA:21,0
DA:22,0
DA:23,0
DA:24,0
DA:25,0
DA:26,0
DA:29,0
DA:30,0
DA:31,0
DA:32,0
DA:33,0
DA:34,0
DA:35,0
DA:36,0
DA:37,0
DA:38,0
DA:52,1
DA:53,7
DA:54,7
DA:55,7
DA:56,7
DA:57,7
DA:58,4
DA:59,7
DA:60,3
DA:61,3
DA:62,7
DA:63,2
DA:64,7
DA:65,1
DA:66,1
DA:67,1
DA:68,1
DA:71,0
DA:72,0
DA:73,0
DA:74,0
DA:75,0
DA:76,0
DA:77,0
DA:78,0
DA:79,0
DA:82,1
DA:83,11
DA:84,11
DA:85,1
DA:86,11
DA:87,1
DA:88,11
DA:89,8
DA:90,11
DA:91,1
DA:92,11
DA:93,11
DA:99,1
DA:100,17
DA:101,16
DA:102,16
DA:103,16
DA:106,21
DA:107,21
DA:108,21
DA:109,21
DA:110,21
DA:111,21
DA:112,21
DA:113,21
DA:114,21
DA:115,21
DA:118,21
DA:119,21
DA:120,0
DA:121,0
DA:122,21
DA:123,7
DA:124,7
DA:125,21
DA:126,0
DA:127,0
DA:128,14
DA:129,14
DA:130,21
DA:131,14
DA:132,14
DA:135,0
DA:136,0
DA:137,0
DA:139,0
DA:140,0
DA:141,0
DA:142,0
DA:143,0
DA:145,0
DA:146,0
DA:147,0
DA:148,0
DA:149,0
DA:150,0
DA:151,0
DA:152,0
DA:153,0
DA:154,0
DA:155,0
DA:156,0
DA:157,0
DA:159,0
DA:160,0
DA:161,0
DA:162,0
DA:163,0
DA:164,0
DA:165,0
DA:166,0
DA:167,0
DA:169,0
DA:170,0
DA:171,0
DA:172,0
DA:173,0
DA:175,0
DA:178,1
DA:179,16
DA:181,16
DA:183,7
DA:184,7
DA:186,7
DA:187,7
DA:189,7
DA:190,7
DA:193,7
DA:194,16
DA:195,0
DA:196,0
DA:197,0
DA:198,0
DA:199,0
DA:200,0
DA:201,0
DA:202,0
DA:203,0
DA:204,0
DA:205,0
DA:206,0
DA:207,0
DA:208,0
DA:209,0
DA:212,16
DA:213,0
DA:214,0
DA:215,0
DA:217,0
DA:218,0
DA:219,0
DA:220,0
DA:221,0
DA:224,16
DA:225,7
DA:226,7
DA:227,7
DA:228,7
DA:229,7
DA:230,7
DA:231,7
DA:232,7
DA:233,7
DA:235,7
DA:237,16
DA:240,16
DA:241,7
DA:242,7
DA:244,7
DA:245,7
DA:246,7
DA:247,21
DA:248,21
DA:249,21
DA:250,21
DA:251,0
DA:252,21
DA:253,21
DA:255,21
DA:256,21
DA:257,21
DA:258,21
DA:259,21
DA:260,21
DA:261,21
DA:262,21
DA:263,21
DA:264,21
DA:265,21
DA:266,21
DA:267,21
DA:268,21
DA:269,7
DA:270,7
DA:271,7
DA:273,16
DA:275,16
LF:211
LH:114
BRDA:52,0,0,7
BRDA:57,1,0,6
BRDA:57,2,0,3
BRDA:57,3,0,4
BRDA:59,4,0,1
BRDA:59,5,0,3
BRDA:62,6,0,1
BRDA:62,7,0,2
BRDA:64,8,0,1
BRDA:82,9,0,11
BRDA:84,10,0,1
BRDA:86,11,0,1
BRDA:88,12,0,8
BRDA:90,13,0,1
BRDA:99,14,0,17
BRDA:100,15,0,1
BRDA:100,16,0,16
BRDA:106,17,0,21
BRDA:109,18,0,0
BRDA:110,19,0,0
BRDA:112,20,0,0
BRDA:118,21,0,21
BRDA:119,22,0,0
BRDA:122,23,0,7
BRDA:124,24,0,14
BRDA:125,25,0,0
BRDA:127,26,0,14
BRDA:130,27,0,0
BRDA:130,28,0,14
BRDA:178,29,0,16
BRDA:181,30,0,7
BRDA:181,31,0,9
BRDA:181,32,0,7
BRDA:194,33,0,0
BRDA:194,34,0,0
BRDA:212,35,0,0
BRDA:212,36,0,0
BRDA:224,37,0,7
BRDA:240,38,0,7
BRDA:246,39,0,21
BRDA:250,40,0,0
BRDA:260,41,0,0
BRDA:266,42,0,0
BRF:43
BRH:30
end_of_record
TN:
SF:src/components/YieldCalculator.tsx
FN:13,eur
FN:23,yieldColor
FN:30,Toggle
FN:42,onClick
FN:57,BreakdownRow
FN:94,YieldCalculator
FN:204,onChange
FN:220,onChange
FN:233,onChange
FN:247,onChange
FN:259,onChange
FN:275,onChange
FN:291,onChange
FN:302,onChange
FN:315,onChange
FN:329,onChange
FN:343,onChange
FN:357,onChange
FNF:18
FNH:7
FNDA:15,eur
FNDA:2,yieldColor
FNDA:100,Toggle
FNDA:1,onClick
FNDA:14,BreakdownRow
FNDA:60,YieldCalculator
FNDA:0,onChange
FNDA:0,onChange
FNDA:1,onChange
FNDA:0,onChange
FNDA:0,onChange
FNDA:0,onChange
FNDA:0,onChange
FNDA:0,onChange
FNDA:0,onChange
FNDA:0,onChange
FNDA:0,onChange
FNDA:0,onChange
DA:3,1
DA:4,1
DA:5,1
DA:13,15
DA:14,15
DA:15,15
DA:16,15
DA:17,15
DA:18,15
DA:19,15
DA:20,15
DA:23,2
DA:24,2
DA:25,1
DA:26,0
DA:27,0
DA:30,100
DA:31,100
DA:32,100
DA:33,100
DA:34,100
DA:38,100
DA:39,100
DA:40,100
DA:41,100
DA:42,100
DA:43,100
DA:44,100
DA:45,100
DA:47,100
DA:48,100
DA:49,100
DA:50,100
DA:51,100
DA:52,100
DA:54,100
DA:57,14
DA:58,14
DA:59,14
DA:60,14
DA:61,14
DA:62,14
DA:67,14
DA:68,14
DA:69,14
DA:70,14
DA:71,14
DA:72,14
DA:74,14
DA:75,14
DA:76,14
DA:77,14
DA:78,3
DA:79,11
DA:80,14
DA:82,14
DA:83,14
DA:84,14
DA:86,14
DA:94,1
DA:95,60
DA:98,60
DA:99,45
DA:100,10
DA:101,45
DA:102,72
DA:103,72
DA:104,10
DA:105,60
DA:107,60
DA:108,60
DA:109,60
DA:112,60
DA:113,45
DA:114,10
DA:115,10
DA:116,60
DA:119,60
DA:120,60
DA:121,35
DA:122,35
DA:123,35
DA:124,60
DA:127,60
DA:128,60
DA:129,35
DA:130,35
DA:131,35
DA:132,60
DA:134,60
DA:135,60
DA:137,60
DA:138,60
DA:139,60
DA:140,60
DA:141,60
DA:143,60
DA:144,0
DA:145,60
DA:147,60
DA:148,1
DA:149,1
DA:150,1
DA:151,1
DA:152,60
DA:154,60
DA:155,0
DA:156,0
DA:157,0
DA:158,0
DA:159,0
DA:160,0
DA:161,0
DA:162,60
DA:165,60
DA:166,60
DA:167,60
DA:168,60
DA:170,60
DA:171,35
DA:172,35
DA:174,25
DA:175,25
DA:176,25
DA:177,25
DA:178,25
DA:180,25
DA:181,25
DA:183,25
DA:184,25
DA:185,25
DA:186,25
DA:187,25
DA:188,25
DA:190,25
DA:191,25
DA:193,25
DA:195,25
DA:197,25
DA:198,25
DA:200,25
DA:201,25
DA:202,25
DA:203,25
DA:204,25
DA:205,0
DA:206,0
DA:207,0
DA:208,25
DA:209,25
DA:210,25
DA:213,25
DA:214,25
DA:216,25
DA:217,25
DA:218,25
DA:219,25
DA:220,25
DA:221,0
DA:222,0
DA:223,0
DA:224,25
DA:225,25
DA:226,25
DA:229,25
DA:230,25
DA:231,25
DA:232,25
DA:233,25
DA:234,25
DA:235,25
DA:238,25
DA:239,1
DA:240,1
DA:241,1
DA:243,1
DA:244,1
DA:245,1
DA:246,1
DA:247,1
DA:248,1
DA:249,1
DA:250,1
DA:251,1
DA:252,1
DA:254,1
DA:255,1
DA:256,1
DA:257,1
DA:258,1
DA:259,1
DA:260,0
DA:262,1
DA:263,1
DA:264,1
DA:265,1
DA:269,60
DA:270,60
DA:272,60
DA:273,60
DA:274,60
DA:275,60
DA:276,60
DA:277,60
DA:278,60
DA:279,0
DA:280,0
DA:281,0
DA:285,60
DA:286,60
DA:288,60
DA:289,60
DA:290,60
DA:291,60
DA:292,60
DA:293,60
DA:296,60
DA:297,60
DA:299,60
DA:300,60
DA:301,60
DA:302,60
DA:303,60
DA:304,60
DA:307,60
DA:308,60
DA:310,60
DA:311,60
DA:312,60
DA:313,60
DA:314,60
DA:315,60
DA:316,60
DA:317,60
DA:318,60
DA:321,60
DA:322,60
DA:324,60
DA:325,60
DA:326,60
DA:327,60
DA:328,60
DA:329,60
DA:330,60
DA:331,60
DA:332,60
DA:335,60
DA:336,60
DA:338,60
DA:339,60
DA:340,60
DA:341,60
DA:342,60
DA:343,60
DA:344,60
DA:345,60
DA:346,60
DA:349,60
DA:350,60
DA:352,60
DA:353,60
DA:354,60
DA:355,60
DA:356,60
DA:357,60
DA:358,60
DA:359,60
DA:360,60
DA:361,60
DA:364,60
DA:365,60
DA:366,0
DA:368,0
DA:370,60
DA:371,1
DA:373,1
DA:374,1
DA:375,1
DA:376,1
DA:378,1
DA:379,1
DA:380,1
DA:382,1
DA:383,1
DA:384,1
DA:385,1
DA:386,1
DA:388,1
DA:389,1
DA:390,1
DA:392,1
DA:393,1
DA:394,1
DA:395,1
DA:396,1
DA:398,1
DA:399,1
DA:400,1
DA:401,1
DA:402,1
DA:403,1
DA:404,1
DA:407,1
DA:408,1
DA:410,1
DA:411,1
DA:412,1
DA:413,1
DA:414,1
DA:415,1
DA:416,1
DA:417,1
DA:418,1
DA:419,1
DA:420,1
DA:421,1
DA:422,1
DA:425,1
DA:426,1
DA:428,1
DA:429,1
DA:430,1
DA:431,1
DA:432,1
DA:433,1
DA:434,1
DA:435,0
DA:436,0
DA:437,0
DA:438,0
DA:439,0
DA:441,1
DA:442,1
DA:443,1
DA:444,1
DA:445,1
DA:446,1
DA:447,1
DA:448,1
DA:449,1
DA:450,1
DA:451,1
DA:454,1
DA:455,1
DA:457,1
DA:458,1
DA:459,1
DA:460,1
DA:461,1
DA:462,0
DA:463,0
DA:464,0
DA:465,0
DA:466,0
DA:468,1
DA:469,1
DA:470,1
DA:471,1
DA:472,1
DA:473,1
DA:476,1
DA:477,0
DA:478,0
DA:479,0
DA:481,0
DA:483,0
DA:484,0
DA:486,0
DA:488,0
DA:489,0
DA:491,0
DA:493,0
DA:495,1
DA:497,60
DA:498,60
DA:499,60
DA:501,60
LF:377
LH:334
BRDA:13,0,0,15
BRDA:23,1,0,2
BRDA:24,2,0,1
BRDA:25,3,0,0
BRDA:30,4,0,100
BRDA:44,5,0,1
BRDA:44,6,0,99
BRDA:45,7,0,0
BRDA:49,8,0,1
BRDA:49,9,0,99
BRDA:42,10,0,1
BRDA:57,11,0,14
BRDA:71,12,0,10
BRDA:71,13,0,4
BRDA:72,14,0,3
BRDA:72,15,0,11
BRDA:77,16,0,3
BRDA:78,17,0,11
BRDA:94,18,0,60
BRDA:134,19,0,0
BRDA:135,20,0,0
BRDA:170,21,0,35
BRDA:172,22,0,25
BRDA:238,23,0,1
BRDA:246,24,0,0
BRDA:258,25,0,0
BRDA:278,26,0,0
BRDA:278,27,0,0
BRDA:278,28,0,0
BRDA:314,29,0,10
BRDA:328,30,0,10
BRDA:342,31,0,25
BRDA:356,32,0,25
BRDA:364,33,0,1
BRDA:364,34,0,24
BRDA:365,35,0,0
BRDA:370,36,0,1
BRDA:434,37,0,0
BRDA:461,38,0,0
BRDA:476,39,0,0
BRDA:98,40,0,45
BRDA:99,41,0,41
BRDA:99,42,0,35
BRDA:99,43,0,10
BRDA:101,44,0,72
BRDA:103,45,0,10
BRDA:112,46,0,45
BRDA:113,47,0,10
BRDA:120,48,0,35
BRDA:128,49,0,35
BRDA:147,50,0,1
BRDA:148,51,0,1
BRDA:150,52,0,0
BRDA:233,53,0,1
BRF:54
BRH:40
end_of_record
TN:
SF:src/components/dashboard/TriageChart.tsx
FN:27,TriageChart
FNF:1
FNH:1
FNDA:8,TriageChart
DA:3,1
DA:14,1
DA:15,1
DA:16,1
DA:17,1
DA:18,1
DA:19,1
DA:20,1
DA:27,8
DA:28,8
DA:30,7
DA:31,7
DA:32,7
DA:33,8
DA:35,8
DA:36,8
DA:37,8
DA:39,8
DA:40,8
DA:41,8
DA:42,8
DA:43,8
DA:44,8
DA:45,8
DA:47,8
DA:48,8
DA:49,8
DA:50,8
DA:51,8
DA:52,8
DA:53,8
DA:54,8
DA:55,8
DA:56,8
DA:57,8
DA:58,8
DA:59,8
DA:60,8
DA:61,8
DA:62,8
DA:63,8
DA:64,8
DA:65,8
DA:66,8
DA:67,8
DA:68,8
DA:69,8
DA:70,8
DA:71,8
DA:72,8
DA:73,8
DA:74,8
DA:75,8
DA:76,8
DA:77,8
DA:78,8
DA:79,8
DA:80,8
DA:81,8
DA:82,8
DA:83,8
DA:84,8
DA:85,8
DA:86,8
DA:87,8
DA:88,8
DA:89,8
DA:91,8
LF:68
LH:68
BRDA:27,0,0,8
BRDA:28,1,0,1
BRDA:28,2,0,7
BRDA:33,3,0,0
BRDA:33,4,0,7
BRF:5
BRH:4
end_of_record
TN:
SF:src/components/layout/AppLayout.tsx
FN:8,AppLayout
FN:16,onClick
FN:38,onClick
FN:41,onClose
FNF:4
FNH:2
FNDA:5,AppLayout
FNDA:1,onClick
FNDA:0,onClick
FNDA:0,onClose
DA:1,1
DA:2,1
DA:3,1
DA:4,1
DA:5,1
DA:8,1
DA:9,5
DA:11,5
DA:12,5
DA:14,5
DA:15,5
DA:16,5
DA:17,5
DA:18,5
DA:20,5
DA:21,5
DA:22,5
DA:23,5
DA:24,5
DA:25,5
DA:26,5
DA:29,5
DA:30,5
DA:31,5
DA:34,5
DA:35,1
DA:36,1
DA:37,1
DA:38,1
DA:39,1
DA:40,1
DA:41,1
DA:42,1
DA:43,1
DA:47,5
DA:48,5
DA:49,5
DA:50,5
DA:52,5
LF:39
LH:39
BRDA:8,0,0,5
BRDA:34,1,0,1
BRDA:16,2,0,1
BRF:3
BRH:3
end_of_record
TN:
SF:src/components/layout/Sidebar.tsx
FN:39,Sidebar
FN:58,className
FN:80,onClick
FN:89,onClick
FN:99,onClose
FNF:5
FNH:2
FNDA:11,Sidebar
FNDA:100,className
FNDA:0,onClick
FNDA:0,onClick
FNDA:0,onClose
DA:1,1
DA:2,1
DA:3,1
DA:17,1
DA:18,1
DA:19,1
DA:21,1
DA:22,1
DA:23,1
DA:24,1
DA:25,1
DA:26,1
DA:27,1
DA:28,1
DA:29,1
DA:30,1
DA:31,1
DA:32,1
DA:39,1
DA:40,11
DA:41,11
DA:43,11
DA:44,11
DA:45,11
DA:46,11
DA:47,11
DA:48,11
DA:49,11
DA:50,11
DA:51,11
DA:52,11
DA:53,100
DA:54,100
DA:55,100
DA:56,100
DA:57,100
DA:58,100
DA:59,100
DA:60,100
DA:61,11
DA:62,89
DA:63,100
DA:66,100
DA:67,100
DA:68,100
DA:69,11
DA:70,11
DA:71,11
DA:72,11
DA:73,11
DA:74,11
DA:75,1
DA:76,1
DA:78,1
DA:79,1
DA:80,1
DA:81,1
DA:83,1
DA:85,1
DA:86,1
DA:88,10
DA:89,10
DA:90,10
DA:92,10
DA:94,10
DA:96,11
DA:97,11
DA:98,11
DA:99,11
DA:100,11
DA:102,11
LF:71
LH:71
BRDA:39,0,0,11
BRDA:74,1,0,1
BRDA:86,2,0,10
BRDA:51,3,0,110
BRDA:51,4,0,11
BRDA:52,5,0,100
BRDA:58,6,0,100
BRDA:60,7,0,11
BRDA:61,8,0,89
BRF:9
BRH:9
end_of_record
TN:
SF:src/components/layout/ThemeToggle.tsx
FN:29,ThemeToggle
FN:32,handleClick
FNF:2
FNH:2
FNDA:24,ThemeToggle
FNDA:3,handleClick
DA:6,1
DA:7,1
DA:9,1
DA:11,1
DA:12,1
DA:13,1
DA:14,1
DA:15,1
DA:17,1
DA:18,1
DA:19,1
DA:20,1
DA:21,1
DA:29,1
DA:30,24
DA:32,24
DA:33,3
DA:34,3
DA:35,3
DA:36,3
DA:38,24
DA:40,24
DA:41,6
DA:42,6
DA:43,6
DA:44,6
DA:45,6
DA:46,6
DA:48,6
DA:49,6
DA:51,6
DA:53,18
DA:54,18
DA:55,18
DA:56,18
DA:57,18
DA:59,18
DA:60,18
DA:61,18
DA:63,18
LF:40
LH:40
BRDA:29,0,0,24
BRDA:40,1,0,6
BRDA:51,2,0,18
BRDA:32,3,0,3
BRF:4
BRH:4
end_of_record
TN:
SF:src/components/performance/PerformanceCharts.tsx
FN:37,fmtGB
FN:42,makeTimeFormatter
FN:52,epoch
FN:60,ChartCard
FN:75,SummaryCard
FN:97,PerformanceCharts
FN:113,tooltipLabel
FN:117,overlays
FN:204,tickFormatter
FN:209,formatter
FNF:10
FNH:7
FNDA:2,fmtGB
FNDA:3,makeTimeFormatter
FNDA:15,epoch
FNDA:9,ChartCard
FNDA:20,SummaryCard
FNDA:3,PerformanceCharts
FNDA:0,tooltipLabel
FNDA:9,overlays
FNDA:0,tickFormatter
FNDA:0,formatter
DA:7,1
DA:25,1
DA:26,1
DA:27,1
DA:28,1
DA:29,1
DA:30,1
DA:31,1
DA:32,1
DA:33,1
DA:34,1
DA:37,2
DA:38,2
DA:39,2
DA:42,3
DA:43,3
DA:44,3
DA:45,0
DA:46,0
DA:47,0
DA:48,0
DA:49,0
DA:50,3
DA:52,1
DA:60,9
DA:61,9
DA:62,9
DA:63,9
DA:64,9
DA:65,9
DA:66,9
DA:67,9
DA:68,9
DA:69,9
DA:70,9
DA:71,9
DA:73,9
DA:75,20
DA:76,20
DA:77,20
DA:78,20
DA:79,20
DA:80,20
DA:81,20
DA:83,20
DA:97,3
DA:98,3
DA:99,3
DA:100,3
DA:101,3
DA:102,3
DA:103,3
DA:104,3
DA:105,3
DA:106,3
DA:107,3
DA:108,3
DA:109,3
DA:110,3
DA:111,3
DA:112,3
DA:113,3
DA:114,3
DA:117,3
DA:118,9
DA:119,9
DA:120,9
DA:121,9
DA:122,9
DA:123,9
DA:124,9
DA:125,9
DA:126,9
DA:127,9
DA:128,9
DA:129,9
DA:130,9
DA:131,9
DA:132,0
DA:134,9
DA:135,9
DA:136,9
DA:137,9
DA:138,9
DA:139,3
DA:140,3
DA:141,3
DA:142,3
DA:143,3
DA:144,3
DA:145,3
DA:146,3
DA:147,3
DA:148,3
DA:149,3
DA:150,3
DA:151,3
DA:152,3
DA:153,3
DA:154,3
DA:155,3
DA:156,3
DA:157,3
DA:158,3
DA:159,3
DA:160,3
DA:161,3
DA:162,3
DA:163,9
DA:164,9
DA:166,3
DA:167,3
DA:168,3
DA:169,3
DA:170,3
DA:171,3
DA:172,3
DA:173,3
DA:175,3
DA:176,3
DA:177,3
DA:178,2
DA:179,2
DA:180,2
DA:181,2
DA:182,2
DA:183,2
DA:184,2
DA:185,2
DA:186,2
DA:187,2
DA:188,2
DA:189,2
DA:190,2
DA:191,2
DA:192,2
DA:193,2
DA:196,3
DA:197,3
DA:198,3
DA:199,3
DA:200,3
DA:201,3
DA:202,3
DA:203,3
DA:204,3
DA:205,3
DA:206,3
DA:207,3
DA:208,3
DA:209,3
DA:210,0
DA:212,3
DA:213,3
DA:214,3
DA:215,3
DA:216,3
DA:217,3
DA:218,3
DA:219,3
DA:220,3
DA:221,3
DA:222,3
DA:223,3
DA:224,3
DA:225,3
DA:226,3
DA:227,3
DA:228,3
DA:229,3
DA:230,3
DA:231,3
DA:232,3
DA:233,3
DA:235,3
DA:236,3
DA:237,3
DA:238,3
DA:239,3
DA:240,3
DA:241,3
DA:242,3
DA:243,3
DA:244,3
DA:245,3
DA:247,3
DA:248,3
DA:249,3
DA:250,3
DA:251,3
DA:252,3
DA:253,3
DA:254,3
DA:255,3
DA:256,3
DA:257,3
DA:258,3
DA:259,3
DA:260,3
DA:261,3
DA:262,3
DA:263,3
DA:264,3
DA:266,3
LF:204
LH:197
BRDA:37,0,0,2
BRDA:42,1,0,3
BRDA:52,2,0,15
BRDA:60,3,0,9
BRDA:75,4,0,20
BRDA:80,5,0,8
BRDA:97,6,0,3
BRDA:110,7,0,0
BRDA:111,8,0,0
BRDA:177,9,0,2
BRDA:183,10,0,0
BRDA:117,11,0,9
BRDA:131,12,0,0
BRDA:138,13,0,3
BRF:14
BRH:10
end_of_record
TN:
SF:src/components/properties/FilterPanel.tsx
FN:123,countAdvancedFilters
FN:152,FilterPanel
FN:163,handleAddLocation
FN:169,handleRemoveLocation
FN:176,syncLocationFilters
FN:199,togglePropertyType
FN:207,handleStatusChange
FN:211,handleBedroomsChange
FN:221,handleBathroomsChange
FN:231,toggleCondition
FN:239,toggleEnergyClass
FN:247,toggleRentConfidence
FN:255,toggleHeatingSystem
FN:263,toggleHeatingFuel
FN:271,toggleAmenity
FN:276,toggleOrientation
FN:284,toggleTag
FN:292,clearAll
FN:297,toggleUserStatus
FN:305,handleExcludeDismissedChange
FN:353,onClick
FN:384,onClick
FN:413,onClick
FN:437,onChange
FN:449,onChange
FN:470,onChange
FN:482,onChange
FN:503,onClick
FN:519,onChange
FN:528,onChange
FN:540,onClick
FN:568,onClick
FN:590,onClick
FN:612,onClick
FN:634,onClick
FN:656,onClick
FN:678,onClick
FN:700,onClick
FN:748,onClick
FN:773,onClick
FN:805,onClick
FN:828,onClick
FN:854,onChange
FN:866,onChange
FN:887,onChange
FN:899,onChange
FN:920,onChange
FN:932,onChange
FN:953,onChange
FN:965,onChange
FN:985,onClick
FN:1009,onChange
FN:1022,onChange
FN:1044,onChange
FN:1057,onChange
FN:1077,onChange
FN:1088,onChange
FN:1108,buildInitialTags
FNF:58
FNH:35
FNDA:189,countAdvancedFilters
FNDA:101,FilterPanel
FNDA:0,handleAddLocation
FNDA:0,handleRemoveLocation
FNDA:0,syncLocationFilters
FNDA:2,togglePropertyType
FNDA:3,handleStatusChange
FNDA:3,handleBedroomsChange
FNDA:0,handleBathroomsChange
FNDA:2,toggleCondition
FNDA:1,toggleEnergyClass
FNDA:1,toggleRentConfidence
FNDA:2,toggleHeatingSystem
FNDA:1,toggleHeatingFuel
FNDA:2,toggleAmenity
FNDA:1,toggleOrientation
FNDA:0,toggleTag
FNDA:1,clearAll
FNDA:1,toggleUserStatus
FNDA:1,handleExcludeDismissedChange
FNDA:36,onClick
FNDA:3,onClick
FNDA:3,onClick
FNDA:2,onChange
FNDA:0,onChange
FNDA:0,onChange
FNDA:0,onChange
FNDA:1,onClick
FNDA:1,onChange
FNDA:1,onChange
FNDA:18,onClick
FNDA:2,onClick
FNDA:2,onClick
FNDA:1,onClick
FNDA:2,onClick
FNDA:1,onClick
FNDA:2,onClick
FNDA:1,onClick
FNDA:1,onClick
FNDA:1,onClick
FNDA:0,onClick
FNDA:1,onClick
FNDA:0,onChange
FNDA:0,onChange
FNDA:0,onChange
FNDA:0,onChange
FNDA:0,onChange
FNDA:0,onChange
FNDA:0,onChange
FNDA:0,onChange
FNDA:1,onClick
FNDA:0,onChange
FNDA:0,onChange
FNDA:0,onChange
FNDA:0,onChange
FNDA:0,onChange
FNDA:0,onChange
FNDA:43,buildInitialTags
DA:3,1
DA:4,1
DA:5,1
DA:6,1
DA:7,1
DA:20,1
DA:21,1
DA:22,1
DA:23,1
DA:24,1
DA:25,1
DA:26,1
DA:27,1
DA:28,1
DA:30,1
DA:31,1
DA:32,1
DA:33,1
DA:34,1
DA:35,1
DA:37,1
DA:38,1
DA:39,1
DA:40,1
DA:41,1
DA:42,1
DA:43,1
DA:44,1
DA:46,1
DA:47,1
DA:48,1
DA:49,1
DA:50,1
DA:51,1
DA:52,1
DA:54,1
DA:55,1
DA:56,1
DA:57,1
DA:58,1
DA:59,1
DA:60,1
DA:62,1
DA:63,1
DA:64,1
DA:65,1
DA:66,1
DA:67,1
DA:68,1
DA:69,1
DA:70,1
DA:71,1
DA:72,1
DA:73,1
DA:75,1
DA:76,1
DA:77,1
DA:78,1
DA:79,1
DA:81,1
DA:82,1
DA:83,1
DA:84,1
DA:85,1
DA:87,1
DA:88,1
DA:89,1
DA:90,1
DA:91,1
DA:92,1
DA:93,1
DA:95,1
DA:96,1
DA:97,1
DA:98,1
DA:99,1
DA:100,1
DA:101,1
DA:102,1
DA:103,1
DA:104,1
DA:105,1
DA:107,1
DA:108,1
DA:109,1
DA:110,1
DA:111,1
DA:112,1
DA:123,189
DA:124,189
DA:125,189
DA:126,189
DA:127,189
DA:128,189
DA:129,189
DA:130,189
DA:131,189
DA:132,189
DA:133,189
DA:134,189
DA:135,189
DA:136,189
DA:137,189
DA:138,189
DA:139,189
DA:140,189
DA:141,189
DA:142,189
DA:143,189
DA:145,189
DA:146,1701
DA:147,1701
DA:148,189
DA:149,189
DA:152,1
DA:153,101
DA:154,101
DA:155,101
DA:159,101
DA:160,43
DA:161,101
DA:163,101
DA:164,0
DA:165,0
DA:166,0
DA:167,0
DA:169,101
DA:170,0
DA:171,0
DA:172,0
DA:173,0
DA:176,101
DA:177,0
DA:178,0
DA:179,0
DA:181,0
DA:182,0
DA:183,0
DA:184,0
DA:185,0
DA:186,0
DA:187,0
DA:188,0
DA:189,0
DA:191,0
DA:192,0
DA:193,0
DA:194,0
DA:195,0
DA:196,0
DA:197,0
DA:199,101
DA:200,2
DA:201,2
DA:202,1
DA:203,1
DA:204,2
DA:205,2
DA:207,101
DA:208,3
DA:209,3
DA:211,101
DA:212,3
DA:213,1
DA:214,3
DA:215,1
DA:216,1
DA:217,1
DA:218,1
DA:219,3
DA:221,101
DA:222,0
DA:223,0
DA:224,0
DA:225,0
DA:226,0
DA:227,0
DA:228,0
DA:229,0
DA:231,101
DA:232,2
DA:233,2
DA:234,0
DA:235,2
DA:236,2
DA:237,2
DA:239,101
DA:240,1
DA:241,1
DA:242,0
DA:243,1
DA:244,1
DA:245,1
DA:247,101
DA:248,1
DA:249,1
DA:250,0
DA:251,1
DA:252,1
DA:253,1
DA:255,101
DA:256,2
DA:257,2
DA:258,1
DA:259,1
DA:260,2
DA:261,2
DA:263,101
DA:264,1
DA:265,1
DA:266,0
DA:267,1
DA:268,1
DA:269,1
DA:271,101
DA:272,2
DA:273,2
DA:274,2
DA:276,101
DA:277,1
DA:278,1
DA:279,0
DA:280,1
DA:281,1
DA:282,1
DA:284,101
DA:285,0
DA:286,0
DA:287,0
DA:288,0
DA:289,0
DA:290,0
DA:292,101
DA:293,1
DA:294,1
DA:295,1
DA:297,101
DA:298,1
DA:299,1
DA:300,0
DA:301,1
DA:302,1
DA:303,1
DA:305,101
DA:306,1
DA:307,1
DA:309,101
DA:310,101
DA:311,99
DA:312,94
DA:313,94
DA:314,94
DA:315,94
DA:316,90
DA:317,90
DA:318,90
DA:319,90
DA:320,88
DA:321,88
DA:322,88
DA:324,101
DA:326,101
DA:327,101
DA:328,101
DA:329,101
DA:330,101
DA:331,101
DA:332,23
DA:333,23
DA:334,23
DA:335,23
DA:337,23
DA:339,101
DA:340,0
DA:341,0
DA:342,0
DA:343,0
DA:345,0
DA:346,0
DA:348,101
DA:349,3
DA:352,101
DA:353,101
DA:354,101
DA:355,101
DA:357,101
DA:358,101
DA:359,101
DA:360,101
DA:363,101
DA:367,101
DA:368,101
DA:369,101
DA:370,101
DA:371,101
DA:374,101
DA:376,101
DA:377,101
DA:379,101
DA:380,101
DA:381,101
DA:382,303
DA:383,303
DA:384,303
DA:385,303
DA:386,303
DA:387,101
DA:388,202
DA:389,303
DA:391,303
DA:392,303
DA:393,101
DA:394,101
DA:395,101
DA:398,101
DA:399,101
DA:401,101
DA:402,101
DA:403,101
DA:404,606
DA:405,606
DA:406,101
DA:407,505
DA:408,101
DA:409,404
DA:410,606
DA:411,606
DA:412,606
DA:413,606
DA:414,606
DA:415,606
DA:416,101
DA:417,505
DA:418,606
DA:420,606
DA:421,606
DA:423,101
DA:424,101
DA:425,101
DA:428,101
DA:429,101
DA:431,101
DA:432,101
DA:433,101
DA:434,101
DA:435,101
DA:436,101
DA:437,101
DA:438,2
DA:439,2
DA:440,2
DA:441,2
DA:443,101
DA:444,101
DA:445,101
DA:446,101
DA:447,101
DA:448,101
DA:449,101
DA:450,0
DA:451,0
DA:452,0
DA:453,0
DA:455,101
DA:456,101
DA:457,101
DA:458,101
DA:461,101
DA:462,101
DA:464,101
DA:465,101
DA:466,101
DA:467,101
DA:468,101
DA:469,101
DA:470,101
DA:471,0
DA:472,0
DA:473,0
DA:474,0
DA:476,101
DA:477,101
DA:478,101
DA:479,101
DA:480,101
DA:481,101
DA:482,101
DA:483,0
DA:484,0
DA:485,0
DA:486,0
DA:488,101
DA:489,101
DA:490,101
DA:491,101
DA:494,101
DA:495,101
DA:497,101
DA:498,101
DA:499,101
DA:500,404
DA:501,404
DA:502,404
DA:503,404
DA:504,404
DA:505,404
DA:506,0
DA:507,404
DA:508,404
DA:510,404
DA:511,404
DA:512,101
DA:513,101
DA:514,101
DA:515,101
DA:516,101
DA:517,101
DA:518,101
DA:519,101
DA:520,101
DA:521,101
DA:523,101
DA:524,101
DA:525,101
DA:526,101
DA:527,101
DA:528,101
DA:529,101
DA:530,101
DA:532,101
DA:533,101
DA:534,101
DA:535,101
DA:538,101
DA:539,101
DA:540,101
DA:541,101
DA:542,101
DA:544,101
DA:545,18
DA:547,83
DA:548,101
DA:550,101
DA:551,17
DA:552,17
DA:553,17
DA:555,101
DA:557,101
DA:558,18
DA:560,18
DA:561,18
DA:563,18
DA:564,18
DA:565,18
DA:566,126
DA:567,126
DA:568,126
DA:569,126
DA:570,126
DA:571,1
DA:572,125
DA:573,126
DA:575,126
DA:576,126
DA:577,18
DA:578,18
DA:579,18
DA:582,18
DA:583,18
DA:585,18
DA:586,18
DA:587,18
DA:588,90
DA:589,90
DA:590,90
DA:591,90
DA:592,90
DA:593,0
DA:594,90
DA:595,90
DA:597,90
DA:598,90
DA:599,18
DA:600,18
DA:601,18
DA:604,18
DA:605,18
DA:607,18
DA:608,18
DA:609,18
DA:610,180
DA:611,180
DA:612,180
DA:613,180
DA:614,180
DA:615,0
DA:616,180
DA:617,180
DA:619,180
DA:620,180
DA:621,18
DA:622,18
DA:623,18
DA:626,18
DA:627,18
DA:629,18
DA:630,18
DA:631,18
DA:632,54
DA:633,54
DA:634,54
DA:635,54
DA:636,54
DA:637,1
DA:638,53
DA:639,54
DA:641,54
DA:642,54
DA:643,18
DA:644,18
DA:645,18
DA:648,18
DA:649,18
DA:651,18
DA:652,18
DA:653,18
DA:654,90
DA:655,90
DA:656,90
DA:657,90
DA:658,90
DA:659,0
DA:660,90
DA:661,90
DA:663,90
DA:664,90
DA:665,18
DA:666,18
DA:667,18
DA:670,18
DA:671,18
DA:673,18
DA:674,18
DA:675,18
DA:676,162
DA:677,162
DA:678,162
DA:679,162
DA:680,162
DA:681,1
DA:682,161
DA:683,162
DA:685,162
DA:686,162
DA:687,18
DA:688,18
DA:689,18
DA:692,18
DA:693,18
DA:695,18
DA:696,18
DA:697,18
DA:698,72
DA:699,72
DA:700,72
DA:701,72
DA:702,72
DA:703,0
DA:704,72
DA:705,72
DA:707,72
DA:708,72
DA:709,18
DA:710,18
DA:711,18
DA:714,18
DA:715,0
DA:716,0
DA:718,0
DA:719,0
DA:720,0
DA:721,0
DA:722,0
DA:723,0
DA:724,0
DA:725,0
DA:726,0
DA:727,0
DA:728,0
DA:730,0
DA:731,0
DA:732,0
DA:733,0
DA:734,0
DA:738,18
DA:740,18
DA:741,18
DA:743,18
DA:744,18
DA:745,18
DA:746,54
DA:747,54
DA:748,54
DA:749,1
DA:751,54
DA:752,54
DA:753,36
DA:754,18
DA:755,36
DA:756,54
DA:758,54
DA:759,54
DA:760,18
DA:761,18
DA:762,18
DA:765,18
DA:766,18
DA:768,18
DA:769,18
DA:770,18
DA:771,54
DA:772,54
DA:773,54
DA:774,1
DA:776,54
DA:777,54
DA:778,36
DA:779,18
DA:780,36
DA:781,54
DA:783,54
DA:784,54
DA:785,18
DA:786,18
DA:787,18
DA:790,18
DA:791,18
DA:793,18
DA:794,18
DA:795,18
DA:796,90
DA:797,90
DA:798,18
DA:799,72
DA:800,18
DA:801,54
DA:802,90
DA:803,90
DA:804,90
DA:805,90
DA:806,90
DA:807,90
DA:808,18
DA:809,72
DA:810,90
DA:812,90
DA:813,90
DA:815,18
DA:816,18
DA:817,18
DA:820,18
DA:821,18
DA:823,18
DA:824,18
DA:825,18
DA:826,54
DA:827,54
DA:828,54
DA:829,1
DA:831,54
DA:832,54
DA:833,36
DA:834,18
DA:835,36
DA:836,54
DA:838,54
DA:839,54
DA:840,18
DA:841,18
DA:842,18
DA:845,18
DA:846,18
DA:848,18
DA:849,18
DA:850,18
DA:851,18
DA:852,18
DA:853,18
DA:854,18
DA:855,0
DA:856,0
DA:857,0
DA:858,0
DA:860,18
DA:861,18
DA:862,18
DA:863,18
DA:864,18
DA:865,18
DA:866,18
DA:867,0
DA:868,0
DA:869,0
DA:870,0
DA:872,18
DA:873,18
DA:874,18
DA:875,18
DA:878,18
DA:879,18
DA:881,18
DA:882,18
DA:883,18
DA:884,18
DA:885,18
DA:886,18
DA:887,18
DA:888,0
DA:889,0
DA:890,0
DA:891,0
DA:893,18
DA:894,18
DA:895,18
DA:896,18
DA:897,18
DA:898,18
DA:899,18
DA:900,0
DA:901,0
DA:902,0
DA:903,0
DA:905,18
DA:906,18
DA:907,18
DA:908,18
DA:911,18
DA:912,18
DA:914,18
DA:915,18
DA:916,18
DA:917,18
DA:918,18
DA:919,18
DA:920,18
DA:921,0
DA:922,0
DA:923,0
DA:924,0
DA:926,18
DA:927,18
DA:928,18
DA:929,18
DA:930,18
DA:931,18
DA:932,18
DA:933,0
DA:934,0
DA:935,0
DA:936,0
DA:938,18
DA:939,18
DA:940,18
DA:941,18
DA:944,18
DA:945,18
DA:947,18
DA:948,18
DA:949,18
DA:950,18
DA:951,18
DA:952,18
DA:953,18
DA:954,0
DA:955,0
DA:956,0
DA:957,0
DA:959,18
DA:960,18
DA:961,18
DA:962,18
DA:963,18
DA:964,18
DA:965,18
DA:966,0
DA:967,0
DA:968,0
DA:969,0
DA:971,18
DA:972,18
DA:973,18
DA:974,18
DA:977,18
DA:978,18
DA:980,18
DA:981,18
DA:982,18
DA:983,54
DA:984,54
DA:985,54
DA:986,54
DA:987,54
DA:988,0
DA:989,54
DA:990,54
DA:992,54
DA:993,54
DA:994,18
DA:995,18
DA:996,18
DA:999,18
DA:1000,18
DA:1002,18
DA:1003,18
DA:1004,18
DA:1005,18
DA:1006,18
DA:1007,18
DA:1008,18
DA:1009,18
DA:1010,0
DA:1011,0
DA:1012,0
DA:1013,0
DA:1015,18
DA:1016,18
DA:1017,18
DA:1018,18
DA:1019,18
DA:1020,18
DA:1021,18
DA:1022,18
DA:1023,0
DA:1024,0
DA:1025,0
DA:1026,0
DA:1028,18
DA:1029,18
DA:1030,18
DA:1031,18
DA:1034,18
DA:1035,18
DA:1037,18
DA:1038,18
DA:1039,18
DA:1040,18
DA:1041,18
DA:1042,18
DA:1043,18
DA:1044,18
DA:1045,0
DA:1046,0
DA:1047,0
DA:1048,0
DA:1050,18
DA:1051,18
DA:1052,18
DA:1053,18
DA:1054,18
DA:1055,18
DA:1056,18
DA:1057,18
DA:1058,0
DA:1059,0
DA:1060,0
DA:1061,0
DA:1063,18
DA:1064,18
DA:1065,18
DA:1066,18
DA:1069,18
DA:1070,18
DA:1072,18
DA:1073,18
DA:1074,18
DA:1075,18
DA:1076,18
DA:1077,18
DA:1078,0
DA:1079,0
DA:1080,0
DA:1081,0
DA:1083,18
DA:1084,18
DA:1085,18
DA:1086,18
DA:1087,18
DA:1088,18
DA:1089,0
DA:1090,0
DA:1091,0
DA:1092,0
DA:1094,18
DA:1095,18
DA:1096,18
DA:1097,18
DA:1098,18
DA:1099,18
DA:1101,101
DA:1102,101
DA:1103,101
DA:1105,101
DA:1108,43
DA:1109,43
DA:1110,43
DA:1111,0
DA:1112,0
DA:1113,0
DA:1114,0
DA:1115,43
DA:1116,0
DA:1117,0
DA:1118,0
DA:1119,0
DA:1120,43
DA:1121,0
DA:1122,0
DA:1123,0
DA:1124,0
DA:1125,43
DA:1126,43
LF:921
LH:764
BRDA:123,0,0,189
BRDA:125,1,0,5
BRDA:125,2,0,5
BRDA:126,3,0,8
BRDA:126,4,0,8
BRDA:127,5,0,2
BRDA:127,6,0,2
BRDA:128,7,0,8
BRDA:129,8,0,0
BRDA:130,9,0,0
BRDA:131,10,0,0
BRDA:132,11,0,0
BRDA:133,12,0,0
BRDA:134,13,0,0
BRDA:134,14,0,0
BRDA:135,15,0,2
BRDA:136,16,0,0
BRDA:137,17,0,10
BRDA:137,18,0,10
BRDA:138,19,0,4
BRDA:138,20,0,4
BRDA:139,21,0,4
BRDA:140,22,0,185
BRDA:140,23,0,4
BRDA:141,24,0,0
BRDA:142,25,0,4
BRDA:142,26,0,4
BRDA:143,27,0,0
BRDA:143,28,0,0
BRDA:145,29,0,1701
BRDA:146,30,0,14
BRDA:152,31,0,101
BRDA:310,32,0,99
BRDA:311,33,0,5
BRDA:311,34,0,94
BRDA:312,35,0,0
BRDA:312,36,0,94
BRDA:313,37,0,0
BRDA:313,38,0,94
BRDA:314,39,0,0
BRDA:314,40,0,94
BRDA:315,41,0,90
BRDA:316,42,0,90
BRDA:317,43,0,90
BRDA:318,44,0,90
BRDA:319,45,0,88
BRDA:320,46,0,0
BRDA:320,47,0,88
BRDA:321,48,0,88
BRDA:331,49,0,23
BRDA:339,50,0,23
BRDA:339,51,0,0
BRDA:339,52,0,0
BRDA:348,53,0,3
BRDA:348,54,0,3
BRDA:355,55,0,53
BRDA:355,56,0,48
BRDA:357,57,0,53
BRDA:357,58,0,48
BRDA:363,59,0,53
BRDA:363,60,0,48
BRDA:436,61,0,97
BRDA:544,62,0,18
BRDA:545,63,0,83
BRDA:550,64,0,17
BRDA:557,65,0,18
BRDA:714,66,0,0
BRDA:714,67,0,0
BRDA:159,68,0,43
BRDA:199,69,0,2
BRDA:200,70,0,1
BRDA:201,71,0,1
BRDA:202,72,0,1
BRDA:204,73,0,1
BRDA:204,74,0,1
BRDA:202,75,0,1
BRDA:207,76,0,3
BRDA:211,77,0,3
BRDA:212,78,0,1
BRDA:214,79,0,2
BRDA:214,80,0,1
BRDA:231,81,0,2
BRDA:233,82,0,0
BRDA:236,83,0,0
BRDA:239,84,0,1
BRDA:241,85,0,0
BRDA:244,86,0,0
BRDA:247,87,0,1
BRDA:249,88,0,0
BRDA:252,89,0,0
BRDA:255,90,0,2
BRDA:256,91,0,1
BRDA:257,92,0,1
BRDA:258,93,0,1
BRDA:260,94,0,1
BRDA:260,95,0,1
BRDA:258,96,0,1
BRDA:263,97,0,1
BRDA:265,98,0,0
BRDA:268,99,0,0
BRDA:271,100,0,2
BRDA:273,101,0,1
BRDA:273,102,0,1
BRDA:276,103,0,1
BRDA:278,104,0,0
BRDA:281,105,0,0
BRDA:292,106,0,1
BRDA:297,107,0,1
BRDA:299,108,0,0
BRDA:302,109,0,0
BRDA:305,110,0,1
BRDA:306,111,0,0
BRDA:353,112,0,36
BRDA:381,113,0,303
BRDA:386,114,0,202
BRDA:386,115,0,198
BRDA:386,116,0,101
BRDA:387,117,0,202
BRDA:391,118,0,101
BRDA:391,119,0,202
BRDA:391,120,0,101
BRDA:391,121,0,101
BRDA:391,122,0,101
BRDA:384,123,0,3
BRDA:403,124,0,606
BRDA:405,125,0,101
BRDA:406,126,0,505
BRDA:407,127,0,101
BRDA:408,128,0,0
BRDA:408,129,0,404
BRDA:409,130,0,2
BRDA:415,131,0,101
BRDA:416,132,0,505
BRDA:413,133,0,3
BRDA:437,134,0,2
BRDA:440,135,0,1
BRDA:440,136,0,1
BRDA:499,137,0,404
BRDA:505,138,0,0
BRDA:505,139,0,0
BRDA:503,140,0,1
BRDA:519,141,0,1
BRDA:528,142,0,1
BRDA:528,143,0,0
BRDA:540,144,0,18
BRDA:565,145,0,126
BRDA:570,146,0,7
BRDA:570,147,0,1
BRDA:571,148,0,125
BRDA:568,149,0,2
BRDA:587,150,0,90
BRDA:592,151,0,0
BRDA:592,152,0,0
BRDA:590,153,0,2
BRDA:609,154,0,180
BRDA:614,155,0,0
BRDA:614,156,0,0
BRDA:612,157,0,1
BRDA:631,158,0,54
BRDA:636,159,0,3
BRDA:636,160,0,1
BRDA:637,161,0,53
BRDA:634,162,0,2
BRDA:653,163,0,90
BRDA:658,164,0,0
BRDA:658,165,0,0
BRDA:656,166,0,1
BRDA:675,167,0,162
BRDA:680,168,0,1
BRDA:681,169,0,161
BRDA:678,170,0,2
BRDA:697,171,0,72
BRDA:702,172,0,0
BRDA:702,173,0,0
BRDA:700,174,0,1
BRDA:745,175,0,54
BRDA:752,176,0,36
BRDA:753,177,0,18
BRDA:754,178,0,36
BRDA:758,179,0,18
BRDA:758,180,0,36
BRDA:758,181,0,18
BRDA:758,182,0,18
BRDA:748,183,0,1
BRDA:749,184,0,0
BRDA:770,185,0,54
BRDA:777,186,0,36
BRDA:778,187,0,18
BRDA:779,188,0,36
BRDA:783,189,0,18
BRDA:783,190,0,36
BRDA:783,191,0,18
BRDA:783,192,0,18
BRDA:773,193,0,1
BRDA:774,194,0,0
BRDA:795,195,0,90
BRDA:797,196,0,18
BRDA:798,197,0,72
BRDA:799,198,0,18
BRDA:800,199,0,0
BRDA:800,200,0,54
BRDA:801,201,0,0
BRDA:807,202,0,18
BRDA:808,203,0,72
BRDA:825,204,0,54
BRDA:832,205,0,36
BRDA:833,206,0,18
BRDA:834,207,0,36
BRDA:838,208,0,18
BRDA:838,209,0,36
BRDA:838,210,0,18
BRDA:838,211,0,18
BRDA:828,212,0,1
BRDA:829,213,0,0
BRDA:982,214,0,54
BRDA:987,215,0,0
BRDA:987,216,0,0
BRDA:985,217,0,1
BRDA:1108,218,0,43
BRDA:1110,219,0,0
BRDA:1115,220,0,0
BRDA:1120,221,0,0
BRF:222
BRH:168
end_of_record
TN:
SF:src/components/properties/LoadFilterDropdown.tsx
FN:12,LoadFilterDropdown
FN:20,handleClick
FN:34,onClick
FN:49,onClick
FNF:4
FNH:3
FNDA:16,LoadFilterDropdown
FNDA:0,handleClick
FNDA:3,onClick
FNDA:2,onClick
DA:3,1
DA:4,1
DA:5,1
DA:6,1
DA:12,1
DA:13,16
DA:14,16
DA:15,16
DA:18,16
DA:19,12
DA:20,3
DA:21,0
DA:22,0
DA:23,0
DA:24,0
DA:25,3
DA:26,3
DA:27,16
DA:29,16
DA:31,9
DA:32,9
DA:33,9
DA:34,9
DA:35,9
DA:36,9
DA:38,9
DA:39,9
DA:41,9
DA:42,3
DA:43,3
DA:45,3
DA:46,3
DA:47,3
DA:48,3
DA:49,3
DA:50,2
DA:51,2
DA:52,2
DA:53,3
DA:55,3
DA:56,3
DA:57,3
DA:58,3
DA:59,3
DA:60,3
DA:61,3
DA:62,3
DA:63,3
DA:65,16
DA:67,16
LF:50
LH:46
BRDA:12,0,0,16
BRDA:29,1,0,9
BRDA:29,2,0,7
BRDA:29,3,0,13
BRDA:29,4,0,9
BRDA:41,5,0,3
BRDA:18,6,0,12
BRDA:19,7,0,9
BRDA:19,8,0,3
BRDA:26,9,0,3
BRDA:34,10,0,3
BRDA:46,11,0,3
BRDA:49,12,0,2
BRF:13
BRH:13
end_of_record
TN:
SF:src/components/properties/Pagination.tsx
FN:13,Pagination
FN:28,onClick
FN:36,onClick
FNF:3
FNH:1
FNDA:5,Pagination
FNDA:0,onClick
FNDA:0,onClick
DA:3,1
DA:13,1
DA:14,5
DA:15,5
DA:16,5
DA:17,5
DA:19,5
DA:20,5
DA:21,5
DA:22,5
DA:23,5
DA:24,5
DA:25,5
DA:26,5
DA:27,5
DA:28,5
DA:29,5
DA:30,5
DA:32,5
DA:33,5
DA:34,5
DA:35,5
DA:36,5
DA:37,5
DA:38,5
DA:40,5
DA:41,5
DA:42,5
DA:43,5
DA:44,5
DA:46,5
LF:31
LH:31
BRDA:13,0,0,5
BRDA:14,1,0,0
BRF:2
BRH:1
end_of_record
TN:
SF:src/components/properties/PropertyCardList.tsx
FN:12,formatEur
FN:17,formatDate
FN:22,humanize
FN:27,EnergyBadge
FN:51,ConfidenceDot
FN:58,SortBar
FN:84,onChange
FN:92,onClick
FN:108,CardImage
FN:175,onClick
FN:183,CardImage.children.onTransitionEnd
FN:202,onClick
FN:211,onClick
FN:227,NotesTooltip
FN:240,UserStatusBadge
FN:261,PropertyCard
FN:294,onClick
FN:327,onClick
FN:341,onClick
FN:492,onClick
FN:538,onClick
FN:560,PropertyCardList
FN:565,handleUpdateStatus
FN:584,onNavigate
FNF:24
FNH:15
FNDA:125,formatEur
FNDA:69,formatDate
FNDA:264,humanize
FNDA:69,EnergyBadge
FNDA:28,ConfidenceDot
FNDA:36,SortBar
FNDA:1,onChange
FNDA:1,onClick
FNDA:75,CardImage
FNDA:0,onClick
FNDA:1,CardImage.children.onTransitionEnd
FNDA:0,onClick
FNDA:1,onClick
FNDA:69,NotesTooltip
FNDA:26,UserStatusBadge
FNDA:69,PropertyCard
FNDA:0,onClick
FNDA:0,onClick
FNDA:0,onClick
FNDA:0,onClick
FNDA:0,onClick
FNDA:36,PropertyCardList
FNDA:0,handleUpdateStatus
FNDA:0,onNavigate
DA:4,1
DA:5,1
DA:6,1
DA:8,1
DA:9,1
DA:12,125
DA:13,125
DA:14,125
DA:17,69
DA:18,69
DA:19,69
DA:22,264
DA:23,264
DA:24,264
DA:27,69
DA:28,69
DA:30,46
DA:31,46
DA:32,46
DA:33,46
DA:34,46
DA:35,46
DA:36,46
DA:37,46
DA:38,46
DA:39,46
DA:40,46
DA:41,46
DA:43,46
DA:44,69
DA:45,69
DA:46,69
DA:48,69
DA:51,28
DA:52,28
DA:53,28
DA:54,28
DA:55,28
DA:58,36
DA:59,36
DA:60,36
DA:61,36
DA:62,36
DA:63,36
DA:64,36
DA:65,36
DA:66,36
DA:67,36
DA:68,36
DA:69,36
DA:70,36
DA:71,36
DA:72,36
DA:73,36
DA:74,36
DA:75,36
DA:77,36
DA:78,36
DA:79,36
DA:80,36
DA:81,36
DA:82,36
DA:83,36
DA:84,36
DA:85,36
DA:87,36
DA:88,540
DA:89,36
DA:90,36
DA:91,36
DA:92,36
DA:93,36
DA:94,36
DA:96,36
DA:97,0
DA:99,36
DA:101,36
DA:102,36
DA:103,36
DA:105,36
DA:108,75
DA:109,75
DA:110,75
DA:112,75
DA:115,75
DA:116,0
DA:117,75
DA:120,75
DA:121,2
DA:122,75
DA:124,75
DA:125,75
DA:126,75
DA:127,75
DA:128,75
DA:129,75
DA:131,75
DA:132,41
DA:133,41
DA:135,41
DA:137,41
DA:139,75
DA:140,1
DA:141,1
DA:142,1
DA:143,1
DA:144,1
DA:145,1
DA:146,1
DA:147,1
DA:149,1
DA:153,75
DA:154,75
DA:155,75
DA:156,75
DA:158,75
DA:159,1
DA:161,1
DA:162,75
DA:164,0
DA:165,0
DA:166,0
DA:167,32
DA:168,32
DA:169,32
DA:171,33
DA:172,33
DA:173,33
DA:174,33
DA:175,33
DA:176,33
DA:177,33
DA:178,33
DA:180,33
DA:181,33
DA:182,33
DA:183,75
DA:185,75
DA:186,66
DA:187,66
DA:188,66
DA:189,66
DA:190,66
DA:191,66
DA:192,66
DA:193,66
DA:194,66
DA:195,75
DA:196,75
DA:199,75
DA:200,75
DA:201,2
DA:202,2
DA:203,2
DA:204,2
DA:206,2
DA:207,2
DA:209,75
DA:210,31
DA:211,31
DA:212,31
DA:213,31
DA:215,31
DA:216,31
DA:218,75
DA:219,75
DA:220,75
DA:221,75
DA:222,75
DA:224,75
DA:227,69
DA:228,69
DA:229,26
DA:230,26
DA:231,26
DA:232,26
DA:233,69
DA:234,69
DA:235,69
DA:237,69
DA:240,26
DA:241,26
DA:242,26
DA:243,26
DA:244,26
DA:245,26
DA:246,26
DA:247,26
DA:248,26
DA:249,26
DA:250,26
DA:251,26
DA:252,26
DA:253,26
DA:254,26
DA:255,26
DA:256,26
DA:258,26
DA:261,69
DA:262,69
DA:263,69
DA:264,69
DA:265,69
DA:266,69
DA:271,69
DA:272,69
DA:273,69
DA:274,69
DA:277,69
DA:278,23
DA:279,46
DA:280,1
DA:281,45
DA:282,25
DA:283,20
DA:284,0
DA:285,20
DA:286,0
DA:287,20
DA:288,18
DA:289,2
DA:291,69
DA:292,69
DA:293,69
DA:294,69
DA:296,69
DA:298,69
DA:301,69
DA:303,69
DA:304,69
DA:305,28
DA:306,28
DA:307,28
DA:309,69
DA:310,69
DA:311,69
DA:312,69
DA:313,69
DA:314,69
DA:315,69
DA:317,69
DA:318,28
DA:319,28
DA:320,28
DA:323,69
DA:324,5
DA:325,5
DA:326,5
DA:327,5
DA:328,0
DA:329,0
DA:330,0
DA:331,5
DA:332,5
DA:333,1
DA:334,4
DA:335,5
DA:337,5
DA:338,5
DA:339,5
DA:340,5
DA:341,5
DA:342,0
DA:343,0
DA:344,0
DA:345,5
DA:346,5
DA:347,0
DA:348,5
DA:349,5
DA:351,5
DA:352,5
DA:353,5
DA:355,69
DA:358,69
DA:359,46
DA:360,46
DA:361,46
DA:365,69
DA:366,69
DA:367,69
DA:368,69
DA:369,69
DA:370,46
DA:371,46
DA:372,46
DA:373,28
DA:375,46
DA:377,69
DA:378,46
DA:379,46
DA:380,46
DA:381,46
DA:383,69
DA:384,69
DA:385,69
DA:386,69
DA:387,69
DA:389,69
DA:390,69
DA:393,69
DA:394,28
DA:395,28
DA:396,28
DA:397,28
DA:398,28
DA:399,28
DA:400,28
DA:402,28
DA:406,69
DA:407,69
DA:408,69
DA:409,69
DA:410,69
DA:411,29
DA:412,29
DA:413,29
DA:414,29
DA:415,29
DA:416,29
DA:417,29
DA:418,69
DA:419,28
DA:420,28
DA:421,69
DA:422,28
DA:423,28
DA:424,28
DA:425,28
DA:426,28
DA:427,28
DA:428,69
DA:429,29
DA:430,29
DA:431,29
DA:432,113
DA:433,113
DA:434,113
DA:435,113
DA:436,29
DA:437,29
DA:439,69
DA:442,69
DA:443,69
DA:444,69
DA:445,69
DA:446,69
DA:447,69
DA:448,69
DA:449,69
DA:450,69
DA:451,69
DA:452,69
DA:453,69
DA:454,69
DA:455,69
DA:456,28
DA:457,28
DA:458,28
DA:459,134
DA:460,134
DA:461,134
DA:462,134
DA:463,28
DA:464,28
DA:466,69
DA:469,69
DA:470,0
DA:471,0
DA:472,0
DA:473,0
DA:474,0
DA:476,0
DA:477,0
DA:478,0
DA:479,0
DA:483,69
DA:484,69
DA:485,69
DA:486,69
DA:487,69
DA:488,28
DA:489,28
DA:490,28
DA:491,28
DA:492,28
DA:493,28
DA:494,28
DA:496,28
DA:497,28
DA:499,69
DA:502,69
DA:503,28
DA:504,28
DA:505,28
DA:507,28
DA:508,28
DA:510,28
DA:511,28
DA:512,28
DA:513,28
DA:514,28
DA:515,28
DA:516,28
DA:517,28
DA:519,28
DA:523,69
DA:524,69
DA:525,69
DA:526,69
DA:527,46
DA:528,23
DA:529,69
DA:530,69
DA:531,69
DA:532,69
DA:533,69
DA:534,69
DA:535,69
DA:536,69
DA:537,69
DA:538,69
DA:539,69
DA:540,69
DA:542,69
DA:543,69
DA:544,69
DA:545,69
DA:546,69
DA:547,69
DA:549,69
DA:560,1
DA:561,36
DA:562,36
DA:565,36
DA:566,0
DA:567,0
DA:569,36
DA:570,36
DA:571,36
DA:573,36
DA:574,1
DA:576,1
DA:578,35
DA:579,35
DA:580,69
DA:581,69
DA:582,69
DA:583,69
DA:584,69
DA:585,69
DA:586,69
DA:587,35
DA:588,35
DA:590,36
DA:592,36
LF:456
LH:431
BRDA:12,0,0,125
BRDA:17,1,0,69
BRDA:22,2,0,264
BRDA:23,3,0,264
BRDA:27,4,0,69
BRDA:28,5,0,23
BRDA:28,6,0,46
BRDA:44,7,0,0
BRDA:51,8,0,28
BRDA:52,9,0,0
BRDA:53,10,0,0
BRDA:58,11,0,36
BRDA:94,12,0,0
BRDA:96,13,0,0
BRDA:84,14,0,1
BRDA:87,15,0,540
BRDA:92,16,0,1
BRDA:92,17,0,0
BRDA:108,18,0,75
BRDA:112,19,0,34
BRDA:112,20,0,41
BRDA:131,21,0,34
BRDA:131,22,0,41
BRDA:137,23,0,34
BRDA:139,24,0,1
BRDA:149,25,0,33
BRDA:153,26,0,6
BRDA:153,27,0,27
BRDA:158,28,0,1
BRDA:162,29,0,32
BRDA:162,30,0,1
BRDA:162,31,0,0
BRDA:169,32,0,33
BRDA:183,33,0,1
BRDA:183,34,0,32
BRDA:200,35,0,2
BRDA:209,36,0,31
BRDA:120,37,0,2
BRDA:121,38,0,2
BRDA:183,39,0,1
BRDA:185,40,0,66
BRDA:190,41,0,0
BRDA:211,42,0,1
BRDA:227,43,0,69
BRDA:228,44,0,26
BRDA:228,45,0,43
BRDA:228,46,0,67
BRDA:228,47,0,26
BRDA:233,48,0,0
BRDA:233,49,0,26
BRDA:240,50,0,26
BRDA:261,51,0,69
BRDA:274,52,0,28
BRDA:277,53,0,23
BRDA:278,54,0,46
BRDA:279,55,0,1
BRDA:280,56,0,45
BRDA:281,57,0,25
BRDA:282,58,0,20
BRDA:283,59,0,0
BRDA:285,60,0,0
BRDA:287,61,0,18
BRDA:288,62,0,2
BRDA:293,63,0,23
BRDA:293,64,0,46
BRDA:304,65,0,28
BRDA:317,66,0,28
BRDA:323,67,0,5
BRDA:332,68,0,1
BRDA:333,69,0,4
BRDA:346,70,0,0
BRDA:358,71,0,23
BRDA:358,72,0,23
BRDA:358,73,0,46
BRDA:367,74,0,46
BRDA:369,75,0,46
BRDA:372,76,0,28
BRDA:377,77,0,46
BRDA:393,78,0,41
BRDA:393,79,0,28
BRDA:399,80,0,0
BRDA:469,81,0,0
BRDA:485,82,0,23
BRDA:487,83,0,28
BRDA:502,84,0,41
BRDA:502,85,0,28
BRDA:526,86,0,46
BRDA:527,87,0,23
BRDA:532,88,0,26
BRDA:406,89,0,69
BRDA:408,90,0,28
BRDA:409,91,0,0
BRDA:410,92,0,29
BRDA:414,93,0,28
BRDA:418,94,0,28
BRDA:418,95,0,28
BRDA:421,96,0,28
BRDA:423,97,0,1
BRDA:423,98,0,27
BRDA:424,99,0,1
BRDA:424,100,0,27
BRDA:428,101,0,40
BRDA:428,102,0,29
BRDA:431,103,0,113
BRDA:433,104,0,84
BRDA:442,105,0,69
BRDA:455,106,0,41
BRDA:455,107,0,28
BRDA:454,108,0,621
BRDA:458,109,0,134
BRDA:460,110,0,106
BRDA:560,111,0,36
BRDA:573,112,0,1
BRDA:576,113,0,35
BRDA:579,114,0,69
BRF:115
BRH:100
end_of_record
TN:
SF:src/components/properties/SaveFilterDialog.tsx
FN:16,SaveFilterDialog
FN:24,handleSave
FN:67,onChange
FN:82,onChange
FN:92,onChange
FNF:5
FNH:2
FNDA:15,SaveFilterDialog
FNDA:0,handleSave
FNDA:1,onChange
FNDA:0,onChange
FNDA:0,onChange
DA:3,1
DA:4,1
DA:6,1
DA:7,1
DA:16,1
DA:17,15
DA:18,15
DA:19,15
DA:20,15
DA:22,15
DA:24,6
DA:25,0
DA:26,0
DA:27,0
DA:28,0
DA:29,0
DA:30,0
DA:31,0
DA:32,0
DA:33,0
DA:34,0
DA:35,0
DA:36,0
DA:37,0
DA:38,0
DA:39,0
DA:40,0
DA:41,0
DA:42,0
DA:44,6
DA:45,6
DA:46,6
DA:47,6
DA:48,6
DA:50,6
DA:51,6
DA:52,6
DA:53,6
DA:55,6
DA:56,6
DA:57,6
DA:59,6
DA:60,6
DA:61,6
DA:63,6
DA:64,6
DA:65,6
DA:66,6
DA:67,6
DA:68,6
DA:69,6
DA:70,6
DA:71,6
DA:72,6
DA:74,6
DA:75,6
DA:77,6
DA:78,6
DA:79,6
DA:80,6
DA:81,6
DA:82,6
DA:83,6
DA:84,6
DA:85,6
DA:86,6
DA:87,6
DA:88,6
DA:89,6
DA:90,6
DA:91,6
DA:92,6
DA:93,6
DA:94,6
DA:95,6
DA:96,6
DA:97,6
DA:98,6
DA:100,6
DA:101,0
DA:102,0
DA:103,0
DA:105,15
DA:107,15
DA:108,15
DA:109,15
DA:110,15
DA:111,15
DA:113,15
DA:114,15
DA:115,15
DA:116,15
DA:117,15
DA:119,15
DA:120,15
DA:121,15
DA:122,15
DA:123,15
DA:125,15
LF:99
LH:78
BRDA:16,0,0,15
BRDA:22,1,0,9
BRDA:22,2,0,7
BRDA:22,3,0,6
BRDA:100,4,0,0
BRDA:116,5,0,1
BRDA:119,6,0,0
BRDA:119,7,0,6
BRDA:67,8,0,1
BRF:9
BRH:7
end_of_record
TN:
SF:src/components/shared/LocationPicker.tsx
FN:31,LocationPicker
FN:53,onChange
FN:76,onChange
FN:102,onChange
FN:135,formatLocationTag
FN:146,MultiLocationPicker
FN:167,handleAdd
FN:209,onChange
FN:226,onChange
FN:246,onChange
FN:284,onClick
FNF:11
FNH:5
FNDA:6,LocationPicker
FNDA:1,onChange
FNDA:0,onChange
FNDA:0,onChange
FNDA:2,formatLocationTag
FNDA:104,MultiLocationPicker
FNDA:0,handleAdd
FNDA:0,onChange
FNDA:0,onChange
FNDA:0,onChange
FNDA:1,onClick
DA:3,1
DA:4,1
DA:5,1
DA:31,1
DA:32,6
DA:33,6
DA:34,6
DA:35,6
DA:36,6
DA:37,6
DA:38,6
DA:39,6
DA:40,6
DA:41,6
DA:43,6
DA:44,6
DA:46,6
DA:47,6
DA:49,6
DA:50,6
DA:51,6
DA:52,6
DA:53,6
DA:54,1
DA:55,1
DA:56,1
DA:57,6
DA:59,6
DA:60,6
DA:61,6
DA:62,6
DA:63,6
DA:64,6
DA:65,6
DA:66,6
DA:69,6
DA:70,6
DA:72,6
DA:73,6
DA:74,6
DA:75,6
DA:76,6
DA:77,0
DA:78,0
DA:79,0
DA:80,6
DA:82,6
DA:83,6
DA:84,6
DA:85,6
DA:86,0
DA:87,0
DA:88,0
DA:89,6
DA:90,6
DA:91,6
DA:94,6
DA:95,6
DA:96,6
DA:98,6
DA:99,6
DA:100,6
DA:101,6
DA:102,6
DA:103,0
DA:104,0
DA:105,0
DA:106,6
DA:108,6
DA:109,6
DA:110,6
DA:111,6
DA:112,0
DA:113,0
DA:114,0
DA:115,6
DA:116,6
DA:117,6
DA:119,6
DA:121,6
DA:135,2
DA:136,2
DA:137,0
DA:138,0
DA:139,2
DA:140,0
DA:141,0
DA:142,2
DA:143,2
DA:146,1
DA:147,104
DA:148,104
DA:149,104
DA:150,104
DA:151,104
DA:152,104
DA:153,104
DA:154,104
DA:155,104
DA:156,104
DA:158,104
DA:159,104
DA:160,104
DA:161,104
DA:162,104
DA:163,104
DA:165,104
DA:167,104
DA:168,0
DA:170,0
DA:171,0
DA:173,0
DA:174,0
DA:175,0
DA:176,0
DA:178,0
DA:179,0
DA:180,0
DA:181,0
DA:182,0
DA:183,0
DA:184,0
DA:186,0
DA:187,0
DA:188,0
DA:189,0
DA:190,0
DA:191,0
DA:192,0
DA:194,0
DA:195,0
DA:196,0
DA:198,104
DA:199,104
DA:200,104
DA:202,104
DA:205,104
DA:206,104
DA:207,104
DA:208,104
DA:209,104
DA:210,0
DA:211,0
DA:212,0
DA:213,104
DA:215,104
DA:216,104
DA:217,8
DA:218,8
DA:219,8
DA:220,104
DA:221,104
DA:223,104
DA:224,104
DA:225,104
DA:226,104
DA:227,0
DA:228,0
DA:229,0
DA:230,104
DA:232,104
DA:233,104
DA:234,104
DA:235,104
DA:236,0
DA:237,0
DA:238,0
DA:239,104
DA:240,104
DA:242,104
DA:243,104
DA:244,104
DA:245,104
DA:246,104
DA:247,0
DA:248,0
DA:249,0
DA:250,104
DA:252,104
DA:253,104
DA:254,104
DA:255,104
DA:256,0
DA:257,0
DA:258,0
DA:259,104
DA:260,104
DA:263,104
DA:264,104
DA:265,104
DA:266,104
DA:267,104
DA:269,104
DA:270,104
DA:271,104
DA:272,104
DA:275,104
DA:276,1
DA:277,1
DA:278,1
DA:279,1
DA:280,1
DA:282,1
DA:283,1
DA:284,1
DA:285,1
DA:286,1
DA:288,1
DA:289,1
DA:290,1
DA:291,1
DA:292,1
DA:294,104
DA:296,104
LF:214
LH:159
BRDA:31,0,0,6
BRDA:60,1,0,3
BRDA:80,2,0,0
BRDA:83,3,0,0
BRDA:85,4,0,0
BRDA:106,5,0,0
BRDA:109,6,0,0
BRDA:111,7,0,0
BRDA:53,8,0,1
BRDA:54,9,0,0
BRDA:60,10,0,6
BRDA:135,11,0,2
BRDA:136,12,0,0
BRDA:139,13,0,0
BRDA:146,14,0,104
BRDA:216,15,0,4
BRDA:230,16,0,0
BRDA:233,17,0,0
BRDA:235,18,0,0
BRDA:250,19,0,0
BRDA:253,20,0,0
BRDA:255,21,0,0
BRDA:275,22,0,1
BRDA:216,23,0,8
BRDA:277,24,0,1
BRDA:284,25,0,1
BRF:26
BRH:11
end_of_record
TN:
SF:src/hooks/useArchive.ts
FN:16,useArchiveAgeRange
FN:24,useArchiveSummary
FN:27,queryFn
FN:33,useArchiveGroup
FN:36,queryFn
FN:42,useDeleteArchiveFiles
FN:46,mutationFn
FN:47,onSuccess
FN:56,useDeleteArchiveFilesByType
FN:60,mutationFn
FN:62,onSuccess
FNF:11
FNH:9
FNDA:33,useArchiveAgeRange
FNDA:33,useArchiveSummary
FNDA:10,queryFn
FNDA:44,useArchiveGroup
FNDA:6,queryFn
FNDA:33,useDeleteArchiveFiles
FNDA:1,mutationFn
FNDA:1,onSuccess
FNDA:33,useDeleteArchiveFilesByType
FNDA:0,mutationFn
FNDA:0,onSuccess
DA:3,1
DA:4,1
DA:7,1
DA:10,1
DA:13,1
DA:16,1
DA:17,33
DA:18,33
DA:19,33
DA:20,33
DA:21,33
DA:24,1
DA:25,33
DA:26,33
DA:27,33
DA:28,33
DA:29,33
DA:30,33
DA:33,1
DA:34,44
DA:35,44
DA:36,44
DA:37,44
DA:38,44
DA:39,44
DA:42,1
DA:43,33
DA:45,33
DA:46,33
DA:47,33
DA:48,1
DA:49,1
DA:50,1
DA:51,1
DA:52,33
DA:53,33
DA:56,1
DA:57,33
DA:59,33
DA:60,33
DA:61,0
DA:62,33
DA:63,0
DA:64,0
DA:65,0
DA:66,0
DA:67,33
DA:68,33
LF:48
LH:43
BRDA:16,0,0,33
BRDA:24,1,0,33
BRDA:27,2,0,10
BRDA:33,3,0,44
BRDA:36,4,0,6
BRDA:42,5,0,33
BRDA:46,6,0,1
BRDA:47,7,0,1
BRDA:56,8,0,33
BRF:9
BRH:9
end_of_record
TN:
SF:src/hooks/useAuth.ts
FN:7,useAuth
FN:19,onSuccess
FN:26,onSuccess
FNF:3
FNH:3
FNDA:250,useAuth
FNDA:2,onSuccess
FNDA:1,onSuccess
DA:3,1
DA:4,1
DA:7,1
DA:8,250
DA:10,250
DA:11,250
DA:12,250
DA:13,250
DA:14,250
DA:15,250
DA:17,250
DA:18,250
DA:19,250
DA:20,2
DA:21,2
DA:22,250
DA:24,250
DA:25,250
DA:26,250
DA:27,1
DA:28,1
DA:29,250
DA:31,250
DA:32,250
DA:33,250
DA:34,250
DA:35,250
DA:36,250
DA:37,250
DA:38,250
DA:39,250
DA:40,250
LF:32
LH:32
BRDA:7,0,0,250
BRDA:32,1,0,142
BRDA:32,2,0,108
BRDA:33,3,0,142
BRDA:19,4,0,2
BRDA:26,5,0,1
BRF:6
BRH:6
end_of_record
TN:
SF:src/hooks/useDashboard.ts
FN:7,useDashboard
FNF:1
FNH:1
FNDA:19,useDashboard
DA:3,1
DA:4,1
DA:7,1
DA:8,19
DA:9,19
DA:10,19
DA:11,19
DA:12,19
DA:13,19
LF:9
LH:9
BRDA:7,0,0,19
BRF:1
BRH:1
end_of_record
TN:
SF:src/hooks/useDeploy.ts
FN:7,useDeploy
FN:12,onSuccess
FN:24,useDeployStatus
FN:29,refetchInterval
FNF:4
FNH:4
FNDA:14,useDeploy
FNDA:2,onSuccess
FNDA:14,useDeployStatus
FNDA:50,refetchInterval
DA:3,1
DA:4,1
DA:7,1
DA:8,14
DA:10,14
DA:11,14
DA:12,14
DA:13,2
DA:14,2
DA:15,14
DA:16,14
DA:24,1
DA:25,14
DA:26,14
DA:27,14
DA:28,14
DA:29,14
DA:30,50
DA:31,50
DA:32,0
DA:33,0
DA:35,50
DA:36,0
DA:37,0
DA:38,50
DA:39,50
DA:40,14
DA:41,14
DA:42,14
DA:44,14
DA:45,14
DA:46,14
DA:47,14
DA:49,14
DA:50,14
DA:51,14
DA:52,14
DA:53,14
LF:38
LH:34
BRDA:7,0,0,14
BRDA:12,1,0,2
BRDA:24,2,0,14
BRDA:45,3,0,6
BRDA:46,4,0,6
BRDA:47,5,0,6
BRDA:29,6,0,50
BRDA:30,7,0,19
BRDA:31,8,0,0
BRDA:35,9,0,0
BRF:10
BRH:8
end_of_record
TN:
SF:src/hooks/useGeolocation.ts
FN:24,useGeolocation
FN:45,navigator.geolocation.getCurrentPosition.setState.coords
FN:53,navigator.geolocation.getCurrentPosition.enableHighAccuracy
FNF:3
FNH:3
FNDA:16,useGeolocation
FNDA:2,navigator.geolocation.getCurrentPosition.setState.coords
FNDA:1,navigator.geolocation.getCurrentPosition.enableHighAccuracy
DA:3,1
DA:17,1
DA:24,1
DA:25,16
DA:26,16
DA:27,16
DA:28,16
DA:29,16
DA:31,16
DA:32,4
DA:33,1
DA:34,1
DA:35,1
DA:37,4
DA:38,0
DA:39,0
DA:40,0
DA:42,3
DA:44,3
DA:45,3
DA:46,2
DA:47,2
DA:48,2
DA:49,2
DA:50,2
DA:51,2
DA:52,2
DA:53,3
DA:54,1
DA:55,1
DA:56,3
DA:57,3
DA:58,16
DA:60,16
DA:61,16
LF:35
LH:32
BRDA:24,0,0,16
BRDA:31,1,0,4
BRDA:32,2,0,1
BRDA:35,3,0,3
BRDA:37,4,0,0
BRDA:40,5,0,3
BRDA:42,6,0,3
BRDA:45,7,0,2
BRDA:53,8,0,1
BRF:9
BRH:8
end_of_record
TN:
SF:src/hooks/useLocations.ts
FN:12,useDistricts
FN:20,useMunicipalities
FN:23,queryFn
FN:29,useParishes
FN:32,queryFn
FN:38,useSeedLocations
FN:42,onSuccess
FNF:7
FNH:4
FNDA:126,useDistricts
FNDA:110,useMunicipalities
FNDA:0,queryFn
FNDA:110,useParishes
FNDA:0,queryFn
FNDA:16,useSeedLocations
FNDA:0,onSuccess
DA:3,1
DA:4,1
DA:12,1
DA:13,126
DA:14,126
DA:15,126
DA:16,126
DA:17,126
DA:20,1
DA:21,110
DA:22,110
DA:23,110
DA:24,110
DA:25,110
DA:26,110
DA:29,1
DA:30,110
DA:31,110
DA:32,110
DA:33,110
DA:34,110
DA:35,110
DA:38,1
DA:39,16
DA:40,16
DA:41,16
DA:42,16
DA:43,0
DA:44,0
DA:45,0
DA:46,0
DA:47,0
DA:48,16
DA:49,16
LF:34
LH:29
BRDA:12,0,0,126
BRDA:20,1,0,110
BRDA:29,2,0,110
BRDA:38,3,0,16
BRF:4
BRH:4
end_of_record
TN:
SF:src/hooks/useLogs.ts
FN:7,useLogFiles
FN:16,useLogTail
FN:19,queryFn
FNF:3
FNH:3
FNDA:10,useLogFiles
FNDA:10,useLogTail
FNDA:3,queryFn
DA:3,1
DA:4,1
DA:7,1
DA:8,10
DA:9,10
DA:10,10
DA:11,10
DA:12,10
DA:13,10
DA:16,1
DA:17,10
DA:18,10
DA:19,10
DA:20,10
DA:21,10
DA:22,10
DA:23,10
LF:17
LH:17
BRDA:7,0,0,10
BRDA:16,1,0,10
BRDA:21,2,0,6
BRDA:19,3,0,3
BRF:4
BRH:4
end_of_record
TN:
SF:src/hooks/useMediaQuery.ts
FN:9,useMediaQuery
FN:16,handler
FNF:2
FNH:2
FNDA:116,useMediaQuery
FNDA:1,handler
DA:3,1
DA:9,1
DA:10,116
DA:11,40
DA:12,116
DA:14,116
DA:15,41
DA:16,41
DA:17,41
DA:18,41
DA:19,41
DA:20,116
DA:22,116
DA:23,116
LF:14
LH:14
BRDA:9,0,0,116
BRDA:10,1,0,40
BRDA:11,2,0,0
BRDA:14,3,0,41
BRDA:16,4,0,1
BRDA:19,5,0,41
BRF:6
BRH:5
end_of_record
TN:
SF:src/hooks/usePageTitle.ts
FN:8,usePageTitle
FNF:1
FNH:1
FNDA:241,usePageTitle
DA:3,1
DA:5,1
DA:8,1
DA:9,241
DA:10,130
DA:11,130
DA:12,130
DA:13,130
DA:14,241
DA:15,241
LF:10
LH:10
BRDA:8,0,0,241
BRDA:9,1,0,130
BRDA:10,2,0,93
BRDA:10,3,0,37
BRDA:11,4,0,130
BRF:5
BRH:5
end_of_record
TN:
SF:src/hooks/useProperties.ts
FN:14,useProperties
FN:22,queryFn
FN:23,placeholderData
FN:29,useProperty
FN:32,queryFn
FN:38,useUpdateProperty
FN:41,mutationFn
FN:43,onSuccess
FN:51,useTranslation
FN:54,queryFn
FNF:10
FNH:9
FNDA:10,useProperties
FNDA:6,queryFn
FNDA:30,placeholderData
FNDA:111,useProperty
FNDA:37,queryFn
FNDA:66,useUpdateProperty
FNDA:2,mutationFn
FNDA:2,onSuccess
FNDA:108,useTranslation
FNDA:0,queryFn
DA:3,1
DA:4,1
DA:14,1
DA:15,10
DA:16,10
DA:17,10
DA:18,10
DA:19,10
DA:20,10
DA:21,10
DA:22,10
DA:23,10
DA:24,10
DA:25,10
DA:26,10
DA:29,1
DA:30,111
DA:31,111
DA:32,111
DA:33,111
DA:34,111
DA:35,111
DA:38,1
DA:39,66
DA:40,66
DA:41,66
DA:42,2
DA:43,66
DA:44,2
DA:45,2
DA:46,2
DA:47,66
DA:48,66
DA:51,1
DA:52,108
DA:53,108
DA:54,108
DA:55,108
DA:56,108
DA:57,108
DA:58,108
LF:41
LH:41
BRDA:14,0,0,10
BRDA:24,1,0,0
BRDA:22,2,0,6
BRDA:23,3,0,30
BRDA:29,4,0,111
BRDA:32,5,0,37
BRDA:38,6,0,66
BRDA:41,7,0,2
BRDA:43,8,0,2
BRDA:51,9,0,108
BRDA:55,10,0,0
BRF:11
BRH:9
end_of_record
TN:
SF:src/hooks/usePropertyParams.ts
FN:18,usePropertyParams
FNF:1
FNH:1
FNDA:19,usePropertyParams
DA:3,1
DA:4,1
DA:10,1
DA:18,1
DA:19,19
DA:21,19
DA:22,19
DA:23,19
DA:24,19
DA:26,19
DA:27,19
DA:28,19
DA:29,19
DA:31,19
DA:32,19
DA:33,19
DA:34,19
DA:37,19
DA:38,19
DA:39,3
DA:40,3
DA:41,3
DA:42,3
DA:43,3
DA:44,3
DA:45,3
DA:46,19
DA:47,19
DA:49,19
DA:50,19
DA:51,1
DA:52,1
DA:53,19
DA:54,19
DA:56,19
DA:57,19
DA:58,1
DA:59,1
DA:60,19
DA:61,19
DA:63,19
DA:64,19
DA:65,1
DA:66,1
DA:67,19
DA:68,19
DA:71,19
DA:72,19
DA:73,0
DA:74,0
DA:75,19
DA:76,19
DA:78,19
DA:79,19
LF:54
LH:52
BRDA:18,0,0,19
BRDA:22,1,0,16
BRDA:27,2,0,16
BRDA:32,3,0,16
BRDA:38,4,0,3
BRDA:50,5,0,1
BRDA:57,6,0,1
BRDA:64,7,0,1
BRF:8
BRH:8
end_of_record
TN:
SF:src/hooks/useSavedFilters.ts
FN:13,useSavedFilters
FN:22,useCreateSavedFilter
FN:25,mutationFn
FN:26,onSuccess
FN:33,useUpdateSavedFilter
FN:36,mutationFn
FN:38,onSuccess
FN:45,useDeleteSavedFilter
FN:48,mutationFn
FN:49,onSuccess
FNF:10
FNH:10
FNDA:32,useSavedFilters
FNDA:17,useCreateSavedFilter
FNDA:1,mutationFn
FNDA:1,onSuccess
FNDA:14,useUpdateSavedFilter
FNDA:1,mutationFn
FNDA:1,onSuccess
FNDA:14,useDeleteSavedFilter
FNDA:1,mutationFn
FNDA:1,onSuccess
DA:3,1
DA:4,1
DA:13,1
DA:14,32
DA:15,32
DA:16,32
DA:17,32
DA:18,32
DA:19,32
DA:22,1
DA:23,17
DA:24,17
DA:25,17
DA:26,17
DA:27,1
DA:28,1
DA:29,17
DA:30,17
DA:33,1
DA:34,14
DA:35,14
DA:36,14
DA:37,1
DA:38,14
DA:39,1
DA:40,1
DA:41,14
DA:42,14
DA:45,1
DA:46,14
DA:47,14
DA:48,14
DA:49,14
DA:50,1
DA:51,1
DA:52,14
DA:53,14
LF:37
LH:37
BRDA:13,0,0,32
BRDA:22,1,0,17
BRDA:25,2,0,1
BRDA:26,3,0,1
BRDA:33,4,0,14
BRDA:36,5,0,1
BRDA:38,6,0,1
BRDA:45,7,0,14
BRDA:48,8,0,1
BRDA:49,9,0,1
BRF:10
BRH:10
end_of_record
TN:
SF:src/hooks/useScrapeTargets.ts
FN:22,useScrapeTargets
FN:31,useCreateScrapeTarget
FN:34,mutationFn
FN:35,onSuccess
FN:42,useUpdateScrapeTarget
FN:45,mutationFn
FN:47,onSuccess
FN:54,useDeleteScrapeTarget
FN:57,mutationFn
FN:58,onSuccess
FN:65,useTriggerScrapeRun
FN:68,mutationFn
FN:69,onSuccess
FN:76,useStopScrapeRun
FN:79,mutationFn
FN:80,onSuccess
FN:87,useResumeScrapeRun
FN:90,mutationFn
FN:91,onSuccess
FN:98,useTriggerRentalRun
FN:101,mutationFn
FN:102,onSuccess
FN:109,useReparseArchive
FN:112,mutationFn
FN:113,onSuccess
FN:120,useScraperStatus
FNF:26
FNH:26
FNDA:22,useScrapeTargets
FNDA:2,useCreateScrapeTarget
FNDA:1,mutationFn
FNDA:1,onSuccess
FNDA:8,useUpdateScrapeTarget
FNDA:1,mutationFn
FNDA:1,onSuccess
FNDA:8,useDeleteScrapeTarget
FNDA:1,mutationFn
FNDA:1,onSuccess
FNDA:8,useTriggerScrapeRun
FNDA:1,mutationFn
FNDA:1,onSuccess
FNDA:8,useStopScrapeRun
FNDA:1,mutationFn
FNDA:1,onSuccess
FNDA:8,useResumeScrapeRun
FNDA:1,mutationFn
FNDA:1,onSuccess
FNDA:8,useTriggerRentalRun
FNDA:1,mutationFn
FNDA:1,onSuccess
FNDA:18,useReparseArchive
FNDA:1,mutationFn
FNDA:1,onSuccess
FNDA:16,useScraperStatus
DA:3,1
DA:4,1
DA:22,1
DA:23,22
DA:24,22
DA:25,22
DA:26,22
DA:27,22
DA:28,22
DA:31,1
DA:32,2
DA:33,2
DA:34,2
DA:35,2
DA:36,1
DA:37,1
DA:38,2
DA:39,2
DA:42,1
DA:43,8
DA:44,8
DA:45,8
DA:46,1
DA:47,8
DA:48,1
DA:49,1
DA:50,8
DA:51,8
DA:54,1
DA:55,8
DA:56,8
DA:57,8
DA:58,8
DA:59,1
DA:60,1
DA:61,8
DA:62,8
DA:65,1
DA:66,8
DA:67,8
DA:68,8
DA:69,8
DA:70,1
DA:71,1
DA:72,8
DA:73,8
DA:76,1
DA:77,8
DA:78,8
DA:79,8
DA:80,8
DA:81,1
DA:82,1
DA:83,8
DA:84,8
DA:87,1
DA:88,8
DA:89,8
DA:90,8
DA:91,8
DA:92,1
DA:93,1
DA:94,8
DA:95,8
DA:98,1
DA:99,8
DA:100,8
DA:101,8
DA:102,8
DA:103,1
DA:104,1
DA:105,8
DA:106,8
DA:109,1
DA:110,18
DA:111,18
DA:112,18
DA:113,18
DA:114,1
DA:115,1
DA:116,18
DA:117,18
DA:120,1
DA:121,16
DA:122,16
DA:123,16
DA:124,16
DA:125,16
DA:126,16
LF:89
LH:89
BRDA:22,0,0,22
BRDA:31,1,0,2
BRDA:34,2,0,1
BRDA:35,3,0,1
BRDA:42,4,0,8
BRDA:45,5,0,1
BRDA:47,6,0,1
BRDA:54,7,0,8
BRDA:57,8,0,1
BRDA:58,9,0,1
BRDA:65,10,0,8
BRDA:68,11,0,1
BRDA:69,12,0,1
BRDA:76,13,0,8
BRDA:79,14,0,1
BRDA:80,15,0,1
BRDA:87,16,0,8
BRDA:90,17,0,1
BRDA:91,18,0,1
BRDA:98,19,0,8
BRDA:101,20,0,1
BRDA:102,21,0,1
BRDA:109,22,0,18
BRDA:112,23,0,1
BRDA:113,24,0,1
BRDA:120,25,0,16
BRF:26
BRH:26
end_of_record
TN:
SF:src/hooks/useScraperMetrics.ts
FN:1,(empty-report)
FNF:1
FNH:1
FNDA:1,(empty-report)
DA:3,0
DA:4,0
DA:8,0
DA:9,0
DA:10,0
DA:11,0
DA:12,0
DA:13,0
DA:14,0
DA:15,0
LF:10
LH:0
BRDA:1,0,0,1
BRF:1
BRH:1
end_of_record
TN:
SF:src/hooks/useSwipe.ts
FN:50,useSwipe
FNF:1
FNH:1
FNDA:157,useSwipe
DA:1,1
DA:50,1
DA:51,157
DA:52,157
DA:53,157
DA:54,157
DA:55,157
DA:56,157
DA:57,157
DA:58,157
DA:59,157
DA:60,157
DA:61,157
DA:62,157
DA:63,157
DA:64,157
DA:65,157
DA:66,157
DA:68,157
DA:69,157
DA:70,157
DA:71,157
DA:72,157
DA:74,157
DA:75,19
DA:76,19
DA:77,19
DA:78,19
DA:79,19
DA:80,19
DA:81,157
DA:83,157
DA:84,18
DA:86,18
DA:87,18
DA:90,18
DA:91,18
DA:92,18
DA:94,18
DA:96,16
DA:97,16
DA:98,3
DA:99,16
DA:100,1
DA:101,1
DA:102,16
DA:103,16
DA:104,157
DA:106,157
DA:107,157
DA:108,17
DA:110,17
DA:111,17
DA:113,17
DA:114,11
DA:116,11
DA:117,11
DA:118,8
DA:119,8
DA:120,8
DA:121,11
DA:123,3
DA:124,3
DA:125,3
DA:126,16
DA:128,3
DA:129,3
DA:130,3
DA:131,17
DA:132,157
DA:133,157
DA:136,157
DA:137,10
DA:138,10
DA:139,10
DA:141,10
DA:142,5
DA:144,10
DA:145,2
DA:146,10
DA:147,157
DA:149,157
DA:150,157
LF:83
LH:83
BRDA:50,0,0,157
BRDA:74,1,0,19
BRDA:83,2,0,18
BRDA:84,3,0,0
BRDA:90,4,0,2
BRDA:94,5,0,16
BRDA:97,6,0,14
BRDA:97,7,0,3
BRDA:99,8,0,13
BRDA:99,9,0,2
BRDA:99,10,0,1
BRDA:107,11,0,17
BRDA:113,12,0,14
BRDA:113,13,0,16
BRDA:113,14,0,11
BRDA:114,15,0,9
BRDA:114,16,0,2
BRDA:116,17,0,9
BRDA:116,18,0,2
BRDA:117,19,0,8
BRDA:121,20,0,3
BRDA:126,21,0,6
BRDA:126,22,0,3
BRDA:120,23,0,8
BRDA:124,24,0,3
BRDA:129,25,0,3
BRDA:136,26,0,10
BRDA:141,27,0,5
BRDA:142,28,0,1
BRDA:144,29,0,2
BRF:30
BRH:29
end_of_record
TN:
SF:src/hooks/useTags.ts
FN:15,fetchTags
FN:20,useTags
FNF:2
FNH:2
FNDA:43,fetchTags
FNDA:101,useTags
DA:3,1
DA:4,1
DA:15,43
DA:16,43
DA:17,43
DA:20,1
DA:21,101
DA:22,101
DA:23,101
DA:24,101
DA:25,101
DA:26,101
LF:12
LH:12
BRDA:15,0,0,43
BRDA:20,1,0,101
BRF:2
BRH:2
end_of_record
TN:
SF:src/hooks/useTheme.ts
FN:14,resolve
FN:24,applyTheme
FN:36,emitChange
FN:43,setTheme
FN:54,subscribe
FN:61,getSnapshot
FN:76,useTheme
FNF:7
FNH:7
FNDA:39,resolve
FNDA:6,applyTheme
FNDA:6,emitChange
FNDA:6,setTheme
FNDA:24,subscribe
FNDA:102,getSnapshot
FNDA:33,useTheme
DA:6,1
DA:11,1
DA:14,39
DA:15,39
DA:16,24
DA:17,0
DA:18,24
DA:19,24
DA:20,15
DA:21,15
DA:24,6
DA:25,6
DA:26,2
DA:27,6
DA:28,4
DA:29,4
DA:30,6
DA:33,1
DA:34,1
DA:36,6
DA:37,6
DA:38,6
DA:39,6
DA:40,6
DA:43,6
DA:44,6
DA:45,6
DA:46,2
DA:47,6
DA:48,4
DA:49,4
DA:50,6
DA:51,6
DA:52,6
DA:54,24
DA:55,24
DA:56,24
DA:57,24
DA:58,24
DA:59,24
DA:61,102
DA:62,102
DA:63,102
DA:66,1
DA:67,1
DA:68,1
DA:69,0
DA:70,0
DA:71,0
DA:72,0
DA:73,0
DA:76,1
DA:77,33
DA:78,33
DA:80,33
DA:81,33
LF:56
LH:50
BRDA:33,0,0,6
BRDA:14,1,0,39
BRDA:15,2,0,24
BRDA:16,3,0,0
BRDA:19,4,0,15
BRDA:24,5,0,6
BRDA:25,6,0,2
BRDA:27,7,0,4
BRDA:36,8,0,6
BRDA:43,9,0,6
BRDA:45,10,0,2
BRDA:47,11,0,4
BRDA:54,12,0,24
BRDA:56,13,0,24
BRDA:61,14,0,102
BRDA:76,15,0,33
BRF:16
BRH:15
end_of_record
TN:
SF:src/hooks/useYieldCalculator.ts
FN:17,useYieldCalculator
FN:37,queryFn
FNF:2
FNH:2
FNDA:64,useYieldCalculator
FNDA:2,queryFn
DA:3,1
DA:4,1
DA:5,1
DA:8,1
DA:17,1
DA:18,64
DA:19,64
DA:20,64
DA:21,64
DA:22,64
DA:23,64
DA:24,64
DA:26,64
DA:27,49
DA:28,1
DA:29,1
DA:30,1
DA:31,49
DA:32,49
DA:33,64
DA:35,64
DA:36,64
DA:37,64
DA:38,64
DA:39,64
DA:40,64
DA:41,64
DA:42,64
LF:28
LH:28
BRDA:17,0,0,64
BRDA:38,1,0,63
BRDA:38,2,0,62
BRDA:26,3,0,49
BRDA:27,4,0,1
BRDA:32,5,0,49
BRDA:37,6,0,2
BRF:7
BRH:7
end_of_record
TN:
SF:src/hooks/useYieldSettings.ts
FN:10,useYieldSettings
FN:18,useUpdateYieldSettings
FN:22,mutationFn
FN:24,onSuccess
FNF:4
FNH:4
FNDA:76,useYieldSettings
FNDA:16,useUpdateYieldSettings
FNDA:1,mutationFn
FNDA:1,onSuccess
DA:3,1
DA:4,1
DA:7,1
DA:10,1
DA:11,76
DA:12,76
DA:13,76
DA:14,76
DA:15,76
DA:18,1
DA:19,16
DA:21,16
DA:22,16
DA:23,1
DA:24,16
DA:25,1
DA:27,1
DA:28,1
DA:29,16
DA:30,16
LF:20
LH:20
BRDA:10,0,0,76
BRDA:18,1,0,16
BRDA:22,2,0,1
BRDA:24,3,0,1
BRF:4
BRH:4
end_of_record
TN:
SF:src/lib/filter-criteria.ts
FN:6,filtersToCriteria
FN:26,criteriaToFilters
FN:33,criteriaToSearchParams
FN:53,summarizeCriteria
FNF:4
FNH:4
FNDA:7,filtersToCriteria
FNDA:1,criteriaToFilters
FNDA:4,criteriaToSearchParams
FNDA:13,summarizeCriteria
DA:6,1
DA:7,7
DA:8,7
DA:9,7
DA:10,7
DA:11,7
DA:12,9
DA:14,9
DA:15,6
DA:16,6
DA:18,7
DA:19,3
DA:20,3
DA:21,3
DA:22,7
DA:23,7
DA:26,1
DA:27,1
DA:28,1
DA:29,1
DA:30,1
DA:33,1
DA:34,4
DA:35,4
DA:36,4
DA:37,4
DA:38,6
DA:39,6
DA:40,1
DA:41,2
DA:42,2
DA:43,6
DA:44,1
DA:45,3
DA:46,2
DA:47,2
DA:48,6
DA:49,4
DA:50,4
DA:53,1
DA:54,13
DA:56,13
DA:57,9
DA:58,9
DA:59,9
DA:60,7
DA:61,6
DA:62,9
DA:64,13
DA:65,7
DA:66,7
DA:67,7
DA:68,6
DA:69,6
DA:70,7
DA:72,13
DA:73,0
DA:74,0
DA:75,0
DA:76,0
DA:77,0
DA:78,0
DA:80,13
DA:81,1
DA:82,1
DA:83,1
DA:84,1
DA:85,1
DA:87,13
DA:88,0
DA:89,0
DA:91,13
DA:92,0
DA:93,0
DA:94,0
DA:95,0
DA:97,13
DA:98,13
LF:78
LH:66
BRDA:6,0,0,7
BRDA:11,1,0,9
BRDA:12,2,0,7
BRDA:12,3,0,2
BRDA:12,4,0,7
BRDA:14,5,0,2
BRDA:14,6,0,1
BRDA:14,7,0,6
BRDA:18,8,0,3
BRDA:19,9,0,2
BRDA:20,10,0,1
BRDA:26,11,0,1
BRDA:33,12,0,4
BRDA:37,13,0,6
BRDA:38,14,0,5
BRDA:38,15,0,2
BRDA:38,16,0,4
BRDA:39,17,0,1
BRDA:40,18,0,2
BRDA:43,19,0,3
BRDA:43,20,0,1
BRDA:44,21,0,0
BRDA:45,22,0,2
BRDA:53,23,0,13
BRDA:56,24,0,10
BRDA:56,25,0,9
BRDA:57,26,0,3
BRDA:57,27,0,6
BRDA:58,28,0,8
BRDA:58,29,0,1
BRDA:59,30,0,3
BRDA:59,31,0,7
BRDA:59,32,0,2
BRDA:60,33,0,6
BRDA:60,34,0,1
BRDA:64,35,0,7
BRDA:67,36,0,1
BRDA:67,37,0,6
BRDA:67,38,0,1
BRDA:68,39,0,0
BRDA:72,40,0,0
BRDA:80,41,0,1
BRDA:80,42,0,1
BRDA:87,43,0,0
BRDA:91,44,0,0
BRDA:91,45,0,0
BRDA:97,46,0,12
BRDA:97,47,0,1
BRDA:82,48,0,2
BRF:49
BRH:43
end_of_record
TN:
SF:src/lib/format.ts
FN:7,formatDate
FN:21,formatRelative
FN:39,buildIdealistaPath
FNF:3
FNH:3
FNDA:31,formatDate
FNDA:26,formatRelative
FNDA:4,buildIdealistaPath
DA:7,1
DA:8,31
DA:9,29
DA:10,29
DA:11,29
DA:12,29
DA:13,29
DA:14,29
DA:15,29
DA:21,1
DA:22,26
DA:23,25
DA:24,25
DA:25,3
DA:26,26
DA:27,2
DA:28,2
DA:29,2
DA:30,2
DA:39,1
DA:40,4
DA:41,4
DA:42,4
DA:43,4
DA:44,4
DA:45,3
DA:46,3
DA:47,1
DA:48,1
DA:49,3
DA:50,3
DA:51,1
DA:52,1
LF:33
LH:33
BRDA:7,0,0,31
BRDA:8,1,0,2
BRDA:8,2,0,29
BRDA:21,3,0,26
BRDA:22,4,0,1
BRDA:22,5,0,25
BRDA:24,6,0,22
BRDA:24,7,0,3
BRDA:26,8,0,3
BRDA:26,9,0,1
BRDA:26,10,0,2
BRDA:39,11,0,4
BRDA:44,12,0,3
BRDA:46,13,0,1
BRDA:50,14,0,1
BRF:15
BRH:15
end_of_record
TN:
SF:src/lib/metrics-window.ts
FN:35,currentWindow
FN:56,shiftWindow
FN:73,canMoveForward
FN:78,matchingPreset
FNF:4
FNH:4
FNDA:8,currentWindow
FNDA:6,shiftWindow
FNDA:3,canMoveForward
FNDA:3,matchingPreset
DA:12,1
DA:13,1
DA:14,1
DA:15,1
DA:16,1
DA:17,1
DA:18,1
DA:35,1
DA:36,8
DA:37,8
DA:38,8
DA:39,8
DA:40,8
DA:41,3
DA:42,3
DA:56,1
DA:57,6
DA:58,6
DA:59,6
DA:60,6
DA:61,6
DA:62,6
DA:63,6
DA:64,6
DA:65,6
DA:66,4
DA:67,4
DA:73,1
DA:74,3
DA:75,3
DA:78,1
DA:79,3
DA:80,10
DA:81,10
DA:82,1
DA:83,1
LF:36
LH:36
BRDA:35,0,0,8
BRDA:40,1,0,5
BRDA:40,2,0,3
BRDA:56,3,0,6
BRDA:65,4,0,2
BRDA:65,5,0,4
BRDA:73,6,0,3
BRDA:74,7,0,2
BRDA:78,8,0,3
BRDA:79,9,0,10
BRDA:80,10,0,2
BRDA:81,11,0,1
BRF:12
BRH:12
end_of_record
TN:
SF:src/lib/property-params.ts
FN:19,parseFiltersFromParams
FN:159,parseSortFromParams
FN:169,parsePaginationFromParams
FN:179,serializeToParams
FNF:4
FNH:4
FNDA:41,parseFiltersFromParams
FNDA:19,parseSortFromParams
FNDA:19,parsePaginationFromParams
FNDA:11,serializeToParams
DA:16,1
DA:19,1
DA:20,41
DA:22,41
DA:23,41
DA:25,41
DA:26,41
DA:28,41
DA:29,41
DA:31,41
DA:32,41
DA:34,41
DA:35,41
DA:37,41
DA:38,41
DA:39,41
DA:40,41
DA:42,41
DA:43,41
DA:44,41
DA:45,41
DA:47,41
DA:48,41
DA:49,41
DA:50,41
DA:52,41
DA:53,41
DA:54,41
DA:55,41
DA:57,41
DA:58,41
DA:60,41
DA:61,41
DA:64,41
DA:65,41
DA:67,41
DA:68,41
DA:70,41
DA:71,41
DA:72,39
DA:74,41
DA:75,41
DA:76,41
DA:77,41
DA:79,41
DA:80,41
DA:81,41
DA:82,41
DA:84,41
DA:85,41
DA:86,41
DA:87,41
DA:89,41
DA:90,41
DA:91,41
DA:92,41
DA:94,41
DA:95,41
DA:97,41
DA:98,41
DA:99,39
DA:101,41
DA:102,41
DA:103,41
DA:104,41
DA:107,41
DA:108,41
DA:109,41
DA:110,41
DA:112,41
DA:113,41
DA:114,41
DA:115,41
DA:117,41
DA:118,41
DA:120,41
DA:121,41
DA:123,41
DA:124,41
DA:125,40
DA:127,41
DA:128,41
DA:129,41
DA:130,41
DA:131,41
DA:132,41
DA:133,41
DA:134,41
DA:135,41
DA:136,41
DA:137,41
DA:138,41
DA:139,41
DA:140,41
DA:141,41
DA:142,41
DA:143,41
DA:144,41
DA:145,41
DA:146,41
DA:147,40
DA:149,41
DA:150,41
DA:152,41
DA:153,41
DA:155,41
DA:156,41
DA:159,1
DA:160,19
DA:161,19
DA:162,19
DA:163,19
DA:164,19
DA:165,19
DA:166,19
DA:169,1
DA:170,19
DA:171,19
DA:172,19
DA:173,19
DA:174,19
DA:175,19
DA:176,19
DA:179,1
DA:180,11
DA:181,11
DA:182,11
DA:183,11
DA:184,11
DA:186,11
DA:187,11
DA:188,2
DA:189,2
DA:190,11
DA:191,2
DA:192,2
DA:193,11
DA:194,1
DA:195,1
DA:196,11
DA:197,1
DA:198,1
DA:199,11
DA:200,11
DA:201,11
DA:202,11
DA:203,11
DA:204,11
DA:205,11
DA:206,11
DA:207,11
DA:208,1
DA:209,1
DA:210,11
DA:213,11
DA:214,1
DA:215,1
DA:216,11
DA:217,1
DA:218,1
DA:219,11
DA:220,11
DA:221,11
DA:222,11
DA:223,11
DA:224,11
DA:225,11
DA:226,11
DA:227,11
DA:228,11
DA:229,1
DA:230,1
DA:231,11
DA:232,11
DA:233,11
DA:236,11
DA:237,11
DA:238,11
DA:239,11
DA:240,11
DA:241,1
DA:242,1
DA:243,11
DA:244,1
DA:245,1
DA:246,11
DA:247,11
DA:248,11
DA:249,11
DA:250,11
DA:251,11
DA:252,11
DA:253,11
DA:254,11
DA:255,11
DA:256,11
DA:257,11
DA:258,1
DA:259,1
DA:260,11
DA:261,0
DA:262,0
DA:264,11
DA:265,11
DA:267,11
DA:268,11
DA:270,11
DA:271,11
LF:208
LH:206
BRDA:19,0,0,41
BRDA:23,1,0,37
BRDA:23,2,0,4
BRDA:26,3,0,3
BRDA:29,4,0,3
BRDA:32,5,0,1
BRDA:35,6,0,1
BRDA:38,7,0,3
BRDA:40,8,0,2
BRDA:43,9,0,1
BRDA:45,10,0,1
BRDA:48,11,0,2
BRDA:50,12,0,1
BRDA:53,13,0,1
BRDA:55,14,0,1
BRDA:58,15,0,1
BRDA:61,16,0,2
BRDA:65,17,0,2
BRDA:68,18,0,1
BRDA:71,19,0,2
BRDA:71,20,0,39
BRDA:72,21,0,1
BRDA:75,22,0,1
BRDA:77,23,0,1
BRDA:80,24,0,1
BRDA:82,25,0,1
BRDA:85,26,0,2
BRDA:87,27,0,2
BRDA:90,28,0,1
BRDA:92,29,0,1
BRDA:95,30,0,1
BRDA:98,31,0,2
BRDA:98,32,0,39
BRDA:99,33,0,1
BRDA:102,34,0,2
BRDA:104,35,0,2
BRDA:108,36,0,2
BRDA:110,37,0,2
BRDA:113,38,0,2
BRDA:115,39,0,2
BRDA:118,40,0,2
BRDA:121,41,0,2
BRDA:124,42,0,1
BRDA:124,43,0,40
BRDA:125,44,0,2
BRDA:128,45,0,2
BRDA:130,46,0,2
BRDA:132,47,0,1
BRDA:134,48,0,1
BRDA:136,49,0,1
BRDA:138,50,0,1
BRDA:140,51,0,2
BRDA:142,52,0,1
BRDA:144,53,0,1
BRDA:146,54,0,1
BRDA:146,55,0,40
BRDA:147,56,0,0
BRDA:150,57,0,2
BRDA:153,58,0,0
BRDA:159,59,0,19
BRDA:163,60,0,15
BRDA:164,61,0,16
BRDA:169,62,0,19
BRDA:173,63,0,3
BRDA:173,64,0,16
BRDA:174,65,0,6
BRDA:174,66,0,13
BRDA:179,67,0,11
BRDA:186,68,0,3
BRDA:187,69,0,2
BRDA:188,70,0,3
BRDA:190,71,0,2
BRDA:191,72,0,3
BRDA:193,73,0,1
BRDA:196,74,0,1
BRDA:199,75,0,1
BRDA:200,76,0,1
BRDA:201,77,0,1
BRDA:202,78,0,1
BRDA:203,79,0,1
BRDA:204,80,0,1
BRDA:205,81,0,1
BRDA:206,82,0,1
BRDA:207,83,0,1
BRDA:210,84,0,1
BRDA:213,85,0,1
BRDA:214,86,0,2
BRDA:216,87,0,1
BRDA:219,88,0,1
BRDA:220,89,0,1
BRDA:221,90,0,1
BRDA:222,91,0,1
BRDA:223,92,0,1
BRDA:224,93,0,1
BRDA:225,94,0,1
BRDA:226,95,0,1
BRDA:227,96,0,1
BRDA:228,97,0,1
BRDA:231,98,0,1
BRDA:232,99,0,1
BRDA:233,100,0,1
BRDA:236,101,0,1
BRDA:237,102,0,1
BRDA:238,103,0,1
BRDA:239,104,0,1
BRDA:240,105,0,1
BRDA:243,106,0,1
BRDA:244,107,0,2
BRDA:246,108,0,1
BRDA:247,109,0,1
BRDA:248,110,0,1
BRDA:249,111,0,1
BRDA:250,112,0,1
BRDA:251,113,0,1
BRDA:252,114,0,1
BRDA:253,115,0,1
BRDA:254,116,0,1
BRDA:255,117,0,1
BRDA:256,118,0,1
BRDA:257,119,0,1
BRDA:258,120,0,2
BRDA:260,121,0,0
BRDA:264,122,0,3
BRDA:265,123,0,2
BRDA:267,124,0,2
BRDA:268,125,0,3
BRF:126
BRH:123
end_of_record
TN:
SF:src/lib/run-stats.ts
FN:18,reEnrichedCount
FNF:1
FNH:1
FNDA:26,reEnrichedCount
DA:18,1
DA:19,26
DA:20,26
DA:21,26
DA:22,26
LF:5
LH:5
BRDA:18,0,0,26
BRF:1
BRH:1
end_of_record
TN:
SF:src/lib/utils.ts
FN:5,cn
FNF:1
FNH:1
FNDA:3,cn
DA:1,1
DA:2,1
DA:5,1
DA:6,3
DA:7,3
LF:5
LH:5
BRDA:5,0,0,3
BRF:1
BRH:1
end_of_record
TN:
SF:src/pages/ArchiveBrowserPage.tsx
FN:14,ceilToNice
FN:26,generateMarks
FN:39,formatMarkLabel
FN:50,formatBytes
FN:57,formatAge
FN:64,groupKey
FN:69,FileRow
FN:86,onChange
FN:106,FileSection
FN:134,ref
FN:135,onChange
FN:159,GroupCard
FN:238,collectLoadedFilenames
FN:256,ArchiveBrowserPage
FN:307,handleBulkDeleteByType
FN:361,handleDeleteAllShown
FN:365,onSuccess
FN:374,handleDeleteSelected
FN:384,rangeLabel
FN:432,onClick
FN:448,onClick
FN:498,onChange
FN:499,onChangeComplete
FN:522,onToggle
FNF:24
FNH:17
FNDA:8,ceilToNice
FNDA:17,generateMarks
FNDA:76,formatMarkLabel
FNDA:82,formatBytes
FNDA:14,formatAge
FNDA:129,groupKey
FNDA:14,FileRow
FNDA:1,onChange
FNDA:14,FileSection
FNDA:24,ref
FNDA:0,onChange
FNDA:44,GroupCard
FNDA:1,collectLoadedFilenames
FNDA:33,ArchiveBrowserPage
FNDA:0,handleBulkDeleteByType
FNDA:1,handleDeleteAllShown
FNDA:1,onSuccess
FNDA:0,handleDeleteSelected
FNDA:24,rangeLabel
FNDA:0,onClick
FNDA:0,onClick
FNDA:0,onChange
FNDA:0,onChangeComplete
FNDA:5,onToggle
DA:3,1
DA:4,1
DA:5,1
DA:6,1
DA:7,1
DA:8,1
DA:9,1
DA:10,1
DA:14,8
DA:15,8
DA:16,8
DA:17,8
DA:18,8
DA:19,8
DA:20,0
DA:21,0
DA:22,0
DA:23,0
DA:26,17
DA:27,17
DA:28,17
DA:29,17
DA:30,119
DA:31,59
DA:32,59
DA:33,119
DA:34,17
DA:35,17
DA:36,17
DA:39,76
DA:40,76
DA:41,76
DA:42,76
DA:43,76
DA:44,76
DA:45,25
DA:46,0
DA:47,0
DA:50,82
DA:51,82
DA:52,78
DA:53,0
DA:54,0
DA:57,14
DA:58,14
DA:59,14
DA:60,0
DA:61,0
DA:64,129
DA:65,129
DA:66,129
DA:69,14
DA:70,14
DA:71,14
DA:72,14
DA:73,14
DA:74,14
DA:79,14
DA:80,14
DA:81,14
DA:82,14
DA:83,12
DA:84,12
DA:85,12
DA:86,12
DA:87,12
DA:88,12
DA:90,14
DA:91,14
DA:92,14
DA:93,14
DA:94,14
DA:95,14
DA:97,14
DA:98,14
DA:99,14
DA:100,14
DA:101,14
DA:103,14
DA:106,14
DA:107,14
DA:108,14
DA:109,14
DA:110,14
DA:111,14
DA:112,14
DA:113,14
DA:120,14
DA:121,14
DA:123,14
DA:124,14
DA:125,14
DA:127,14
DA:128,14
DA:129,14
DA:130,14
DA:131,12
DA:132,12
DA:133,12
DA:134,12
DA:135,12
DA:136,12
DA:137,12
DA:139,14
DA:140,14
DA:141,14
DA:142,14
DA:143,14
DA:144,14
DA:145,14
DA:146,14
DA:147,14
DA:148,14
DA:149,14
DA:150,14
DA:151,14
DA:152,14
DA:153,14
DA:154,14
DA:156,14
DA:159,44
DA:160,44
DA:161,44
DA:162,44
DA:163,44
DA:164,44
DA:165,44
DA:166,44
DA:167,44
DA:168,44
DA:169,44
DA:179,44
DA:180,44
DA:181,44
DA:182,44
DA:184,44
DA:185,44
DA:186,44
DA:187,44
DA:188,44
DA:190,44
DA:191,44
DA:192,12
DA:194,32
DA:196,44
DA:197,44
DA:198,44
DA:199,44
DA:200,44
DA:201,44
DA:202,44
DA:203,44
DA:204,44
DA:205,12
DA:206,12
DA:207,5
DA:208,5
DA:210,5
DA:211,7
DA:212,7
DA:213,7
DA:214,7
DA:215,7
DA:216,7
DA:217,7
DA:218,7
DA:219,7
DA:220,7
DA:221,7
DA:222,7
DA:223,7
DA:224,7
DA:225,7
DA:226,7
DA:227,7
DA:228,7
DA:229,7
DA:230,0
DA:231,12
DA:233,44
DA:235,44
DA:238,1
DA:239,1
DA:240,1
DA:241,1
DA:242,1
DA:243,1
DA:244,1
DA:245,1
DA:246,1
DA:247,1
DA:248,1
DA:249,1
DA:250,1
DA:251,1
DA:252,1
DA:253,1
DA:256,33
DA:257,33
DA:258,33
DA:259,33
DA:260,33
DA:261,33
DA:264,33
DA:265,33
DA:266,33
DA:269,33
DA:270,33
DA:271,17
DA:272,8
DA:273,33
DA:276,33
DA:277,25
DA:278,8
DA:279,8
DA:280,8
DA:281,8
DA:282,33
DA:285,33
DA:289,33
DA:290,33
DA:292,33
DA:293,33
DA:294,33
DA:297,33
DA:298,33
DA:301,33
DA:302,9
DA:303,9
DA:304,9
DA:305,33
DA:307,33
DA:308,0
DA:310,0
DA:311,0
DA:312,0
DA:313,0
DA:314,0
DA:315,0
DA:316,0
DA:318,0
DA:319,0
DA:320,0
DA:321,0
DA:322,0
DA:324,33
DA:325,5
DA:326,5
DA:327,5
DA:328,0
DA:329,5
DA:330,5
DA:331,5
DA:332,5
DA:333,5
DA:334,33
DA:336,33
DA:337,1
DA:338,1
DA:339,1
DA:340,0
DA:341,1
DA:342,1
DA:343,1
DA:344,1
DA:345,1
DA:346,33
DA:348,33
DA:349,0
DA:350,0
DA:351,0
DA:352,0
DA:353,0
DA:354,0
DA:355,0
DA:356,0
DA:357,0
DA:358,0
DA:359,33
DA:361,33
DA:362,1
DA:363,1
DA:364,1
DA:365,1
DA:366,1
DA:367,1
DA:368,1
DA:369,1
DA:370,1
DA:371,1
DA:372,1
DA:374,33
DA:375,0
DA:376,0
DA:377,0
DA:378,0
DA:379,0
DA:380,0
DA:381,0
DA:384,33
DA:385,24
DA:386,16
DA:387,24
DA:388,0
DA:389,0
DA:390,0
DA:391,24
DA:394,33
DA:395,9
DA:396,9
DA:397,9
DA:398,9
DA:400,9
DA:402,33
DA:403,0
DA:404,0
DA:405,0
DA:406,0
DA:408,0
DA:410,33
DA:411,33
DA:412,33
DA:413,33
DA:415,33
DA:416,33
DA:417,33
DA:418,33
DA:419,33
DA:420,33
DA:421,33
DA:422,33
DA:423,33
DA:424,33
DA:425,33
DA:426,1
DA:428,33
DA:429,33
DA:430,33
DA:431,17
DA:432,17
DA:433,17
DA:434,17
DA:435,17
DA:436,0
DA:437,17
DA:438,17
DA:440,17
DA:441,17
DA:442,0
DA:443,17
DA:444,17
DA:446,33
DA:447,17
DA:448,17
DA:449,17
DA:450,17
DA:451,17
DA:452,0
DA:453,17
DA:454,17
DA:456,17
DA:457,17
DA:458,0
DA:459,17
DA:460,17
DA:462,33
DA:463,1
DA:464,1
DA:465,1
DA:466,1
DA:468,1
DA:469,1
DA:470,1
DA:472,33
DA:473,7
DA:474,7
DA:475,7
DA:476,7
DA:478,7
DA:480,7
DA:482,33
DA:483,33
DA:485,33
DA:486,33
DA:487,33
DA:488,33
DA:489,33
DA:490,33
DA:491,33
DA:492,33
DA:493,33
DA:494,33
DA:495,33
DA:496,33
DA:497,33
DA:498,33
DA:499,33
DA:500,33
DA:501,33
DA:502,33
DA:503,33
DA:504,33
DA:505,33
DA:507,33
DA:508,4
DA:509,4
DA:510,4
DA:511,4
DA:512,0
DA:513,4
DA:514,4
DA:515,4
DA:517,20
DA:518,40
DA:519,40
DA:520,40
DA:521,40
DA:522,40
DA:523,40
DA:524,40
DA:525,40
DA:526,40
DA:527,40
DA:528,40
DA:529,40
DA:530,20
DA:532,33
DA:534,33
LF:428
LH:372
BRDA:14,0,0,8
BRDA:15,1,0,0
BRDA:16,2,0,0
BRDA:17,3,0,0
BRDA:18,4,0,0
BRDA:19,5,0,0
BRDA:26,6,0,17
BRDA:29,7,0,119
BRDA:30,8,0,59
BRDA:39,9,0,76
BRDA:40,10,0,0
BRDA:41,11,0,51
BRDA:41,12,0,25
BRDA:42,13,0,0
BRDA:42,14,0,25
BRDA:43,15,0,0
BRDA:43,16,0,25
BRDA:44,17,0,0
BRDA:44,18,0,25
BRDA:45,19,0,0
BRDA:50,20,0,82
BRDA:51,21,0,4
BRDA:51,22,0,78
BRDA:52,23,0,0
BRDA:57,24,0,14
BRDA:58,25,0,0
BRDA:59,26,0,0
BRDA:64,27,0,129
BRDA:65,28,0,0
BRDA:69,29,0,14
BRDA:82,30,0,12
BRDA:86,31,0,1
BRDA:106,32,0,14
BRDA:121,33,0,0
BRDA:130,34,0,12
BRDA:123,35,0,14
BRDA:124,36,0,14
BRDA:125,37,0,14
BRDA:134,38,0,24
BRDA:134,39,0,12
BRDA:134,40,0,1
BRDA:144,41,0,14
BRDA:159,42,0,44
BRDA:191,43,0,12
BRDA:192,44,0,32
BRDA:204,45,0,12
BRDA:206,46,0,5
BRDA:210,47,0,7
BRDA:229,48,0,0
BRDA:238,49,0,1
BRDA:256,50,0,33
BRDA:289,51,0,16
BRDA:289,52,0,0
BRDA:290,53,0,16
BRDA:290,54,0,0
BRDA:394,55,0,9
BRDA:394,56,0,9
BRDA:400,57,0,24
BRDA:402,58,0,0
BRDA:408,59,0,24
BRDA:410,60,0,0
BRDA:411,61,0,24
BRDA:411,62,0,0
BRDA:412,63,0,24
BRDA:412,64,0,0
BRDA:413,65,0,24
BRDA:413,66,0,0
BRDA:422,67,0,24
BRDA:422,68,0,0
BRDA:425,69,0,1
BRDA:430,70,0,21
BRDA:430,71,0,17
BRDA:435,72,0,0
BRDA:441,73,0,0
BRDA:446,74,0,21
BRDA:446,75,0,17
BRDA:451,76,0,0
BRDA:457,77,0,0
BRDA:462,78,0,21
BRDA:462,79,0,1
BRDA:472,80,0,21
BRDA:472,81,0,7
BRDA:507,82,0,4
BRDA:511,83,0,0
BRDA:515,84,0,20
BRDA:270,85,0,17
BRDA:271,86,0,8
BRDA:271,87,0,9
BRDA:271,88,0,8
BRDA:276,89,0,25
BRDA:277,90,0,16
BRDA:277,91,0,8
BRDA:285,92,0,17
BRDA:301,93,0,9
BRDA:302,94,0,9
BRDA:303,95,0,0
BRDA:324,96,0,5
BRDA:325,97,0,5
BRDA:327,98,0,0
BRDA:336,99,0,1
BRDA:337,100,0,1
BRDA:339,101,0,0
BRDA:361,102,0,1
BRDA:365,103,0,1
BRDA:365,104,0,1
BRDA:367,105,0,2
BRDA:384,106,0,24
BRDA:385,107,0,8
BRDA:385,108,0,16
BRDA:387,109,0,16
BRDA:387,110,0,0
BRDA:410,111,0,40
BRDA:411,112,0,40
BRDA:412,113,0,40
BRDA:413,114,0,40
BRDA:517,115,0,40
BRDA:522,116,0,5
BRF:117
BRH:84
end_of_record
TN:
SF:src/pages/DashboardPage.tsx
FN:10,formatPrice
FN:19,formatDate
FN:27,statusLabel
FN:41,statusBadgeClasses
FN:54,DashboardPage
FN:169,onClick
FN:198,onClick
FN:227,onClick
FN:255,onClick
FN:279,PropertyRow
FN:325,PriceDropRow
FNF:11
FNH:8
FNDA:98,formatPrice
FNDA:14,formatDate
FNDA:7,statusLabel
FNDA:7,statusBadgeClasses
FNDA:19,DashboardPage
FNDA:0,onClick
[...]
DA:288,2
DA:290,2
DA:291,4
DA:292,4
DA:293,4
DA:294,4
DA:295,4
DA:296,4
DA:297,4
DA:298,4
DA:299,4
DA:300,2
DA:301,2
DA:302,2
DA:304,0
DA:305,0
DA:306,0
DA:307,0
DA:308,0
DA:309,0
DA:313,2
DA:314,2
DA:315,2
DA:316,0
DA:317,0
DA:318,0
DA:319,0
DA:321,0
DA:322,0
DA:324,2
DA:325,2
DA:326,2
DA:327,2
DA:328,2
DA:330,2
DA:331,2
DA:333,2
DA:337,2
DA:338,2
DA:339,2
DA:340,2
DA:341,2
DA:342,2
DA:343,2
DA:346,1
DA:347,1
DA:348,1
DA:349,1
DA:352,1
DA:353,1
DA:354,1
DA:355,1
DA:358,1
DA:359,1
DA:360,1
DA:361,1
DA:364,1
DA:365,1
DA:366,1
DA:367,0
DA:368,0
DA:369,0
DA:370,0
DA:371,0
DA:372,0
DA:373,0
DA:374,1
DA:375,1
DA:376,1
DA:377,1
DA:378,1
DA:381,1
DA:382,1
DA:383,1
DA:384,1
DA:385,1
DA:387,1
DA:388,1
DA:390,1
DA:391,1
DA:392,1
DA:393,1
DA:394,1
DA:395,1
DA:397,1
DA:398,1
DA:399,1
DA:402,1
DA:403,1
DA:404,2
DA:405,2
DA:406,2
DA:407,2
DA:408,2
DA:409,2
DA:410,2
DA:411,2
DA:412,2
DA:413,1
DA:414,1
DA:415,1
DA:416,1
DA:417,1
DA:418,1
DA:421,690
DA:422,690
DA:423,652
DA:424,652
DA:425,652
DA:426,652
DA:427,652
DA:429,652
DA:432,152
DA:433,152
DA:434,152
DA:435,152
DA:436,152
DA:438,152
DA:441,38
DA:442,38
DA:443,38
DA:445,38
DA:446,38
DA:448,38
DA:449,38
DA:450,36
DA:452,2
DA:454,2
DA:456,38
DA:459,38
DA:461,38
DA:462,38
DA:463,38
DA:464,38
DA:465,38
DA:466,38
DA:467,38
DA:468,38
DA:470,38
DA:473,38
DA:474,38
DA:476,38
DA:477,38
DA:478,38
DA:479,38
DA:480,38
DA:481,37
DA:482,37
DA:483,37
DA:484,1
DA:485,38
DA:486,38
DA:487,38
DA:488,38
DA:490,38
DA:493,38
DA:494,38
DA:495,38
DA:496,38
DA:497,38
DA:498,38
DA:499,38
DA:501,38
DA:504,38
DA:505,36
DA:506,36
DA:507,36
DA:508,36
DA:509,36
DA:510,36
DA:511,36
DA:512,36
DA:513,36
DA:514,36
DA:515,36
DA:516,0
DA:517,36
DA:519,36
DA:520,36
DA:522,36
DA:523,36
DA:524,36
DA:525,36
DA:526,36
DA:528,36
DA:529,36
DA:530,36
DA:531,36
DA:532,36
DA:534,36
DA:535,36
DA:536,36
DA:538,2
DA:542,38
DA:543,38
DA:544,38
DA:546,38
DA:549,38
DA:550,38
DA:551,38
DA:552,38
DA:553,38
DA:554,38
DA:555,38
DA:556,38
DA:557,38
DA:558,38
DA:559,38
DA:560,38
DA:561,38
DA:562,38
DA:563,38
DA:564,38
DA:565,38
DA:567,38
DA:570,38
DA:571,38
DA:572,38
DA:573,38
DA:574,38
DA:575,38
DA:576,38
DA:577,38
DA:578,38
DA:579,38
DA:580,38
DA:581,38
DA:582,38
DA:583,38
DA:585,38
DA:588,38
DA:589,38
DA:591,37
DA:592,37
DA:593,37
DA:595,37
DA:596,37
DA:597,37
DA:598,37
DA:599,37
DA:600,37
DA:601,37
DA:602,37
DA:603,37
DA:604,37
DA:605,37
DA:606,37
DA:607,37
DA:608,74
DA:609,74
DA:610,74
DA:611,74
DA:612,74
DA:613,74
DA:614,74
DA:615,74
DA:616,37
DA:617,37
DA:618,37
DA:620,74
DA:621,74
DA:623,37
DA:624,37
DA:625,37
DA:626,37
DA:628,37
DA:631,39
DA:632,39
DA:634,39
DA:636,38
DA:637,38
DA:638,38
DA:639,38
DA:640,38
DA:642,38
DA:643,39
DA:644,39
DA:645,39
DA:646,1
DA:647,1
DA:648,1
DA:650,1
DA:651,1
DA:653,1
DA:654,1
DA:656,1
DA:657,1
DA:659,1
DA:660,1
DA:662,1
DA:663,1
DA:665,1
DA:667,39
DA:669,39
DA:672,1
DA:673,1
DA:674,1
DA:675,1
DA:676,1
DA:677,1
DA:679,1
DA:682,1
DA:683,1
DA:684,1
DA:685,1
DA:686,1
DA:687,1
DA:689,1
DA:692,38
DA:693,38
DA:694,38
DA:695,38
DA:696,38
DA:697,38
DA:698,38
DA:699,38
DA:700,38
DA:701,38
DA:702,38
DA:703,38
DA:705,38
DA:706,38
DA:708,37
DA:709,37
DA:710,37
DA:711,37
DA:712,37
DA:713,259
DA:714,259
DA:715,259
DA:716,259
DA:717,259
DA:719,259
DA:720,259
DA:722,37
DA:723,37
DA:724,37
DA:726,37
DA:729,38
DA:730,38
DA:731,1
DA:732,1
DA:734,1
DA:736,1
DA:739,38
DA:745,38
DA:746,38
DA:747,38
DA:748,38
DA:749,38
DA:750,38
DA:751,38
DA:752,38
DA:753,38
DA:754,38
DA:755,38
DA:756,0
DA:757,38
DA:758,38
DA:760,38
DA:761,38
DA:762,38
DA:763,38
DA:764,38
DA:765,0
DA:766,38
DA:767,38
DA:768,38
DA:770,38
DA:771,38
DA:772,38
DA:773,38
DA:774,38
DA:775,38
DA:776,38
DA:777,38
DA:778,0
DA:779,38
DA:780,38
DA:781,38
DA:782,0
DA:783,0
DA:784,0
DA:786,38
DA:787,38
DA:789,38
DA:791,1
DA:792,1
DA:793,1
DA:794,1
DA:795,1
DA:796,1
DA:797,1
DA:800,23
DA:801,23
DA:803,23
DA:804,23
DA:805,23
DA:806,115
DA:807,115
DA:808,115
DA:809,115
DA:810,115
DA:811,115
DA:812,115
DA:813,115
DA:814,115
DA:816,115
DA:817,115
DA:819,23
DA:820,23
DA:822,23
DA:825,5
DA:826,5
DA:827,5
DA:828,5
DA:830,5
DA:831,3
DA:832,5
DA:834,5
DA:835,3
DA:836,0
DA:837,0
DA:838,3
DA:839,3
DA:840,5
DA:843,5
DA:844,1
DA:845,1
DA:846,1
DA:847,1
DA:848,1
DA:849,1
DA:851,5
DA:852,5
DA:853,5
DA:854,5
DA:855,5
DA:856,5
DA:858,5
DA:859,5
DA:860,5
DA:862,5
DA:863,5
DA:864,5
DA:865,5
DA:866,5
DA:867,5
DA:868,5
DA:869,5
DA:870,5
DA:871,5
DA:872,5
DA:873,5
DA:874,5
DA:875,5
DA:877,5
DA:878,5
DA:879,5
DA:880,5
DA:881,5
DA:883,5
DA:884,5
DA:885,5
DA:886,5
DA:887,5
DA:888,5
DA:889,5
DA:892,28
DA:893,28
DA:894,28
DA:895,28
DA:897,28
DA:898,28
DA:899,28
DA:900,28
DA:901,28
DA:902,28
DA:903,28
DA:904,28
DA:905,1
DA:906,27
DA:907,28
DA:909,28
DA:910,28
DA:911,28
DA:912,3
DA:914,28
DA:916,28
DA:918,108
DA:919,108
DA:920,108
DA:921,108
DA:922,108
DA:923,108
DA:924,108
DA:925,108
DA:926,108
DA:927,108
DA:928,108
DA:929,108
DA:930,108
DA:931,108
DA:934,108
DA:935,71
DA:936,37
DA:937,108
DA:939,108
DA:940,35
DA:941,35
DA:943,108
DA:944,2
DA:945,2
DA:947,2
DA:949,2
DA:951,108
DA:953,108
DA:954,108
DA:956,108
DA:957,108
DA:958,108
DA:959,108
DA:961,108
DA:963,108
DA:965,108
DA:967,108
DA:968,44
DA:969,44
DA:970,44
DA:971,44
DA:975,108
DA:976,69
DA:977,69
DA:978,69
DA:979,69
DA:980,69
DA:981,69
DA:983,69
DA:984,69
DA:985,69
DA:989,108
DA:990,108
DA:991,108
DA:992,108
DA:993,108
DA:994,108
DA:996,108
DA:997,108
DA:998,108
DA:999,108
DA:1002,108
DA:1003,2
DA:1007,108
DA:1010,108
DA:1013,108
DA:1014,108
DA:1015,108
DA:1016,108
DA:1017,108
DA:1018,108
DA:1019,108
DA:1022,108
DA:1023,71
DA:1024,71
DA:1025,71
DA:1026,71
DA:1027,71
DA:1028,71
DA:1029,71
DA:1033,108
DA:1034,67
DA:1038,108
DA:1039,3
DA:1040,1
DA:1041,1
DA:1042,1
DA:1043,1
DA:1044,1
DA:1046,2
DA:1047,2
DA:1048,2
DA:1049,2
DA:1050,2
DA:1053,108
DA:1055,108
LF:805
LH:744
BRDA:16,0,0,296
BRDA:21,1,0,152
BRDA:26,2,0,300
BRDA:27,3,0,300
BRDA:31,4,0,38
BRDA:32,5,0,37
BRDA:33,6,0,1
BRDA:43,7,0,76
BRDA:44,8,0,0
BRDA:59,9,0,0
BRDA:69,10,0,38
BRDA:97,11,0,0
BRDA:113,12,0,7
BRDA:113,13,0,31
BRDA:118,14,0,0
BRDA:121,15,0,0
BRDA:121,16,0,0
BRDA:143,17,0,0
BRDA:159,18,0,1
BRDA:168,19,0,37
BRDA:194,20,0,0
BRDA:75,21,0,1
BRDA:76,22,0,1
BRDA:80,23,0,1
BRDA:81,24,0,1
BRDA:92,25,0,3
BRDA:93,26,0,0
BRDA:145,27,0,76
BRDA:150,28,0,0
BRDA:161,29,0,1
BRDA:170,30,0,1
BRDA:182,31,0,76
BRDA:188,32,0,38
BRDA:188,33,0,38
BRDA:204,34,0,2
BRDA:243,35,0,0
BRDA:248,36,0,0
BRDA:251,37,0,0
BRDA:251,38,0,0
BRDA:288,39,0,0
BRDA:302,40,0,0
BRDA:315,41,0,0
BRDA:232,42,0,2
BRDA:239,43,0,2
BRDA:268,44,0,1
BRDA:290,45,0,4
BRDA:295,46,0,0
BRDA:346,47,0,1
BRDA:352,48,0,1
BRDA:354,49,0,0
BRDA:358,50,0,1
BRDA:360,51,0,1
BRDA:364,52,0,1
BRDA:376,53,0,2
BRDA:377,54,0,1
BRDA:381,55,0,1
BRDA:384,56,0,1
BRDA:403,57,0,2
BRDA:410,58,0,0
BRDA:406,59,0,4
BRDA:421,60,0,690
BRDA:422,61,0,652
BRDA:422,62,0,38
BRDA:422,63,0,652
BRDA:432,64,0,152
BRDA:441,65,0,38
BRDA:442,66,0,0
BRDA:443,67,0,2
BRDA:449,68,0,37
BRDA:449,69,0,36
BRDA:450,70,0,2
BRDA:504,71,0,36
BRDA:515,72,0,0
BRDA:536,73,0,2
BRDA:474,74,0,38
BRDA:480,75,0,37
BRDA:483,76,0,1
BRDA:477,77,0,37
BRDA:479,78,0,74
BRDA:549,79,0,38
BRDA:553,80,0,0
BRDA:554,81,0,0
BRDA:555,82,0,0
BRDA:557,83,0,0
BRDA:558,84,0,0
BRDA:560,85,0,0
BRDA:561,86,0,0
BRDA:562,87,0,1
BRDA:562,88,0,37
BRDA:562,89,0,0
BRDA:570,90,0,38
BRDA:575,91,0,0
BRDA:575,92,0,0
BRDA:578,93,0,0
BRDA:580,94,0,0
BRDA:581,95,0,0
BRDA:582,96,0,0
BRDA:588,97,0,38
BRDA:589,98,0,1
BRDA:589,99,0,37
BRDA:592,100,0,37
BRDA:607,101,0,74
BRDA:609,102,0,37
BRDA:609,103,0,37
BRDA:615,104,0,37
BRDA:615,105,0,37
BRDA:616,106,0,0
BRDA:617,107,0,0
BRDA:631,108,0,39
BRDA:634,109,0,1
BRDA:634,110,0,1
BRDA:634,111,0,1
BRDA:634,112,0,38
BRDA:643,113,0,1
BRDA:643,114,0,37
BRDA:645,115,0,1
BRDA:639,116,0,1
BRDA:672,117,0,1
BRDA:682,118,0,1
BRDA:692,119,0,38
BRDA:706,120,0,1
BRDA:706,121,0,37
BRDA:705,122,0,342
BRDA:712,123,0,259
BRDA:717,124,0,185
BRDA:717,125,0,74
BRDA:719,126,0,185
BRDA:719,127,0,74
BRDA:729,128,0,38
BRDA:730,129,0,37
BRDA:730,130,0,1
BRDA:739,131,0,38
BRDA:755,132,0,0
BRDA:764,133,0,0
BRDA:775,134,0,0
BRDA:775,135,0,0
BRDA:777,136,0,0
BRDA:777,137,0,0
BRDA:781,138,0,0
BRDA:781,139,0,0
BRDA:800,140,0,23
BRDA:805,141,0,115
BRDA:813,142,0,23
BRDA:813,143,0,92
BRDA:825,144,0,5
BRDA:830,145,0,3
BRDA:834,146,0,3
BRDA:839,147,0,3
BRDA:843,148,0,1
BRDA:844,149,0,0
BRDA:860,150,0,2
BRDA:866,151,0,2
BRDA:892,152,0,28
BRDA:894,153,0,1
BRDA:895,154,0,1
BRDA:895,155,0,27
BRDA:902,156,0,1
BRDA:902,157,0,27
BRDA:904,158,0,1
BRDA:905,159,0,27
BRDA:911,160,0,3
BRDA:900,161,0,3
BRDA:912,162,0,2
BRDA:918,163,0,108
BRDA:923,164,0,0
BRDA:930,165,0,0
BRDA:934,166,0,71
BRDA:935,167,0,0
BRDA:935,168,0,37
BRDA:939,169,0,35
BRDA:941,170,0,73
BRDA:943,171,0,71
BRDA:943,172,0,2
BRDA:949,173,0,71
BRDA:951,174,0,69
BRDA:967,175,0,44
BRDA:975,176,0,69
BRDA:1002,177,0,2
BRDA:1002,178,0,2
BRDA:1007,179,0,2
BRDA:1022,180,0,71
BRDA:1033,181,0,67
BRDA:1038,182,0,3
BRDA:1038,183,0,3
BRDA:1038,184,0,3
BRDA:1039,185,0,1
BRDA:1044,186,0,2
BRDA:927,187,0,2
BRF:188
BRH:138
end_of_record
TN:
SF:src/pages/ScrapeTargetsPage.tsx
FN:29,StatusBadge
FN:48,AddTargetForm
FN:167,RunProgress
FN:192,RunStats
FN:230,TargetCard
FN:241,toggleActive
FN:248,handleDelete
FN:296,onClick
FN:305,onClick
FN:385,onClick
FN:395,onClick
FN:421,ScrapeTargetsPage
FN:444,onClick
FN:455,onClick
FN:477,onClick
FN:502,onClose
FNF:16
FNH:5
FNDA:34,StatusBadge
FNDA:0,AddTargetForm
FNDA:5,RunProgress
FNDA:11,RunStats
FNDA:6,TargetCard
FNDA:0,toggleActive
FNDA:0,handleDelete
FNDA:0,onClick
FNDA:0,onClick
FNDA:0,onClick
FNDA:0,onClick
FNDA:16,ScrapeTargetsPage
FNDA:0,onClick
FNDA:0,onClick
FNDA:0,onClick
FNDA:0,onClose
DA:3,1
DA:4,1
DA:5,1
DA:16,1
DA:17,1
DA:21,1
DA:22,1
DA:23,1
DA:24,1
DA:25,1
DA:29,1
DA:30,34
DA:31,34
DA:32,34
DA:33,34
DA:34,34
DA:35,34
DA:36,34
DA:37,34
DA:38,34
DA:39,34
DA:40,34
DA:42,34
DA:43,34
DA:45,34
DA:48,0
DA:49,0
DA:50,0
DA:52,0
DA:53,0
DA:54,0
DA:55,0
DA:56,0
DA:57,0
DA:58,0
DA:60,0
DA:61,0
DA:63,0
DA:64,0
DA:65,0
DA:68,0
DA:69,0
DA:71,0
DA:72,0
DA:74,0
DA:75,0
DA:76,0
DA:77,0
DA:78,0
DA:81,0
DA:82,0
DA:83,0
DA:85,0
DA:86,0
DA:87,0
DA:88,0
DA:89,0
DA:90,0
DA:91,0
DA:92,0
DA:93,0
DA:94,0
DA:95,0
DA:96,0
DA:98,0
DA:99,0
DA:100,0
DA:101,0
DA:103,0
DA:105,0
DA:108,0
DA:109,0
DA:110,0
DA:113,0
DA:114,0
DA:115,0
DA:116,0
DA:117,0
DA:118,0
DA:119,0
DA:120,0
DA:121,0
DA:122,0
DA:123,0
DA:126,0
DA:127,0
DA:129,0
DA:130,0
DA:131,0
DA:132,0
DA:133,0
DA:134,0
DA:135,0
DA:136,0
DA:137,0
DA:140,0
DA:141,0
DA:142,0
DA:143,0
DA:144,0
DA:146,0
DA:147,0
DA:148,0
DA:149,0
DA:150,0
DA:151,0
DA:152,0
DA:154,0
DA:155,0
DA:157,0
DA:158,0
DA:159,0
DA:160,0
DA:162,0
DA:164,0
DA:167,1
DA:168,5
DA:169,2
DA:170,2
DA:171,2
DA:172,2
DA:174,2
DA:175,3
DA:176,3
DA:177,3
DA:178,3
DA:179,3
DA:180,3
DA:181,3
DA:182,3
DA:183,3
DA:184,3
DA:185,3
DA:186,3
DA:187,3
DA:189,3
DA:192,1
DA:193,11
DA:195,11
DA:198,11
DA:199,11
DA:200,10
DA:201,11
DA:202,1
DA:203,1
DA:206,11
DA:207,7
DA:208,7
DA:209,7
DA:210,7
DA:213,11
DA:214,11
DA:215,11
DA:216,11
DA:217,7
DA:218,11
DA:219,4
DA:220,4
DA:222,11
DA:223,11
DA:224,11
DA:225,11
DA:227,11
DA:230,6
DA:231,6
DA:232,6
DA:233,6
DA:234,6
DA:235,6
DA:236,6
DA:237,6
DA:239,6
DA:241,6
DA:242,0
DA:243,0
DA:244,0
DA:245,0
DA:246,0
DA:248,6
DA:249,0
DA:250,0
DA:251,0
DA:252,0
DA:253,0
DA:254,0
DA:256,6
DA:257,6
DA:258,6
DA:259,6
DA:260,6
DA:263,6
DA:264,6
DA:265,6
DA:266,6
DA:267,6
DA:268,6
DA:269,6
DA:270,6
DA:272,6
DA:273,6
DA:274,6
DA:275,6
DA:276,6
DA:277,6
DA:278,6
DA:279,6
DA:280,6
DA:281,6
DA:282,5
DA:283,5
DA:284,5
DA:285,5
DA:286,5
DA:287,5
DA:288,5
DA:289,0
DA:290,5
DA:292,5
DA:293,5
DA:294,5
DA:295,0
DA:296,0
DA:297,0
DA:298,0
DA:299,0
DA:301,0
DA:302,0
DA:304,5
DA:305,5
DA:306,5
DA:307,5
DA:308,5
DA:310,5
DA:311,5
DA:313,5
DA:314,5
DA:315,5
DA:316,5
DA:317,5
DA:318,0
DA:319,5
DA:320,5
DA:322,5
DA:323,5
DA:324,5
DA:326,6
DA:327,6
DA:330,6
DA:331,6
DA:332,6
DA:333,6
DA:335,6
DA:338,6
DA:339,6
DA:340,6
DA:342,6
DA:343,6
DA:344,6
DA:345,6
DA:346,0
DA:347,6
DA:348,6
DA:349,6
DA:350,6
DA:351,6
DA:352,0
DA:353,6
DA:354,6
DA:357,6
DA:358,6
DA:359,6
DA:361,6
DA:362,6
DA:363,6
DA:364,6
DA:365,6
DA:366,6
DA:368,6
DA:369,6
DA:370,6
DA:372,6
DA:373,6
DA:374,6
DA:375,6
DA:376,0
DA:378,6
DA:379,0
DA:380,0
DA:381,0
DA:383,6
DA:384,0
DA:385,0
DA:386,0
DA:387,0
DA:388,0
DA:390,0
DA:391,0
DA:393,6
DA:394,0
DA:395,0
DA:396,0
DA:397,0
DA:398,0
DA:400,0
DA:401,0
DA:403,6
DA:404,6
DA:406,6
DA:407,0
DA:408,0
DA:409,0
DA:410,0
DA:412,6
DA:413,6
DA:414,6
DA:415,6
DA:417,6
DA:419,6
DA:421,16
DA:422,16
DA:423,16
DA:424,16
DA:425,16
DA:426,16
DA:427,16
DA:428,16
DA:430,16
DA:432,16
DA:433,16
DA:434,16
DA:435,16
DA:436,16
DA:437,16
DA:439,16
DA:440,16
DA:441,16
DA:442,16
DA:443,6
DA:444,6
DA:445,6
DA:446,6
DA:447,6
DA:449,6
DA:450,6
DA:451,6
DA:453,16
DA:454,6
DA:455,6
DA:456,6
DA:458,6
DA:460,6
DA:462,16
DA:463,16
DA:466,16
DA:469,16
DA:470,0
DA:471,0
DA:474,0
DA:475,0
DA:476,0
DA:477,0
DA:478,0
DA:479,0
DA:481,0
DA:482,0
DA:483,0
DA:484,0
DA:486,0
DA:487,0
DA:488,0
DA:489,0
DA:490,0
DA:491,0
DA:493,0
DA:494,0
DA:495,0
DA:496,0
DA:498,0
DA:502,16
DA:505,16
DA:506,1
DA:507,1
DA:508,1
DA:512,16
DA:513,9
DA:517,16
DA:518,0
DA:520,0
DA:523,16
DA:524,6
DA:525,6
DA:526,6
DA:527,6
DA:528,6
DA:530,16
DA:532,16
LF:396
LH:237
BRDA:29,0,0,34
BRDA:40,1,0,1
BRDA:167,2,0,5
BRDA:168,3,0,3
BRDA:168,4,0,2
BRDA:174,5,0,3
BRDA:192,6,0,11
BRDA:199,7,0,10
BRDA:200,8,0,1
BRDA:200,9,0,9
BRDA:201,10,0,1
BRDA:202,11,0,0
BRDA:206,12,0,7
BRDA:208,13,0,1
BRDA:208,14,0,6
BRDA:209,15,0,0
BRDA:214,16,0,7
BRDA:215,17,0,7
BRDA:216,18,0,7
BRDA:218,19,0,4
BRDA:230,20,0,6
BRDA:259,21,0,0
BRDA:277,22,0,0
BRDA:281,23,0,5
BRDA:285,24,0,0
BRDA:288,25,0,0
BRDA:294,26,0,0
BRDA:315,27,0,0
BRDA:317,28,0,0
BRDA:345,29,0,0
BRDA:351,30,0,0
BRDA:239,31,0,6
BRDA:363,32,0,6
BRDA:375,33,0,0
BRDA:378,34,0,0
BRDA:383,35,0,5
BRDA:383,36,0,0
BRDA:383,37,0,0
BRDA:383,38,0,0
BRDA:383,39,0,0
BRDA:393,40,0,5
BRDA:393,41,0,5
BRDA:393,42,0,0
BRDA:393,43,0,0
BRDA:406,44,0,0
BRDA:421,45,0,16
BRDA:430,46,0,7
BRDA:442,47,0,6
BRDA:442,48,0,6
BRDA:450,49,0,0
BRDA:453,50,0,6
BRDA:453,51,0,6
BRDA:453,52,0,6
BRDA:469,53,0,9
BRDA:469,54,0,0
BRDA:502,55,0,0
BRDA:505,56,0,1
BRDA:512,57,0,9
BRDA:517,58,0,6
BRDA:517,59,0,0
BRDA:517,60,0,0
BRDA:517,61,0,0
BRDA:523,62,0,6
BRDA:523,63,0,6
BRDA:525,64,0,6
BRF:65
BRH:39
end_of_record
TN:
SF:src/pages/SettingsPage.tsx
FN:78,SettingsPage
FN:98,handleChange
FN:103,handleToggle
FN:108,handleSave
FN:187,onClick
FN:215,onChange
FNF:6
FNH:3
FNDA:14,SettingsPage
FNDA:1,handleChange
FNDA:0,handleToggle
FNDA:0,handleSave
FNDA:0,onClick
FNDA:1,onChange
DA:3,1
DA:4,1
DA:5,1
DA:6,1
DA:9,1
DA:10,1
DA:11,1
DA:12,1
DA:13,1
DA:14,1
DA:15,1
DA:16,1
DA:17,1
DA:18,1
DA:19,1
DA:20,1
DA:21,1
DA:22,1
DA:23,1
DA:24,1
DA:25,1
DA:26,1
DA:27,1
DA:28,1
DA:29,1
DA:30,1
DA:31,1
DA:32,1
DA:33,1
DA:34,1
DA:35,1
DA:36,1
DA:37,1
DA:38,1
DA:39,1
DA:40,1
DA:41,1
DA:42,1
DA:43,1
DA:44,1
DA:45,1
DA:46,1
DA:47,1
DA:48,1
DA:49,1
DA:50,1
DA:53,1
DA:54,1
DA:55,1
DA:56,1
DA:57,1
DA:58,1
DA:59,1
DA:60,1
DA:61,1
DA:62,1
DA:63,1
DA:64,1
DA:65,1
DA:66,1
DA:67,1
DA:68,1
DA:69,1
DA:70,1
DA:71,1
DA:72,1
DA:73,1
DA:74,1
DA:75,1
DA:76,1
DA:78,14
DA:79,14
DA:80,14
DA:81,14
DA:82,14
DA:83,14
DA:84,14
DA:87,14
DA:88,9
DA:89,4
DA:90,4
DA:91,88
DA:92,88
DA:93,4
DA:94,4
DA:95,4
DA:96,14
DA:98,14
DA:99,1
DA:100,1
DA:101,1
DA:103,14
DA:104,0
DA:105,0
DA:106,0
DA:108,14
DA:109,0
DA:112,0
DA:113,0
DA:114,0
DA:115,0
DA:117,0
DA:118,0
DA:119,0
DA:120,0
DA:121,0
DA:122,0
DA:124,0
DA:125,0
DA:126,0
DA:127,0
DA:129,0
DA:130,0
DA:132,14
DA:133,5
DA:134,5
DA:135,5
DA:136,5
DA:138,5
DA:140,14
DA:141,0
DA:142,0
DA:143,0
DA:144,0
DA:146,0
DA:148,9
DA:149,9
DA:152,9
DA:153,9
DA:154,9
DA:155,9
DA:156,9
DA:157,9
DA:159,9
DA:160,9
DA:161,9
DA:162,9
DA:163,9
DA:165,9
DA:166,9
DA:168,9
DA:169,63
DA:170,63
DA:171,63
DA:172,63
DA:173,63
DA:174,63
DA:175,198
DA:178,198
DA:179,20
DA:180,20
DA:181,20
DA:182,20
DA:183,20
DA:184,20
DA:185,20
DA:186,20
DA:187,20
DA:188,20
DA:189,20
DA:190,20
DA:192,20
DA:193,20
DA:194,20
DA:195,20
DA:196,20
DA:197,20
DA:198,20
DA:200,20
DA:203,90
DA:204,198
DA:205,198
DA:207,198
DA:208,198
DA:209,198
DA:210,198
DA:211,198
DA:212,198
DA:213,198
DA:214,198
DA:215,198
DA:216,198
DA:217,198
DA:218,198
DA:219,40
DA:220,50
DA:221,198
DA:222,198
DA:223,198
DA:225,63
DA:226,63
DA:227,63
DA:228,9
DA:230,9
DA:231,7
DA:232,7
DA:233,7
DA:234,7
DA:235,7
DA:237,7
DA:238,7
DA:239,7
DA:240,0
DA:242,7
DA:243,0
DA:245,7
DA:247,14
DA:249,14
LF:208
LH:181
BRDA:78,0,0,14
BRDA:132,1,0,5
BRDA:138,2,0,9
BRDA:140,3,0,0
BRDA:146,4,0,9
BRDA:230,5,0,7
BRDA:234,6,0,1
BRDA:237,7,0,0
BRDA:239,8,0,0
BRDA:239,9,0,0
BRDA:242,10,0,0
BRDA:87,11,0,9
BRDA:88,12,0,4
BRDA:90,13,0,88
BRDA:98,14,0,1
BRDA:99,15,0,1
BRDA:168,16,0,63
BRDA:174,17,0,198
BRDA:175,18,0,88
BRDA:175,19,0,110
BRDA:178,20,0,20
BRDA:183,21,0,0
BRDA:189,22,0,0
BRDA:194,23,0,0
BRDA:200,24,0,90
BRDA:204,25,0,20
BRDA:205,26,0,20
BRDA:205,27,0,70
BRDA:205,28,0,20
BRDA:210,29,0,0
BRDA:214,30,0,0
BRDA:218,31,0,40
BRDA:219,32,0,50
BRDA:215,33,0,1
BRF:34
BRH:24
end_of_record
TN:
SF:src/pages/SystemPage.tsx
FN:8,SystemPage
FN:21,handleDeploy
FN:28,onSettled
FN:182,onClick
FNF:4
FNH:4
FNDA:14,SystemPage
FNDA:4,handleDeploy
FNDA:2,onSettled
FNDA:1,onClick
DA:1,1
DA:2,1
DA:3,1
DA:4,1
DA:5,1
DA:8,14
DA:9,14
DA:10,14
DA:11,14
DA:12,14
DA:13,14
DA:19,14
DA:21,14
DA:22,4
DA:23,4
DA:24,1
DA:25,1
DA:26,2
DA:27,2
DA:28,2
DA:29,2
DA:30,2
DA:31,2
DA:32,4
DA:34,14
DA:35,1
DA:36,1
DA:37,1
DA:38,1
DA:40,1
DA:42,13
DA:43,13
DA:44,13
DA:45,13
DA:46,13
DA:47,13
DA:48,13
DA:49,13
DA:51,13
DA:52,13
DA:53,13
DA:54,13
DA:55,13
DA:56,13
DA:57,13
DA:58,13
DA:60,13
DA:61,13
DA:62,13
DA:65,13
DA:66,13
DA:67,13
DA:68,13
DA:69,13
DA:71,13
DA:72,13
DA:73,13
DA:74,13
DA:75,13
DA:76,14
DA:78,14
DA:79,0
DA:81,13
DA:82,14
DA:84,14
DA:85,14
DA:87,14
DA:88,0
DA:89,0
DA:90,0
DA:93,14
DA:94,0
DA:95,0
DA:97,0
DA:101,14
DA:102,6
DA:103,6
DA:104,6
DA:105,6
DA:106,6
DA:107,6
DA:108,6
DA:109,4
DA:110,4
DA:111,4
DA:113,6
DA:115,6
DA:116,1
DA:117,1
DA:118,1
DA:122,6
DA:123,3
DA:124,3
DA:125,3
DA:126,3
DA:127,3
DA:129,3
DA:130,3
DA:132,3
DA:133,3
DA:135,3
DA:136,3
DA:138,3
DA:139,3
DA:140,3
DA:141,3
DA:142,3
DA:143,9
DA:144,9
DA:145,9
DA:146,9
DA:147,9
DA:148,9
DA:149,9
DA:151,0
DA:153,9
DA:154,9
DA:155,9
DA:156,9
DA:158,0
DA:160,9
DA:161,9
DA:162,9
DA:163,9
DA:164,9
DA:165,3
DA:166,3
DA:167,3
DA:168,3
DA:172,6
DA:173,4
DA:174,4
DA:175,4
DA:179,6
DA:180,4
DA:181,4
DA:182,4
DA:183,4
DA:185,4
DA:186,4
DA:187,4
DA:188,1
DA:189,1
DA:190,1
DA:192,4
DA:194,6
DA:196,14
DA:197,14
DA:199,14
LF:149
LH:140
BRDA:8,0,0,14
BRDA:34,1,0,1
BRDA:40,2,0,13
BRDA:78,3,0,13
BRDA:78,4,0,0
BRDA:79,5,0,13
BRDA:87,6,0,0
BRDA:93,7,0,0
BRDA:101,8,0,6
BRDA:104,9,0,0
BRDA:106,10,0,0
BRDA:108,11,0,4
BRDA:115,12,0,1
BRDA:122,13,0,3
BRDA:172,14,0,4
BRDA:179,15,0,4
BRDA:185,16,0,1
BRDA:185,17,0,3
BRDA:187,18,0,1
BRDA:21,19,0,4
BRDA:22,20,0,3
BRDA:22,21,0,3
BRDA:22,22,0,1
BRDA:22,23,0,3
BRDA:23,24,0,1
BRDA:25,25,0,2
BRDA:28,26,0,2
BRDA:142,27,0,9
BRDA:149,28,0,0
BRDA:156,29,0,0
BRDA:182,30,0,1
BRF:31
BRH:24
end_of_record
TN:
SF:src/pages/TagsPage.tsx
FN:1,(empty-report)
FNF:1
FNH:1
FNDA:1,(empty-report)
DA:3,0
DA:4,0
DA:5,0
DA:6,0
DA:7,0
DA:8,0
DA:11,0
DA:12,0
DA:13,0
DA:14,0
DA:16,0
DA:17,0
DA:18,0
DA:19,0
DA:20,0
DA:21,0
DA:22,0
DA:23,0
DA:24,0
DA:25,0
DA:26,0
DA:28,0
DA:29,0
DA:30,0
DA:31,0
DA:33,0
DA:34,0
DA:35,0
DA:37,0
DA:38,0
DA:39,0
DA:40,0
DA:41,0
DA:42,0
DA:43,0
DA:44,0
DA:45,0
DA:46,0
DA:47,0
DA:48,0
DA:49,0
DA:50,0
DA:51,0
DA:52,0
DA:53,0
DA:54,0
DA:55,0
DA:57,0
DA:58,0
DA:59,0
DA:60,0
DA:62,0
DA:64,0
DA:65,0
DA:66,0
DA:67,0
DA:68,0
DA:70,0
DA:71,0
DA:72,0
DA:73,0
DA:74,0
DA:75,0
DA:76,0
DA:77,0
DA:78,0
DA:80,0
DA:81,0
DA:82,0
DA:83,0
DA:84,0
DA:86,0
DA:88,0
DA:89,0
DA:90,0
DA:91,0
DA:92,0
DA:93,0
DA:94,0
DA:95,0
DA:97,0
DA:98,0
DA:99,0
DA:101,0
DA:102,0
DA:103,0
DA:104,0
DA:107,0
DA:108,0
DA:109,0
DA:110,0
DA:111,0
DA:112,0
DA:113,0
DA:114,0
DA:116,0
DA:117,0
DA:119,0
DA:120,0
DA:122,0
DA:123,0
DA:125,0
DA:126,0
DA:127,0
DA:128,0
DA:129,0
DA:130,0
DA:131,0
DA:132,0
DA:133,0
DA:134,0
DA:135,0
DA:137,0
DA:139,0
DA:141,0
LF:115
LH:0
BRDA:1,0,0,1
BRF:1
BRH:1
end_of_record
