{"total": {"lines":{"total":1990,"covered":1976,"skipped":0,"pct":99.29},"statements":{"total":1990,"covered":1976,"skipped":0,"pct":99.29},"functions":{"total":110,"covered":102,"skipped":0,"pct":92.72},"branches":{"total":472,"covered":430,"skipped":0,"pct":91.1},"branchesTrue":{"total":0,"covered":0,"skipped":0,"pct":100}}
,"/home/runner/work/imt-calculator/imt-calculator/src/RootLayout.tsx": {"lines":{"total":26,"covered":26,"skipped":0,"pct":100},"functions":{"total":1,"covered":1,"skipped":0,"pct":100},"statements":{"total":26,"covered":26,"skipped":0,"pct":100},"branches":{"total":5,"covered":5,"skipped":0,"pct":100}}
,"/home/runner/work/imt-calculator/imt-calculator/src/analytics.ts": {"lines":{"total":34,"covered":34,"skipped":0,"pct":100},"functions":{"total":5,"covered":5,"skipped":0,"pct":100},"statements":{"total":34,"covered":34,"skipped":0,"pct":100},"branches":{"total":47,"covered":47,"skipped":0,"pct":100}}
,"/home/runner/work/imt-calculator/imt-calculator/src/config.ts": {"lines":{"total":1,"covered":1,"skipped":0,"pct":100},"functions":{"total":0,"covered":0,"skipped":0,"pct":100},"statements":{"total":1,"covered":1,"skipped":0,"pct":100},"branches":{"total":0,"covered":0,"skipped":0,"pct":100}}
,"/home/runner/work/imt-calculator/imt-calculator/src/format.ts": {"lines":{"total":15,"covered":15,"skipped":0,"pct":100},"functions":{"total":3,"covered":3,"skipped":0,"pct":100},"statements":{"total":15,"covered":15,"skipped":0,"pct":100},"branches":{"total":5,"covered":5,"skipped":0,"pct":100}}
,"/home/runner/work/imt-calculator/imt-calculator/src/routes.tsx": {"lines":{"total":28,"covered":28,"skipped":0,"pct":100},"functions":{"total":1,"covered":1,"skipped":0,"pct":100},"statements":{"total":28,"covered":28,"skipped":0,"pct":100},"branches":{"total":1,"covered":1,"skipped":0,"pct":100}}
,"/home/runner/work/imt-calculator/imt-calculator/src/components/Analytics.tsx": {"lines":{"total":43,"covered":43,"skipped":0,"pct":100},"functions":{"total":1,"covered":1,"skipped":0,"pct":100},"statements":{"total":43,"covered":43,"skipped":0,"pct":100},"branches":{"total":12,"covered":12,"skipped":0,"pct":100}}
,"/home/runner/work/imt-calculator/imt-calculator/src/components/BuyerCard.tsx": {"lines":{"total":84,"covered":84,"skipped":0,"pct":100},"functions":{"total":7,"covered":6,"skipped":0,"pct":85.71},"statements":{"total":84,"covered":84,"skipped":0,"pct":100},"branches":{"total":15,"covered":12,"skipped":0,"pct":80}}
,"/home/runner/work/imt-calculator/imt-calculator/src/components/Layout.tsx": {"lines":{"total":124,"covered":124,"skipped":0,"pct":100},"functions":{"total":9,"covered":9,"skipped":0,"pct":100},"statements":{"total":124,"covered":124,"skipped":0,"pct":100},"branches":{"total":19,"covered":16,"skipped":0,"pct":84.21}}
,"/home/runner/work/imt-calculator/imt-calculator/src/components/ResultsPanel.tsx": {"lines":{"total":170,"covered":167,"skipped":0,"pct":98.23},"functions":{"total":9,"covered":8,"skipped":0,"pct":88.88},"statements":{"total":170,"covered":167,"skipped":0,"pct":98.23},"branches":{"total":29,"covered":27,"skipped":0,"pct":93.1}}
,"/home/runner/work/imt-calculator/imt-calculator/src/components/controls.tsx": {"lines":{"total":120,"covered":120,"skipped":0,"pct":100},"functions":{"total":9,"covered":9,"skipped":0,"pct":100},"statements":{"total":120,"covered":120,"skipped":0,"pct":100},"branches":{"total":22,"covered":21,"skipped":0,"pct":95.45}}
,"/home/runner/work/imt-calculator/imt-calculator/src/content/glossary.ts": {"lines":{"total":145,"covered":145,"skipped":0,"pct":100},"functions":{"total":0,"covered":0,"skipped":0,"pct":100},"statements":{"total":145,"covered":145,"skipped":0,"pct":100},"branches":{"total":0,"covered":0,"skipped":0,"pct":100}}
,"/home/runner/work/imt-calculator/imt-calculator/src/content/howItWorks.ts": {"lines":{"total":147,"covered":147,"skipped":0,"pct":100},"functions":{"total":0,"covered":0,"skipped":0,"pct":100},"statements":{"total":147,"covered":147,"skipped":0,"pct":100},"branches":{"total":0,"covered":0,"skipped":0,"pct":100}}
,"/home/runner/work/imt-calculator/imt-calculator/src/engine/imt.ts": {"lines":{"total":117,"covered":117,"skipped":0,"pct":100},"functions":{"total":8,"covered":8,"skipped":0,"pct":100},"statements":{"total":117,"covered":117,"skipped":0,"pct":100},"branches":{"total":68,"covered":67,"skipped":0,"pct":98.52}}
,"/home/runner/work/imt-calculator/imt-calculator/src/engine/tables/2026.ts": {"lines":{"total":61,"covered":61,"skipped":0,"pct":100},"functions":{"total":0,"covered":0,"skipped":0,"pct":100},"statements":{"total":61,"covered":61,"skipped":0,"pct":100},"branches":{"total":0,"covered":0,"skipped":0,"pct":100}}
,"/home/runner/work/imt-calculator/imt-calculator/src/engine/tables/index.ts": {"lines":{"total":11,"covered":11,"skipped":0,"pct":100},"functions":{"total":1,"covered":1,"skipped":0,"pct":100},"statements":{"total":11,"covered":11,"skipped":0,"pct":100},"branches":{"total":1,"covered":1,"skipped":0,"pct":100}}
,"/home/runner/work/imt-calculator/imt-calculator/src/i18n/en.ts": {"lines":{"total":114,"covered":114,"skipped":0,"pct":100},"functions":{"total":0,"covered":0,"skipped":0,"pct":100},"statements":{"total":114,"covered":114,"skipped":0,"pct":100},"branches":{"total":0,"covered":0,"skipped":0,"pct":100}}
,"/home/runner/work/imt-calculator/imt-calculator/src/i18n/index.tsx": {"lines":{"total":20,"covered":20,"skipped":0,"pct":100},"functions":{"total":3,"covered":3,"skipped":0,"pct":100},"statements":{"total":20,"covered":20,"skipped":0,"pct":100},"branches":{"total":8,"covered":7,"skipped":0,"pct":87.5}}
,"/home/runner/work/imt-calculator/imt-calculator/src/i18n/paths.ts": {"lines":{"total":23,"covered":23,"skipped":0,"pct":100},"functions":{"total":4,"covered":4,"skipped":0,"pct":100},"statements":{"total":23,"covered":23,"skipped":0,"pct":100},"branches":{"total":17,"covered":17,"skipped":0,"pct":100}}
,"/home/runner/work/imt-calculator/imt-calculator/src/i18n/pt.ts": {"lines":{"total":114,"covered":114,"skipped":0,"pct":100},"functions":{"total":0,"covered":0,"skipped":0,"pct":100},"statements":{"total":114,"covered":114,"skipped":0,"pct":100},"branches":{"total":0,"covered":0,"skipped":0,"pct":100}}
,"/home/runner/work/imt-calculator/imt-calculator/src/pages/CalculatorPage.tsx": {"lines":{"total":213,"covered":205,"skipped":0,"pct":96.24},"functions":{"total":20,"covered":14,"skipped":0,"pct":70},"statements":{"total":213,"covered":205,"skipped":0,"pct":96.24},"branches":{"total":54,"covered":47,"skipped":0,"pct":87.03}}
,"/home/runner/work/imt-calculator/imt-calculator/src/pages/GlossaryPage.tsx": {"lines":{"total":25,"covered":25,"skipped":0,"pct":100},"functions":{"total":1,"covered":1,"skipped":0,"pct":100},"statements":{"total":25,"covered":25,"skipped":0,"pct":100},"branches":{"total":6,"covered":6,"skipped":0,"pct":100}}
,"/home/runner/work/imt-calculator/imt-calculator/src/pages/HowItWorksPage.tsx": {"lines":{"total":28,"covered":28,"skipped":0,"pct":100},"functions":{"total":1,"covered":1,"skipped":0,"pct":100},"statements":{"total":28,"covered":28,"skipped":0,"pct":100},"branches":{"total":8,"covered":8,"skipped":0,"pct":100}}
,"/home/runner/work/imt-calculator/imt-calculator/src/pages/NotFoundPage.tsx": {"lines":{"total":16,"covered":16,"skipped":0,"pct":100},"functions":{"total":1,"covered":1,"skipped":0,"pct":100},"statements":{"total":16,"covered":16,"skipped":0,"pct":100},"branches":{"total":1,"covered":1,"skipped":0,"pct":100}}
,"/home/runner/work/imt-calculator/imt-calculator/src/state/defaults.ts": {"lines":{"total":20,"covered":20,"skipped":0,"pct":100},"functions":{"total":2,"covered":2,"skipped":0,"pct":100},"statements":{"total":20,"covered":20,"skipped":0,"pct":100},"branches":{"total":2,"covered":2,"skipped":0,"pct":100}}
,"/home/runner/work/imt-calculator/imt-calculator/src/state/url.ts": {"lines":{"total":257,"covered":254,"skipped":0,"pct":98.83},"functions":{"total":21,"covered":21,"skipped":0,"pct":100},"statements":{"total":257,"covered":254,"skipped":0,"pct":98.83},"branches":{"total":138,"covered":116,"skipped":0,"pct":84.05}}
,"/home/runner/work/imt-calculator/imt-calculator/src/theme/theme.tsx": {"lines":{"total":34,"covered":34,"skipped":0,"pct":100},"functions":{"total":3,"covered":3,"skipped":0,"pct":100},"statements":{"total":34,"covered":34,"skipped":0,"pct":100},"branches":{"total":14,"covered":12,"skipped":0,"pct":85.71}}
}
