TN:
SF:src/App.tsx
FN:9,App
FNF:1
FNH:1
FNDA:18,App
DA:1,1
DA:9,1
DA:10,18
DA:11,18
DA:12,18
DA:13,18
DA:14,18
DA:15,18
DA:16,18
DA:17,18
DA:18,18
DA:19,18
DA:21,18
LF:13
LH:13
BRDA:9,0,0,18
BRF:1
BRH:1
end_of_record
TN:
SF:src/analytics.ts
FN:13,track
FN:18,priceBand
FN:28,rateBand
FN:44,vptRatioBand
FN:61,vptRatioPct
FNF:5
FNH:5
FNDA:49,track
FNDA:9,priceBand
FNDA:11,rateBand
FNDA:18,vptRatioBand
FNDA:9,vptRatioPct
DA:13,1
DA:14,49
DA:15,49
DA:18,1
DA:19,9
DA:20,9
DA:21,9
DA:22,9
DA:23,7
DA:24,1
DA:25,1
DA:28,1
DA:29,11
DA:30,11
DA:31,11
DA:32,11
DA:33,9
DA:34,2
DA:35,2
DA:44,1
DA:45,18
DA:46,14
DA:47,18
DA:48,18
DA:49,18
DA:50,18
DA:51,17
DA:52,16
DA:53,2
DA:54,2
DA:61,1
DA:62,9
DA:63,5
DA:64,5
LF:34
LH:34
BRDA:13,0,0,49
BRDA:14,1,0,29
BRDA:18,2,0,9
BRDA:19,3,0,2
BRDA:19,4,0,7
BRDA:20,5,0,1
BRDA:20,6,0,6
BRDA:21,7,0,1
BRDA:21,8,0,5
BRDA:22,9,0,3
BRDA:22,10,0,7
BRDA:22,11,0,2
BRDA:23,12,0,1
BRDA:28,13,0,11
BRDA:30,14,0,1
BRDA:30,15,0,10
BRDA:31,16,0,2
BRDA:31,17,0,8
BRDA:32,18,0,4
BRDA:32,19,0,9
BRDA:32,20,0,4
BRDA:33,21,0,2
BRDA:44,22,0,18
BRDA:45,23,0,15
BRDA:45,24,0,15
BRDA:45,25,0,17
BRDA:45,26,0,4
BRDA:45,27,0,14
BRDA:47,28,0,1
BRDA:47,29,0,13
BRDA:48,30,0,2
BRDA:48,31,0,11
BRDA:49,32,0,2
BRDA:49,33,0,9
BRDA:50,34,0,2
BRDA:50,35,0,17
BRDA:50,36,0,7
BRDA:51,37,0,3
BRDA:51,38,0,16
BRDA:51,39,0,4
BRDA:52,40,0,2
BRDA:61,41,0,9
BRDA:62,42,0,6
BRDA:62,43,0,6
BRDA:62,44,0,8
BRDA:62,45,0,4
BRDA:62,46,0,5
BRF:47
BRH:47
end_of_record
TN:
SF:src/format.ts
FN:5,locale
FN:8,formatEuro
FN:17,formatPercent
FNF:3
FNH:3
FNDA:373,locale
FNDA:314,formatEuro
FNDA:59,formatPercent
DA:5,1
DA:8,1
DA:9,314
DA:10,314
DA:11,314
DA:12,314
DA:13,314
DA:14,314
DA:17,1
DA:18,59
DA:19,59
DA:20,59
DA:21,59
DA:22,59
DA:23,59
LF:15
LH:15
BRDA:5,0,0,373
BRDA:5,1,0,18
BRDA:5,2,0,355
BRDA:8,3,0,314
BRDA:17,4,0,59
BRF:5
BRH:5
end_of_record
TN:
SF:src/components/Analytics.tsx
FN:21,Analytics
FNF:1
FNH:1
FNDA:34,Analytics
DA:1,1
DA:21,1
DA:22,34
DA:23,34
DA:24,34
DA:28,34
DA:29,34
DA:30,9
DA:31,25
DA:32,2
DA:33,23
DA:36,34
DA:37,31
DA:38,34
DA:43,34
DA:44,34
DA:45,34
DA:46,27
DA:47,27
DA:48,34
DA:53,34
DA:54,34
DA:55,18
DA:56,17
DA:57,34
DA:59,34
DA:60,25
DA:61,25
DA:62,25
DA:63,25
DA:64,25
DA:65,25
DA:66,25
DA:67,34
DA:68,34
DA:69,34
LF:36
LH:36
BRDA:21,0,0,34
BRDA:29,1,0,9
BRDA:30,2,0,25
BRDA:31,3,0,2
BRDA:32,4,0,23
BRDA:36,5,0,31
BRDA:45,6,0,27
BRDA:54,7,0,18
BRDA:55,8,0,1
BRDA:55,9,0,17
BRDA:56,10,0,1
BRDA:59,11,0,25
BRF:12
BRH:12
end_of_record
TN:
SF:src/components/BuyerCard.tsx
FN:6,BuyerCard
FN:49,onChange
FN:55,onChange
FN:74,onChange
FN:87,onChange
FN:101,onChange
FN:106,onChange
FNF:7
FNH:6
FNDA:52,BuyerCard
FNDA:1,onChange
FNDA:1,onChange
FNDA:4,onChange
FNDA:2,onChange
FNDA:1,onChange
FNDA:0,onChange
DA:1,1
DA:6,1
DA:7,52
DA:8,52
DA:9,52
DA:10,52
DA:11,52
DA:12,52
DA:13,52
DA:20,52
DA:21,52
DA:22,52
DA:24,52
DA:25,52
DA:26,52
DA:27,52
DA:28,52
DA:29,52
DA:30,52
DA:31,4
DA:32,4
DA:33,4
DA:34,4
DA:35,4
DA:37,4
DA:38,4
DA:40,52
DA:42,52
DA:43,52
DA:44,52
DA:45,52
DA:46,52
DA:47,52
DA:48,52
DA:49,52
DA:50,52
DA:52,52
DA:53,52
DA:54,52
DA:55,52
DA:56,1
DA:57,1
DA:59,1
DA:60,1
DA:61,1
DA:63,52
DA:64,52
DA:65,52
DA:66,52
DA:67,52
DA:69,52
DA:70,52
DA:71,52
DA:74,52
DA:75,4
DA:77,52
DA:78,52
DA:79,52
DA:80,52
DA:81,52
DA:83,52
DA:84,9
DA:85,9
DA:86,9
DA:87,9
DA:88,9
DA:89,9
DA:90,9
DA:91,9
DA:92,9
DA:93,9
DA:94,9
DA:97,52
DA:98,4
DA:99,4
DA:100,4
DA:101,4
DA:102,4
DA:105,52
DA:106,48
DA:108,52
DA:109,52
DA:111,52
LF:83
LH:83
BRDA:6,0,0,52
BRDA:30,1,0,4
BRDA:83,2,0,9
BRDA:97,3,0,4
BRDA:105,4,0,48
BRDA:49,5,0,1
BRDA:49,6,0,0
BRDA:55,7,0,1
BRDA:59,8,0,0
BRDA:60,9,0,0
BRDA:74,10,0,4
BRDA:75,11,0,1
BRDA:75,12,0,3
BRDA:87,13,0,2
BRDA:101,14,0,1
BRF:15
BRH:12
end_of_record
TN:
SF:src/components/Layout.tsx
FN:10,Layout
FN:14,navClass
FN:52,onClick
FN:64,onClick
FN:91,onClick
FN:105,HouseMark
FN:125,SunIcon
FN:134,MoonIcon
FNF:8
FNH:8
FNDA:27,Layout
FNDA:102,navClass
FNDA:6,onClick
FNDA:3,onClick
FNDA:1,onClick
FNDA:27,HouseMark
FNDA:3,SunIcon
FNDA:24,MoonIcon
DA:1,1
DA:10,1
DA:11,27
DA:12,27
DA:14,27
DA:15,102
DA:17,27
DA:18,27
DA:19,27
DA:20,27
DA:21,27
DA:23,27
DA:24,27
DA:25,27
DA:26,27
DA:27,27
DA:28,27
DA:29,27
DA:30,27
DA:32,27
DA:33,27
DA:34,27
DA:35,27
DA:36,27
DA:37,27
DA:38,27
DA:39,27
DA:40,27
DA:41,27
DA:42,27
DA:44,27
DA:45,27
DA:46,27
DA:47,54
DA:48,54
DA:49,54
DA:50,54
DA:51,54
DA:52,54
DA:53,6
DA:54,6
DA:55,6
DA:57,54
DA:58,54
DA:59,27
DA:60,27
DA:61,27
DA:62,27
DA:63,27
DA:64,27
DA:65,3
DA:66,3
DA:67,3
DA:68,27
DA:70,27
DA:71,27
DA:72,27
DA:73,27
DA:75,27
DA:76,27
DA:77,27
DA:79,27
DA:80,27
DA:81,27
DA:82,27
DA:83,27
DA:84,27
DA:85,27
DA:86,27
DA:87,27
DA:88,27
DA:89,27
DA:90,27
DA:91,27
DA:93,27
DA:94,27
DA:95,27
DA:96,27
DA:97,27
DA:98,27
DA:99,27
DA:100,27
DA:102,27
DA:105,27
DA:106,27
DA:107,27
DA:108,27
DA:109,27
DA:110,27
DA:111,27
DA:112,27
DA:113,27
DA:114,27
DA:115,27
DA:116,27
DA:117,27
DA:118,27
DA:120,27
DA:121,27
DA:123,27
DA:125,3
DA:126,3
DA:127,3
DA:128,3
DA:129,3
DA:130,3
DA:132,3
DA:134,24
DA:135,24
DA:136,24
DA:137,24
DA:138,24
DA:140,24
LF:113
LH:113
BRDA:10,0,0,27
BRDA:68,1,0,3
BRDA:68,2,0,24
BRDA:70,3,0,3
BRDA:70,4,0,24
BRDA:14,5,0,102
BRDA:15,6,0,34
BRDA:15,7,0,68
BRDA:46,8,0,54
BRDA:52,9,0,6
BRDA:64,10,0,3
BRDA:65,11,0,0
BRDA:91,12,0,1
BRDA:105,13,0,27
BRDA:125,14,0,3
BRDA:134,15,0,24
BRF:16
BRH:15
end_of_record
TN:
SF:src/components/ResultsPanel.tsx
FN:8,ruleLabel
FN:15,ResultsPanel
FN:35,notify
FN:41,copy
FN:50,copyResult
FN:152,onFocus
FN:157,onClick
FN:179,onClick
FN:196,Tile
FNF:9
FNH:8
FNDA:6,ruleLabel
FNDA:57,ResultsPanel
FNDA:4,notify
FNDA:5,copy
FNDA:2,copyResult
FNDA:0,onFocus
FNDA:3,onClick
FNDA:1,onClick
FNDA:171,Tile
DA:1,1
DA:8,6
DA:9,6
DA:10,5
DA:11,4
DA:12,4
DA:15,1
DA:16,57
DA:17,57
DA:18,57
DA:19,57
DA:23,57
DA:24,57
DA:25,57
DA:26,57
DA:29,57
DA:33,57
DA:35,57
DA:36,4
DA:37,4
DA:38,4
DA:39,4
DA:41,57
DA:42,5
DA:43,5
DA:44,4
DA:45,5
DA:47,1
DA:48,5
DA:50,57
DA:51,2
DA:52,2
DA:53,2
DA:54,2
DA:55,2
DA:56,2
DA:57,2
DA:58,2
DA:59,2
DA:60,2
DA:61,2
DA:63,57
DA:64,57
DA:65,57
DA:66,57
DA:67,57
DA:68,57
DA:69,57
DA:70,57
DA:71,57
DA:72,57
DA:73,57
DA:75,57
DA:76,0
DA:77,0
DA:78,0
DA:81,57
DA:82,57
DA:83,57
DA:84,57
DA:85,57
DA:87,57
DA:88,57
DA:89,57
DA:90,57
DA:91,57
DA:92,57
DA:93,57
DA:94,57
DA:95,57
DA:96,57
DA:97,2
DA:98,2
DA:99,2
DA:100,2
DA:102,57
DA:104,57
DA:105,3
DA:106,3
DA:107,3
DA:108,6
DA:109,6
DA:110,6
DA:111,6
DA:112,6
DA:113,6
DA:114,6
DA:115,6
DA:116,6
DA:117,6
DA:118,6
DA:119,6
DA:120,6
DA:121,6
DA:122,6
DA:123,6
DA:124,6
DA:125,6
DA:126,6
DA:127,6
DA:128,6
DA:129,6
DA:130,1
DA:131,1
DA:132,1
DA:134,6
DA:135,3
DA:136,3
DA:139,57
DA:141,57
DA:142,57
DA:143,57
DA:144,57
DA:145,57
DA:146,57
DA:147,57
DA:148,57
DA:149,57
DA:150,57
DA:151,57
DA:152,57
DA:153,57
DA:154,57
DA:155,57
DA:156,57
DA:157,57
DA:158,3
DA:159,3
DA:160,3
DA:162,57
DA:163,57
DA:164,57
DA:165,57
DA:167,57
DA:169,57
DA:170,57
DA:171,57
DA:172,57
DA:173,57
DA:174,57
DA:175,57
DA:176,57
DA:177,57
DA:178,57
DA:179,57
DA:180,1
DA:181,1
DA:182,1
DA:184,57
DA:185,57
DA:186,57
DA:187,57
DA:188,3
DA:189,3
DA:190,3
DA:192,57
DA:194,57
DA:196,171
DA:197,171
DA:198,171
DA:199,171
DA:200,171
DA:201,171
DA:203,171
LF:164
LH:161
BRDA:8,0,0,6
BRDA:9,1,0,5
BRDA:9,2,0,1
BRDA:10,3,0,1
BRDA:10,4,0,4
BRDA:15,5,0,57
BRDA:70,6,0,0
BRDA:75,7,0,0
BRDA:96,8,0,2
BRDA:104,9,0,3
BRDA:139,10,0,4
BRDA:187,11,0,3
BRDA:29,12,0,31
BRDA:29,13,0,31
BRDA:35,14,0,4
BRDA:41,15,0,5
BRDA:43,16,0,4
BRDA:45,17,0,1
BRDA:50,18,0,2
BRDA:107,19,0,6
BRDA:129,20,0,1
BRDA:129,21,0,1
BRDA:157,22,0,3
BRDA:179,23,0,1
BRDA:196,24,0,171
BRDA:198,25,0,57
BRDA:198,26,0,114
BRF:27
BRH:25
end_of_record
TN:
SF:src/components/controls.tsx
FN:8,Field
FN:38,NumberField
FN:69,onChange
FN:91,SelectField
FN:107,onChange
FN:119,Segmented
FN:140,onClick
FN:151,Toggle
FN:168,onChange
FNF:9
FNH:9
FNDA:216,Field
FNDA:155,NumberField
FNDA:5,onChange
FNDA:61,SelectField
FNDA:3,onChange
FNDA:154,Segmented
FNDA:5,onClick
FNDA:102,Toggle
FNDA:2,onChange
DA:1,1
DA:8,1
DA:9,216
DA:10,216
DA:11,216
DA:12,216
DA:13,216
DA:14,216
DA:20,216
DA:21,216
DA:22,216
DA:23,216
DA:24,216
DA:25,216
DA:26,216
DA:27,216
DA:28,216
DA:29,216
DA:31,216
DA:38,1
DA:39,155
DA:40,155
DA:41,155
DA:42,155
DA:43,155
DA:44,155
DA:45,155
DA:46,155
DA:47,155
DA:56,155
DA:57,155
DA:58,155
DA:59,155
DA:60,155
DA:61,155
DA:62,155
DA:63,155
DA:64,155
DA:65,155
DA:66,155
DA:67,155
DA:68,155
DA:69,155
DA:70,5
DA:71,5
DA:72,5
DA:73,5
DA:74,5
DA:75,5
DA:76,5
DA:77,155
DA:78,155
DA:79,155
DA:80,155
DA:82,155
DA:91,1
DA:92,61
DA:93,61
DA:94,61
DA:95,61
DA:96,61
DA:97,61
DA:103,61
DA:104,61
DA:105,61
DA:106,61
DA:107,61
DA:108,61
DA:109,192
DA:110,192
DA:111,192
DA:112,61
DA:113,61
DA:114,61
DA:116,61
DA:119,1
DA:120,154
DA:121,154
DA:122,154
DA:123,154
DA:124,154
DA:129,154
DA:130,154
DA:131,154
DA:132,154
DA:133,154
DA:134,154
DA:135,308
DA:136,308
DA:137,308
DA:138,308
DA:139,308
DA:140,308
DA:142,308
DA:143,308
DA:144,154
DA:145,154
DA:146,154
DA:148,154
DA:151,1
DA:152,102
DA:153,102
DA:154,102
DA:155,102
DA:159,102
DA:160,102
DA:161,102
DA:162,102
DA:163,102
DA:164,102
DA:165,102
DA:166,102
DA:167,102
DA:168,102
DA:169,102
DA:170,102
DA:171,102
DA:172,102
DA:173,102
DA:175,102
LF:120
LH:120
BRDA:8,0,0,216
BRDA:25,1,0,50
BRDA:28,2,0,100
BRDA:38,3,0,155
BRDA:68,4,0,49
BRDA:78,5,0,154
BRDA:69,6,0,5
BRDA:70,7,0,0
BRDA:72,8,0,0
BRDA:74,9,0,1
BRDA:91,10,0,61
BRDA:107,11,0,3
BRDA:108,12,0,192
BRDA:119,13,0,154
BRDA:134,14,0,308
BRDA:140,15,0,5
BRDA:151,16,0,102
BRDA:168,17,0,2
BRF:18
BRH:16
end_of_record
TN:
SF:src/content/glossary.ts
FNF:0
FNH:0
DA:10,1
DA:11,1
DA:12,1
DA:13,1
DA:14,1
DA:15,1
DA:16,1
DA:17,1
DA:18,1
DA:19,1
DA:20,1
DA:21,1
DA:22,1
DA:23,1
DA:24,1
DA:25,1
DA:26,1
DA:27,1
DA:28,1
DA:29,1
DA:30,1
DA:31,1
DA:32,1
DA:33,1
DA:34,1
DA:35,1
DA:36,1
DA:37,1
DA:38,1
DA:39,1
DA:40,1
DA:41,1
DA:42,1
DA:43,1
DA:44,1
DA:45,1
DA:46,1
DA:47,1
DA:48,1
DA:49,1
DA:50,1
DA:51,1
DA:52,1
DA:53,1
DA:54,1
DA:55,1
DA:56,1
DA:57,1
DA:58,1
DA:59,1
DA:60,1
DA:61,1
DA:62,1
DA:63,1
DA:64,1
DA:65,1
DA:66,1
DA:67,1
DA:68,1
DA:69,1
DA:70,1
DA:71,1
DA:72,1
DA:73,1
DA:74,1
DA:75,1
DA:76,1
DA:77,1
DA:78,1
DA:79,1
DA:80,1
DA:81,1
DA:82,1
DA:83,1
DA:84,1
DA:85,1
DA:86,1
DA:87,1
DA:88,1
DA:89,1
DA:90,1
DA:91,1
DA:92,1
DA:93,1
DA:94,1
DA:95,1
DA:96,1
DA:97,1
DA:98,1
DA:99,1
DA:100,1
DA:101,1
DA:102,1
DA:103,1
DA:104,1
DA:105,1
DA:106,1
DA:107,1
DA:108,1
DA:109,1
DA:110,1
DA:111,1
DA:112,1
DA:113,1
DA:114,1
DA:115,1
DA:116,1
DA:117,1
DA:118,1
DA:119,1
DA:120,1
DA:121,1
DA:122,1
DA:123,1
DA:124,1
DA:125,1
DA:126,1
DA:127,1
DA:128,1
DA:129,1
DA:130,1
DA:131,1
DA:132,1
DA:133,1
DA:134,1
DA:135,1
DA:136,1
DA:137,1
DA:138,1
DA:139,1
DA:140,1
DA:141,1
DA:142,1
DA:143,1
DA:144,1
DA:145,1
DA:146,1
DA:147,1
DA:148,1
DA:149,1
DA:150,1
DA:151,1
DA:152,1
DA:153,1
DA:154,1
LF:145
LH:145
BRF:0
BRH:0
end_of_record
TN:
SF:src/content/howItWorks.ts
FNF:0
FNH:0
DA:13,1
DA:14,1
DA:15,1
DA:16,1
DA:17,1
DA:18,1
DA:19,1
DA:20,1
DA:21,1
DA:22,1
DA:23,1
DA:24,1
DA:25,1
DA:26,1
DA:27,1
DA:28,1
DA:29,1
DA:30,1
DA:31,1
DA:32,1
DA:33,1
DA:34,1
DA:35,1
DA:36,1
DA:37,1
DA:38,1
DA:39,1
DA:40,1
DA:41,1
DA:42,1
DA:43,1
DA:44,1
DA:45,1
DA:46,1
DA:47,1
DA:48,1
DA:49,1
DA:50,1
DA:51,1
DA:52,1
DA:53,1
DA:54,1
DA:55,1
DA:56,1
DA:57,1
DA:58,1
DA:59,1
DA:60,1
DA:61,1
DA:62,1
DA:63,1
DA:64,1
DA:65,1
DA:66,1
DA:67,1
DA:68,1
DA:69,1
DA:70,1
DA:71,1
DA:72,1
DA:73,1
DA:74,1
DA:75,1
DA:76,1
DA:77,1
DA:78,1
DA:79,1
DA:80,1
DA:81,1
DA:82,1
DA:83,1
DA:84,1
DA:85,1
DA:86,1
DA:87,1
DA:88,1
DA:89,1
DA:90,1
DA:91,1
DA:92,1
DA:93,1
DA:94,1
DA:95,1
DA:96,1
DA:97,1
DA:98,1
DA:99,1
DA:100,1
DA:101,1
DA:102,1
DA:103,1
DA:104,1
DA:105,1
DA:106,1
DA:107,1
DA:108,1
DA:109,1
DA:110,1
DA:111,1
DA:112,1
DA:113,1
DA:114,1
DA:115,1
DA:116,1
DA:117,1
DA:118,1
DA:119,1
DA:120,1
DA:121,1
DA:122,1
DA:123,1
DA:124,1
DA:125,1
DA:126,1
DA:127,1
DA:128,1
DA:129,1
DA:130,1
DA:131,1
DA:132,1
DA:133,1
DA:134,1
DA:135,1
DA:136,1
DA:137,1
DA:138,1
DA:139,1
DA:140,1
DA:141,1
DA:142,1
DA:143,1
DA:144,1
DA:145,1
DA:146,1
DA:147,1
DA:148,1
DA:149,1
DA:150,1
DA:151,1
DA:152,1
DA:153,1
DA:154,1
DA:155,1
DA:156,1
DA:157,1
LF:145
LH:145
BRF:0
BRH:0
end_of_record
TN:
SF:src/engine/imt.ts
FN:17,round2
FN:25,pickTable
FN:40,ordinaryImt
FN:47,mortgageStampDuty
FN:60,computeBuyer
FN:71,ordinary
FN:118,calculate
FNF:7
FNH:7
FNDA:856,round2
FNDA:74,pickTable
FNDA:70,ordinaryImt
FNDA:74,mortgageStampDuty
FNDA:80,computeBuyer
FNDA:68,ordinary
FNDA:75,calculate
DA:1,1
DA:17,1
DA:18,856
DA:19,856
DA:25,1
DA:26,74
DA:27,74
DA:28,54
DA:29,54
DA:30,54
DA:31,74
DA:32,74
DA:40,1
DA:41,70
DA:42,68
DA:43,70
DA:44,68
DA:45,68
DA:47,74
DA:48,74
DA:49,6
DA:50,53
DA:51,2
DA:52,74
DA:53,1
DA:54,74
DA:56,3
DA:57,74
DA:58,74
DA:60,80
DA:61,80
DA:62,80
DA:63,80
DA:64,80
DA:65,80
DA:66,80
DA:67,80
DA:71,80
DA:72,68
DA:73,68
DA:74,68
DA:75,68
DA:77,80
DA:78,80
DA:79,80
DA:80,80
DA:81,80
DA:83,80
DA:85,6
DA:86,6
DA:87,80
DA:89,12
DA:90,12
DA:91,12
DA:94,6
DA:95,6
DA:96,6
DA:97,74
DA:98,62
DA:99,62
DA:100,62
DA:101,62
DA:103,80
DA:104,80
DA:105,80
DA:106,80
DA:107,80
DA:108,80
DA:109,80
DA:110,80
DA:111,80
DA:112,80
DA:113,80
DA:114,80
DA:115,80
DA:118,1
DA:119,75
DA:120,75
DA:122,74
DA:125,75
DA:126,75
DA:127,75
DA:128,75
DA:130,75
DA:131,74
DA:132,75
DA:134,74
DA:136,74
DA:137,74
DA:138,74
DA:139,74
DA:140,74
DA:141,74
DA:143,74
DA:144,74
DA:145,74
DA:146,74
DA:147,74
DA:148,74
DA:149,74
DA:150,74
DA:151,74
DA:152,74
DA:153,75
DA:154,75
DA:155,75
DA:156,75
DA:157,75
DA:158,75
LF:109
LH:109
BRDA:17,0,0,856
BRDA:25,1,0,74
BRDA:27,2,0,54
BRDA:28,3,0,50
BRDA:28,4,0,4
BRDA:28,5,0,3
BRDA:28,6,0,1
BRDA:29,7,0,49
BRDA:29,8,0,1
BRDA:30,9,0,28
BRDA:30,10,0,20
BRDA:31,11,0,18
BRDA:31,12,0,2
BRDA:40,13,0,70
BRDA:41,14,0,2
BRDA:41,15,0,68
BRDA:43,16,0,470
BRDA:43,17,0,284
BRDA:43,18,0,68
BRDA:47,19,0,74
BRDA:48,20,0,6
BRDA:48,21,0,68
BRDA:48,22,0,53
BRDA:48,23,0,6
BRDA:50,24,0,2
BRDA:52,25,0,1
BRDA:54,26,0,3
BRDA:56,27,0,1
BRDA:60,28,0,80
BRDA:83,29,0,7
BRDA:83,30,0,6
BRDA:87,31,0,74
BRDA:87,32,0,14
BRDA:87,33,0,12
BRDA:91,34,0,7
BRDA:91,35,0,6
BRDA:97,36,0,62
BRDA:71,37,0,68
BRDA:73,38,0,64
BRDA:73,39,0,4
BRDA:118,40,0,75
BRDA:120,41,0,1
BRDA:120,42,0,74
BRDA:125,43,0,73
BRDA:125,44,0,1
BRDA:126,45,0,71
BRDA:128,46,0,1
BRDA:128,47,0,73
BRDA:130,48,0,1
BRDA:130,49,0,74
BRDA:132,50,0,73
BRDA:132,51,0,1
BRDA:132,52,0,74
BRDA:153,53,0,70
BRDA:153,54,0,4
BRDA:131,55,0,80
BRDA:134,56,0,80
BRDA:136,57,0,80
BRDA:137,58,0,80
BRDA:141,59,0,80
BRDA:141,60,0,74
BRF:61
BRH:61
end_of_record
TN:
SF:src/engine/tables/2026.ts
FNF:0
FNH:0
DA:13,1
DA:14,1
DA:15,1
DA:17,1
DA:18,1
DA:19,1
DA:20,1
DA:21,1
DA:22,1
DA:23,1
DA:24,1
DA:25,1
DA:27,1
DA:28,1
DA:29,1
DA:30,1
DA:31,1
DA:32,1
DA:34,1
DA:35,1
DA:36,1
DA:37,1
DA:38,1
DA:39,1
DA:40,1
DA:41,1
DA:42,1
DA:44,1
DA:45,1
DA:46,1
DA:47,1
DA:48,1
DA:49,1
DA:50,1
DA:51,1
DA:52,1
DA:54,1
DA:55,1
DA:56,1
DA:57,1
DA:58,1
DA:59,1
DA:61,1
DA:62,1
DA:63,1
DA:64,1
DA:65,1
DA:66,1
DA:67,1
DA:68,1
DA:69,1
DA:70,1
DA:71,1
DA:72,1
DA:73,1
DA:74,1
DA:75,1
DA:76,1
DA:77,1
DA:78,1
DA:79,1
LF:61
LH:61
BRF:0
BRH:0
end_of_record
TN:
SF:src/engine/tables/index.ts
FN:19,getYearData
FNF:1
FNH:1
FNDA:95,getYearData
DA:1,1
DA:6,1
DA:7,1
DA:8,1
DA:11,1
DA:12,1
DA:13,1
DA:16,1
DA:19,1
DA:20,95
DA:21,95
LF:11
LH:11
BRDA:19,0,0,95
BRF:1
BRH:1
end_of_record
TN:
SF:src/i18n/en.ts
FNF:0
FNH:0
DA:5,1
DA:6,1
DA:7,1
DA:8,1
DA:9,1
DA:10,1
DA:11,1
DA:12,1
DA:13,1
DA:14,1
DA:15,1
DA:16,1
DA:17,1
DA:18,1
DA:19,1
DA:20,1
DA:21,1
DA:22,1
DA:23,1
DA:24,1
DA:25,1
DA:26,1
DA:27,1
DA:28,1
DA:29,1
DA:30,1
DA:31,1
DA:32,1
DA:33,1
DA:34,1
DA:35,1
DA:36,1
DA:37,1
DA:38,1
DA:39,1
DA:40,1
DA:41,1
DA:42,1
DA:43,1
DA:44,1
DA:45,1
DA:46,1
DA:47,1
DA:48,1
DA:49,1
DA:50,1
DA:51,1
DA:52,1
DA:53,1
DA:54,1
DA:55,1
DA:56,1
DA:57,1
DA:58,1
DA:59,1
DA:60,1
DA:61,1
DA:62,1
DA:63,1
DA:64,1
DA:65,1
DA:66,1
DA:67,1
DA:68,1
DA:69,1
DA:70,1
DA:71,1
DA:72,1
DA:73,1
DA:74,1
DA:75,1
DA:76,1
DA:77,1
DA:78,1
DA:79,1
DA:80,1
DA:81,1
DA:82,1
DA:83,1
DA:84,1
DA:85,1
DA:86,1
DA:87,1
DA:88,1
DA:89,1
DA:90,1
DA:91,1
DA:92,1
DA:93,1
DA:94,1
DA:95,1
DA:96,1
DA:97,1
DA:98,1
DA:99,1
DA:100,1
DA:101,1
DA:102,1
DA:103,1
DA:104,1
DA:105,1
DA:106,1
DA:107,1
DA:108,1
DA:109,1
DA:110,1
DA:111,1
DA:112,1
LF:108
LH:108
BRF:0
BRH:0
end_of_record
TN:
SF:src/i18n/index.tsx
FN:21,initialLang
FN:33,fmt
FN:46,I18nProvider
FN:64,useI18n
FNF:4
FNH:4
FNDA:32,initialLang
FNDA:86,fmt
FNDA:38,I18nProvider
FNDA:231,useI18n
DA:1,1
DA:17,1
DA:19,1
DA:21,32
DA:22,32
DA:23,32
DA:24,32
DA:25,32
DA:26,32
DA:27,0
DA:28,0
DA:29,32
DA:30,32
DA:33,1
DA:34,86
DA:35,86
DA:43,1
DA:46,1
DA:47,38
DA:50,38
DA:51,38
DA:52,38
DA:54,38
DA:55,6
DA:56,6
DA:57,38
DA:59,38
DA:60,38
DA:61,38
DA:64,1
DA:65,231
DA:66,231
DA:67,231
DA:68,231
LF:34
LH:32
BRDA:21,0,0,32
BRDA:24,1,0,0
BRDA:26,2,0,0
BRDA:33,3,0,86
BRDA:34,4,0,86
BRDA:34,5,0,1
BRDA:46,6,0,38
BRDA:50,7,0,38
BRDA:54,8,0,6
BRDA:59,9,0,38
BRDA:64,10,0,231
BRDA:66,11,0,0
BRF:12
BRH:9
end_of_record
TN:
SF:src/i18n/pt.ts
FNF:0
FNH:0
DA:4,1
DA:5,1
DA:6,1
DA:7,1
DA:8,1
DA:9,1
DA:10,1
DA:11,1
DA:12,1
DA:13,1
DA:14,1
DA:15,1
DA:16,1
DA:17,1
DA:18,1
DA:19,1
DA:20,1
DA:21,1
DA:22,1
DA:23,1
DA:24,1
DA:25,1
DA:26,1
DA:27,1
DA:28,1
DA:29,1
DA:30,1
DA:31,1
DA:32,1
DA:33,1
DA:34,1
DA:35,1
DA:36,1
DA:37,1
DA:38,1
DA:39,1
DA:40,1
DA:41,1
DA:42,1
DA:43,1
DA:44,1
DA:45,1
DA:46,1
DA:47,1
DA:48,1
DA:49,1
DA:50,1
DA:51,1
DA:52,1
DA:53,1
DA:54,1
DA:55,1
DA:56,1
DA:57,1
DA:58,1
DA:59,1
DA:60,1
DA:61,1
DA:62,1
DA:63,1
DA:64,1
DA:65,1
DA:66,1
DA:67,1
DA:68,1
DA:69,1
DA:70,1
DA:71,1
DA:72,1
DA:73,1
DA:74,1
DA:75,1
DA:76,1
DA:77,1
DA:78,1
DA:79,1
DA:80,1
DA:81,1
DA:82,1
DA:83,1
DA:84,1
DA:85,1
DA:86,1
DA:87,1
DA:88,1
DA:89,1
DA:90,1
DA:91,1
DA:92,1
DA:93,1
DA:94,1
DA:95,1
DA:96,1
DA:97,1
DA:98,1
DA:99,1
DA:100,1
DA:101,1
DA:102,1
DA:103,1
DA:104,1
DA:105,1
DA:106,1
DA:107,1
DA:108,1
DA:109,1
DA:110,1
DA:111,1
LF:108
LH:108
BRF:0
BRH:0
end_of_record
TN:
SF:src/pages/CalculatorPage.tsx
FN:20,equalShares
FN:31,CalculatorPage
FN:79,touch
FN:82,update
FN:86,updateBuyer
FN:93,addBuyer
FN:97,removeBuyer
FN:101,reset
FN:110,onSubmit
FN:119,onChange
FN:130,onChange
FN:143,onChange
FN:149,onChange
FN:162,onChange
FN:170,onChange
FN:180,onChange
FN:185,onChange
FN:207,onChange
FN:223,onChange
FN:224,onRemove
FNF:20
FNH:14
FNDA:3,equalShares
FNDA:50,CalculatorPage
FNDA:18,touch
FNDA:6,update
FNDA:9,updateBuyer
FNDA:2,addBuyer
FNDA:1,removeBuyer
FNDA:2,reset
FNDA:0,onSubmit
FNDA:0,onChange
FNDA:0,onChange
FNDA:3,onChange
FNDA:0,onChange
FNDA:1,onChange
FNDA:1,onChange
FNDA:0,onChange
FNDA:1,onChange
FNDA:0,onChange
FNDA:9,onChange
FNDA:1,onRemove
DA:1,1
DA:20,3
DA:21,3
DA:22,3
DA:23,3
DA:24,3
DA:25,5
DA:26,5
DA:27,3
DA:28,3
DA:31,1
DA:32,50
DA:33,50
DA:34,50
DA:36,50
DA:37,47
DA:38,50
DA:40,50
DA:44,50
DA:45,47
DA:46,17
DA:47,2
DA:48,2
DA:49,2
DA:50,2
DA:51,2
DA:52,2
DA:53,2
DA:54,2
DA:55,2
DA:56,2
DA:57,2
DA:58,2
DA:60,2
DA:61,2
DA:62,2
DA:64,2
DA:65,2
DA:66,2
DA:67,2
DA:68,2
DA:69,2
DA:71,2
DA:72,2
DA:73,2
DA:74,2
DA:75,17
DA:76,17
DA:77,50
DA:79,50
DA:80,18
DA:81,18
DA:82,50
DA:83,6
DA:84,6
DA:85,6
DA:86,50
DA:87,9
DA:88,9
DA:89,9
DA:90,9
DA:91,9
DA:92,9
DA:93,50
DA:94,2
DA:95,2
DA:96,2
DA:97,50
DA:98,1
DA:99,1
DA:100,1
DA:101,50
DA:102,2
DA:103,2
DA:104,2
DA:106,50
DA:108,50
DA:109,50
DA:110,50
DA:111,50
DA:113,50
DA:114,50
DA:115,0
DA:116,0
DA:117,0
DA:118,0
DA:119,0
DA:120,0
DA:121,0
DA:122,0
DA:127,50
DA:128,50
DA:129,50
DA:130,50
DA:131,50
DA:132,50
DA:133,50
DA:134,50
DA:135,50
DA:136,50
DA:138,50
DA:139,50
DA:140,50
DA:141,50
DA:142,50
DA:143,50
DA:144,50
DA:146,50
DA:147,50
DA:148,50
DA:149,50
DA:150,50
DA:151,50
DA:152,50
DA:153,50
DA:154,50
DA:156,50
DA:157,50
DA:158,50
DA:159,50
DA:160,50
DA:161,50
DA:162,50
DA:163,50
DA:164,50
DA:166,50
DA:167,50
DA:168,50
DA:169,50
DA:170,50
DA:171,1
DA:173,50
DA:174,50
DA:175,2
DA:176,2
DA:177,2
DA:178,2
DA:179,2
DA:180,2
DA:181,2
DA:182,2
DA:183,2
DA:184,2
DA:185,2
DA:186,1
DA:189,1
DA:190,1
DA:191,1
DA:192,1
DA:193,1
DA:194,1
DA:196,2
DA:197,2
DA:198,2
DA:199,2
DA:200,2
DA:201,2
DA:202,2
DA:203,1
DA:204,1
DA:205,1
DA:206,1
DA:207,1
DA:208,1
DA:210,2
DA:212,50
DA:214,50
DA:215,50
DA:216,50
DA:217,52
DA:218,52
DA:219,52
DA:220,52
DA:221,52
DA:222,52
DA:223,52
DA:224,52
DA:225,52
DA:226,50
DA:227,50
DA:228,50
DA:229,50
DA:230,50
DA:231,50
DA:233,50
DA:234,50
DA:235,50
DA:236,50
DA:238,50
LF:189
LH:181
BRDA:20,0,0,3
BRDA:22,1,0,0
BRDA:24,2,0,5
BRDA:26,3,0,3
BRDA:26,4,0,2
BRDA:31,5,0,50
BRDA:114,6,0,0
BRDA:174,7,0,2
BRDA:174,8,0,2
BRDA:202,9,0,1
BRDA:206,10,0,0
BRDA:33,11,0,27
BRDA:33,12,0,24
BRDA:36,13,0,47
BRDA:40,14,0,47
BRDA:44,15,0,47
BRDA:45,16,0,19
BRDA:45,17,0,30
BRDA:45,18,0,17
BRDA:46,19,0,2
BRDA:58,20,0,1
BRDA:71,21,0,1
BRDA:71,22,0,1
BRDA:72,23,0,0
BRDA:53,24,0,2
BRDA:54,25,0,2
BRDA:55,26,0,2
BRDA:56,27,0,2
BRDA:76,28,0,17
BRDA:79,29,0,18
BRDA:82,30,0,6
BRDA:84,31,0,6
BRDA:86,32,0,9
BRDA:88,33,0,9
BRDA:90,34,0,9
BRDA:90,35,0,0
BRDA:93,36,0,2
BRDA:95,37,0,2
BRDA:97,38,0,1
BRDA:99,39,0,1
BRDA:99,40,0,2
BRDA:101,41,0,2
BRDA:143,42,0,3
BRDA:143,43,0,0
BRDA:162,44,0,1
BRDA:170,45,0,1
BRDA:171,46,0,0
BRDA:185,47,0,1
BRDA:192,48,0,0
BRDA:216,49,0,52
BRDA:223,50,0,9
BRDA:224,51,0,1
BRF:52
BRH:44
end_of_record
TN:
SF:src/pages/GlossaryPage.tsx
FN:5,GlossaryPage
FNF:1
FNH:1
FNDA:9,GlossaryPage
DA:1,1
DA:5,1
DA:6,9
DA:7,9
DA:8,9
DA:9,9
DA:10,9
DA:12,9
DA:13,9
DA:14,117
DA:15,117
DA:16,117
DA:17,78
DA:18,78
DA:19,78
DA:20,78
DA:22,39
DA:24,117
DA:25,117
DA:26,117
DA:27,9
DA:28,9
DA:29,9
DA:31,9
LF:24
LH:24
BRDA:5,0,0,9
BRDA:13,1,0,117
BRDA:16,2,0,78
BRDA:20,3,0,39
BRDA:25,4,0,78
BRDA:25,5,0,39
BRF:6
BRH:6
end_of_record
TN:
SF:src/pages/HowItWorksPage.tsx
FN:5,HowItWorksPage
FNF:1
FNH:1
FNDA:2,HowItWorksPage
DA:1,1
DA:5,1
DA:6,2
DA:7,2
DA:8,2
DA:9,2
DA:10,2
DA:12,2
DA:13,14
DA:14,14
DA:15,14
DA:16,14
DA:17,14
DA:18,14
DA:19,28
DA:20,24
DA:22,4
DA:23,4
DA:24,12
DA:25,4
DA:26,4
DA:28,14
DA:29,14
DA:30,14
DA:32,2
DA:33,2
DA:35,2
LF:27
LH:27
BRDA:5,0,0,2
BRDA:12,1,0,14
BRDA:13,2,0,7
BRDA:13,3,0,7
BRDA:18,4,0,28
BRDA:19,5,0,24
BRDA:20,6,0,4
BRDA:23,7,0,12
BRF:8
BRH:8
end_of_record
TN:
SF:src/state/defaults.ts
FN:5,defaultBuyer
FN:17,defaultInput
FNF:2
FNH:2
FNDA:59,defaultBuyer
FNDA:46,defaultInput
DA:1,1
DA:5,1
DA:6,59
DA:7,59
DA:8,59
DA:9,59
DA:10,59
DA:11,59
DA:12,59
DA:13,59
DA:14,59
DA:17,1
DA:18,46
DA:19,46
DA:20,46
DA:21,46
DA:22,46
DA:23,46
DA:24,46
DA:25,46
LF:20
LH:20
BRDA:5,0,0,59
BRDA:17,1,0,46
BRF:2
BRH:2
end_of_record
TN:
SF:src/state/url.ts
FN:25,invert
FN:35,encodeBuyer
FN:40,encodeState
FN:55,num
FN:61,decodeBuyer
FN:80,decodeState
FN:123,toBase64Url
FN:125,fromBase64Url
FN:132,isDefaultBuyer
FN:143,encodeBuyerCompact
FN:155,parseBuyerCompact
FN:184,encodeCompact
FN:202,decodeCompact
FN:265,encodeToken
FN:270,decodeToken
FN:283,currentHashQuery
FN:290,readStateFromUrl
FN:300,isReload
FN:316,arrivalKind
FN:327,writeStateToUrl
FNF:20
FNH:20
FNDA:24,invert
FNDA:7,encodeBuyer
FNDA:6,encodeState
FNDA:38,num
FNDA:7,decodeBuyer
FNDA:11,decodeState
FNDA:112,toBase64Url
FNDA:15,fromBase64Url
FNDA:106,isDefaultBuyer
FNDA:38,encodeBuyerCompact
FNDA:8,parseBuyerCompact
FNDA:114,encodeCompact
FNDA:11,decodeCompact
FNDA:112,encodeToken
FNDA:15,decodeToken
FNDA:32,currentHashQuery
FNDA:32,readStateFromUrl
FNDA:3,isReload
FNDA:18,arrivalKind
FNDA:48,writeStateToUrl
DA:1,1
DA:18,1
DA:19,1
DA:20,1
DA:21,1
DA:22,1
DA:23,1
DA:25,1
DA:26,24
DA:28,1
DA:29,1
DA:30,1
DA:31,1
DA:32,1
DA:33,1
DA:35,7
DA:36,7
DA:37,7
DA:40,1
DA:41,6
DA:42,6
DA:43,6
DA:44,6
DA:45,6
DA:46,6
DA:47,6
DA:48,2
DA:49,2
DA:50,2
DA:51,6
DA:52,6
DA:53,6
DA:55,38
DA:56,38
DA:57,30
DA:58,38
DA:59,38
DA:61,7
DA:62,7
DA:63,7
DA:64,7
DA:65,7
DA:66,7
DA:67,7
DA:68,7
DA:69,6
DA:70,6
DA:71,6
DA:72,6
DA:73,6
DA:74,6
DA:75,6
DA:76,6
DA:77,6
DA:80,1
DA:81,11
DA:82,11
DA:83,11
DA:84,11
DA:85,11
DA:87,11
DA:88,5
DA:89,5
DA:91,6
DA:92,11
DA:93,6
DA:94,11
DA:95,7
DA:96,7
DA:97,6
DA:98,6
DA:99,11
DA:101,5
DA:103,5
DA:104,11
DA:106,5
DA:107,11
DA:108,2
DA:109,2
DA:110,2
DA:111,2
DA:112,2
DA:113,2
DA:114,2
DA:115,2
DA:116,2
DA:117,5
DA:118,5
DA:123,1
DA:124,112
DA:125,1
DA:132,106
DA:133,106
DA:134,106
DA:135,106
DA:136,98
DA:137,98
DA:138,85
DA:139,85
DA:141,106
DA:143,38
DA:144,38
DA:145,38
DA:146,38
DA:147,38
DA:148,25
DA:149,25
DA:150,25
DA:151,38
DA:152,38
DA:153,38
DA:155,8
DA:156,8
DA:157,8
DA:160,8
DA:161,8
DA:162,8
DA:163,8
DA:164,8
DA:165,4
DA:166,4
DA:167,2
DA:168,2
DA:169,1
DA:170,1
DA:171,1
DA:172,0
DA:173,8
DA:174,8
DA:175,8
DA:176,8
DA:177,8
DA:178,8
DA:179,8
DA:180,8
DA:181,8
DA:184,1
DA:185,114
DA:186,114
DA:187,114
DA:188,114
DA:189,114
DA:190,114
DA:191,5
DA:192,5
DA:193,5
DA:195,114
DA:196,29
DA:197,29
DA:198,114
DA:199,114
DA:202,1
DA:203,11
DA:204,11
DA:205,11
DA:206,11
DA:207,11
DA:208,11
DA:209,11
DA:210,11
DA:211,21
DA:212,21
DA:213,21
DA:214,21
DA:215,21
DA:216,11
DA:217,11
DA:218,21
DA:219,0
DA:220,0
DA:221,21
DA:222,2
DA:223,2
DA:224,1
DA:225,1
DA:226,1
DA:227,21
DA:228,1
DA:229,1
DA:230,21
DA:231,1
DA:232,1
DA:233,1
DA:234,1
DA:235,21
DA:236,1
DA:237,1
DA:238,1
DA:239,1
DA:240,1
DA:241,1
DA:242,1
DA:243,1
DA:244,1
DA:245,1
DA:246,21
DA:247,5
DA:248,5
DA:249,8
DA:250,8
DA:251,8
DA:252,8
DA:253,5
DA:254,5
DA:255,5
DA:256,5
DA:257,21
DA:258,21
DA:259,11
DA:260,11
DA:261,10
DA:262,10
DA:265,1
DA:266,112
DA:267,112
DA:270,1
DA:271,15
DA:272,15
DA:273,15
DA:274,15
DA:275,3
DA:276,3
DA:278,15
DA:279,11
DA:280,11
DA:283,32
DA:284,32
DA:285,32
DA:286,32
DA:287,32
DA:290,1
DA:291,32
DA:292,32
DA:293,32
DA:294,8
DA:295,9
DA:296,1
DA:297,1
DA:300,3
DA:301,3
DA:302,3
DA:303,3
DA:304,3
DA:316,1
DA:317,18
DA:318,18
DA:319,18
DA:320,18
DA:321,18
DA:327,1
DA:328,48
DA:329,48
DA:330,48
DA:331,48
DA:332,48
DA:333,48
LF:256
LH:253
BRDA:25,0,0,24
BRDA:26,1,0,64
BRDA:35,2,0,7
BRDA:36,3,0,1
BRDA:36,4,0,6
BRDA:36,5,0,0
BRDA:40,6,0,6
BRDA:46,7,0,1
BRDA:47,8,0,2
BRDA:49,9,0,1
BRDA:55,10,0,38
BRDA:56,11,0,31
BRDA:56,12,0,8
BRDA:56,13,0,30
BRDA:58,14,0,0
BRDA:61,15,0,7
BRDA:63,16,0,0
BRDA:68,17,0,6
BRDA:68,18,0,6
BRDA:68,19,0,6
BRDA:68,20,0,1
BRDA:68,21,0,6
BRDA:80,22,0,11
BRDA:83,23,0,2
BRDA:84,24,0,2
BRDA:87,25,0,10
BRDA:87,26,0,9
BRDA:87,27,0,7
BRDA:87,28,0,7
BRDA:87,29,0,7
BRDA:87,30,0,5
BRDA:89,31,0,6
BRDA:92,32,0,0
BRDA:92,33,0,6
BRDA:94,34,0,7
BRDA:96,35,0,1
BRDA:96,36,0,6
BRDA:98,37,0,5
BRDA:99,38,0,0
BRDA:99,39,0,5
BRDA:104,40,0,1
BRDA:104,41,0,1
BRDA:104,42,0,5
BRDA:107,43,0,2
BRDA:114,44,0,1
BRDA:116,45,0,5
BRDA:123,46,0,112
BRDA:125,47,0,15
BRDA:132,48,0,106
BRDA:135,49,0,98
BRDA:136,50,0,98
BRDA:137,51,0,85
BRDA:138,52,0,85
BRDA:143,53,0,38
BRDA:145,54,0,10
BRDA:146,55,0,8
BRDA:147,56,0,25
BRDA:149,57,0,18
BRDA:151,58,0,1
BRDA:155,59,0,8
BRDA:157,60,0,0
BRDA:161,61,0,0
BRDA:164,62,0,4
BRDA:165,63,0,4
BRDA:166,64,0,2
BRDA:167,65,0,2
BRDA:168,66,0,1
BRDA:169,67,0,1
BRDA:171,68,0,0
BRDA:175,69,0,1
BRDA:175,70,0,7
BRDA:177,71,0,4
BRDA:177,72,0,4
BRDA:184,73,0,114
BRDA:186,74,0,0
BRDA:187,75,0,1
BRDA:188,76,0,3
BRDA:189,77,0,3
BRDA:190,78,0,5
BRDA:192,79,0,2
BRDA:192,80,0,3
BRDA:195,81,0,106
BRDA:195,82,0,29
BRDA:202,83,0,11
BRDA:210,84,0,21
BRDA:211,85,0,0
BRDA:215,86,0,11
BRDA:218,87,0,0
BRDA:221,88,0,2
BRDA:223,89,0,1
BRDA:227,90,0,1
BRDA:228,91,0,0
BRDA:230,92,0,1
BRDA:235,93,0,1
BRDA:242,94,0,0
BRDA:242,95,0,0
BRDA:246,96,0,5
BRDA:248,97,0,8
BRDA:250,98,0,0
BRDA:253,99,0,0
BRDA:258,100,0,10
BRDA:259,101,0,0
BRDA:259,102,0,10
BRDA:260,103,0,0
BRDA:260,104,0,10
BRDA:265,105,0,112
BRDA:270,106,0,15
BRDA:274,107,0,3
BRDA:276,108,0,12
BRDA:278,109,0,1
BRDA:278,110,0,11
BRDA:283,111,0,32
BRDA:286,112,0,24
BRDA:286,113,0,8
BRDA:290,114,0,32
BRDA:291,115,0,0
BRDA:293,116,0,24
BRDA:293,117,0,22
BRDA:293,118,0,9
BRDA:293,119,0,8
BRDA:295,120,0,7
BRDA:295,121,0,1
BRDA:300,122,0,3
BRDA:301,123,0,0
BRDA:303,124,0,1
BRDA:316,125,0,18
BRDA:317,126,0,0
BRDA:318,127,0,15
BRDA:318,128,0,3
BRDA:319,129,0,1
BRDA:319,130,0,2
BRDA:320,131,0,1
BRDA:320,132,0,1
BRDA:327,133,0,48
BRDA:328,134,0,0
BRDA:329,135,0,1
BRDA:330,136,0,0
BRF:137
BRH:114
end_of_record
TN:
SF:src/theme/theme.tsx
FN:10,initialTheme
FN:30,ThemeProvider
FN:55,useTheme
FNF:3
FNH:3
FNDA:21,initialTheme
FNDA:26,ThemeProvider
FNDA:66,useTheme
DA:1,1
DA:8,1
DA:10,21
DA:11,21
DA:12,21
DA:13,21
DA:14,21
DA:15,21
DA:16,1
DA:17,1
DA:18,19
DA:19,19
DA:27,1
DA:30,1
DA:31,26
DA:33,26
DA:34,26
DA:35,26
DA:37,26
DA:38,1
DA:39,1
DA:40,26
DA:42,26
DA:43,4
DA:44,4
DA:45,4
DA:46,4
DA:47,4
DA:48,26
DA:50,26
DA:51,26
DA:52,26
DA:55,1
DA:56,66
DA:57,66
DA:58,66
DA:59,66
LF:37
LH:37
BRDA:10,0,0,21
BRDA:13,1,0,1
BRDA:14,2,0,20
BRDA:15,3,0,2
BRDA:15,4,0,19
BRDA:15,5,0,1
BRDA:30,6,0,26
BRDA:33,7,0,26
BRDA:37,8,0,1
BRDA:42,9,0,4
BRDA:43,10,0,4
BRDA:44,11,0,0
BRDA:50,12,0,26
BRDA:55,13,0,66
BRDA:57,14,0,0
BRF:15
BRH:13
end_of_record
